"../../../Engine/Content/EditorBlueprintResources/StandardMacros.uasset" 0
"../../../Engine/Content/EngineSky/C_Sky_Cloud_Color.uasset" 1
"../../../Engine/Content/EngineSky/C_Sky_Horizon_Color.uasset" 2
"../../../Engine/Content/EngineSky/C_Sky_Zenith_Color.uasset" 3
"../../../Engine/Content/EngineSky/T_Sky_Blue.uasset" 4
"../../../Engine/Content/EngineSky/T_Sky_Clouds_M.uasset" 5
"../../../Engine/Content/EngineSky/T_Sky_Stars.uasset" 6
"../../../Engine/Content/EngineSky/SM_SkySphere.uasset" 7
"../../../Engine/Content/EngineSky/M_Sky_Panning_Clouds2.uasset" 8
"../../../Engine/Content/EngineSky/BP_Sky_Sphere.uasset" 9
"../../../Engine/Content/EngineFonts/RobotoDistanceField.uasset" 10
"../../../Engine/Content/Functions/Engine_MaterialFunctions03/Procedurals/ComputeFilterWidth.uasset" 11
"../../../Engine/Content/EngineMaterials/AntiAliasedTextMaterialTranslucent.uasset" 12
"../../../Engine/Content/Functions/Engine_MaterialFunctions01/Opacity/CameraDepthFade.uasset" 13
"../../../Engine/Content/EngineMaterials/T_Default_Material_Grid_M.uasset" 14
"../../../Engine/Content/EngineMaterials/T_Default_Material_Grid_N.uasset" 15
"../../../Engine/Content/EngineMaterials/WorldGridMaterial.uasset" 16
"../../../SoundofSilence/Content/Geometry/Meshes/CubeMaterial.uasset" 17
"../../../SoundofSilence/Content/Geometry/Meshes/1M_Cube.uasset" 18
"../../../SoundofSilence/Content/Geometry/Meshes/1M_Cube_Chamfer.uasset" 19
"../../../SoundofSilence/Content/Geometry/Meshes/TemplateFloor.uasset" 20
"../../../SoundofSilence/Content/ThirdPerson/Meshes/RampMaterial.uasset" 21
"../../../SoundofSilence/Content/ThirdPerson/Meshes/Bump_StaticMesh.uasset" 22
"../../../SoundofSilence/Content/ThirdPerson/Meshes/LeftArm_StaticMesh.uasset" 23
"../../../SoundofSilence/Content/ThirdPerson/Meshes/Linear_Stair_StaticMesh.uasset" 24
"../../../SoundofSilence/Content/ThirdPerson/Meshes/Ramp_StaticMesh.uasset" 25
"../../../SoundofSilence/Content/ThirdPerson/Meshes/RightArm_StaticMesh.uasset" 26
"../../../SoundofSilence/Content/ThirdPersonBP/Maps/ThirdPersonExampleMap.umap" 27
"../../../SoundofSilence/Content/StarterContent/Audio/Fire01.uasset" 28
"../../../SoundofSilence/Content/StarterContent/Audio/Fire01_Cue.uasset" 29
"../../../SoundofSilence/Content/StarterContent/Textures/T_Fire_SubUV.uasset" 30
"../../../SoundofSilence/Content/StarterContent/Textures/T_Fire_Tiled_D.uasset" 31
"../../../SoundofSilence/Content/StarterContent/Particles/Materials/M_Fire_SubUV.uasset" 32
"../../../SoundofSilence/Content/StarterContent/Textures/T_Water_N.uasset" 33
"../../../SoundofSilence/Content/StarterContent/Particles/Materials/M_Heat_Distortion.uasset" 34
"../../../Engine/Content/Functions/Engine_MaterialFunctions01/Gradient/RadialGradient.uasset" 35
"../../../SoundofSilence/Content/StarterContent/Particles/Materials/M_Radial_Gradient.uasset" 36
"../../../SoundofSilence/Content/StarterContent/Textures/T_Smoke_SubUV.uasset" 37
"../../../SoundofSilence/Content/StarterContent/Textures/T_Smoke_Tiled_D.uasset" 38
"../../../SoundofSilence/Content/StarterContent/Particles/Materials/M_smoke_subUV.uasset" 39
"../../../SoundofSilence/Content/StarterContent/Particles/P_Fire.uasset" 40
"../../../SoundofSilence/Content/StarterContent/Blueprints/Blueprint_Effect_Fire.uasset" 41
"../../../SoundofSilence/Content/StarterContent/Audio/Smoke01.uasset" 42
"../../../SoundofSilence/Content/StarterContent/Audio/Smoke01_Cue.uasset" 43
"../../../SoundofSilence/Content/StarterContent/Particles/P_Smoke.uasset" 44
"../../../SoundofSilence/Content/StarterContent/Blueprints/Blueprint_Effect_Smoke.uasset" 45
"../../../SoundofSilence/Content/StarterContent/Audio/Fire_Sparks01.uasset" 46
"../../../SoundofSilence/Content/StarterContent/Audio/Fire_Sparks01_Cue.uasset" 47
"../../../SoundofSilence/Content/StarterContent/Textures/T_Spark_Core.uasset" 48
"../../../SoundofSilence/Content/StarterContent/Particles/Materials/M_Spark.uasset" 49
"../../../SoundofSilence/Content/StarterContent/Particles/P_Sparks.uasset" 50
"../../../SoundofSilence/Content/StarterContent/Blueprints/Blueprint_Effect_Sparks.uasset" 51
"../../../SoundofSilence/Content/StarterContent/Audio/Steam01.uasset" 52
"../../../SoundofSilence/Content/StarterContent/Audio/Steam01_Cue.uasset" 53
"../../../SoundofSilence/Content/StarterContent/Particles/P_Steam_Lit.uasset" 54
"../../../SoundofSilence/Content/StarterContent/Blueprints/Blueprint_Effect_Steam.uasset" 55
"../../../SoundofSilence/Content/StarterContent/Textures/T_Lamp_M.uasset" 56
"../../../SoundofSilence/Content/StarterContent/Textures/T_Lamp_N.uasset" 57
"../../../SoundofSilence/Content/StarterContent/Props/Materials/M_Lamp.uasset" 58
"../../../SoundofSilence/Content/StarterContent/Props/SM_Lamp_Ceiling.uasset" 59
"../../../SoundofSilence/Content/StarterContent/Blueprints/Blueprint_CeilingLight.uasset" 60
"../../../SoundofSilence/Content/StarterContent/Props/SM_Lamp_Wall.uasset" 61
"../../../SoundofSilence/Content/StarterContent/Blueprints/Blueprint_WallSconce.uasset" 62
"../../../SoundofSilence/Content/StarterContent/Textures/T_Brick_Clay_Beveled_D.uasset" 63
"../../../SoundofSilence/Content/StarterContent/Textures/T_Brick_Clay_Beveled_M.uasset" 64
"../../../SoundofSilence/Content/StarterContent/Textures/T_Brick_Clay_Beveled_N.uasset" 65
"../../../SoundofSilence/Content/StarterContent/Textures/T_MacroVariation.uasset" 66
"../../../SoundofSilence/Content/StarterContent/Materials/M_Brick_Clay_Beveled.uasset" 67
"../../../SoundofSilence/Content/StarterContent/Textures/T_Brick_Clay_New_D.uasset" 68
"../../../SoundofSilence/Content/StarterContent/Textures/T_Brick_Clay_New_M.uasset" 69
"../../../SoundofSilence/Content/StarterContent/Textures/T_Brick_Clay_New_N.uasset" 70
"../../../SoundofSilence/Content/StarterContent/Textures/T_Detail_Rocky_N.uasset" 71
"../../../SoundofSilence/Content/StarterContent/Materials/M_Brick_Clay_New.uasset" 72
"../../../SoundofSilence/Content/StarterContent/Textures/T_Brick_Clay_Old_D.uasset" 73
"../../../SoundofSilence/Content/StarterContent/Textures/T_Brick_Clay_Old_N.uasset" 74
"../../../SoundofSilence/Content/StarterContent/Textures/T_Perlin_Noise_M.uasset" 75
"../../../SoundofSilence/Content/StarterContent/Materials/M_Brick_Clay_Old.uasset" 76
"../../../SoundofSilence/Content/StarterContent/Textures/T_Brick_Cut_Stone_D.uasset" 77
"../../../SoundofSilence/Content/StarterContent/Textures/T_Brick_Cut_Stone_N.uasset" 78
"../../../SoundofSilence/Content/StarterContent/Materials/M_Brick_Cut_Stone.uasset" 79
"../../../SoundofSilence/Content/StarterContent/Textures/T_Brick_Hewn_Stone_D.uasset" 80
"../../../SoundofSilence/Content/StarterContent/Textures/T_Brick_Hewn_Stone_M.uasset" 81
"../../../SoundofSilence/Content/StarterContent/Textures/T_Brick_Hewn_Stone_N.uasset" 82
"../../../SoundofSilence/Content/StarterContent/Materials/M_Brick_Hewn_Stone.uasset" 83
"../../../SoundofSilence/Content/StarterContent/Textures/T_Ceramic_Tile_M.uasset" 84
"../../../SoundofSilence/Content/StarterContent/Textures/T_Ceramic_Tile_N.uasset" 85
"../../../SoundofSilence/Content/StarterContent/Textures/T_Rock_Marble_Polished_D.uasset" 86
"../../../SoundofSilence/Content/StarterContent/Materials/M_Ceramic_Tile_Checker.uasset" 87
"../../../SoundofSilence/Content/StarterContent/Textures/T_CobbleStone_Pebble_D.uasset" 88
"../../../SoundofSilence/Content/StarterContent/Textures/T_CobbleStone_Pebble_M.uasset" 89
"../../../SoundofSilence/Content/StarterContent/Textures/T_CobbleStone_Pebble_N.uasset" 90
"../../../SoundofSilence/Content/StarterContent/Materials/M_CobbleStone_Pebble.uasset" 91
"../../../SoundofSilence/Content/StarterContent/Textures/T_CobbleStone_Rough_D.uasset" 92
"../../../SoundofSilence/Content/StarterContent/Textures/T_CobbleStone_Rough_N.uasset" 93
"../../../SoundofSilence/Content/StarterContent/Textures/T_Gradinet_01.uasset" 94
"../../../SoundofSilence/Content/StarterContent/Textures/T_Rock_Smooth_Granite_D.uasset" 95
"../../../SoundofSilence/Content/StarterContent/Materials/M_CobbleStone_Rough.uasset" 96
"../../../SoundofSilence/Content/StarterContent/Textures/T_CobbleStone_Smooth_D.uasset" 97
"../../../SoundofSilence/Content/StarterContent/Textures/T_CobbleStone_Smooth_M.uasset" 98
"../../../SoundofSilence/Content/StarterContent/Textures/T_CobbleStone_Smooth_N.uasset" 99
"../../../SoundofSilence/Content/StarterContent/Materials/M_CobbleStone_Smooth.uasset" 100
"../../../SoundofSilence/Content/StarterContent/Textures/T_Concrete_Grime_D.uasset" 101
"../../../SoundofSilence/Content/StarterContent/Textures/T_Metal_Rust_N.uasset" 102
"../../../SoundofSilence/Content/StarterContent/Materials/M_Concrete_Grime.uasset" 103
"../../../SoundofSilence/Content/StarterContent/Textures/T_Concrete_Panels_D.uasset" 104
"../../../SoundofSilence/Content/StarterContent/Textures/T_Concrete_Panels_N.uasset" 105
"../../../SoundofSilence/Content/StarterContent/Materials/M_Concrete_Panels.uasset" 106
"../../../SoundofSilence/Content/StarterContent/Textures/T_Concrete_Poured_D.uasset" 107
"../../../SoundofSilence/Content/StarterContent/Textures/T_Concrete_Poured_N.uasset" 108
"../../../SoundofSilence/Content/StarterContent/Materials/M_Concrete_Poured.uasset" 109
"../../../SoundofSilence/Content/StarterContent/Textures/T_Concrete_Tiles_D.uasset" 110
"../../../SoundofSilence/Content/StarterContent/Textures/T_Concrete_Tiles_M.uasset" 111
"../../../SoundofSilence/Content/StarterContent/Textures/T_Concrete_Tiles_N.uasset" 112
"../../../SoundofSilence/Content/StarterContent/Textures/T_Concrete_Tiles_Variation_M.uasset" 113
"../../../SoundofSilence/Content/StarterContent/Materials/M_Concrete_Tiles.uasset" 114
"../../../SoundofSilence/Content/StarterContent/Textures/T_Ground_Grass_D.uasset" 115
"../../../SoundofSilence/Content/StarterContent/Textures/T_Ground_Grass_N.uasset" 116
"../../../SoundofSilence/Content/StarterContent/Materials/M_Ground_Grass.uasset" 117
"../../../SoundofSilence/Content/StarterContent/Textures/T_Ground_Gravel_D.uasset" 118
"../../../SoundofSilence/Content/StarterContent/Textures/T_Ground_Gravel_N.uasset" 119
"../../../SoundofSilence/Content/StarterContent/Materials/M_Ground_Gravel.uasset" 120
"../../../SoundofSilence/Content/StarterContent/Textures/T_ground_Moss_D.uasset" 121
"../../../SoundofSilence/Content/StarterContent/Textures/T_Ground_Moss_N.uasset" 122
"../../../SoundofSilence/Content/StarterContent/Materials/M_Ground_Moss.uasset" 123
"../../../SoundofSilence/Content/StarterContent/Materials/M_Metal_Brushed_Nickel.uasset" 124
"../../../SoundofSilence/Content/StarterContent/Textures/T_Metal_Aluminum_D.uasset" 125
"../../../SoundofSilence/Content/StarterContent/Textures/T_Metal_Gold_N.uasset" 126
"../../../SoundofSilence/Content/StarterContent/Materials/M_Metal_Burnished_Steel.uasset" 127
"../../../SoundofSilence/Content/StarterContent/Materials/M_Metal_Chrome.uasset" 128
"../../../SoundofSilence/Content/StarterContent/Textures/T_Metal_Copper_D.uasset" 129
"../../../SoundofSilence/Content/StarterContent/Materials/M_Metal_Copper.uasset" 130
"../../../SoundofSilence/Content/StarterContent/Textures/T_Metal_Gold_D.uasset" 131
"../../../SoundofSilence/Content/StarterContent/Materials/M_Metal_Gold.uasset" 132
"../../../Engine/Content/Functions/Engine_MaterialFunctions02/Utility/BlendAngleCorrectedNormals.uasset" 133
"../../../SoundofSilence/Content/StarterContent/Textures/T_Metal_Rust_D.uasset" 134
"../../../SoundofSilence/Content/StarterContent/Materials/M_Metal_Rust.uasset" 135
"../../../SoundofSilence/Content/StarterContent/Textures/T_Metal_Steel_D.uasset" 136
"../../../SoundofSilence/Content/StarterContent/Textures/T_Metal_Steel_N.uasset" 137
"../../../SoundofSilence/Content/StarterContent/Materials/M_Metal_Steel.uasset" 138
"../../../SoundofSilence/Content/StarterContent/Textures/T_Rock_Basalt_D.uasset" 139
"../../../SoundofSilence/Content/StarterContent/Textures/T_Rock_Basalt_N.uasset" 140
"../../../SoundofSilence/Content/StarterContent/Materials/M_Rock_Basalt.uasset" 141
"../../../SoundofSilence/Content/StarterContent/Materials/M_Rock_Marble_Polished.uasset" 142
"../../../SoundofSilence/Content/StarterContent/Textures/T_Rock_Sandstone_D.uasset" 143
"../../../SoundofSilence/Content/StarterContent/Textures/T_Rock_Sandstone_N.uasset" 144
"../../../SoundofSilence/Content/StarterContent/Materials/M_Rock_Sandstone.uasset" 145
"../../../SoundofSilence/Content/StarterContent/Textures/T_Rock_Slate_D.uasset" 146
"../../../SoundofSilence/Content/StarterContent/Textures/T_Rock_Slate_N.uasset" 147
"../../../SoundofSilence/Content/StarterContent/Materials/M_Rock_Slate.uasset" 148
"../../../SoundofSilence/Content/StarterContent/Textures/T_Checker_Noise_M.uasset" 149
"../../../SoundofSilence/Content/StarterContent/Textures/T_Single_Tile_N.uasset" 150
"../../../SoundofSilence/Content/StarterContent/Textures/T_Tech_Dot_M.uasset" 151
"../../../SoundofSilence/Content/StarterContent/Textures/T_Tech_Dot_N.uasset" 152
"../../../SoundofSilence/Content/StarterContent/Materials/M_Tech_Checker_Dot.uasset" 153
"../../../SoundofSilence/Content/StarterContent/Textures/T_Tech_Hex_Tile_M.uasset" 154
"../../../SoundofSilence/Content/StarterContent/Textures/T_Tech_Hex_Tile_N.uasset" 155
"../../../SoundofSilence/Content/StarterContent/Materials/M_Tech_Hex_Tile.uasset" 156
"../../../SoundofSilence/Content/StarterContent/Materials/M_Tech_Hex_Tile_Pulse.uasset" 157
"../../../SoundofSilence/Content/StarterContent/Textures/T_Tech_Panel_M.uasset" 158
"../../../SoundofSilence/Content/StarterContent/Textures/T_Tech_Panel_N.uasset" 159
"../../../SoundofSilence/Content/StarterContent/Materials/M_Tech_Panel.uasset" 160
"../../../SoundofSilence/Content/StarterContent/Materials/M_Water_Lake.uasset" 161
"../../../SoundofSilence/Content/StarterContent/Textures/T_Water_M.uasset" 162
"../../../SoundofSilence/Content/StarterContent/Materials/M_Water_Ocean.uasset" 163
"../../../SoundofSilence/Content/StarterContent/Textures/T_Wood_Floor_Walnut_D.uasset" 164
"../../../SoundofSilence/Content/StarterContent/Textures/T_Wood_Floor_Walnut_M.uasset" 165
"../../../SoundofSilence/Content/StarterContent/Textures/T_Wood_Floor_Walnut_N.uasset" 166
"../../../SoundofSilence/Content/StarterContent/Materials/M_Wood_Floor_Walnut_Polished.uasset" 167
"../../../Engine/Content/Functions/Engine_MaterialFunctions01/Opacity/AlphaOffset.uasset" 168
"../../../SoundofSilence/Content/StarterContent/Materials/M_Wood_Floor_Walnut_Worn.uasset" 169
"../../../SoundofSilence/Content/StarterContent/Textures/T_Wood_Oak_D.uasset" 170
"../../../SoundofSilence/Content/StarterContent/Textures/T_Wood_Oak_N.uasset" 171
"../../../SoundofSilence/Content/StarterContent/Materials/M_Wood_Oak.uasset" 172
"../../../SoundofSilence/Content/StarterContent/Textures/T_Wood_Pine_D.uasset" 173
"../../../SoundofSilence/Content/StarterContent/Textures/T_Wood_Pine_N.uasset" 174
"../../../SoundofSilence/Content/StarterContent/Materials/M_Wood_Pine.uasset" 175
"../../../SoundofSilence/Content/StarterContent/Textures/T_Wood_Walnut_D.uasset" 176
"../../../SoundofSilence/Content/StarterContent/Textures/T_Wood_Walnut_N.uasset" 177
"../../../SoundofSilence/Content/StarterContent/Materials/M_Wood_Walnut.uasset" 178
"../../../SoundofSilence/Content/StarterContent/Textures/T_Chair_M.uasset" 179
"../../../SoundofSilence/Content/StarterContent/Textures/T_Chair_N.uasset" 180
"../../../SoundofSilence/Content/StarterContent/Props/Materials/M_Chair.uasset" 181
"../../../SoundofSilence/Content/StarterContent/Materials/M_Basic_Floor.uasset" 182
"../../../SoundofSilence/Content/StarterContent/Architecture/Floor_400x400.uasset" 183
"../../../SoundofSilence/Content/StarterContent/Materials/M_Basic_Wall.uasset" 184
"../../../SoundofSilence/Content/StarterContent/Architecture/Wall_400x200.uasset" 185
"../../../SoundofSilence/Content/StarterContent/Architecture/Wall_Door_400x300.uasset" 186
"../../../SoundofSilence/Content/StarterContent/Architecture/Wall_Window_400x300.uasset" 187
"../../../SoundofSilence/Content/StarterContent/Audio/Collapse01.uasset" 188
"../../../SoundofSilence/Content/StarterContent/Audio/Collapse02.uasset" 189
"../../../SoundofSilence/Content/StarterContent/Audio/Collapse_Cue.uasset" 190
"../../../SoundofSilence/Content/StarterContent/Audio/Starter_Birds01.uasset" 191
"../../../SoundofSilence/Content/StarterContent/Audio/Starter_Wind05.uasset" 192
"../../../SoundofSilence/Content/StarterContent/Audio/Starter_Wind06.uasset" 193
"../../../SoundofSilence/Content/StarterContent/Audio/Starter_Background_Cue.uasset" 194
"../../../SoundofSilence/Content/StarterContent/Audio/Starter_Music01.uasset" 195
"../../../SoundofSilence/Content/StarterContent/Audio/Starter_Music_Cue.uasset" 196
"../../../SoundofSilence/Content/StarterContent/Textures/T_Dust_Particle_D.uasset" 197
"../../../SoundofSilence/Content/StarterContent/Particles/Materials/M_Dust_Particle.uasset" 198
"../../../SoundofSilence/Content/StarterContent/Particles/P_Ambient_Dust.uasset" 199
"../../../SoundofSilence/Content/StarterContent/Props/MaterialSphere.uasset" 200
"../../../SoundofSilence/Content/StarterContent/Props/SM_Chair.uasset" 201
"../../../SoundofSilence/Content/StarterContent/Textures/T_Frame_M.uasset" 202
"../../../SoundofSilence/Content/StarterContent/Textures/T_Frame_N.uasset" 203
"../../../SoundofSilence/Content/StarterContent/Props/Materials/M_Frame.uasset" 204
"../../../SoundofSilence/Content/StarterContent/Props/SM_CornerFrame.uasset" 205
"../../../SoundofSilence/Content/StarterContent/Props/SM_DoorFrame.uasset" 206
"../../../SoundofSilence/Content/StarterContent/Materials/M_Glass.uasset" 207
"../../../SoundofSilence/Content/StarterContent/Props/SM_GlassWindow.uasset" 208
"../../../SoundofSilence/Content/StarterContent/Props/SM_PillarFrame.uasset" 209
"../../../SoundofSilence/Content/StarterContent/Props/SM_PillarFrame300.uasset" 210
"../../../SoundofSilence/Content/StarterContent/Textures/T_Statue_M.uasset" 211
"../../../SoundofSilence/Content/StarterContent/Textures/T_Statue_N.uasset" 212
"../../../SoundofSilence/Content/StarterContent/Props/Materials/M_Statue.uasset" 213
"../../../SoundofSilence/Content/StarterContent/Props/Materials/M_StatueGlass.uasset" 214
"../../../SoundofSilence/Content/StarterContent/Props/SM_Statue.uasset" 215
"../../../SoundofSilence/Content/StarterContent/Textures/T_TableRound_M.uasset" 216
"../../../SoundofSilence/Content/StarterContent/Textures/T_TableRound_N.uasset" 217
"../../../SoundofSilence/Content/StarterContent/Props/Materials/M_TableRound.uasset" 218
"../../../SoundofSilence/Content/StarterContent/Props/SM_TableRound.uasset" 219
"../../../SoundofSilence/Content/StarterContent/Props/SM_WindowFrame.uasset" 220
"../../../SoundofSilence/Content/StarterContent/Shapes/Shape_Cube.uasset" 221
"../../../SoundofSilence/Content/StarterContent/Shapes/Shape_QuadPyramid.uasset" 222
"../../../SoundofSilence/Content/StarterContent/Shapes/Shape_Sphere.uasset" 223
"../../../SoundofSilence/Content/StarterContent/Maps/StarterMap.umap" 224
"../../../SoundofSilence/Content/StarterContent/Maps/Minimal_Default.umap" 225
"../../../SoundofSilence/Content/Images/Bench.uasset" 226
"../../../SoundofSilence/Content/HUD/MainMenu.uasset" 227
"../../../SoundofSilence/Content/Levels/Main.umap" 228
"../../../SoundofSilence/Content/PlayerCharacter/protag_tmesh_Skeleton.uasset" 229
"../../../SoundofSilence/Content/PlayerCharacter/protag_bash_baked.uasset" 230
"../../../SoundofSilence/Content/PlayerCharacter/protag_flute_baked.uasset" 231
"../../../SoundofSilence/Content/PlayerCharacter/protag_jump_baked.uasset" 232
"../../../SoundofSilence/Content/PlayerCharacter/protag_rest_baked.uasset" 233
"../../../SoundofSilence/Content/PlayerCharacter/protag_run_baked.uasset" 234
"../../../SoundofSilence/Content/ThirdPersonBP/Blueprints/charaBP.uasset" 235
"../../../SoundofSilence/Content/NPCDialogueSystem/Blueprints/WB_DialogueText.uasset" 236
"../../../SoundofSilence/Content/HUD/defaultFont.uasset" 237
"../../../SoundofSilence/Content/HUD/gameOver.uasset" 238
"../../../SoundofSilence/Content/PlayerCharacter/belt.uasset" 239
"../../../SoundofSilence/Content/PlayerCharacter/lambert1.uasset" 240
"../../../SoundofSilence/Content/PlayerCharacter/mat_eyelash.uasset" 241
"../../../SoundofSilence/Content/PlayerCharacter/mat_hair.uasset" 242
"../../../SoundofSilence/Content/PlayerCharacter/pupil_lavenderGrey.uasset" 243
"../../../SoundofSilence/Content/PlayerCharacter/pupil_lavenderGrey_mask.uasset" 244
"../../../SoundofSilence/Content/PlayerCharacter/mat_pupil.uasset" 245
"../../../SoundofSilence/Content/PlayerCharacter/pants.uasset" 246
"../../../SoundofSilence/Content/PlayerCharacter/pants_fold.uasset" 247
"../../../SoundofSilence/Content/PlayerCharacter/shirt.uasset" 248
"../../../SoundofSilence/Content/PlayerCharacter/shoes.uasset" 249
"../../../SoundofSilence/Content/PlayerCharacter/skin.uasset" 250
"../../../SoundofSilence/Content/PlayerCharacter/Face_Skin.uasset" 251
"../../../SoundofSilence/Content/PlayerCharacter/skin_face.uasset" 252
"../../../SoundofSilence/Content/PlayerCharacter/protag_tmesh_PhysicsAsset.uasset" 253
"../../../SoundofSilence/Content/PlayerCharacter/protag_tmesh.uasset" 254
"../../../SoundofSilence/Content/ThirdPersonBP/Blueprints/ThirdPersonCharacter.uasset" 255
"../../../SoundofSilence/Content/Models/blinn1.uasset" 256
"../../../SoundofSilence/Content/Models/Key.uasset" 257
"../../../SoundofSilence/Content/City_Blueprints/Key.uasset" 258
"../../../Engine/Content/BasicShapes/BasicShapeMaterial.uasset" 259
"../../../Engine/Content/BasicShapes/Cube.uasset" 260
"../../../SoundofSilence/Content/City_Blueprints/Portal.uasset" 261
"../../../Engine/Content/EngineMaterials/DefaultPhysicalMaterial.uasset" 262
"../../../SoundofSilence/Content/Levels/LibFirst.umap" 263
"../../../SoundofSilence/Content/PsychoAIState.uasset" 264
"../../../SoundofSilence/Content/NPC_Blackboard.uasset" 265
"../../../SoundofSilence/Content/NPCPatrol.uasset" 266
"../../../SoundofSilence/Content/NPCSetSpeed.uasset" 267
"../../../SoundofSilence/Content/PsychoAIPerception.uasset" 268
"../../../SoundofSilence/Content/Psycho_BT.uasset" 269
"../../../SoundofSilence/Content/NPCController.uasset" 270
"../../../SoundofSilence/Content/AICharacter/texture000.uasset" 271
"../../../SoundofSilence/Content/AICharacter/blinn1.uasset" 272
"../../../SoundofSilence/Content/AICharacter/shadowFBX_PhysicsAsset.uasset" 273
"../../../Engine/Content/Functions/MaterialLayerFunctions/MatLayerBlend_NormalBlend.uasset" 274
"../../../Engine/Content/Functions/MaterialLayerFunctions/MatLayerBlend_Simple.uasset" 275
"../../../SoundofSilence/Content/Mannequin/Character/Materials/MaterialLayers/T_ML_Rubber_Blue_01_D.uasset" 276
"../../../SoundofSilence/Content/Mannequin/Character/Materials/MaterialLayers/T_ML_Rubber_Blue_01_N.uasset" 277
"../../../SoundofSilence/Content/Mannequin/Character/Materials/MaterialLayers/ML_GlossyBlack_Latex_UE4.uasset" 278
"../../../SoundofSilence/Content/Mannequin/Character/Materials/MaterialLayers/ML_Plastic_Shiny_Beige.uasset" 279
"../../../SoundofSilence/Content/Mannequin/Character/Textures/UE4_LOGO_CARD.uasset" 280
"../../../SoundofSilence/Content/Mannequin/Character/Materials/MaterialLayers/ML_Plastic_Shiny_Beige_LOGO.uasset" 281
"../../../SoundofSilence/Content/Mannequin/Character/Materials/MaterialLayers/T_ML_Aluminum01.uasset" 282
"../../../SoundofSilence/Content/Mannequin/Character/Materials/MaterialLayers/T_ML_Aluminum01_N.uasset" 283
"../../../SoundofSilence/Content/Mannequin/Character/Materials/MaterialLayers/ML_SoftMetal_UE4.uasset" 284
"../../../SoundofSilence/Content/Mannequin/Character/Textures/UE4_Mannequin__normals.uasset" 285
"../../../SoundofSilence/Content/Mannequin/Character/Textures/UE4_Mannequin_MAT_MASKA.uasset" 286
"../../../SoundofSilence/Content/Mannequin/Character/Materials/M_UE4Man_Body.uasset" 287
"../../../SoundofSilence/Content/Mannequin/Character/Textures/UE4Man_Logo_N.uasset" 288
"../../../SoundofSilence/Content/Mannequin/Character/Materials/M_UE4Man_ChestLogo.uasset" 289
"../../../SoundofSilence/Content/Mannequin/Character/Mesh/SK_Mannequin_PhysicsAsset.uasset" 290
"../../../SoundofSilence/Content/Mannequin/Character/Mesh/SK_Mannequin.uasset" 291
"../../../SoundofSilence/Content/Mannequin/Character/Mesh/UE4_Mannequin_Skeleton.uasset" 292
"../../../SoundofSilence/Content/AICharacter/shadowFBX.uasset" 293
"../../../SoundofSilence/Content/ThirdPersonBP/Blueprints/Shadow.uasset" 294
"../../../Engine/Content/EngineMaterials/DefaultMaterial.uasset" 295
"../../../Engine/Content/BasicShapes/Cylinder.uasset" 296
"../../../SoundofSilence/Content/City_Blueprints/Coin.uasset" 297
"../../../SoundofSilence/Content/Models/heart_Heart.uasset" 298
"../../../SoundofSilence/Content/Models/lambert2.uasset" 299
"../../../SoundofSilence/Content/Models/heart.uasset" 300
"../../../SoundofSilence/Content/City_Blueprints/heart.uasset" 301
"../../../SoundofSilence/Content/City_Blueprints/NotificationOverlay.uasset" 302
"../../../SoundofSilence/Content/City_Blueprints/Safe.uasset" 303
"../../../SoundofSilence/Content/StarterContent/Textures/T_RockMesh_M.uasset" 304
"../../../SoundofSilence/Content/StarterContent/Textures/T_RockMesh_N.uasset" 305
"../../../SoundofSilence/Content/StarterContent/Props/Materials/M_Rock.uasset" 306
"../../../SoundofSilence/Content/City_Blueprints/BaseUI.uasset" 307
"../../../SoundofSilence/Content/Models/lambert1.uasset" 308
"../../../SoundofSilence/Content/Models/pasted__lambert10.uasset" 309
"../../../SoundofSilence/Content/Models/pasted__lambert7.uasset" 310
"../../../SoundofSilence/Content/Models/pasted__lambert8.uasset" 311
"../../../SoundofSilence/Content/Models/pasted__lambert9.uasset" 312
"../../../SoundofSilence/Content/Models/CityLevel_v3.uasset" 313
"../../../SoundofSilence/Content/Models/star.uasset" 314
"../../../SoundofSilence/Content/Levels/City.umap" 315
"../../../SoundofSilence/Content/ThirdPersonBP/Giant.uasset" 316
"../../../SoundofSilence/Content/ObjectBlueprints/BossRamp.uasset" 317
"../../../SoundofSilence/Content/StarterContent/Blueprints/Assets/M_LightStage_Arrows.uasset" 318
"../../../SoundofSilence/Content/Levels/BossRoom.umap" 319
"../../../Engine/Content/EngineMaterials/DefaultDiffuse.uasset" 320
"../../../Engine/Content/EngineMaterials/DefaultNormal.uasset" 321
"../../../Engine/Content/Maps/Entry.umap" 322
"../../../SoundofSilence/Content/Mannequin/Animations/ThirdPerson_Jump.uasset" 323
"../../../SoundofSilence/Content/Mannequin/Animations/ThirdPersonJump_Loop.uasset" 324
"../../../SoundofSilence/Content/Mannequin/Animations/ThirdPersonJump_Start.uasset" 325
"../../../SoundofSilence/Content/Mannequin/Animations/ThirdPersonIdle.uasset" 326
"../../../SoundofSilence/Content/Mannequin/Animations/ThirdPersonRun.uasset" 327
"../../../SoundofSilence/Content/Mannequin/Animations/ThirdPersonWalk.uasset" 328
"../../../SoundofSilence/Content/Mannequin/Animations/ThirdPerson_IdleRun_2D.uasset" 329
"../../../SoundofSilence/Content/Mannequin/Animations/ThirdPerson_AnimBP.uasset" 330
"../../../SoundofSilence/Content/ThirdPersonBP/Blueprints/Silence.uasset" 331
"../../../SoundofSilence/Content/ObjectBlueprints/Elevator_Blueprint.uasset" 332
"../../../SoundofSilence/Content/Models/fireplace.uasset" 333
"../../../SoundofSilence/Content/ObjectBlueprints/Fireplace.uasset" 334
"../../../SoundofSilence/Content/Dialogues/Diary.uasset" 335
"../../../SoundofSilence/Content/Models/Book_1.uasset" 336
"../../../SoundofSilence/Content/Levels/Library.umap" 337
"../../../SoundofSilence/Content/ObjectBlueprints/VisionText_Blueprint.uasset" 338
"../../../SoundofSilence/Content/NPCDialogueSystem/Blueprints/Struct_PlayerResponse.uasset" 339
"../../../SoundofSilence/Content/NPCDialogueSystem/Blueprints/Struct_NPCStatement.uasset" 340
"../../../SoundofSilence/Content/NPCDialogueSystem/Blueprints/WB_PlayerOptions.uasset" 341
"../../../SoundofSilence/Content/Assets/Materials/blinn1.uasset" 342
"../../../SoundofSilence/Content/Assets/Materials/blinn2.uasset" 343
"../../../SoundofSilence/Content/Assets/Materials/lambert2.uasset" 344
"../../../SoundofSilence/Content/Assets/Materials/lambert3.uasset" 345
"../../../SoundofSilence/Content/Assets/Materials/Material__458.uasset" 346
"../../../SoundofSilence/Content/Assets/Materials/Material__473.uasset" 347
"../../../SoundofSilence/Content/Assets/Materials/Material__600.uasset" 348
"../../../SoundofSilence/Content/Assets/Materials/Material__601.uasset" 349
"../../../SoundofSilence/Content/Assets/Materials/Material__602.uasset" 350
"../../../SoundofSilence/Content/Assets/Materials/Material__610.uasset" 351
"../../../SoundofSilence/Content/Assets/Materials/Material__614.uasset" 352
"../../../SoundofSilence/Content/Assets/Materials/Material__627.uasset" 353
"../../../SoundofSilence/Content/Assets/OldMan.uasset" 354
"../../../SoundofSilence/Content/Assets/BP_NPC.uasset" 355
"../../../Engine/Content/MapTemplates/Sky/DaylightAmbientCubemap.uasset" 356
"../../../SoundofSilence/Content/StarterContent/Blueprints/Assets/M_LightStage_Skybox_Master.uasset" 357
"../../../SoundofSilence/Content/StarterContent/Blueprints/Assets/M_LightStage_Skybox_Black.uasset" 358
"../../../SoundofSilence/Content/ThirdPersonBP/woodTime_hands.uasset" 359
"../../../SoundofSilence/Content/ThirdPersonBP/woodTime_wood.uasset" 360
"../../../SoundofSilence/Content/ThirdPersonBP/woodTime.uasset" 361
"../../../SoundofSilence/Content/ObjectBlueprints/Clock_Blueprint.uasset" 362
"../../../SoundofSilence/Content/Assets/Materials/Book_Base.uasset" 363
"../../../SoundofSilence/Content/Assets/Materials/Book_Cover.uasset" 364
"../../../SoundofSilence/Content/Assets/Materials/Book_Page_Left2.uasset" 365
"../../../SoundofSilence/Content/Assets/Materials/Book_Page_Left.uasset" 366
"../../../SoundofSilence/Content/Assets/Materials/Book_Page_Right2.uasset" 367
"../../../SoundofSilence/Content/Assets/Materials/Book_Page_Right.uasset" 368
"../../../SoundofSilence/Content/Assets/Materials/Book_Texture_3.uasset" 369
"../../../SoundofSilence/Content/Assets/Materials/Book_Texture_3_Normal_Map.uasset" 370
"../../../SoundofSilence/Content/Assets/Materials/Book_Pages_Side.uasset" 371
"../../../SoundofSilence/Content/Assets/Materials/Book_Texture_1_Normal_Map.uasset" 372
"../../../SoundofSilence/Content/Assets/Materials/Book_Texture_4.uasset" 373
"../../../SoundofSilence/Content/Assets/Materials/Book_Texture_1.uasset" 374
"../../../SoundofSilence/Content/Assets/Materials/Book_Texture_2_Normal_Map.uasset" 375
"../../../SoundofSilence/Content/Assets/Materials/Book_Texture_2.uasset" 376
"../../../SoundofSilence/Content/Assets/Materials/useBackground2.uasset" 377
"../../../SoundofSilence/Content/Assets/Diary.uasset" 378
"../../../SoundofSilence/Content/ObjectBlueprints/Diary1_Blueprint.uasset" 379
"../../../SoundofSilence/Content/HUD/BasicHUD.uasset" 380
"../../../SoundofSilence/Content/ObjectBlueprints/flute_Blueprint.uasset" 381
"../../../SoundofSilence/Content/ObjectBlueprints/GpSpirit_Blueprint.uasset" 382
"../../../SoundofSilence/Content/ThirdPersonBP/house_outside.uasset" 383
"../../../SoundofSilence/Content/ThirdPersonBP/lambert1.uasset" 384
"../../../SoundofSilence/Content/ThirdPersonBP/porch_railing.uasset" 385
"../../../SoundofSilence/Content/ThirdPersonBP/porch_top.uasset" 386
"../../../SoundofSilence/Content/ThirdPersonBP/Roof.uasset" 387
"../../../SoundofSilence/Content/ThirdPersonBP/House.uasset" 388
"../../../SoundofSilence/Content/ObjectBlueprints/House_Blueprint.uasset" 389
"../../../SoundofSilence/Content/StarterContent/Textures/T_Burst_M.uasset" 390
"../../../SoundofSilence/Content/StarterContent/Particles/Materials/M_Burst.uasset" 391
"../../../SoundofSilence/Content/StarterContent/Textures/T_Explosion_SubUV.uasset" 392
"../../../SoundofSilence/Content/StarterContent/Particles/Materials/M_explosion_subUV.uasset" 393
"../../../SoundofSilence/Content/StarterContent/Particles/Materials/m_flare_01.uasset" 394
"../../../SoundofSilence/Content/StarterContent/Particles/Materials/M_radial_ramp.uasset" 395
"../../../SoundofSilence/Content/StarterContent/Particles/P_Explosion.uasset" 396
"../../../SoundofSilence/Content/ThirdPersonBP/Materials/VaseMat.uasset" 397
"../../../SoundofSilence/Content/ThirdPersonBP/vase.uasset" 398
"../../../SoundofSilence/Content/ObjectBlueprints/vase_Blueprint.uasset" 399
"../../../SoundofSilence/Content/ThirdPersonBP/Blueprints/SilenceSpirit.uasset" 400
"../../../SoundofSilence/Content/City_Blueprints/cityWhee.uasset" 401
"../../../SoundofSilence/Content/City_Blueprints/cityWhee_mask_w.uasset" 402
"../../../SoundofSilence/Content/City_Blueprints/blinn2.uasset" 403
"../../../SoundofSilence/Content/lambert1.uasset" 404
"../../../SoundofSilence/Content/ThirdPersonBP/Materials/EmissiveMat.uasset" 405
"../../../SoundofSilence/Content/Dialogues/Grandpa.uasset" 406
"../../../SoundofSilence/Content/Assets/Materials/Default.uasset" 407
"../../../SoundofSilence/Content/Assets/Materials/Wood.uasset" 408
"../../../SoundofSilence/Content/StarterContent/Props/Materials/M_MaterialSphere.uasset" 409
"../../../SoundofSilence/Content/Assets/Bed.uasset" 410
"../../../SoundofSilence/Content/City_Blueprints/city_distance.uasset" 411
"../../../SoundofSilence/Content/City_Blueprints/signPost_sign.uasset" 412
"../../../SoundofSilence/Content/City_Blueprints/signPost_wood.uasset" 413
"../../../SoundofSilence/Content/City_Blueprints/signpost.uasset" 414
"../../../SoundofSilence/Content/StarterContent/Props/SM_Couch.uasset" 415
"../../../SoundofSilence/Content/StarterContent/Textures/T_Door_M.uasset" 416
"../../../SoundofSilence/Content/StarterContent/Textures/T_Door_N.uasset" 417
"../../../SoundofSilence/Content/StarterContent/Props/Materials/M_Door.uasset" 418
"../../../SoundofSilence/Content/StarterContent/Props/SM_Door.uasset" 419
"../../../SoundofSilence/Content/ThirdPersonBP/rampShader1.uasset" 420
"../../../SoundofSilence/Content/ThirdPersonBP/bookcase.uasset" 421
"../../../SoundofSilence/Content/ThirdPersonBP/desk.uasset" 422
"../../../SoundofSilence/Content/Levels/HouseLevel.umap" 423
"../../../SoundofSilence/Content/StarterContent/Blueprints/Assets/FogBrightnessLUT.uasset" 424
"../../../SoundofSilence/Content/StarterContent/Blueprints/Assets/SunlightColorLUT.uasset" 425
"../../../SoundofSilence/Content/StarterContent/Blueprints/Assets/M_LightStage_Skybox_HDRI.uasset" 426
"../../../Engine/Content/EditorMaterials/Thumbnails/SkySphereMaterial.uasset" 427
"../../../SoundofSilence/Content/StarterContent/Blueprints/Assets/Skybox.uasset" 428
"../../../SoundofSilence/Content/StarterContent/Blueprints/Assets/SM_Arrows.uasset" 429
"../../../SoundofSilence/Content/StarterContent/HDRI/HDRI_Epic_Courtyard_Daylight.uasset" 430
"../../../SoundofSilence/Content/StarterContent/Blueprints/BP_LightStudio.uasset" 431
"../../../SoundofSilence/Content/StarterContent/Materials/M_AssetPlatform.uasset" 432
"../../../Engine/Content/EditorMeshes/ColorCalibrator/M_ChromeBall.uasset" 433
"../../../Engine/Content/EditorMeshes/ColorCalibrator/M_ClearCoat.uasset" 434
"../../../Engine/Content/EditorMeshes/ColorCalibrator/M_ClearCoatBlack.uasset" 435
"../../../Engine/Content/EditorMeshes/ColorCalibrator/T_ColorGrid.uasset" 436
"../../../Engine/Content/EditorMeshes/ColorCalibrator/M_ColorGrid.uasset" 437
"../../../Engine/Content/EditorMeshes/ColorCalibrator/M_GreyBall.uasset" 438
"../../../Engine/Content/EditorMeshes/ColorCalibrator/SM_ColorCalibrator.uasset" 439
"../../../SoundofSilence/Content/StarterContent/Architecture/SM_AssetPlatform.uasset" 440
"../../../SoundofSilence/Content/StarterContent/Maps/Advanced_Lighting.umap" 441
"../../../Engine/Content/EngineFonts/Roboto.uasset" 442
"../../../Engine/Content/Functions/Engine_MaterialFunctions01/Shading/PowerToRoughness.uasset" 443
"../../../Engine/Content/Functions/Engine_MaterialFunctions01/Shading/ConvertFromDiffSpec.uasset" 444
"../../../Engine/Content/EngineMaterials/DefaultDeferredDecalMaterial.uasset" 445
"../../../Engine/Content/EngineMaterials/DefaultLightFunctionMaterial.uasset" 446
"../../../Engine/Content/Functions/Engine_MaterialFunctions02/Utility/BreakOutFloat2Components.uasset" 447
"../../../Engine/Content/EngineMaterials/DefaultPostProcessMaterial.uasset" 448
"../../../Engine/Content/EngineResources/DefaultTexture.uasset" 449
"../../../Engine/Content/Functions/Engine_MaterialFunctions02/Texturing/ScreenAlignedUVs.uasset" 450
"../../../Engine/Content/EngineResources/WhiteSquareTexture.uasset" 451
"../../../Engine/Content/EngineMaterials/Widget3DPassThrough.uasset" 452
"../../../Engine/Content/EngineMaterials/Widget3DPassThrough_Translucent.uasset" 453
"../../../Engine/Content/EngineMaterials/Widget3DPassThrough_Translucent_OneSided.uasset" 454
"../../../Engine/Content/EngineMaterials/Widget3DPassThrough_Opaque.uasset" 455
"../../../Engine/Content/EngineMaterials/Widget3DPassThrough_Opaque_OneSided.uasset" 456
"../../../Engine/Content/EngineMaterials/Widget3DPassThrough_Masked.uasset" 457
"../../../Engine/Content/EngineMaterials/Widget3DPassThrough_Masked_OneSided.uasset" 458
"../../../Engine/Content/EditorResources/S_Actor.uasset" 459
"../../../Engine/Content/Maps/Templates/Thumbnails/Default.uasset" 460
"../../../Engine/Content/EditorMaterials/ParticleSystems/PSysThumbnail_NoImage.uasset" 461
"../../../Engine/Content/EditorMaterials/ParticleSystems/PSysThumbnail_OOD.uasset" 462
"../../../Engine/Content/EditorLandscapeResources/DataLayer.uasset" 463
"../../../Engine/Content/EngineDamageTypes/DmgTypeBP_Environmental.uasset" 464
"../../../Engine/Content/EngineMeshes/Sphere.uasset" 465
"../../../Engine/Content/EngineMaterials/DefaultTextMaterialOpaque.uasset" 466
"../../../Engine/Content/EditorResources/S_Trigger.uasset" 467
"../../../Engine/Content/EngineResources/GradientTexture0.uasset" 468
"../../../Engine/Content/EngineResources/Black.uasset" 469
"../../../Engine/Content/EditorMaterials/MatineeGroups/MAT_Groups_Float.uasset" 470
"../../../Engine/Content/EditorMaterials/MatineeGroups/MAT_Groups_Director.uasset" 471
"../../../Engine/Content/EditorMaterials/MatineeGroups/MAT_Groups_Event.uasset" 472
"../../../Engine/Content/EditorMaterials/MatineeGroups/MAT_Groups_Anim.uasset" 473
"../../../Engine/Content/EditorMaterials/MatineeGroups/MAT_Groups_Fade.uasset" 474
"../../../Engine/Content/EditorMaterials/MatineeGroups/MAT_Groups_Move.uasset" 475
"../../../Engine/Content/EditorMaterials/MatineeGroups/MAT_Groups_Slomo.uasset" 476
"../../../Engine/Content/EditorMaterials/MatineeGroups/MAT_ColorTrack.uasset" 477
"../../../Engine/Content/EditorMaterials/MAT_Groups_Toggle.uasset" 478
"../../../Engine/Content/EditorMaterials/MatineeGroups/MAT_Groups_AudioMaster.uasset" 479
"../../../Engine/Content/EditorMaterials/MatineeGroups/MAT_Groups_Sound.uasset" 480
"../../../Engine/Content/EditorMaterials/MatineeGroups/MAT_Groups_Vector.uasset" 481
"../../../Engine/Content/EditorMaterials/MAT_Groups_Visibility.uasset" 482
"../../../Engine/Content/EngineResources/DefaultTextureCube.uasset" 483
"../../../Engine/Content/EngineMeshes/Cylinder.uasset" 484
"../../../Engine/Content/EngineTireTypes/DefaultTireType.uasset" 485
"../../../Engine/Content/EngineResources/AICON-Red.uasset" 486
"../../../Engine/Content/EngineResources/AICON-Green.uasset" 487
"../../../Engine/Content/Tutorial/Basics/TutorialAssets/icon_tab_Levels_40x.uasset" 488
"../../../Engine/Content/Tutorial/Basics/LevelEditorOverview.uasset" 489
"../../../Engine/Content/Tutorial/BlueprintTutorials/TutorialAssets/Blueprint_64x.uasset" 490
"../../../Engine/Content/Tutorial/BlueprintTutorials/BlueprintEditorTutorial.uasset" 491
"../../../Engine/Content/Tutorial/Basics/LevelEditorAttract.uasset" 492
"../../../Engine/Content/Tutorial/Foliage/TutorialAssets/Foliage.uasset" 493
"../../../Engine/Content/Tutorial/Foliage/Foliage_Settings_Tutorial.uasset" 494
"../../../Engine/Content/Tutorial/Foliage/Foliage_Using_The_Tool_Tutorial.uasset" 495
"../../../Engine/Content/Tutorial/Foliage/Foliage_Intro_Tutorial.uasset" 496
"../../../Engine/Content/Tutorial/BlueprintTutorials/LevelBlueprintEditorOverview.uasset" 497
"../../../SoundofSilence/Content/ThirdPersonBP/ThirdPersonOverview.uasset" 498
"../../../Engine/Content/Tutorial/ContentIntroCurve.uasset" 499
"../../../Engine/Plugins/2D/Paper2D/Content/PlaceholderTextures/DummySpriteTexture.uasset" 500
"../../../Engine/Plugins/2D/Paper2D/Content/DefaultSpriteMaterial.uasset" 501
"../../../Engine/Plugins/2D/Paper2D/Content/MaskedUnlitSpriteMaterial.uasset" 502
"../../../Engine/Plugins/2D/Paper2D/Content/OpaqueUnlitSpriteMaterial.uasset" 503
"../../../Engine/Plugins/2D/Paper2D/Content/DummySpriteTexture.uasset" 504
"../../../Engine/Plugins/2D/Paper2D/Content/DummySprite.uasset" 505
"../../../Engine/Plugins/2D/Paper2D/Content/DefaultPaperTerrainMaterial.uasset" 506
"../../../Engine/Plugins/Runtime/LeapMotionController/Content/LM_CapsuleMesh.uasset" 507
"../../../Engine/Plugins/Runtime/LeapMotionController/Content/LM_TorusMesh.uasset" 508
"../../../Engine/Plugins/Runtime/LeapMotionController/Content/LM_HandColor.uasset" 509
"../../../Engine/Plugins/Runtime/LeapMotionController/Content/LM_SampleDistortion.uasset" 510
"../../../Engine/Plugins/Runtime/LeapMotionController/Content/LM_TestTexture.uasset" 511
"../../../Engine/Plugins/Runtime/LeapMotionController/Content/LM_PassthroughMaterial.uasset" 512
"../../../Engine/Content/EngineMaterials/RemoveSurfaceMaterial.uasset" 513
"../../../Engine/Content/EngineDebugMaterials/DebugMeshMaterial.uasset" 514
"../../../Engine/Content/EngineMaterials/InvalidLightmapSettings.uasset" 515
"../../../Engine/Content/EngineMaterials/M_InvalidLightmapSettings.uasset" 516
"../../../Engine/Content/EditorMaterials/GizmoMaterial.uasset" 517
"../../../Engine/Content/EngineMaterials/Good64x64TilingNoiseHighFreq.uasset" 518
"../../../Engine/Content/EngineMaterials/DefaultBokeh.uasset" 519
"../../../Engine/Content/EngineMaterials/PreintegratedSkinBRDF.uasset" 520
"../../../Engine/Content/EngineMaterials/MiniFont.uasset" 521
"../../../Engine/Content/EngineMaterials/WeightMapPlaceholderTexture.uasset" 522
"../../../Engine/Content/EngineMaterials/DefaultWhiteGrid.uasset" 523
"../../../Engine/Content/EngineFonts/RobotoTiny.uasset" 524
"../../../Engine/Content/EditorResources/LightIcons/S_LightError.uasset" 525
"../../../Engine/Content/EditorResources/EmptyActor.uasset" 526
"../../../SoundofSilence/Content/ThirdPersonBP/Blueprints/ThirdPersonGameMode.uasset" 527
"../../../Engine/Content/MobileResources/T_MobileMenu2.uasset" 528
"../../../SoundofSilence/Content/Blueprints/platform.uasset" 529
"../../../SoundofSilence/Content/Blueprints/TriggerBox_Blueprint.uasset" 530
"../../../SoundofSilence/Content/City_Blueprints/AlleyCats.uasset" 531
"../../../SoundofSilence/Content/City_Blueprints/cityDistance.uasset" 532
"../../../Engine/Content/MobileResources/HUD/MobileHUDButton2_on.uasset" 533
"../../../SoundofSilence/Content/Mannequin/Animations/ThirdPersonJump_End.uasset" 534
"../../../SoundofSilence/Content/StarterContent/Materials/M_ColorGrid_LowSpec.uasset" 535
"../../../SoundofSilence/Content/StarterContent/Shapes/Shape_Trim_90_In.uasset" 536
"../../../SoundofSilence/Content/StarterContent/Shapes/Shape_Trim.uasset" 537
"../../../SoundofSilence/Content/StarterContent/Shapes/Shape_Torus.uasset" 538
"../../../SoundofSilence/Content/StarterContent/Shapes/Shape_Plane.uasset" 539
"../../../SoundofSilence/Content/StarterContent/Shapes/Shape_Pipe_90.uasset" 540
"../../../SoundofSilence/Content/StarterContent/Shapes/Shape_Pipe_180.uasset" 541
"../../../SoundofSilence/Content/StarterContent/Shapes/Shape_Pipe.uasset" 542
"../../../SoundofSilence/Content/StarterContent/Shapes/Shape_NarrowCapsule.uasset" 543
"../../../SoundofSilence/Content/StarterContent/Shapes/Shape_Cylinder.uasset" 544
"../../../SoundofSilence/Content/StarterContent/Shapes/Shape_Cone.uasset" 545
"../../../SoundofSilence/Content/ObjectBlueprints/sword_Blueprint.uasset" 546
"../../../SoundofSilence/Content/ObjectBlueprints/ScheduleBoard_Blueprint.uasset" 547
"../../../Engine/Content/MobileResources/HUD/MobileHUDDirectionPad2.uasset" 548
"../../../SoundofSilence/Content/StarterContent/Shapes/Shape_Wedge_A.uasset" 549
"../../../SoundofSilence/Content/StarterContent/Shapes/Shape_Tube.uasset" 550
"../../../SoundofSilence/Content/StarterContent/Shapes/Shape_TriPyramid.uasset" 551
"../../../SoundofSilence/Content/StarterContent/Shapes/Shape_Trim_90_Out.uasset" 552
"../../../SoundofSilence/Content/StarterContent/Shapes/Shape_WideCapsule.uasset" 553
"../../../SoundofSilence/Content/StarterContent/Shapes/Shape_Wedge_B.uasset" 554
"../../../Engine/Content/EditorMaterials/PhAT_JointLimitMaterial.uasset" 555
"../../../Engine/Content/EditorMaterials/PreviewShadowIndicator.uasset" 556
"../../../Engine/Content/EditorMaterials/PreviewShadowIndicatorMaterial.uasset" 557
"../../../Engine/Content/EditorResources/BSPVertex.uasset" 558
"../../../Engine/Content/EditorResources/AudioIcons/S_AudioComponent.uasset" 559
"../../../Engine/Content/EditorResources/AudioIcons/S_AudioComponent_AutoActivate.uasset" 560
"../../../Engine/Content/EngineDebugMaterials/HeatmapGradient.uasset" 561
"../../../Engine/Content/EngineDebugMaterials/BoneWeightMaterial.uasset" 562
"../../../Engine/Content/EngineDebugMaterials/GeomMaterial.uasset" 563
"../../../Engine/Content/EngineMaterials/EditorBrushMaterial.uasset" 564
"../../../Engine/Content/MobileResources/T_MobileControls_texture.uasset" 565
"../../../Engine/Content/MobileResources/HUD/AnalogHat.uasset" 566
"../../../Engine/Content/MobileResources/HUD/VirtualJoystick_Background.uasset" 567
"../../../Engine/Content/MobileResources/HUD/VirtualJoystick_Thumb.uasset" 568
"../../../Engine/Content/MobileResources/HUD/DefaultVirtualJoysticks.uasset" 569
"../../../Engine/Content/MobileResources/HUD/LeftVirtualJoystickOnly.uasset" 570
"../../../Engine/Content/MobileResources/HUD/MobileHUDButton1_off.uasset" 571
"../../../Engine/Content/MobileResources/HUD/MobileHUDButton1_on.uasset" 572
"../../../Engine/Content/MobileResources/HUD/MobileHUDButton2_off.uasset" 573
"../../../Engine/Content/MobileResources/HUD/MobileHUDButton3.uasset" 574
"../../../Engine/Content/MobileResources/HUD/MobileHUDButtonFire.uasset" 575
"../../../Engine/Content/MobileResources/HUD/MobileHUDDirectionPad.uasset" 576
"../../../Engine/Content/MobileResources/HUD/MobileHUDDirectionPad3.uasset" 577
"../../../Engine/Content/MobileResources/HUD/MobileHUDDirectionStick.uasset" 578
"../../../Engine/Content/MobileResources/HUD/T_Castle_ThumbstickInner.uasset" 579
"../../../Engine/Content/MobileResources/HUD/T_Castle_ThumbstickOutter.uasset" 580
"../../../Engine/Content/Tutorial/BlueprintTutorials/TutorialAssets/BlueprintInterface_64x.uasset" 581
"../../../Engine/Content/Tutorial/BlueprintTutorials/TutorialAssets/Tutorial_BP_Interface.uasset" 582
"../../../Engine/Content/Tutorial/BlueprintTutorials/BlueprintInterfacesEditorOverview.uasset" 583
"../../../Engine/Content/Tutorial/BlueprintTutorials/TutorialAssets/BlueprintMacroLibrary_64x.uasset" 584
"../../../Engine/Content/Tutorial/BlueprintTutorials/TutorialAssets/Tutorial_BP_MacroLib.uasset" 585
"../../../Engine/Content/Tutorial/BlueprintTutorials/BlueprintMacroLibrariesEditorOverview.uasset" 586
"../../../Engine/Content/Tutorial/Landscape/TutorialAssets/Landscape.uasset" 587
"../../../Engine/Content/Tutorial/Landscape/Landscape_Painting_Mode.uasset" 588
"../../../Engine/Content/Tutorial/Landscape/Landscape_Sculpt_Mode.uasset" 589
"../../../Engine/Content/Tutorial/Landscape/Landscape_Manage_Mode.uasset" 590
"../../../Engine/Content/Tutorial/Paper2D/TutorialAssets/Paper2DFlipbook_TutorialIcon.uasset" 591
"../../../Engine/Content/Tutorial/Paper2D/FlipbookEditorTutorial.uasset" 592
"../../../Engine/Content/Tutorial/Paper2D/TutorialAssets/Paper2DSprite_TutorialIcon.uasset" 593
"../../../Engine/Content/Tutorial/Paper2D/SpriteEditorTutorial.uasset" 594
"../../../Engine/Content/EditorMeshes/EditorCube.uasset" 595
"../../../Engine/Content/Tutorial/SubEditors/TutorialAssets/Tutorial_DM.uasset" 596
"../../../Engine/Content/Tutorial/SubEditors/DestructibleMeshEditorTutorial.uasset" 597
"../../../Engine/Content/Tutorial/SubEditors/TutorialAssets/TutorialMaterial.uasset" 598
"../../../Engine/Content/Tutorial/SubEditors/MaterialEditorTutorial.uasset" 599
"../../../Engine/Content/Tutorial/SubEditors/TutorialAssets/T_SmokeSubUV_8X8.uasset" 600
"../../../Engine/Content/Tutorial/SubEditors/TutorialAssets/T_soft_smoke.uasset" 601
"../../../Engine/Content/Tutorial/SubEditors/TutorialAssets/M_smoke_subUV_blackbody.uasset" 602
"../../../Engine/Content/Tutorial/SubEditors/TutorialAssets/TutorialParticleSystem.uasset" 603
"../../../Engine/Content/Tutorial/SubEditors/ParticleSystemEditorTutorial.uasset" 604
"../../../Engine/Content/Tutorial/SubEditors/TutorialAssets/icon_ShowSkeletalMeshes_40x.uasset" 605
"../../../Engine/Content/Tutorial/SubEditors/TutorialAssets/Character/TutorialTPP_Mat.uasset" 606
"../../../Engine/Content/Tutorial/SubEditors/TutorialAssets/Character/TutorialTPP_PhysicsAsset.uasset" 607
"../../../Engine/Content/Tutorial/SubEditors/TutorialAssets/Character/TutorialTPP.uasset" 608
"../../../Engine/Content/Tutorial/SubEditors/TutorialAssets/Character/TutorialTPP_Skeleton.uasset" 609
"../../../Engine/Content/Tutorial/SubEditors/TutorialAssets/Character/Tutorial_Idle.uasset" 610
"../../../Engine/Content/Tutorial/SubEditors/TutorialAssets/Character/Tutorial_Walk_Fwd.uasset" 611
"../../../Engine/Content/Tutorial/SubEditors/TutorialAssets/Character/NewBlendSpace1D.uasset" 612
"../../../Engine/Content/Tutorial/SubEditors/TutorialAssets/Character/TutorialCharacter.uasset" 613
"../../../Engine/Content/Tutorial/SubEditors/TutorialAssets/Character/TutorialTPP_AnimBlueprint.uasset" 614
"../../../Engine/Content/Tutorial/SubEditors/PersonaAnimBlueprintEditorWalkthrough.uasset" 615
"../../../Engine/Content/Tutorial/SubEditors/PersonaAnimEditorWalkthrough.uasset" 616
"../../../Engine/Content/EngineMeshes/Cube.uasset" 617
"../../../Engine/Content/Tutorial/SubEditors/StaticMeshEditorTutorial.uasset" 618
"../../../Engine/Content/Tutorial/SubEditors/TutorialAssets/icon_Editor_Preferences_General_40x.uasset" 619
"../../../SoundofSilence/Content/Clock_Blueprint.uasset" 620
"../../../SoundofSilence/Content/ThrowEnergyBall.uasset" 621
"../../../SoundofSilence/Content/AICharacter/AICharacter_Blackboard.uasset" 622
"../../../SoundofSilence/Content/AICharacter/AICharacter_BT.uasset" 623
"../../../SoundofSilence/Content/AICharacter/AICharacter_Controller.uasset" 624
"../../../SoundofSilence/Content/AICharacter/AIDestroyMemory.uasset" 625
"../../../SoundofSilence/Content/AICharacter/AIMoveTo.uasset" 626
"../../../SoundofSilence/Content/AICharacter/AIPatrol.uasset" 627
"../../../SoundofSilence/Content/AICharacter/AIPerception.uasset" 628
"../../../SoundofSilence/Content/AICharacter/AISearch.uasset" 629
"../../../SoundofSilence/Content/AICharacter/AISetSpeed.uasset" 630
"../../../SoundofSilence/Content/Assets/BOOK_FBX.uasset" 631
"../../../SoundofSilence/Content/Assets/Materials/Bed2.uasset" 632
"../../../SoundofSilence/Content/City_Blueprints/cityWhee_mask.uasset" 633
"../../../SoundofSilence/Content/City_Blueprints/cityWhee_trans.uasset" 634
"../../../SoundofSilence/Content/City_Blueprints/DialogueBox.uasset" 635
"../../../SoundofSilence/Content/City_Blueprints/NPC_DialogueTrigger.uasset" 636
"../../../SoundofSilence/Content/Dialogues/GP1.uasset" 637
"../../../SoundofSilence/Content/Models/Fbx_Default_Material_1.uasset" 638
"../../../SoundofSilence/Content/Models/House_UCXified_03.uasset" 639
"../../../SoundofSilence/Content/Models/M_UE4Man_Body.uasset" 640
"../../../SoundofSilence/Content/Models/terrain.uasset" 641
"../../../SoundofSilence/Content/NPCDialogueSystem/Blueprints/BP_NPC.uasset" 642
"../../../SoundofSilence/Content/ObjectBlueprints/Diary_Blueprint.uasset" 643
"../../../SoundofSilence/Content/ObjectBlueprints/Elevator.uasset" 644
"../../../SoundofSilence/Content/PlayerCharacter/protag_AnimBP.uasset" 645
"../../../SoundofSilence/Content/StarterContent/Architecture/Pillar_50x500.uasset" 646
"../../../SoundofSilence/Content/StarterContent/Architecture/Wall_400x300.uasset" 647
"../../../SoundofSilence/Content/StarterContent/Architecture/Wall_400x400.uasset" 648
"../../../SoundofSilence/Content/StarterContent/Architecture/Wall_500x500.uasset" 649
"../../../SoundofSilence/Content/StarterContent/Architecture/Wall_Door_400x400.uasset" 650
"../../../SoundofSilence/Content/StarterContent/Architecture/Wall_Window_400x400.uasset" 651
"../../../SoundofSilence/Content/StarterContent/Audio/Light01.uasset" 652
"../../../SoundofSilence/Content/StarterContent/Audio/Light01_Cue.uasset" 653
"../../../SoundofSilence/Content/StarterContent/Audio/Light02.uasset" 654
"../../../SoundofSilence/Content/StarterContent/Audio/Light02_Cue.uasset" 655
"../../../SoundofSilence/Content/StarterContent/Audio/Explosion01.uasset" 656
"../../../SoundofSilence/Content/StarterContent/Audio/Explosion02.uasset" 657
"../../../SoundofSilence/Content/StarterContent/Audio/Explosion_Cue.uasset" 658
"../../../SoundofSilence/Content/StarterContent/Blueprints/Blueprint_Effect_Explosion.uasset" 659
"../../../SoundofSilence/Content/StarterContent/Textures/T_Bush_D.uasset" 660
"../../../SoundofSilence/Content/StarterContent/Textures/T_Bush_N.uasset" 661
"../../../SoundofSilence/Content/StarterContent/Props/Materials/M_Bush.uasset" 662
"../../../SoundofSilence/Content/StarterContent/Props/SM_Bush.uasset" 663
"../../../SoundofSilence/Content/StarterContent/Props/Materials/M_MaterialSphere_Plain.uasset" 664
"../../../SoundofSilence/Content/StarterContent/Props/SM_MatPreviewMesh_02.uasset" 665
"../../../SoundofSilence/Content/StarterContent/Props/SM_Rock.uasset" 666
"../../../SoundofSilence/Content/StarterContent/Textures/T_Shelf_M.uasset" 667
"../../../SoundofSilence/Content/StarterContent/Textures/T_Shelf_N.uasset" 668
"../../../SoundofSilence/Content/StarterContent/Props/Materials/M_Shelf.uasset" 669
"../../../SoundofSilence/Content/StarterContent/Props/SM_Shelf.uasset" 670
"../../../SoundofSilence/Content/StarterContent/Props/SM_Stairs.uasset" 671
"../../../SoundofSilence/Content/ThirdPersonBP/Materials/lambert1.uasset" 672
"../../../SoundofSilence/Content/ThirdPersonBP/Materials/pasted__lambert10.uasset" 673
"../../../SoundofSilence/Content/ThirdPersonBP/Materials/pasted__lambert7.uasset" 674
"../../../SoundofSilence/Content/ThirdPersonBP/Materials/pasted__lambert8.uasset" 675
"../../../SoundofSilence/Content/ThirdPersonBP/Materials/pasted__lambert9.uasset" 676
"../../../SoundofSilence/Content/ThirdPersonBP/CityLevel_v3.uasset" 677
"../../../SoundofSilence/Content/ThirdPersonBP/HouseLevel.uasset" 678
"../../../SoundofSilence/Content/ThirdPersonBP/House_UCXified_02.uasset" 679
"../../../SoundofSilence/Content/ThirdPersonBP/Materials/house_outside.uasset" 680
"../../../SoundofSilence/Content/ThirdPersonBP/Materials/porch_railing.uasset" 681
"../../../SoundofSilence/Content/ThirdPersonBP/Materials/porch_top.uasset" 682
"../../../SoundofSilence/Content/ThirdPersonBP/Materials/Roof.uasset" 683
"../../../SoundofSilence/Content/ThirdPersonBP/house_v2.uasset" 684
"../../../SoundofSilence/Content/ThirdPersonBP/phong1.uasset" 685
"../../../SoundofSilence/Content/ThirdPersonBP/Shadow.uasset" 686
"../../../SoundofSilence/Content/ThirdPersonBP/Blueprints/fluteBeingPlayed.uasset" 687
"../../../SoundofSilence/Content/ThirdPersonBP/Blueprints/flute.uasset" 688
"../../../SoundofSilence/Content/ThirdPersonBP/Blueprints/fluteSwing.uasset" 689
"../../../SoundofSilence/Content/ThirdPersonBP/Blueprints/flute_AreaOfEffect.uasset" 690
"../../../SoundofSilence/Content/ThirdPersonBP/Blueprints/SilenceFrag.uasset" 691
