[2016.04.30-21.20.15:688][  0]Log file open, 04/30/16 17:20:15
[2016.04.30-21.20.15:688][  0]LogInit:Display: Running engine for game: SoundofSilence
[2016.04.30-21.20.15:688][  0]LogPlatformFile: Not using cached read wrapper
[2016.04.30-21.20.15:688][  0]LogInit:Display: RandInit(-2083166921) SRandInit(-2083166917).
[2016.04.30-21.20.15:688][  0]LogTaskGraph: Started task graph with 4 named threads and 7 total threads.
[2016.04.30-21.20.15:688][  0]LogStats: Stats thread started at 2.955862
[2016.04.30-21.20.15:688][  0]LogInit: Version: 4.10.4-2872498+++depot+UE4-Releases+4.10
[2016.04.30-21.20.15:688][  0]LogInit: API Version: 2758231
[2016.04.30-21.20.15:688][  0]LogInit: Compiled (64-bit): Feb 18 2016 15:47:04
[2016.04.30-21.20.15:688][  0]LogInit: Compiled with Visual C++: 19.00.23026.00
[2016.04.30-21.20.15:688][  0]LogInit: Build Configuration: Development
[2016.04.30-21.20.15:688][  0]LogInit: Branch Name: ++depot+UE4-Releases+4.10
[2016.04.30-21.20.15:688][  0]LogInit: Command line:  
[2016.04.30-21.20.15:688][  0]LogInit: Base directory: D:/Unreal4/Epic Games/4.10/Engine/Binaries/Win64/
[2016.04.30-21.20.15:688][  0]LogInit: Rocket: 1
[2016.04.30-21.20.15:891][  0]LogInit: Using libcurl 7.41.0
[2016.04.30-21.20.15:891][  0]LogInit:  - built for x86_64-pc-win32
[2016.04.30-21.20.15:891][  0]LogInit:  - supports SSL with WinSSL
[2016.04.30-21.20.15:891][  0]LogInit:  - other features:
[2016.04.30-21.20.15:891][  0]LogInit:      CURL_VERSION_SSL
[2016.04.30-21.20.15:891][  0]LogInit:      CURL_VERSION_IPV6
[2016.04.30-21.20.15:891][  0]LogInit:      CURL_VERSION_ASYNCHDNS
[2016.04.30-21.20.15:891][  0]LogInit:      CURL_VERSION_LARGEFILE
[2016.04.30-21.20.15:891][  0]LogInit:      CURL_VERSION_IDN
[2016.04.30-21.20.15:891][  0]LogInit:  CurlRequestOptions (configurable via config and command line):
[2016.04.30-21.20.15:891][  0]LogInit:  - bVerifyPeer = true  - Libcurl will verify peer certificate
[2016.04.30-21.20.15:891][  0]LogInit:  - bUseHttpProxy = false  - Libcurl will NOT use HTTP proxy
[2016.04.30-21.20.15:891][  0]LogInit:  - bDontReuseConnections = false  - Libcurl will reuse connections
[2016.04.30-21.20.15:891][  0]LogInit:  - CertBundlePath = nullptr  - Libcurl will use whatever was configured at build time.
[2016.04.30-21.20.16:001][  0]LogInit: Presizing for 0 objects not considered by GC, pre-allocating 0 bytes.
[2016.04.30-21.20.16:157][  0]LogInit: Object subsystem initialized
[2016.04.30-21.20.16:391][  0]LogInit: Selected Device Profile: [Windows]
[2016.04.30-21.20.16:391][  0]LogInit: Applying CVar settings loaded from the selected device profile: [Windows]
[2016.04.30-21.20.16:559][  0]LogInit: Computer: INDIEGO
[2016.04.30-21.20.16:559][  0]LogInit: User: Indie
[2016.04.30-21.20.16:559][  0]LogInit: CPU Page size=4096, Cores=4
[2016.04.30-21.20.16:559][  0]LogInit: High frequency timer resolution =2.533210 MHz
[2016.04.30-21.20.16:559][  0]LogMemory: Memory total: Physical=15.9GB (16GB approx)
[2016.04.30-21.20.16:559][  0]LogMemory: Platform Memory Stats for Windows
[2016.04.30-21.20.16:559][  0]LogMemory: Process Physical Memory: 56.43 MB used, 56.43 MB peak
[2016.04.30-21.20.16:559][  0]LogMemory: Process Virtual Memory: 56.63 MB used, 56.63 MB peak
[2016.04.30-21.20.16:559][  0]LogMemory: Physical Memory: 2262.70 MB used, 16273.04 MB total
[2016.04.30-21.20.16:559][  0]LogMemory: Virtual Memory: 364.59 MB used, 134217728.00 MB total
[2016.04.30-21.20.18:162][  0]LogTextLocalizationManager: No specific translations for ('en-US') exist, so ('en') translations will be used.
[2016.04.30-21.20.20:947][  0]LogD3D11RHI: Found D3D11 adapter 0: NVIDIA GeForce GTX 960M    (Feature Level 11_0)
[2016.04.30-21.20.20:947][  0]LogD3D11RHI: Adapter has 1972MB of dedicated video memory, 0MB of dedicated system memory, and 2048MB of shared system memory, 1 output[s]
[2016.04.30-21.20.20:965][  0]LogD3D11RHI: Found D3D11 adapter 1: Intel(R) HD Graphics 4600 (Feature Level 11_0)
[2016.04.30-21.20.20:965][  0]LogD3D11RHI: Adapter has 32MB of dedicated video memory, 0MB of dedicated system memory, and 1760MB of shared system memory, 0 output[s]
[2016.04.30-21.20.20:968][  0]LogD3D11RHI: Found D3D11 adapter 2: Microsoft Basic Render Driver (Feature Level 11_0)
[2016.04.30-21.20.20:968][  0]LogD3D11RHI: Adapter has 0MB of dedicated video memory, 0MB of dedicated system memory, and 256MB of shared system memory, 0 output[s]
[2016.04.30-21.20.20:968][  0]LogD3D11RHI: Chosen D3D11 Adapter Id = 0
[2016.04.30-21.20.20:979][  0]LogD3D11RHI: !Direct3DDevice
[2016.04.30-21.20.20:980][  0]LogRHI: Texture pool is 1361 MB (70% of 1945 MB)
[2016.04.30-21.20.21:007][  0]LogD3D11RHI: Async texture creation enabled
[2016.04.30-21.20.21:334][  0]LogShaderCompilers: Guid format shader working directory is -40 characters bigger than the processId version (../../../../../../Sound of Silence/Sound-of-Silence-master (1)/Sound-of-Silence-master/Intermediate/Shaders/WorkingDirectory/8232/).
[2016.04.30-21.20.21:335][  0]LogShaderCompilers: Cleaned the shader compiler working directory 'C:/Users/Indie/AppData/Local/Temp/UnrealShaderWorkingDir/7F5ABFD54F660A4818DE7F8D3D72FB11/'.
[2016.04.30-21.20.21:345][  0]LogShaderCompilers:Display: Using Local Shader Compiler.
[2016.04.30-21.20.25:501][  0]LogTemp:Display: Loaded TP AllDesktopTargetPlatform
[2016.04.30-21.20.25:528][  0]LogTemp:Display: Loaded TP WindowsClientTargetPlatform
[2016.04.30-21.20.25:551][  0]LogTemp:Display: Loaded TP WindowsNoEditorTargetPlatform
[2016.04.30-21.20.25:565][  0]LogTemp:Display: Loaded TP WindowsServerTargetPlatform
[2016.04.30-21.20.25:607][  0]LogTemp:Display: Loaded TP WindowsTargetPlatform
[2016.04.30-21.20.25:628][  0]LogTemp:Display: Loaded TP AndroidTargetPlatform
[2016.04.30-21.20.25:638][  0]LogTemp:Display: Loaded TP Android_ASTCTargetPlatform
[2016.04.30-21.20.25:649][  0]LogTemp:Display: Loaded TP Android_ATCTargetPlatform
[2016.04.30-21.20.25:659][  0]LogTemp:Display: Loaded TP Android_DXTTargetPlatform
[2016.04.30-21.20.25:670][  0]LogTemp:Display: Loaded TP Android_ETC1TargetPlatform
[2016.04.30-21.20.25:681][  0]LogTemp:Display: Loaded TP Android_ETC2TargetPlatform
[2016.04.30-21.20.25:703][  0]LogTemp:Display: Loaded TP Android_MultiTargetPlatform
[2016.04.30-21.20.25:703][  0]LogTemp:Display: Loaded TP Android_PVRTCTargetPlatform
[2016.04.30-21.20.25:706][  0]LogTemp:Display: Loaded TP HTML5TargetPlatform
[2016.04.30-21.20.25:815][  0]LogTemp:Display: Loaded TP IOSTargetPlatform
[2016.04.30-21.20.25:826][  0]LogTemp:Display: Loaded TP LinuxNoEditorTargetPlatform
[2016.04.30-21.20.25:861][  0]LogTemp:Display: Loaded TP LinuxServerTargetPlatform
[2016.04.30-21.20.25:897][  0]LogTemp:Display: Loaded TP LinuxTargetPlatform
[2016.04.30-21.20.25:897][  0]LogTargetPlatformManager:Display: Building Assets For Windows
[2016.04.30-21.20.26:534][  0]LogDerivedDataCache:Display: Max Cache Size: 512 MB
[2016.04.30-21.20.26:879][  0]LogDerivedDataCache: Loaded boot cache 0.34s 41MB C:/Users/Indie/AppData/Local/UnrealEngine/4.10/DerivedDataCache/Boot.ddc.
[2016.04.30-21.20.26:879][  0]LogDerivedDataCache:Display: Loaded Boot cache: C:/Users/Indie/AppData/Local/UnrealEngine/4.10/DerivedDataCache/Boot.ddc
[2016.04.30-21.20.26:879][  0]LogDerivedDataCache: FDerivedDataBackendGraph:  Pak pak cache file ../../../../../../Sound of Silence/Sound-of-Silence-master (1)/Sound-of-Silence-master/DerivedDataCache/DDC.ddp not found, will not use a pak cache.
[2016.04.30-21.20.26:879][  0]LogDerivedDataCache: Unable to find inner node Pak for hierarchical cache Hierarchy.
[2016.04.30-21.20.26:879][  0]LogDerivedDataCache: FDerivedDataBackendGraph:  CompressedPak pak cache file ../../../../../../Sound of Silence/Sound-of-Silence-master (1)/Sound-of-Silence-master/DerivedDataCache/Compressed.ddp not found, will not use a pak cache.
[2016.04.30-21.20.26:879][  0]LogDerivedDataCache: Unable to find inner node CompressedPak for hierarchical cache Hierarchy.
[2016.04.30-21.20.27:197][  0]LogDerivedDataCache:Display: Pak cache opened for reading ../../../Engine/DerivedDataCache/Compressed.ddp.
[2016.04.30-21.20.27:212][  0]LogDerivedDataCache: Using Local data cache path C:/Users/Indie/AppData/Local/UnrealEngine/Common/DerivedDataCache: Writable
[2016.04.30-21.20.33:180][  0]LogInit: Selected Device Profile: [Windows]
[2016.04.30-21.20.33:229][  0]LogContentStreaming: Texture pool size is 0.000000MB
[2016.04.30-21.20.34:433][  0]LogMeshUtilities: No automatic mesh reduction module available
[2016.04.30-21.20.34:433][  0]LogMeshUtilities: No automatic mesh merging module available
[2016.04.30-21.20.37:401][  0]LogInit: WinSock: version 1.1 (2.2), MaxSocks=32767, MaxUdp=65467
[2016.04.30-21.20.51:645][  0]UdpMessaging: Initializing bridge on interface 0.0.0.0:0 to multicast group 230.0.0.1:6666.
[2016.04.30-21.20.52:343][  0]LogAssetRegistry: FAssetRegistry took 0.0141 seconds to start up
[2016.04.30-21.20.55:059][  0]SourceControl: Info Source control is disabled
[2016.04.30-21.20.55:079][  0]SourceControl: Info Source control is disabled
[2016.04.30-21.20.55:219][  0]SourceControl: Info Source control is disabled
[2016.04.30-21.20.55:305][  0]SourceControl: Info Source control is disabled
[2016.04.30-21.20.56:804][  0]LogObj: 28733 objects as part of root set at end of initial load.
[2016.04.30-21.20.56:804][  0]LogUObjectAllocator: 6116368 out of 0 bytes used by permanent object pool.
[2016.04.30-21.20.57:398][  0]LogEngine: Initializing Engine...
[2016.04.30-21.20.57:428][  0]LogHMD: Can't find Oculus library dev build: is proper Runtime installed? Version: 0.8.0.0
[2016.04.30-21.20.57:465][  0]LogHMD: SteamVR failed to initialize.  Err: 110
[2016.04.30-21.20.58:353][  0]LogAIModule: Creating AISystem for world NewWorld
[2016.04.30-21.20.58:536][  0]LogInit: XAudio2 using 'Speakers (Realtek High Definition Audio)' : 2 channels at 48 kHz using 32 bits per sample (channel mask 0x3)
[2016.04.30-21.20.58:712][  0]LogInit: FAudioDevice initialized.
[2016.04.30-21.20.58:766][  0]LogDerivedDataCache: Saved boot cache 0.05s 41MB C:/Users/Indie/AppData/Local/UnrealEngine/4.10/DerivedDataCache/Boot.ddc.
[2016.04.30-21.20.58:778][  0]LogInit: Texture streaming: Enabled
[2016.04.30-21.20.58:824][  0]LogAnalytics: Creating configured Analytics provider AnalyticsET
[2016.04.30-21.20.58:825][  0]LogAnalytics: [UEEditor.Rocket.Release] APIServer = http://et2.epicgames.com/ET2/. AppVersion = 4.10.4-2872498+++depot+UE4-Releases+4.10
[2016.04.30-21.20.58:825][  0]LogAnalytics: [UEEditor.Rocket.Release] SetUserId aa3aaced42c420e0865af180590ebbda|502f612a496140c9a86c317a2c9fefde|df1942a8-a007-448d-b9e2-a99e192b85de
[2016.04.30-21.20.58:838][  0]LogAnalytics: [UEEditor.Rocket.Release] AnalyticsET::StartSession
[2016.04.30-21.20.58:921][  0]LogWindowsTextInputMethodSystem:Display: IME system now activated using TSF (搜狗拼音输入法).
[2016.04.30-21.20.59:148][  0]LogInit: Transaction tracking system initialized
[2016.04.30-21.20.59:897][  0]BlueprintLog: New page: Editor Load
[2016.04.30-21.21.02:559][  0]LocalizationService: Info Localization service is disabled
[2016.04.30-21.21.04:485][  0]LogConsoleResponse:Display: 
[2016.04.30-21.21.06:772][  0]LogFileCache: Scanning file cache for directory 'D:/Sound of Silence/Sound-of-Silence-master (1)/Sound-of-Silence-master/Content/' took 0.03s
[2016.04.30-21.21.06:772][  0]LogCook:Display: Done creating registry. It took  0.00s.
[2016.04.30-21.21.08:628][  0]SourceControl: Info Source control is disabled
[2016.04.30-21.21.08:691][  0]Cmd: MAP LOAD FILE="../../../../../../Sound of Silence/Sound-of-Silence-master (1)/Sound-of-Silence-master/Content/Levels/Main.umap" TEMPLATE=0 SHOWPROGRESS=1 FEATURELEVEL=3
[2016.04.30-21.21.08:797][  0]LightingResults: New page: Lighting Build
[2016.04.30-21.21.09:011][  0]MapCheck: New page: Map Check
[2016.04.30-21.21.09:012][  0]LightingResults: New page: Lighting Build
[2016.04.30-21.21.09:571][  0]LogParticles: Destroying 0 GPU particle simulations for FXSystem 0x0000000C2D02EAC0
[2016.04.30-21.21.11:835][  0]LogAIModule: Creating AISystem for world Main
[2016.04.30-21.21.12:086][  0]LogEditorServer: Finished looking for orphan Actors (0.000 secs)
[2016.04.30-21.21.12:246][  0]Cmd: MAP CHECKDEP NOCLEARLOG
[2016.04.30-21.21.12:450][  0]MapCheck: Info Map check complete: 0 Error(s), 0 Warning(s), took 202.838ms to complete.
[2016.04.30-21.21.12:450][  0]LogFileHelpers: Loading map 'Main' took 3.784
[2016.04.30-21.21.14:428][  0]LogCollectionManager: Loaded 0 collections in 0.004175 seconds
[2016.04.30-21.21.14:550][  0]LogFileCache: Scanning file cache for directory 'D:/Sound of Silence/Sound-of-Silence-master (1)/Sound-of-Silence-master/Saved/Collections/' took 0.01s
[2016.04.30-21.21.14:550][  0]LogFileCache: Scanning file cache for directory 'D:/Sound of Silence/Sound-of-Silence-master (1)/Sound-of-Silence-master/Content/Developers/Indie/Collections/' took 0.01s
[2016.04.30-21.21.14:550][  0]LogFileCache: Scanning file cache for directory 'D:/Sound of Silence/Sound-of-Silence-master (1)/Sound-of-Silence-master/Content/Collections/' took 0.01s
[2016.04.30-21.21.14:550][  0]LogCollectionManager: Rebuilt the GUID cache for 0 collections in 0.000005 seconds
[2016.04.30-21.21.14:595][  0]LogContentBrowser: Native class hierarchy populated in 0.0420 seconds. Added 1894 classes and 341 folders.
[2016.04.30-21.21.14:695][  0]LogContentBrowser: Native class hierarchy updated for 'WidgetCarousel' in 0.0010 seconds. Added 0 classes and 0 folders.
[2016.04.30-21.21.16:932][  0]LogContentBrowser: Native class hierarchy updated for 'AddContentDialog' in 0.0011 seconds. Added 0 classes and 0 folders.
[2016.04.30-21.21.19:160][  0]LogContentBrowser: Native class hierarchy updated for 'SceneOutliner' in 0.0012 seconds. Added 1 classes and 2 folders.
[2016.04.30-21.21.19:248][  0]LogCrashTracker: Crashtracker disabled due to settings.
[2016.04.30-21.21.19:409][  0]LogUObjectGlobals:Warning: Failed to find object 'Class None.'
[2016.04.30-21.21.19:464][  0]LogLoad: Full Startup: 71.56 seconds (BP compile: 1.17 seconds)
[2016.04.30-21.21.19:493][  0]LogOcInput: Can't find Oculus library dev build: is proper Runtime installed? Version: 0.8.0.0
[2016.04.30-21.21.19:996][  0]LogContentStreaming: Texture pool size now 200 MB
[2016.04.30-21.21.20:795][  0]LogRenderer: Reallocating scene render targets to support 880x708 (Frame:2).
[2016.04.30-21.21.22:628][ 10]LogAssetRegistry: Asset discovery search completed in 30.2983 seconds
[2016.04.30-21.21.22:652][ 10]LogCollectionManager: Rebuilt the object cache for 0 collections in 0.000002 seconds (found 0 objects)
[2016.04.30-21.21.22:652][ 10]LogCollectionManager: Fixed up redirectors for 0 collections in 0.000149 seconds (updated 0 objects)
[2016.04.30-21.21.44:489][342]LogSynthBenchmark:Display: FSynthBenchmark (V0.95):  requested WorkScale=1.00
[2016.04.30-21.21.44:489][342]LogSynthBenchmark:Display: ===============
[2016.04.30-21.21.44:489][342]LogSynthBenchmark:Display: Main Processor:
[2016.04.30-21.21.44:669][342]LogSynthBenchmark:Display:          ... 0.087444 s/Run 'RayIntersect'
[2016.04.30-21.21.44:669][342]LogSynthBenchmark:Display:          ... 0.092361 s/Run 'Fractal'
[2016.04.30-21.21.44:669][342]LogSynthBenchmark:Display: 
[2016.04.30-21.21.44:669][342]LogSynthBenchmark:Display:   CompiledTarget_x_Bits: 64
[2016.04.30-21.21.44:669][342]LogSynthBenchmark:Display:   UE_BUILD_SHIPPING: 0
[2016.04.30-21.21.44:669][342]LogSynthBenchmark:Display:   UE_BUILD_TEST: 0
[2016.04.30-21.21.44:669][342]LogSynthBenchmark:Display:   UE_BUILD_DEBUG: 0
[2016.04.30-21.21.44:669][342]LogSynthBenchmark:Display:   TotalPhysicalGBRam: 16
[2016.04.30-21.21.44:669][342]LogSynthBenchmark:Display:   NumberOfCores (physical): 4
[2016.04.30-21.21.44:669][342]LogSynthBenchmark:Display:   NumberOfCores (logical): 8
[2016.04.30-21.21.44:669][342]LogSynthBenchmark:Display:   CPU Perf Index 0: 29.3
[2016.04.30-21.21.44:670][342]LogSynthBenchmark:Display:   CPU Perf Index 1: 31.0
[2016.04.30-21.21.44:670][342]LogSynthBenchmark:Display:  
[2016.04.30-21.21.44:670][342]LogSynthBenchmark:Display: Graphics:
[2016.04.30-21.21.44:670][342]LogSynthBenchmark:Display:   Adapter Name: 'NVIDIA GeForce GTX 960M   '
[2016.04.30-21.21.44:670][342]LogSynthBenchmark:Display:   (On Optimus the name might be wrong, memory should be ok)
[2016.04.30-21.21.44:670][342]LogSynthBenchmark:Display:   Vendor Id: 0x10de
[2016.04.30-21.21.44:670][342]LogSynthBenchmark:Display:   GPU Memory: 1973/0/2049 MB
[2016.04.30-21.21.44:670][342]LogSynthBenchmark:Display:   CPUIndex: 29.3
[2016.04.30-21.21.44:670][342]LogSynthBenchmark:Display:   GPUIndex: -nan(ind)
[2016.04.30-21.21.44:670][342]LogSynthBenchmark:Display: 
[2016.04.30-21.21.44:670][342]LogSynthBenchmark:Display:          ... Total Time: 0.180587 sec
[2016.04.30-21.21.55:160][371]LogWindowsTextInputMethodSystem:Display: IME system now activated using TSF (搜狗拼音输入法).
[2016.04.30-21.21.55:825][372]Cmd: QUIT_EDITOR
[2016.04.30-21.21.56:511][372]LogExit: Preparing to exit.
[2016.04.30-21.21.57:027][372]LogExit: Editor shut down
[2016.04.30-21.21.57:028][372]LogExit: Transaction tracking system shut down
[2016.04.30-21.21.57:054][372]LogParticles: Destroying 0 GPU particle simulations for FXSystem 0x0000000C214BE7A0
[2016.04.30-21.21.57:054][372]LogParticles: Destroying 0 GPU particle simulations for FXSystem 0x0000000C2096E8E0
[2016.04.30-21.21.57:055][372]LogParticles: Destroying 0 GPU particle simulations for FXSystem 0x0000000C32D756C0
[2016.04.30-21.21.57:772][372]LogExit: Object subsystem successfully closed.
[2016.04.30-21.21.57:843][372]LogD3D11RHI: Shutdown
[2016.04.30-21.21.57:843][372]LogD3D11RHI: CleanupD3DDevice
[2016.04.30-21.21.57:952][372]LogD3D11RHI: ~FD3D11DynamicRHI
[2016.04.30-21.21.58:186][372]LogModuleManager: Shutting down and abandoning module SynthBenchmark (201)
[2016.04.30-21.21.58:186][372]LogModuleManager: Shutting down and abandoning module CrashTracker (200)
[2016.04.30-21.21.58:186][372]LogModuleManager: Shutting down and abandoning module SceneOutliner (199)
[2016.04.30-21.21.58:186][372]LogModuleManager: Shutting down and abandoning module SuperSearch (198)
[2016.04.30-21.21.58:186][372]LogModuleManager: Shutting down and abandoning module WidgetCarousel (197)
[2016.04.30-21.21.58:186][372]LogModuleManager: Shutting down and abandoning module AddContentDialog (196)
[2016.04.30-21.21.58:190][372]LogModuleManager: Shutting down and abandoning module EditorWidgets (195)
[2016.04.30-21.21.58:190][372]LogModuleManager: Shutting down and abandoning module CollectionManager (194)
[2016.04.30-21.21.58:190][372]LogModuleManager: Shutting down and abandoning module StatsViewer (193)
[2016.04.30-21.21.58:190][372]LogModuleManager: Shutting down and abandoning module FoliageEdit (192)
[2016.04.30-21.21.58:190][372]LogModuleManager: Shutting down and abandoning module LandscapeEditor (191)
[2016.04.30-21.21.58:197][372]LogModuleManager: Shutting down and abandoning module ActorPickerMode (190)
[2016.04.30-21.21.58:197][372]LogModuleManager: Shutting down and abandoning module GeometryMode (189)
[2016.04.30-21.21.58:197][372]LogModuleManager: Shutting down and abandoning module TextureAlignMode (188)
[2016.04.30-21.21.58:197][372]LogModuleManager: Shutting down and abandoning module BspMode (187)
[2016.04.30-21.21.58:198][372]LogModuleManager: Shutting down and abandoning module PlacementMode (186)
[2016.04.30-21.21.58:198][372]LogModuleManager: Shutting down and abandoning module AutomationWorker (185)
[2016.04.30-21.21.58:198][372]LogModuleManager: Shutting down and abandoning module CharacterAI (184)
[2016.04.30-21.21.58:198][372]LogModuleManager: Shutting down and abandoning module SmartSnapping (183)
[2016.04.30-21.21.58:198][372]LogModuleManager: Shutting down and abandoning module ViewportSnapping (182)
[2016.04.30-21.21.58:198][372]LogModuleManager: Shutting down and abandoning module LogVisualizer (181)
[2016.04.30-21.21.58:198][372]LogModuleManager: Shutting down and abandoning module GameProjectGeneration (180)
[2016.04.30-21.21.58:209][372]LogModuleManager: Shutting down and abandoning module IntroTutorials (179)
[2016.04.30-21.21.58:209][372]LogModuleManager: Shutting down and abandoning module EditorLiveStreaming (178)
[2016.04.30-21.21.58:209][372]LogModuleManager: Shutting down and abandoning module IOSPlatformEditor (177)
[2016.04.30-21.21.58:209][372]LogModuleManager: Shutting down and abandoning module HTML5PlatformEditor (176)
[2016.04.30-21.21.58:209][372]LogModuleManager: Shutting down and abandoning module AndroidDeviceDetection (175)
[2016.04.30-21.21.58:981][372]LogModuleManager: Shutting down and abandoning module AndroidPlatformEditor (174)
[2016.04.30-21.21.58:981][372]LogModuleManager: Shutting down and abandoning module IOSRuntimeSettings (173)
[2016.04.30-21.21.58:981][372]LogModuleManager: Shutting down and abandoning module AndroidRuntimeSettings (172)
[2016.04.30-21.21.58:981][372]LogModuleManager: Shutting down and abandoning module MergeActors (171)
[2016.04.30-21.21.58:981][372]LogModuleManager: Shutting down and abandoning module SizeMap (170)
[2016.04.30-21.21.58:981][372]LogModuleManager: Shutting down and abandoning module TreeMap (169)
[2016.04.30-21.21.58:981][372]LogModuleManager: Shutting down and abandoning module ReferenceViewer (168)
[2016.04.30-21.21.58:982][372]LogModuleManager: Shutting down and abandoning module LocalizationService (167)
[2016.04.30-21.21.58:982][372]LogModuleManager: Shutting down and abandoning module LocalizationDashboard (166)
[2016.04.30-21.21.59:043][372]LogModuleManager: Shutting down and abandoning module HardwareTargeting (165)
[2016.04.30-21.21.59:043][372]LogModuleManager: Shutting down and abandoning module DeviceProfileEditor (164)
[2016.04.30-21.21.59:043][372]LogModuleManager: Shutting down and abandoning module UndoHistory (163)
[2016.04.30-21.21.59:043][372]LogModuleManager: Shutting down and abandoning module GameplayTagsEditor (162)
[2016.04.30-21.21.59:043][372]LogModuleManager: Shutting down and abandoning module UserFeedback (161)
[2016.04.30-21.21.59:043][372]LogModuleManager: Shutting down and abandoning module XmlParser (160)
[2016.04.30-21.21.59:043][372]LogModuleManager: Shutting down and abandoning module Blutility (159)
[2016.04.30-21.21.59:043][372]LogModuleManager: Shutting down and abandoning module ProjectTargetPlatformEditor (158)
[2016.04.30-21.21.59:043][372]LogModuleManager: Shutting down and abandoning module ProjectSettingsViewer (157)
[2016.04.30-21.21.59:043][372]LogModuleManager: Shutting down and abandoning module InputBindingEditor (156)
[2016.04.30-21.21.59:048][372]LogModuleManager: Shutting down and abandoning module EditorSettingsViewer (155)
[2016.04.30-21.21.59:049][372]LogModuleManager: Shutting down and abandoning module SettingsEditor (154)
[2016.04.30-21.21.59:049][372]LogModuleManager: Shutting down and abandoning module ProjectLauncher (153)
[2016.04.30-21.21.59:069][372]LogModuleManager: Shutting down and abandoning module SessionFrontend (152)
[2016.04.30-21.21.59:069][372]LogModuleManager: Shutting down and abandoning module ProfilerClient (151)
[2016.04.30-21.21.59:080][372]LogModuleManager: Shutting down and abandoning module TargetDeviceServices (150)
[2016.04.30-21.21.59:080][372]LogModuleManager: Shutting down and abandoning module DeviceManager (149)
[2016.04.30-21.21.59:080][372]LogModuleManager: Shutting down and abandoning module AutomationController (148)
[2016.04.30-21.21.59:080][372]LogModuleManager: Shutting down and abandoning module AutomationWindow (147)
[2016.04.30-21.21.59:102][372]LogModuleManager: Shutting down and abandoning module Layers (146)
[2016.04.30-21.21.59:111][372]LogModuleManager: Shutting down and abandoning module ComponentVisualizers (145)
[2016.04.30-21.21.59:111][372]LogModuleManager: Shutting down and abandoning module DetailCustomizations (144)
[2016.04.30-21.21.59:112][372]LogModuleManager: Shutting down and abandoning module PackagesDialog (143)
[2016.04.30-21.21.59:112][372]LogModuleManager: Shutting down and abandoning module Persona (142)
[2016.04.30-21.21.59:125][372]LogModuleManager: Shutting down and abandoning module Kismet (141)
[2016.04.30-21.21.59:126][372]LogModuleManager: Shutting down and abandoning module GraphEditor (140)
[2016.04.30-21.21.59:153][372]LogModuleManager: Shutting down and abandoning module ClassViewer (139)
[2016.04.30-21.21.59:153][372]LogModuleManager: Shutting down and abandoning module Toolbox (138)
[2016.04.30-21.21.59:153][372]LogModuleManager: Shutting down and abandoning module ModuleUI (137)
[2016.04.30-21.21.59:162][372]LogModuleManager: Shutting down and abandoning module MovieSceneTools (136)
[2016.04.30-21.21.59:162][372]LogModuleManager: Shutting down and abandoning module OutputLog (135)
[2016.04.30-21.21.59:162][372]LogModuleManager: Shutting down and abandoning module GammaUI (134)
[2016.04.30-21.21.59:173][372]LogModuleManager: Shutting down and abandoning module Documentation (133)
[2016.04.30-21.21.59:173][372]LogModuleManager: Shutting down and abandoning module GameLiveStreaming (132)
[2016.04.30-21.21.59:174][372]LogModuleManager: Shutting down and abandoning module StreamingPauseRendering (131)
[2016.04.30-21.21.59:174][372]LogModuleManager: Shutting down and abandoning module AnalyticsET (130)
[2016.04.30-21.21.59:174][372]LogModuleManager: Shutting down and abandoning module Analytics (129)
[2016.04.30-21.21.59:174][372]LogModuleManager: Shutting down and abandoning module AITestSuite (128)
[2016.04.30-21.21.59:174][372]LogModuleManager: Shutting down and abandoning module GameplayDebugger (127)
[2016.04.30-21.21.59:174][372]LogModuleManager: Shutting down and abandoning module AIModule (126)
[2016.04.30-21.21.59:174][372]LogModuleManager: Shutting down and abandoning module ProfilerService (125)
[2016.04.30-21.21.59:228][372]LogModuleManager: Shutting down and abandoning module TaskGraph (124)
[2016.04.30-21.21.59:239][372]LogModuleManager: Shutting down and abandoning module SlateRemote (123)
[2016.04.30-21.21.59:239][372]LogModuleManager: Shutting down and abandoning module SteamVRController (122)
[2016.04.30-21.21.59:239][372]LogModuleManager: Shutting down and abandoning module SteamVR (121)
[2016.04.30-21.21.59:239][372]LogModuleManager: Shutting down and abandoning module ProceduralMeshComponent (120)
[2016.04.30-21.21.59:239][372]LogModuleManager: Shutting down and abandoning module OculusLibrary (119)
[2016.04.30-21.21.59:239][372]LogModuleManager: Shutting down and abandoning module OculusInput (118)
[2016.04.30-21.21.59:239][372]LogModuleManager: Shutting down and abandoning module LeapMotionController (117)
[2016.04.30-21.21.59:271][372]LogModuleManager: Shutting down and abandoning module CustomMeshComponent (116)
[2016.04.30-21.21.59:271][372]LogModuleManager: Shutting down and abandoning module CableComponent (115)
[2016.04.30-21.21.59:271][372]LogModuleManager: Shutting down and abandoning module ArchVisCharacter (114)
[2016.04.30-21.21.59:271][372]LogModuleManager: Shutting down and abandoning module MessagingDebugger (113)
[2016.04.30-21.21.59:282][372]LogModuleManager: Shutting down and abandoning module MediaPlayerEditor (112)
[2016.04.30-21.21.59:291][372]LogModuleManager: Shutting down and abandoning module HTML5Networking (111)
[2016.04.30-21.21.59:291][372]LogModuleManager: Shutting down and abandoning module SpeedTreeImporter (110)
[2016.04.30-21.21.59:291][372]LogModuleManager: Shutting down and abandoning module PluginBrowser (109)
[2016.04.30-21.21.59:293][372]LogModuleManager: Shutting down and abandoning module EpicSurvey (108)
[2016.04.30-21.21.59:293][372]LogModuleManager: Shutting down and abandoning module DesktopPlatform (107)
[2016.04.30-21.21.59:294][372]LogModuleManager: Shutting down and abandoning module VisualStudioSourceCodeAccess (106)
[2016.04.30-21.21.59:294][372]LogModuleManager: Shutting down and abandoning module UObjectPlugin (105)
[2016.04.30-21.21.59:294][372]LogModuleManager: Shutting down and abandoning module SubversionSourceControl (104)
[2016.04.30-21.21.59:294][372]LogModuleManager: Shutting down and abandoning module PerforceSourceControl (103)
[2016.04.30-21.21.59:294][372]LogModuleManager: Shutting down and abandoning module SourceControl (102)
[2016.04.30-21.21.59:301][372]LogModuleManager: Shutting down and abandoning module GitSourceControl (101)
[2016.04.30-21.21.59:302][372]LogModuleManager: Shutting down and abandoning module LightPropagationVolumeEditor (100)
[2016.04.30-21.21.59:302][372]LogModuleManager: Shutting down and abandoning module PaperTiledImporter (99)
[2016.04.30-21.21.59:302][372]LogModuleManager: Shutting down and abandoning module PaperSpriteSheetImporter (98)
[2016.04.30-21.21.59:302][372]LogModuleManager: Shutting down and abandoning module MeshPaint (97)
[2016.04.30-21.21.59:302][372]LogModuleManager: Shutting down and abandoning module SlateReflector (96)
[2016.04.30-21.21.59:311][372]LogModuleManager: Shutting down and abandoning module HotReload (95)
[2016.04.30-21.21.59:311][372]LogModuleManager: Shutting down and abandoning module MainFrame (94)
[2016.04.30-21.21.59:311][372]LogModuleManager: Shutting down and abandoning module LevelEditor (93)
[2016.04.30-21.21.59:320][372]LogModuleManager: Shutting down and abandoning module DirectoryWatcher (92)
[2016.04.30-21.21.59:322][372]LogModuleManager: Shutting down and abandoning module AssetRegistry (91)
[2016.04.30-21.21.59:532][372]LogModuleManager: Shutting down and abandoning module ContentBrowser (90)
[2016.04.30-21.21.59:534][372]LogModuleManager: Shutting down and abandoning module Paper2DEditor (89)
[2016.04.30-21.21.59:540][372]LogModuleManager: Shutting down and abandoning module FileLogging (88)
[2016.04.30-21.21.59:540][372]LogModuleManager: Shutting down and abandoning module AnalyticsBlueprintLibrary (87)
[2016.04.30-21.21.59:540][372]LogModuleManager: Shutting down and abandoning module UdpMessaging (86)
[2016.04.30-21.21.59:641][372]LogModuleManager: Shutting down and abandoning module LightPropagationVolumeRuntime (85)
[2016.04.30-21.21.59:641][372]LogModuleManager: Shutting down and abandoning module Paper2D (84)
[2016.04.30-21.21.59:641][372]LogModuleManager: Shutting down and abandoning module WindowsMoviePlayer (83)
[2016.04.30-21.21.59:648][372]LogModuleManager: Shutting down and abandoning module Media (82)
[2016.04.30-21.21.59:648][372]LogModuleManager: Shutting down and abandoning module WmfMedia (81)
[2016.04.30-21.21.59:648][372]LogModuleManager: Shutting down and abandoning module OnlineBlueprintSupport (80)
[2016.04.30-21.21.59:648][372]LogModuleManager: Shutting down and abandoning module GameplayTasksEditor (79)
[2016.04.30-21.21.59:648][372]LogModuleManager: Shutting down and abandoning module PropertyEditor (78)
[2016.04.30-21.21.59:648][372]LogModuleManager: Shutting down and abandoning module BehaviorTreeEditor (77)
[2016.04.30-21.21.59:658][372]LogModuleManager: Shutting down and abandoning module FunctionalTesting (76)
[2016.04.30-21.21.59:658][372]LogModuleManager: Shutting down and abandoning module CollisionAnalyzer (75)
[2016.04.30-21.21.59:658][372]LogModuleManager: Shutting down and abandoning module WorkspaceMenuStructure (74)
[2016.04.30-21.21.59:658][372]LogModuleManager: Shutting down and abandoning module MessageLog (73)
[2016.04.30-21.21.59:658][372]LogModuleManager: Shutting down and abandoning module Sequencer (72)
[2016.04.30-21.21.59:659][372]LogModuleManager: Shutting down and abandoning module AssetTools (71)
[2016.04.30-21.21.59:685][372]LogModuleManager: Shutting down and abandoning module UMGEditor (70)
[2016.04.30-21.21.59:698][372]LogModuleManager: Shutting down and abandoning module UMG (69)
[2016.04.30-21.21.59:707][372]LogModuleManager: Shutting down and abandoning module Slate (68)
[2016.04.30-21.21.59:707][372]LogModuleManager: Shutting down and abandoning module EditorStyle (67)
[2016.04.30-21.21.59:714][372]LogModuleManager: Shutting down and abandoning module SessionServices (66)
[2016.04.30-21.21.59:714][372]LogModuleManager: Shutting down and abandoning module SourceCodeAccess (65)
[2016.04.30-21.21.59:714][372]LogModuleManager: Shutting down and abandoning module HeadMountedDisplay (64)
[2016.04.30-21.21.59:714][372]LogModuleManager: Shutting down and abandoning module XAudio2 (63)
[2016.04.30-21.21.59:714][372]LogModuleManager: Shutting down and abandoning module Networking (61)
[2016.04.30-21.21.59:714][372]LogModuleManager: Shutting down and abandoning module Core (60)
[2016.04.30-21.21.59:714][372]LogModuleManager: Shutting down and abandoning module KismetCompiler (59)
[2016.04.30-21.21.59:714][372]LogModuleManager: Shutting down and abandoning module PhysXFormats (58)
[2016.04.30-21.21.59:714][372]LogModuleManager: Shutting down and abandoning module MeshUtilities (57)
[2016.04.30-21.21.59:730][372]LogModuleManager: Shutting down and abandoning module DerivedDataCache (56)
[2016.04.30-21.21.59:790][372]LogDerivedDataCache: Shutdown
[2016.04.30-21.21.59:791][372]LogModuleManager: Shutting down and abandoning module ShaderFormatOpenGL (55)
[2016.04.30-21.21.59:798][372]LogModuleManager: Shutting down and abandoning module ShaderFormatD3D (54)
[2016.04.30-21.21.59:798][372]LogModuleManager: Shutting down and abandoning module MetalShaderFormat (53)
[2016.04.30-21.21.59:808][372]LogModuleManager: Shutting down and abandoning module TextureFormatUncompressed (52)
[2016.04.30-21.21.59:808][372]LogModuleManager: Shutting down and abandoning module TextureFormatPVR (51)
[2016.04.30-21.21.59:808][372]LogModuleManager: Shutting down and abandoning module TextureFormatIntelISPCTexComp (50)
[2016.04.30-21.21.59:808][372]LogModuleManager: Shutting down and abandoning module TextureFormatDXT (49)
[2016.04.30-21.21.59:808][372]LogModuleManager: Shutting down and abandoning module ImageWrapper (48)
[2016.04.30-21.21.59:808][372]LogModuleManager: Shutting down and abandoning module TextureFormatASTC (47)
[2016.04.30-21.21.59:808][372]LogModuleManager: Shutting down and abandoning module TextureFormatAndroid (46)
[2016.04.30-21.21.59:808][372]LogModuleManager: Shutting down and abandoning module AudioFormatOpus (45)
[2016.04.30-21.21.59:808][372]LogModuleManager: Shutting down and abandoning module AudioFormatOgg (44)
[2016.04.30-21.21.59:808][372]LogModuleManager: Shutting down and abandoning module AudioFormatADPCM (43)
[2016.04.30-21.21.59:808][372]LogModuleManager: Shutting down and abandoning module LinuxTargetPlatform (42)
[2016.04.30-21.21.59:808][372]LogModuleManager: Shutting down and abandoning module LinuxServerTargetPlatform (41)
[2016.04.30-21.21.59:808][372]LogModuleManager: Shutting down and abandoning module LinuxNoEditorTargetPlatform (40)
[2016.04.30-21.21.59:808][372]LogModuleManager: Shutting down and abandoning module Messaging (39)
[2016.04.30-21.21.59:808][372]LogModuleManager: Shutting down and abandoning module IOSTargetPlatform (38)
[2016.04.30-21.21.59:808][372]LogModuleManager: Shutting down and abandoning module HTML5TargetPlatform (37)
[2016.04.30-21.21.59:808][372]LogModuleManager: Shutting down and abandoning module Android_PVRTCTargetPlatform (36)
[2016.04.30-21.21.59:809][372]LogModuleManager: Shutting down and abandoning module Android_MultiTargetPlatform (35)
[2016.04.30-21.21.59:809][372]LogModuleManager: Shutting down and abandoning module Android_ETC2TargetPlatform (34)
[2016.04.30-21.21.59:809][372]LogModuleManager: Shutting down and abandoning module Android_ETC1TargetPlatform (33)
[2016.04.30-21.21.59:809][372]LogModuleManager: Shutting down and abandoning module Android_DXTTargetPlatform (32)
[2016.04.30-21.21.59:809][372]LogModuleManager: Shutting down and abandoning module Android_ATCTargetPlatform (31)
[2016.04.30-21.21.59:809][372]LogModuleManager: Shutting down and abandoning module Android_ASTCTargetPlatform (30)
[2016.04.30-21.21.59:809][372]LogModuleManager: Shutting down and abandoning module AndroidTargetPlatform (29)
[2016.04.30-21.21.59:809][372]LogModuleManager: Shutting down and abandoning module WindowsTargetPlatform (28)
[2016.04.30-21.21.59:809][372]LogModuleManager: Shutting down and abandoning module WindowsServerTargetPlatform (27)
[2016.04.30-21.21.59:809][372]LogModuleManager: Shutting down and abandoning module WindowsNoEditorTargetPlatform (26)
[2016.04.30-21.21.59:809][372]LogModuleManager: Shutting down and abandoning module WindowsClientTargetPlatform (25)
[2016.04.30-21.21.59:809][372]LogModuleManager: Shutting down and abandoning module AllDesktopTargetPlatform (24)
[2016.04.30-21.21.59:809][372]LogModuleManager: Shutting down and abandoning module TargetPlatform (23)
[2016.04.30-21.21.59:809][372]LogModuleManager: Shutting down and abandoning module InputCore (22)
[2016.04.30-21.21.59:809][372]LogModuleManager: Shutting down and abandoning module Settings (21)
[2016.04.30-21.21.59:809][372]LogModuleManager: Shutting down and abandoning module OnlineSubsystem (19)
[2016.04.30-21.21.59:809][372]LogModuleManager: Shutting down and abandoning module HTTP (18)
[2016.04.30-21.22.01:814][372]LogModuleManager: Shutting down and abandoning module XMPP (17)
[2016.04.30-21.22.01:828][372]LogModuleManager: Shutting down and abandoning module OculusRift (16)
[2016.04.30-21.22.01:833][372]LogModuleManager: Shutting down and abandoning module ExampleDeviceProfileSelector (15)
[2016.04.30-21.22.01:833][372]LogModuleManager: Shutting down and abandoning module TextureCompressor (14)
[2016.04.30-21.22.01:833][372]LogModuleManager: Shutting down and abandoning module ShaderCore (13)
[2016.04.30-21.22.01:833][372]LogModuleManager: Shutting down and abandoning module Landscape (12)
[2016.04.30-21.22.01:833][372]LogModuleManager: Shutting down and abandoning module SlateRHIRenderer (11)
[2016.04.30-21.22.01:835][372]LogModuleManager: Shutting down and abandoning module OpenGLDrv (10)
[2016.04.30-21.22.01:844][372]LogModuleManager: Shutting down and abandoning module D3D11RHI (9)
[2016.04.30-21.22.01:844][372]LogModuleManager: Shutting down and abandoning module AnimGraphRuntime (8)
[2016.04.30-21.22.01:853][372]LogModuleManager: Shutting down and abandoning module Renderer (7)
[2016.04.30-21.22.01:853][372]LogModuleManager: Shutting down and abandoning module Engine (6)
[2016.04.30-21.22.01:853][372]LogModuleManager: Shutting down and abandoning module CoreUObject (5)
[2016.04.30-21.22.01:853][372]LogModuleManager: Shutting down and abandoning module NetworkFile (4)
[2016.04.30-21.22.01:861][372]LogModuleManager: Shutting down and abandoning module StreamingFile (3)
[2016.04.30-21.22.01:861][372]LogModuleManager: Shutting down and abandoning module SandboxFile (2)
[2016.04.30-21.22.01:861][372]LogModuleManager: Shutting down and abandoning module PakFile (1)
[2016.04.30-21.22.01:877][372]LogExit: Exiting.
[2016.04.30-21.22.02:005][372]Log file closed, 04/30/16 17:22:02
