[2016.04.28-17.59.34:380][  0]Log file open, 04/28/16 13:59:34
[2016.04.28-17.59.34:380][  0]LogInit:Display: Running engine for game: SoundofSilence
[2016.04.28-17.59.34:380][  0]LogPlatformFile: Not using cached read wrapper
[2016.04.28-17.59.34:380][  0]LogInit:Display: RandInit(2119708168) SRandInit(2119708172).
[2016.04.28-17.59.34:380][  0]LogTaskGraph: Started task graph with 4 named threads and 7 total threads.
[2016.04.28-17.59.34:380][  0]LogStats: Stats thread started at 0.152640
[2016.04.28-17.59.34:380][  0]LogInit: Version: 4.10.4-2872498+++depot+UE4-Releases+4.10
[2016.04.28-17.59.34:380][  0]LogInit: API Version: 2758231
[2016.04.28-17.59.34:380][  0]LogInit: Compiled (64-bit): Feb 18 2016 15:47:04
[2016.04.28-17.59.34:380][  0]LogInit: Compiled with Visual C++: 19.00.23026.00
[2016.04.28-17.59.34:380][  0]LogInit: Build Configuration: Development
[2016.04.28-17.59.34:380][  0]LogInit: Branch Name: ++depot+UE4-Releases+4.10
[2016.04.28-17.59.34:380][  0]LogInit: Command line:  /Temp/Autosaves/Game/Levels/UEDPCHouseLevel -game -PIEVIACONSOLE -ResX=1280 -ResY=720  -Multiprocess 
[2016.04.28-17.59.34:380][  0]LogInit: Base directory: D:/Unreal4/Epic Games/4.10/Engine/Binaries/Win64/
[2016.04.28-17.59.34:380][  0]LogInit: Rocket: 1
[2016.04.28-17.59.34:403][  0]LogInit: Using libcurl 7.41.0
[2016.04.28-17.59.34:403][  0]LogInit:  - built for x86_64-pc-win32
[2016.04.28-17.59.34:403][  0]LogInit:  - supports SSL with WinSSL
[2016.04.28-17.59.34:403][  0]LogInit:  - other features:
[2016.04.28-17.59.34:403][  0]LogInit:      CURL_VERSION_SSL
[2016.04.28-17.59.34:403][  0]LogInit:      CURL_VERSION_IPV6
[2016.04.28-17.59.34:403][  0]LogInit:      CURL_VERSION_ASYNCHDNS
[2016.04.28-17.59.34:403][  0]LogInit:      CURL_VERSION_LARGEFILE
[2016.04.28-17.59.34:403][  0]LogInit:      CURL_VERSION_IDN
[2016.04.28-17.59.34:403][  0]LogInit:  CurlRequestOptions (configurable via config and command line):
[2016.04.28-17.59.34:403][  0]LogInit:  - bVerifyPeer = true  - Libcurl will verify peer certificate
[2016.04.28-17.59.34:403][  0]LogInit:  - bUseHttpProxy = false  - Libcurl will NOT use HTTP proxy
[2016.04.28-17.59.34:403][  0]LogInit:  - bDontReuseConnections = false  - Libcurl will reuse connections
[2016.04.28-17.59.34:403][  0]LogInit:  - CertBundlePath = nullptr  - Libcurl will use whatever was configured at build time.
[2016.04.28-17.59.34:422][  0]LogInit: Presizing for 0 objects not considered by GC, pre-allocating 0 bytes.
[2016.04.28-17.59.34:445][  0]LogInit: Object subsystem initialized
[2016.04.28-17.59.34:448][  0]LogInit: Selected Device Profile: [Windows]
[2016.04.28-17.59.34:448][  0]LogInit: Applying CVar settings loaded from the selected device profile: [Windows]
[2016.04.28-17.59.34:457][  0]LogInit: Computer: INDIEGO
[2016.04.28-17.59.34:457][  0]LogInit: User: Indie
[2016.04.28-17.59.34:457][  0]LogInit: CPU Page size=4096, Cores=4
[2016.04.28-17.59.34:457][  0]LogInit: High frequency timer resolution =2.533210 MHz
[2016.04.28-17.59.34:457][  0]LogMemory: Memory total: Physical=15.9GB (16GB approx)
[2016.04.28-17.59.34:457][  0]LogMemory: Platform Memory Stats for Windows
[2016.04.28-17.59.34:457][  0]LogMemory: Process Physical Memory: 54.91 MB used, 54.91 MB peak
[2016.04.28-17.59.34:457][  0]LogMemory: Process Virtual Memory: 56.64 MB used, 56.64 MB peak
[2016.04.28-17.59.34:458][  0]LogMemory: Physical Memory: 4979.46 MB used, 16273.04 MB total
[2016.04.28-17.59.34:458][  0]LogMemory: Virtual Memory: 364.59 MB used, 134217728.00 MB total
[2016.04.28-17.59.34:549][  0]LogTextLocalizationManager: No specific translations for ('en-US') exist, so ('en') translations will be used.
[2016.04.28-17.59.35:955][  0]LogD3D11RHI: Found D3D11 adapter 0: NVIDIA GeForce GTX 960M    (Feature Level 11_0)
[2016.04.28-17.59.35:955][  0]LogD3D11RHI: Adapter has 1972MB of dedicated video memory, 0MB of dedicated system memory, and 2048MB of shared system memory, 1 output[s]
[2016.04.28-17.59.35:972][  0]LogD3D11RHI: Found D3D11 adapter 1: Intel(R) HD Graphics 4600 (Feature Level 11_0)
[2016.04.28-17.59.35:973][  0]LogD3D11RHI: Adapter has 32MB of dedicated video memory, 0MB of dedicated system memory, and 1760MB of shared system memory, 0 output[s]
[2016.04.28-17.59.35:976][  0]LogD3D11RHI: Found D3D11 adapter 2: Microsoft Basic Render Driver (Feature Level 11_0)
[2016.04.28-17.59.35:976][  0]LogD3D11RHI: Adapter has 0MB of dedicated video memory, 0MB of dedicated system memory, and 256MB of shared system memory, 0 output[s]
[2016.04.28-17.59.35:976][  0]LogD3D11RHI: Chosen D3D11 Adapter Id = 0
[2016.04.28-17.59.35:988][  0]LogD3D11RHI: !Direct3DDevice
[2016.04.28-17.59.35:988][  0]LogRHI: Texture pool is 1361 MB (70% of 1945 MB)
[2016.04.28-17.59.36:015][  0]LogD3D11RHI: Async texture creation enabled
[2016.04.28-17.59.36:047][  0]LogShaderCompilers: Guid format shader working directory is -40 characters bigger than the processId version (../../../../../../Sound of Silence/Sound-of-Silence-master (1)/Sound-of-Silence-master/Intermediate/Shaders/WorkingDirectory/8372/).
[2016.04.28-17.59.36:048][  0]LogShaderCompilers: Cleaned the shader compiler working directory 'C:/Users/Indie/AppData/Local/Temp/UnrealShaderWorkingDir/DFF5EDBD4DAA9A09510F0E9B9BC8C323/'.
[2016.04.28-17.59.36:048][  0]LogShaderCompilers:Display: Using Local Shader Compiler.
[2016.04.28-17.59.38:636][  0]LogTemp:Display: Loaded TP AllDesktopTargetPlatform
[2016.04.28-17.59.38:648][  0]LogTemp:Display: Loaded TP WindowsClientTargetPlatform
[2016.04.28-17.59.38:661][  0]LogTemp:Display: Loaded TP WindowsNoEditorTargetPlatform
[2016.04.28-17.59.38:673][  0]LogTemp:Display: Loaded TP WindowsServerTargetPlatform
[2016.04.28-17.59.38:685][  0]LogTemp:Display: Loaded TP WindowsTargetPlatform
[2016.04.28-17.59.38:693][  0]LogTemp:Display: Loaded TP AndroidTargetPlatform
[2016.04.28-17.59.38:701][  0]LogTemp:Display: Loaded TP Android_ASTCTargetPlatform
[2016.04.28-17.59.38:709][  0]LogTemp:Display: Loaded TP Android_ATCTargetPlatform
[2016.04.28-17.59.38:717][  0]LogTemp:Display: Loaded TP Android_DXTTargetPlatform
[2016.04.28-17.59.38:726][  0]LogTemp:Display: Loaded TP Android_ETC1TargetPlatform
[2016.04.28-17.59.38:735][  0]LogTemp:Display: Loaded TP Android_ETC2TargetPlatform
[2016.04.28-17.59.38:753][  0]LogTemp:Display: Loaded TP Android_MultiTargetPlatform
[2016.04.28-17.59.38:753][  0]LogTemp:Display: Loaded TP Android_PVRTCTargetPlatform
[2016.04.28-17.59.38:755][  0]LogTemp:Display: Loaded TP HTML5TargetPlatform
[2016.04.28-17.59.38:782][  0]LogTemp:Display: Loaded TP IOSTargetPlatform
[2016.04.28-17.59.38:792][  0]LogTemp:Display: Loaded TP LinuxNoEditorTargetPlatform
[2016.04.28-17.59.38:801][  0]LogTemp:Display: Loaded TP LinuxServerTargetPlatform
[2016.04.28-17.59.38:811][  0]LogTemp:Display: Loaded TP LinuxTargetPlatform
[2016.04.28-17.59.38:811][  0]LogTargetPlatformManager:Display: Building Assets For Windows
[2016.04.28-17.59.39:003][  0]LogDerivedDataCache:Display: Max Cache Size: 512 MB
[2016.04.28-17.59.39:152][  0]LogDerivedDataCache: Loaded boot cache 0.15s 41MB C:/Users/Indie/AppData/Local/UnrealEngine/4.10/DerivedDataCache/Boot.ddc.
[2016.04.28-17.59.39:152][  0]LogDerivedDataCache:Display: Loaded Boot cache: C:/Users/Indie/AppData/Local/UnrealEngine/4.10/DerivedDataCache/Boot.ddc
[2016.04.28-17.59.39:153][  0]LogDerivedDataCache: FDerivedDataBackendGraph:  Pak pak cache file ../../../../../../Sound of Silence/Sound-of-Silence-master (1)/Sound-of-Silence-master/DerivedDataCache/DDC.ddp not found, will not use a pak cache.
[2016.04.28-17.59.39:153][  0]LogDerivedDataCache: Unable to find inner node Pak for hierarchical cache Hierarchy.
[2016.04.28-17.59.39:153][  0]LogDerivedDataCache: FDerivedDataBackendGraph:  CompressedPak pak cache file ../../../../../../Sound of Silence/Sound-of-Silence-master (1)/Sound-of-Silence-master/DerivedDataCache/Compressed.ddp not found, will not use a pak cache.
[2016.04.28-17.59.39:153][  0]LogDerivedDataCache: Unable to find inner node CompressedPak for hierarchical cache Hierarchy.
[2016.04.28-17.59.39:375][  0]LogDerivedDataCache:Display: Pak cache opened for reading ../../../Engine/DerivedDataCache/Compressed.ddp.
[2016.04.28-17.59.39:389][  0]LogDerivedDataCache: Using Local data cache path C:/Users/Indie/AppData/Local/UnrealEngine/Common/DerivedDataCache: Writable
[2016.04.28-17.59.39:914][  0]LogInit: Selected Device Profile: [Windows]
[2016.04.28-17.59.39:924][  0]LogContentStreaming: Texture pool size is 1000.000000MB
[2016.04.28-17.59.40:270][  0]LogMeshUtilities: No automatic mesh reduction module available
[2016.04.28-17.59.40:270][  0]LogMeshUtilities: No automatic mesh merging module available
[2016.04.28-17.59.41:098][  0]LogInit: WinSock: version 1.1 (2.2), MaxSocks=32767, MaxUdp=65467
[2016.04.28-17.59.41:569][  0]LogWindowsMoviePlayer: Unable to load movie: ../../../../../../Sound of Silence/Sound-of-Silence-master (1)/Sound-of-Silence-master/Content/Movies/Default_Startup.mp4
[2016.04.28-17.59.41:912][  0]SourceControl: Info Source control is disabled
[2016.04.28-17.59.41:912][  0]SourceControl: Info Source control is disabled
[2016.04.28-17.59.41:938][  0]SourceControl: Info Source control is disabled
[2016.04.28-17.59.42:329][  0]LogObj: 28035 objects as part of root set at end of initial load.
[2016.04.28-17.59.42:329][  0]LogUObjectAllocator: 5846696 out of 0 bytes used by permanent object pool.
[2016.04.28-17.59.42:535][  0]LogEngine: Initializing Engine...
[2016.04.28-17.59.42:541][  0]LogHMD: Can't find Oculus library dev build: is proper Runtime installed? Version: 0.8.0.0
[2016.04.28-17.59.42:543][  0]LogHMD: SteamVR failed to initialize.  Err: 110
[2016.04.28-17.59.42:848][  0]LogInit: XAudio2 using 'Speakers (Realtek High Definition Audio)' : 2 channels at 48 kHz using 32 bits per sample (channel mask 0x3)
[2016.04.28-17.59.42:874][  0]LogInit: FAudioDevice initialized.
[2016.04.28-17.59.42:882][  0]LogInit: Texture streaming: Enabled
[2016.04.28-17.59.43:099][  0]LogNet: Browse: /Temp/Autosaves/Game/Levels/UEDPCHouseLevel?Name=Player
[2016.04.28-17.59.43:099][  0]LogLoad: LoadMap: /Temp/Autosaves/Game/Levels/UEDPCHouseLevel?Name=Player
[2016.04.28-17.59.43:134][  0]LogParticles: Destroying 0 GPU particle simulations for FXSystem 0x00000042BE5CFB00
[2016.04.28-17.59.43:163][  0]LogMemory: Platform Memory Stats for Windows
[2016.04.28-17.59.43:163][  0]LogMemory: Process Physical Memory: 376.29 MB used, 376.66 MB peak
[2016.04.28-17.59.43:164][  0]LogMemory: Process Virtual Memory: 333.39 MB used, 341.12 MB peak
[2016.04.28-17.59.43:164][  0]LogMemory: Physical Memory: 5242.75 MB used, 16273.04 MB total
[2016.04.28-17.59.43:164][  0]LogMemory: Virtual Memory: 969.20 MB used, 134217728.00 MB total
[2016.04.28-17.59.43:164][  0]LogMemory: 
[2016.04.28-17.59.43:164][  0]Allocator Stats for TBB: (not implemented)
[2016.04.28-17.59.48:638][  0]LogAIModule: Creating AISystem for world HouseLevel
[2016.04.28-17.59.48:648][  0]LogWorld: Game class is 'ThirdPersonGameMode_C'
[2016.04.28-17.59.48:664][  0]LogPhysics:Warning: AddConvexElemsToRigidActor: [/Game/ThirdPersonBP/House.House] ConvexElem[54] invalid
[2016.04.28-17.59.48:664][  0]LogPhysics:Warning: AddConvexElemsToRigidActor: [/Game/ThirdPersonBP/House.House] ConvexElem[77] invalid
[2016.04.28-17.59.48:664][  0]LogPhysics:Warning: AddConvexElemsToRigidActor: [/Game/ThirdPersonBP/House.House] ConvexElem[100] invalid
[2016.04.28-17.59.48:664][  0]LogPhysics:Warning: AddConvexElemsToRigidActor: [/Game/ThirdPersonBP/House.House] ConvexElem[101] invalid
[2016.04.28-17.59.48:664][  0]LogPhysics:Warning: AddConvexElemsToRigidActor: [/Game/ThirdPersonBP/House.House] ConvexElem[102] invalid
[2016.04.28-17.59.48:664][  0]LogPhysics:Warning: AddConvexElemsToRigidActor: [/Game/ThirdPersonBP/House.House] ConvexElem[103] invalid
[2016.04.28-17.59.48:664][  0]LogPhysics:Warning: AddConvexElemsToRigidActor: [/Game/ThirdPersonBP/House.House] ConvexElem[104] invalid
[2016.04.28-17.59.48:700][  0]LogPhysics:Warning: MoveFixedBody: Trying to move component'/Temp/Autosaves/Game/Levels/UEDPCHouseLevel.HouseLevel:PersistentLevel.Diary1_Blueprint_C_0.StaticMeshComponent0' with a non-Movable Mobility.
[2016.04.28-17.59.48:703][  0]LogWorld: Bringing World /Temp/Autosaves/Game/Levels/UEDPCHouseLevel.HouseLevel up for play (max tick rate 0) at 2016.04.28-13.59.48
[2016.04.28-17.59.48:711][  0]LogWorld: Bringing up level for play took: 0.058913
[2016.04.28-17.59.48:729][  0]LogAnalytics: Creating configured Analytics provider FileLogging
[2016.04.28-17.59.48:730][  0]LogFileLoggingAnalytics:Display: Session created file (../../../../../../Sound of Silence/Sound-of-Silence-master (1)/Sound-of-Silence-master/Saved/Analytics/f7fd99f1d803ebbcafe1a7209dc22344-2016.04.28-13.59.48.analytics) for user (f7fd99f1d803ebbcafe1a7209dc22344)
[2016.04.28-17.59.48:730][  0]LogBlueprintUserMessages: [HouseLevel_C_0] Session starts!true
[2016.04.28-17.59.48:733][  0]LogInit:Display: Game Engine Initialized.
[2016.04.28-17.59.48:967][  0]LogLoad: Full Startup: 15.39 seconds (BP compile: 1.23 seconds)
[2016.04.28-17.59.49:001][  0]LogWindowsTextInputMethodSystem:Display: IME system now activated using TSF (搜狗拼音输入法).
[2016.04.28-17.59.49:023][  0]LogOcInput: Can't find Oculus library dev build: is proper Runtime installed? Version: 0.8.0.0
[2016.04.28-17.59.49:269][  0]LogRenderer: Reallocating scene render targets to support 128x128 (Frame:1).
[2016.04.28-17.59.49:401][  0]LogRenderer: Reallocating scene render targets to support 1280x720 (Frame:2).
[2016.04.28-17.59.49:401][  0]LogScript:Warning: Divide by zero: Divide_FloatFloat
[2016.04.28-17.59.49:401][  0]LogScript:Warning: Divide by zero: Divide_FloatFloat
[2016.04.28-17.59.49:409][  1]LogBlueprintUserMessages: [ThirdPersonCharacter_C_0] Landed
[2016.04.28-17.59.49:422][  1]LogScript:Warning: Divide by zero: Divide_FloatFloat
[2016.04.28-17.59.49:597][  2]PIE:Warning: Warning The widget 'Grandpa_C' was already added to the screen.
[2016.04.28-17.59.49:603][  2]LogScript:Warning: Divide by zero: Divide_FloatFloat
[2016.04.28-17.59.49:615][  3]PIE:Warning: Warning The widget 'Grandpa_C' was already added to the screen.
[2016.04.28-17.59.49:619][  3]LogScript:Warning: Divide by zero: Divide_FloatFloat
[2016.04.28-17.59.49:631][  4]PIE:Warning: Warning The widget 'Grandpa_C' was already added to the screen.
[2016.04.28-17.59.49:638][  4]LogScript:Warning: Divide by zero: Divide_FloatFloat
[2016.04.28-17.59.49:666][  5]PIE:Warning: Warning The widget 'Grandpa_C' was already added to the screen.
[2016.04.28-17.59.49:670][  5]LogScript:Warning: Divide by zero: Divide_FloatFloat
[2016.04.28-17.59.49:695][  6]PIE:Warning: Warning The widget 'Grandpa_C' was already added to the screen.
[2016.04.28-17.59.49:699][  6]LogScript:Warning: Divide by zero: Divide_FloatFloat
[2016.04.28-17.59.49:710][  7]PIE:Warning: Warning The widget 'Grandpa_C' was already added to the screen.
[2016.04.28-17.59.49:714][  7]LogScript:Warning: Divide by zero: Divide_FloatFloat
[2016.04.28-17.59.49:731][  8]PIE:Warning: Warning The widget 'Grandpa_C' was already added to the screen.
[2016.04.28-17.59.49:735][  8]LogScript:Warning: Divide by zero: Divide_FloatFloat
[2016.04.28-17.59.49:743][  9]PIE:Warning: Warning The widget 'Grandpa_C' was already added to the screen.
[2016.04.28-17.59.49:746][  9]LogScript:Warning: Divide by zero: Divide_FloatFloat
[2016.04.28-17.59.49:759][ 10]PIE:Warning: Warning The widget 'Grandpa_C' was already added to the screen.
[2016.04.28-17.59.49:764][ 10]LogScript:Warning: Divide by zero: Divide_FloatFloat
[2016.04.28-17.59.49:775][ 11]PIE:Warning: Warning The widget 'Grandpa_C' was already added to the screen.
[2016.04.28-17.59.49:780][ 11]LogScript:Warning: Divide by zero: Divide_FloatFloat
[2016.04.28-17.59.49:792][ 12]PIE:Warning: Warning The widget 'Grandpa_C' was already added to the screen.
[2016.04.28-17.59.49:796][ 12]LogScript:Warning: Divide by zero: Divide_FloatFloat
[2016.04.28-17.59.49:808][ 13]PIE:Warning: Warning The widget 'Grandpa_C' was already added to the screen.
[2016.04.28-17.59.49:813][ 13]LogScript:Warning: Divide by zero: Divide_FloatFloat
[2016.04.28-17.59.49:824][ 14]PIE:Warning: Warning The widget 'Grandpa_C' was already added to the screen.
[2016.04.28-17.59.49:829][ 14]LogScript:Warning: Divide by zero: Divide_FloatFloat
[2016.04.28-17.59.49:841][ 15]PIE:Warning: Warning The widget 'Grandpa_C' was already added to the screen.
[2016.04.28-17.59.49:846][ 15]LogScript:Warning: Divide by zero: Divide_FloatFloat
[2016.04.28-17.59.49:857][ 16]PIE:Warning: Warning The widget 'Grandpa_C' was already added to the screen.
[2016.04.28-17.59.49:862][ 16]LogScript:Warning: Divide by zero: Divide_FloatFloat
[2016.04.28-17.59.49:874][ 17]PIE:Warning: Warning The widget 'Grandpa_C' was already added to the screen.
[2016.04.28-17.59.49:878][ 17]LogScript:Warning: Divide by zero: Divide_FloatFloat
[2016.04.28-17.59.49:890][ 18]PIE:Warning: Warning The widget 'Grandpa_C' was already added to the screen.
[2016.04.28-17.59.49:894][ 18]LogScript:Warning: Divide by zero: Divide_FloatFloat
[2016.04.28-17.59.49:906][ 19]PIE:Warning: Warning The widget 'Grandpa_C' was already added to the screen.
[2016.04.28-17.59.49:910][ 19]LogScript:Warning: Divide by zero: Divide_FloatFloat
[2016.04.28-17.59.49:922][ 20]PIE:Warning: Warning The widget 'Grandpa_C' was already added to the screen.
[2016.04.28-17.59.49:926][ 20]LogScript:Warning: Divide by zero: Divide_FloatFloat
[2016.04.28-17.59.49:938][ 21]PIE:Warning: Warning The widget 'Grandpa_C' was already added to the screen.
[2016.04.28-17.59.49:943][ 21]LogScript:Warning: Divide by zero: Divide_FloatFloat
[2016.04.28-17.59.49:954][ 22]PIE:Warning: Warning The widget 'Grandpa_C' was already added to the screen.
[2016.04.28-17.59.49:959][ 22]LogScript:Warning: Divide by zero: Divide_FloatFloat
[2016.04.28-17.59.49:970][ 23]PIE:Warning: Warning The widget 'Grandpa_C' was already added to the screen.
[2016.04.28-17.59.49:974][ 23]LogScript:Warning: Divide by zero: Divide_FloatFloat
[2016.04.28-17.59.49:987][ 24]PIE:Warning: Warning The widget 'Grandpa_C' was already added to the screen.
[2016.04.28-17.59.49:992][ 24]LogScript:Warning: Divide by zero: Divide_FloatFloat
[2016.04.28-17.59.50:003][ 25]PIE:Warning: Warning The widget 'Grandpa_C' was already added to the screen.
[2016.04.28-17.59.50:007][ 25]LogScript:Warning: Divide by zero: Divide_FloatFloat
[2016.04.28-17.59.50:020][ 26]PIE:Warning: Warning The widget 'Grandpa_C' was already added to the screen.
[2016.04.28-17.59.50:020][ 26]LogAnalytics: Creating configured Analytics provider FileLogging
[2016.04.28-17.59.50:020][ 26]LogFileLoggingAnalytics:Display: Analytics event (Player Location) written with (4) attributes
[2016.04.28-17.59.50:020][ 26]LogBlueprintUserMessages: [HouseLevel_C_0] Time: 1/ X: 600.0/ Y: -100.0/ Z: 221.793091
[2016.04.28-17.59.50:029][ 26]LogScript:Warning: Divide by zero: Divide_FloatFloat
[2016.04.28-17.59.50:036][ 27]PIE:Warning: Warning The widget 'Grandpa_C' was already added to the screen.
[2016.04.28-17.59.50:042][ 27]LogScript:Warning: Divide by zero: Divide_FloatFloat
[2016.04.28-17.59.50:066][ 28]PIE:Warning: Warning The widget 'Grandpa_C' was already added to the screen.
[2016.04.28-17.59.50:070][ 28]LogScript:Warning: Divide by zero: Divide_FloatFloat
[2016.04.28-17.59.50:081][ 29]PIE:Warning: Warning The widget 'Grandpa_C' was already added to the screen.
[2016.04.28-17.59.50:086][ 29]LogScript:Warning: Divide by zero: Divide_FloatFloat
[2016.04.28-17.59.50:098][ 30]PIE:Warning: Warning The widget 'Grandpa_C' was already added to the screen.
[2016.04.28-17.59.50:102][ 30]LogScript:Warning: Divide by zero: Divide_FloatFloat
[2016.04.28-17.59.50:113][ 31]PIE:Warning: Warning The widget 'Grandpa_C' was already added to the screen.
[2016.04.28-17.59.50:117][ 31]LogScript:Warning: Divide by zero: Divide_FloatFloat
[2016.04.28-17.59.50:130][ 32]PIE:Warning: Warning The widget 'Grandpa_C' was already added to the screen.
[2016.04.28-17.59.50:135][ 32]LogScript:Warning: Divide by zero: Divide_FloatFloat
[2016.04.28-17.59.50:146][ 33]PIE:Warning: Warning The widget 'Grandpa_C' was already added to the screen.
[2016.04.28-17.59.50:150][ 33]LogScript:Warning: Divide by zero: Divide_FloatFloat
[2016.04.28-17.59.50:162][ 34]PIE:Warning: Warning The widget 'Grandpa_C' was already added to the screen.
[2016.04.28-17.59.50:166][ 34]LogScript:Warning: Divide by zero: Divide_FloatFloat
[2016.04.28-17.59.50:178][ 35]PIE:Warning: Warning The widget 'Grandpa_C' was already added to the screen.
[2016.04.28-17.59.50:182][ 35]LogScript:Warning: Divide by zero: Divide_FloatFloat
[2016.04.28-17.59.50:195][ 36]PIE:Warning: Warning The widget 'Grandpa_C' was already added to the screen.
[2016.04.28-17.59.50:200][ 36]LogScript:Warning: Divide by zero: Divide_FloatFloat
[2016.04.28-17.59.50:210][ 37]PIE:Warning: Warning The widget 'Grandpa_C' was already added to the screen.
[2016.04.28-17.59.50:214][ 37]LogScript:Warning: Divide by zero: Divide_FloatFloat
[2016.04.28-17.59.50:226][ 38]PIE:Warning: Warning The widget 'Grandpa_C' was already added to the screen.
[2016.04.28-17.59.50:230][ 38]LogScript:Warning: Divide by zero: Divide_FloatFloat
[2016.04.28-17.59.50:242][ 39]PIE:Warning: Warning The widget 'Grandpa_C' was already added to the screen.
[2016.04.28-17.59.50:246][ 39]LogScript:Warning: Divide by zero: Divide_FloatFloat
[2016.04.28-17.59.50:258][ 40]PIE:Warning: Warning The widget 'Grandpa_C' was already added to the screen.
[2016.04.28-17.59.50:262][ 40]LogScript:Warning: Divide by zero: Divide_FloatFloat
[2016.04.28-17.59.50:275][ 41]PIE:Warning: Warning The widget 'Grandpa_C' was already added to the screen.
[2016.04.28-17.59.50:279][ 41]LogScript:Warning: Divide by zero: Divide_FloatFloat
[2016.04.28-17.59.50:290][ 42]PIE:Warning: Warning The widget 'Grandpa_C' was already added to the screen.
[2016.04.28-17.59.50:294][ 42]LogScript:Warning: Divide by zero: Divide_FloatFloat
[2016.04.28-17.59.50:306][ 43]PIE:Warning: Warning The widget 'Grandpa_C' was already added to the screen.
[2016.04.28-17.59.50:311][ 43]LogScript:Warning: Divide by zero: Divide_FloatFloat
[2016.04.28-17.59.50:323][ 44]PIE:Warning: Warning The widget 'Grandpa_C' was already added to the screen.
[2016.04.28-17.59.50:327][ 44]LogScript:Warning: Divide by zero: Divide_FloatFloat
[2016.04.28-17.59.50:339][ 45]PIE:Warning: Warning The widget 'Grandpa_C' was already added to the screen.
[2016.04.28-17.59.50:343][ 45]LogScript:Warning: Divide by zero: Divide_FloatFloat
[2016.04.28-17.59.50:355][ 46]PIE:Warning: Warning The widget 'Grandpa_C' was already added to the screen.
[2016.04.28-17.59.50:359][ 46]LogScript:Warning: Divide by zero: Divide_FloatFloat
[2016.04.28-17.59.50:371][ 47]PIE:Warning: Warning The widget 'Grandpa_C' was already added to the screen.
[2016.04.28-17.59.50:376][ 47]LogScript:Warning: Divide by zero: Divide_FloatFloat
[2016.04.28-17.59.50:387][ 48]PIE:Warning: Warning The widget 'Grandpa_C' was already added to the screen.
[2016.04.28-17.59.50:391][ 48]LogScript:Warning: Divide by zero: Divide_FloatFloat
[2016.04.28-17.59.50:403][ 49]PIE:Warning: Warning The widget 'Grandpa_C' was already added to the screen.
[2016.04.28-17.59.50:408][ 49]LogScript:Warning: Divide by zero: Divide_FloatFloat
[2016.04.28-17.59.50:419][ 50]PIE:Warning: Warning The widget 'Grandpa_C' was already added to the screen.
[2016.04.28-17.59.50:423][ 50]LogScript:Warning: Divide by zero: Divide_FloatFloat
[2016.04.28-17.59.50:435][ 51]PIE:Warning: Warning The widget 'Grandpa_C' was already added to the screen.
[2016.04.28-17.59.50:439][ 51]LogScript:Warning: Divide by zero: Divide_FloatFloat
[2016.04.28-17.59.50:452][ 52]PIE:Warning: Warning The widget 'Grandpa_C' was already added to the screen.
[2016.04.28-17.59.50:455][ 52]LogScript:Warning: Divide by zero: Divide_FloatFloat
[2016.04.28-17.59.50:468][ 53]PIE:Warning: Warning The widget 'Grandpa_C' was already added to the screen.
[2016.04.28-17.59.50:472][ 53]LogScript:Warning: Divide by zero: Divide_FloatFloat
[2016.04.28-17.59.50:484][ 54]PIE:Warning: Warning The widget 'Grandpa_C' was already added to the screen.
[2016.04.28-17.59.50:488][ 54]LogScript:Warning: Divide by zero: Divide_FloatFloat
[2016.04.28-17.59.50:500][ 55]PIE:Warning: Warning The widget 'Grandpa_C' was already added to the screen.
[2016.04.28-17.59.50:504][ 55]LogScript:Warning: Divide by zero: Divide_FloatFloat
[2016.04.28-17.59.50:516][ 56]PIE:Warning: Warning The widget 'Grandpa_C' was already added to the screen.
[2016.04.28-17.59.50:520][ 56]LogScript:Warning: Divide by zero: Divide_FloatFloat
[2016.04.28-17.59.50:532][ 57]PIE:Warning: Warning The widget 'Grandpa_C' was already added to the screen.
[2016.04.28-17.59.50:536][ 57]LogScript:Warning: Divide by zero: Divide_FloatFloat
[2016.04.28-17.59.50:549][ 58]PIE:Warning: Warning The widget 'Grandpa_C' was already added to the screen.
[2016.04.28-17.59.50:553][ 58]LogScript:Warning: Divide by zero: Divide_FloatFloat
[2016.04.28-17.59.50:565][ 59]PIE:Warning: Warning The widget 'Grandpa_C' was already added to the screen.
[2016.04.28-17.59.50:569][ 59]LogScript:Warning: Divide by zero: Divide_FloatFloat
[2016.04.28-17.59.50:581][ 60]PIE:Warning: Warning The widget 'Grandpa_C' was already added to the screen.
[2016.04.28-17.59.50:585][ 60]LogScript:Warning: Divide by zero: Divide_FloatFloat
[2016.04.28-17.59.50:597][ 61]PIE:Warning: Warning The widget 'Grandpa_C' was already added to the screen.
[2016.04.28-17.59.50:601][ 61]LogScript:Warning: Divide by zero: Divide_FloatFloat
[2016.04.28-17.59.50:613][ 62]PIE:Warning: Warning The widget 'Grandpa_C' was already added to the screen.
[2016.04.28-17.59.50:616][ 62]LogScript:Warning: Divide by zero: Divide_FloatFloat
[2016.04.28-17.59.50:629][ 63]PIE:Warning: Warning The widget 'Grandpa_C' was already added to the screen.
[2016.04.28-17.59.50:633][ 63]LogScript:Warning: Divide by zero: Divide_FloatFloat
[2016.04.28-17.59.50:645][ 64]PIE:Warning: Warning The widget 'Grandpa_C' was already added to the screen.
[2016.04.28-17.59.50:649][ 64]LogScript:Warning: Divide by zero: Divide_FloatFloat
[2016.04.28-17.59.50:661][ 65]PIE:Warning: Warning The widget 'Grandpa_C' was already added to the screen.
[2016.04.28-17.59.50:665][ 65]LogScript:Warning: Divide by zero: Divide_FloatFloat
[2016.04.28-17.59.50:677][ 66]PIE:Warning: Warning The widget 'Grandpa_C' was already added to the screen.
[2016.04.28-17.59.50:681][ 66]LogScript:Warning: Divide by zero: Divide_FloatFloat
[2016.04.28-17.59.50:693][ 67]PIE:Warning: Warning The widget 'Grandpa_C' was already added to the screen.
[2016.04.28-17.59.50:698][ 67]LogScript:Warning: Divide by zero: Divide_FloatFloat
[2016.04.28-17.59.50:709][ 68]PIE:Warning: Warning The widget 'Grandpa_C' was already added to the screen.
[2016.04.28-17.59.50:713][ 68]LogScript:Warning: Divide by zero: Divide_FloatFloat
[2016.04.28-17.59.50:726][ 69]PIE:Warning: Warning The widget 'Grandpa_C' was already added to the screen.
[2016.04.28-17.59.50:729][ 69]LogScript:Warning: Divide by zero: Divide_FloatFloat
[2016.04.28-17.59.50:742][ 70]PIE:Warning: Warning The widget 'Grandpa_C' was already added to the screen.
[2016.04.28-17.59.50:745][ 70]LogScript:Warning: Divide by zero: Divide_FloatFloat
[2016.04.28-17.59.50:758][ 71]PIE:Warning: Warning The widget 'Grandpa_C' was already added to the screen.
[2016.04.28-17.59.50:763][ 71]LogScript:Warning: Divide by zero: Divide_FloatFloat
[2016.04.28-17.59.50:774][ 72]PIE:Warning: Warning The widget 'Grandpa_C' was already added to the screen.
[2016.04.28-17.59.50:778][ 72]LogScript:Warning: Divide by zero: Divide_FloatFloat
[2016.04.28-17.59.50:791][ 73]PIE:Warning: Warning The widget 'Grandpa_C' was already added to the screen.
[2016.04.28-17.59.50:795][ 73]LogScript:Warning: Divide by zero: Divide_FloatFloat
[2016.04.28-17.59.50:806][ 74]PIE:Warning: Warning The widget 'Grandpa_C' was already added to the screen.
[2016.04.28-17.59.50:811][ 74]LogScript:Warning: Divide by zero: Divide_FloatFloat
[2016.04.28-17.59.50:824][ 75]PIE:Warning: Warning The widget 'Grandpa_C' was already added to the screen.
[2016.04.28-17.59.50:828][ 75]LogScript:Warning: Divide by zero: Divide_FloatFloat
[2016.04.28-17.59.50:839][ 76]PIE:Warning: Warning The widget 'Grandpa_C' was already added to the screen.
[2016.04.28-17.59.50:844][ 76]LogScript:Warning: Divide by zero: Divide_FloatFloat
[2016.04.28-17.59.50:856][ 77]PIE:Warning: Warning The widget 'Grandpa_C' was already added to the screen.
[2016.04.28-17.59.50:860][ 77]LogScript:Warning: Divide by zero: Divide_FloatFloat
[2016.04.28-17.59.50:871][ 78]PIE:Warning: Warning The widget 'Grandpa_C' was already added to the screen.
[2016.04.28-17.59.50:875][ 78]LogScript:Warning: Divide by zero: Divide_FloatFloat
[2016.04.28-17.59.50:888][ 79]PIE:Warning: Warning The widget 'Grandpa_C' was already added to the screen.
[2016.04.28-17.59.50:892][ 79]LogScript:Warning: Divide by zero: Divide_FloatFloat
[2016.04.28-17.59.50:903][ 80]PIE:Warning: Warning The widget 'Grandpa_C' was already added to the screen.
[2016.04.28-17.59.50:907][ 80]LogScript:Warning: Divide by zero: Divide_FloatFloat
[2016.04.28-17.59.50:919][ 81]PIE:Warning: Warning The widget 'Grandpa_C' was already added to the screen.
[2016.04.28-17.59.50:923][ 81]LogScript:Warning: Divide by zero: Divide_FloatFloat
[2016.04.28-17.59.50:936][ 82]PIE:Warning: Warning The widget 'Grandpa_C' was already added to the screen.
[2016.04.28-17.59.50:940][ 82]LogScript:Warning: Divide by zero: Divide_FloatFloat
[2016.04.28-17.59.50:951][ 83]PIE:Warning: Warning The widget 'Grandpa_C' was already added to the screen.
[2016.04.28-17.59.50:955][ 83]LogScript:Warning: Divide by zero: Divide_FloatFloat
[2016.04.28-17.59.50:968][ 84]PIE:Warning: Warning The widget 'Grandpa_C' was already added to the screen.
[2016.04.28-17.59.50:972][ 84]LogScript:Warning: Divide by zero: Divide_FloatFloat
[2016.04.28-17.59.50:984][ 85]PIE:Warning: Warning The widget 'Grandpa_C' was already added to the screen.
[2016.04.28-17.59.50:988][ 85]LogScript:Warning: Divide by zero: Divide_FloatFloat
[2016.04.28-17.59.51:000][ 86]PIE:Warning: Warning The widget 'Grandpa_C' was already added to the screen.
[2016.04.28-17.59.51:004][ 86]LogScript:Warning: Divide by zero: Divide_FloatFloat
[2016.04.28-17.59.51:016][ 87]PIE:Warning: Warning The widget 'Grandpa_C' was already added to the screen.
[2016.04.28-17.59.51:020][ 87]LogScript:Warning: Divide by zero: Divide_FloatFloat
[2016.04.28-17.59.51:032][ 88]PIE:Warning: Warning The widget 'Grandpa_C' was already added to the screen.
[2016.04.28-17.59.51:032][ 88]LogAnalytics: Creating configured Analytics provider FileLogging
[2016.04.28-17.59.51:032][ 88]LogFileLoggingAnalytics:Display: Analytics event (Player Location) written with (4) attributes
[2016.04.28-17.59.51:032][ 88]LogBlueprintUserMessages: [HouseLevel_C_0] Time: 2/ X: 600.0/ Y: -100.0/ Z: 221.793091
[2016.04.28-17.59.51:036][ 88]LogScript:Warning: Divide by zero: Divide_FloatFloat
[2016.04.28-17.59.51:048][ 89]PIE:Warning: Warning The widget 'Grandpa_C' was already added to the screen.
[2016.04.28-17.59.51:052][ 89]LogScript:Warning: Divide by zero: Divide_FloatFloat
[2016.04.28-17.59.51:065][ 90]PIE:Warning: Warning The widget 'Grandpa_C' was already added to the screen.
[2016.04.28-17.59.51:069][ 90]LogScript:Warning: Divide by zero: Divide_FloatFloat
[2016.04.28-17.59.51:081][ 91]PIE:Warning: Warning The widget 'Grandpa_C' was already added to the screen.
[2016.04.28-17.59.51:085][ 91]LogScript:Warning: Divide by zero: Divide_FloatFloat
[2016.04.28-17.59.51:097][ 92]PIE:Warning: Warning The widget 'Grandpa_C' was already added to the screen.
[2016.04.28-17.59.51:101][ 92]LogScript:Warning: Divide by zero: Divide_FloatFloat
[2016.04.28-17.59.51:113][ 93]PIE:Warning: Warning The widget 'Grandpa_C' was already added to the screen.
[2016.04.28-17.59.51:117][ 93]LogScript:Warning: Divide by zero: Divide_FloatFloat
[2016.04.28-17.59.51:129][ 94]PIE:Warning: Warning The widget 'Grandpa_C' was already added to the screen.
[2016.04.28-17.59.51:134][ 94]LogScript:Warning: Divide by zero: Divide_FloatFloat
[2016.04.28-17.59.51:145][ 95]PIE:Warning: Warning The widget 'Grandpa_C' was already added to the screen.
[2016.04.28-17.59.51:149][ 95]LogScript:Warning: Divide by zero: Divide_FloatFloat
[2016.04.28-17.59.51:161][ 96]PIE:Warning: Warning The widget 'Grandpa_C' was already added to the screen.
[2016.04.28-17.59.51:165][ 96]LogScript:Warning: Divide by zero: Divide_FloatFloat
[2016.04.28-17.59.51:177][ 97]PIE:Warning: Warning The widget 'Grandpa_C' was already added to the screen.
[2016.04.28-17.59.51:181][ 97]LogScript:Warning: Divide by zero: Divide_FloatFloat
[2016.04.28-17.59.51:193][ 98]PIE:Warning: Warning The widget 'Grandpa_C' was already added to the screen.
[2016.04.28-17.59.51:198][ 98]LogScript:Warning: Divide by zero: Divide_FloatFloat
[2016.04.28-17.59.51:209][ 99]PIE:Warning: Warning The widget 'Grandpa_C' was already added to the screen.
[2016.04.28-17.59.51:213][ 99]LogScript:Warning: Divide by zero: Divide_FloatFloat
[2016.04.28-17.59.51:225][100]PIE:Warning: Warning The widget 'Grandpa_C' was already added to the screen.
[2016.04.28-17.59.51:230][100]LogScript:Warning: Divide by zero: Divide_FloatFloat
[2016.04.28-17.59.51:241][101]PIE:Warning: Warning The widget 'Grandpa_C' was already added to the screen.
[2016.04.28-17.59.51:245][101]LogScript:Warning: Divide by zero: Divide_FloatFloat
[2016.04.28-17.59.51:260][102]PIE:Warning: Warning The widget 'Grandpa_C' was already added to the screen.
[2016.04.28-17.59.51:263][102]LogScript:Warning: Divide by zero: Divide_FloatFloat
[2016.04.28-17.59.51:275][103]PIE:Warning: Warning The widget 'Grandpa_C' was already added to the screen.
[2016.04.28-17.59.51:278][103]LogScript:Warning: Divide by zero: Divide_FloatFloat
[2016.04.28-17.59.51:291][104]PIE:Warning: Warning The widget 'Grandpa_C' was already added to the screen.
[2016.04.28-17.59.51:294][104]LogScript:Warning: Divide by zero: Divide_FloatFloat
[2016.04.28-17.59.51:307][105]PIE:Warning: Warning The widget 'Grandpa_C' was already added to the screen.
[2016.04.28-17.59.51:311][105]LogScript:Warning: Divide by zero: Divide_FloatFloat
[2016.04.28-17.59.51:323][106]PIE:Warning: Warning The widget 'Grandpa_C' was already added to the screen.
[2016.04.28-17.59.51:327][106]LogScript:Warning: Divide by zero: Divide_FloatFloat
[2016.04.28-17.59.51:339][107]PIE:Warning: Warning The widget 'Grandpa_C' was already added to the screen.
[2016.04.28-17.59.51:343][107]LogScript:Warning: Divide by zero: Divide_FloatFloat
[2016.04.28-17.59.51:356][108]PIE:Warning: Warning The widget 'Grandpa_C' was already added to the screen.
[2016.04.28-17.59.51:360][108]LogScript:Warning: Divide by zero: Divide_FloatFloat
[2016.04.28-17.59.51:371][109]PIE:Warning: Warning The widget 'Grandpa_C' was already added to the screen.
[2016.04.28-17.59.51:376][109]LogScript:Warning: Divide by zero: Divide_FloatFloat
[2016.04.28-17.59.51:388][110]PIE:Warning: Warning The widget 'Grandpa_C' was already added to the screen.
[2016.04.28-17.59.51:392][110]LogScript:Warning: Divide by zero: Divide_FloatFloat
[2016.04.28-17.59.51:404][111]PIE:Warning: Warning The widget 'Grandpa_C' was already added to the screen.
[2016.04.28-17.59.51:408][111]LogScript:Warning: Divide by zero: Divide_FloatFloat
[2016.04.28-17.59.51:408][111]LogScript:Warning: Divide by zero: Divide_FloatFloat
[2016.04.28-17.59.51:420][112]PIE:Warning: Warning The widget 'Grandpa_C' was already added to the screen.
[2016.04.28-17.59.51:424][112]LogScript:Warning: Divide by zero: Divide_FloatFloat
[2016.04.28-17.59.51:437][113]PIE:Warning: Warning The widget 'Grandpa_C' was already added to the screen.
[2016.04.28-17.59.51:441][113]LogScript:Warning: Divide by zero: Divide_FloatFloat
[2016.04.28-17.59.51:452][114]PIE:Warning: Warning The widget 'Grandpa_C' was already added to the screen.
[2016.04.28-17.59.51:456][114]LogScript:Warning: Divide by zero: Divide_FloatFloat
[2016.04.28-17.59.51:468][115]PIE:Warning: Warning The widget 'Grandpa_C' was already added to the screen.
[2016.04.28-17.59.51:472][115]LogScript:Warning: Divide by zero: Divide_FloatFloat
[2016.04.28-17.59.51:484][116]PIE:Warning: Warning The widget 'Grandpa_C' was already added to the screen.
[2016.04.28-17.59.51:489][116]LogScript:Warning: Divide by zero: Divide_FloatFloat
[2016.04.28-17.59.51:502][117]PIE:Warning: Warning The widget 'Grandpa_C' was already added to the screen.
[2016.04.28-17.59.51:506][117]LogScript:Warning: Divide by zero: Divide_FloatFloat
[2016.04.28-17.59.51:516][118]PIE:Warning: Warning The widget 'Grandpa_C' was already added to the screen.
[2016.04.28-17.59.51:521][118]LogScript:Warning: Divide by zero: Divide_FloatFloat
[2016.04.28-17.59.51:534][119]PIE:Warning: Warning The widget 'Grandpa_C' was already added to the screen.
[2016.04.28-17.59.51:538][119]LogScript:Warning: Divide by zero: Divide_FloatFloat
[2016.04.28-17.59.51:549][120]PIE:Warning: Warning The widget 'Grandpa_C' was already added to the screen.
[2016.04.28-17.59.51:553][120]LogScript:Warning: Divide by zero: Divide_FloatFloat
[2016.04.28-17.59.51:565][121]PIE:Warning: Warning The widget 'Grandpa_C' was already added to the screen.
[2016.04.28-17.59.51:569][121]LogScript:Warning: Divide by zero: Divide_FloatFloat
[2016.04.28-17.59.51:581][122]PIE:Warning: Warning The widget 'Grandpa_C' was already added to the screen.
[2016.04.28-17.59.51:585][122]LogScript:Warning: Divide by zero: Divide_FloatFloat
[2016.04.28-17.59.51:597][123]PIE:Warning: Warning The widget 'Grandpa_C' was already added to the screen.
[2016.04.28-17.59.51:601][123]LogScript:Warning: Divide by zero: Divide_FloatFloat
[2016.04.28-17.59.51:613][124]PIE:Warning: Warning The widget 'Grandpa_C' was already added to the screen.
[2016.04.28-17.59.51:617][124]LogScript:Warning: Divide by zero: Divide_FloatFloat
[2016.04.28-17.59.51:629][125]PIE:Warning: Warning The widget 'Grandpa_C' was already added to the screen.
[2016.04.28-17.59.51:633][125]LogScript:Warning: Divide by zero: Divide_FloatFloat
[2016.04.28-17.59.51:645][126]PIE:Warning: Warning The widget 'Grandpa_C' was already added to the screen.
[2016.04.28-17.59.51:649][126]LogScript:Warning: Divide by zero: Divide_FloatFloat
[2016.04.28-17.59.51:661][127]PIE:Warning: Warning The widget 'Grandpa_C' was already added to the screen.
[2016.04.28-17.59.51:666][127]LogScript:Warning: Divide by zero: Divide_FloatFloat
[2016.04.28-17.59.51:677][128]PIE:Warning: Warning The widget 'Grandpa_C' was already added to the screen.
[2016.04.28-17.59.51:681][128]LogScript:Warning: Divide by zero: Divide_FloatFloat
[2016.04.28-17.59.51:694][129]PIE:Warning: Warning The widget 'Grandpa_C' was already added to the screen.
[2016.04.28-17.59.51:699][129]LogScript:Warning: Divide by zero: Divide_FloatFloat
[2016.04.28-17.59.51:710][130]PIE:Warning: Warning The widget 'Grandpa_C' was already added to the screen.
[2016.04.28-17.59.51:714][130]LogScript:Warning: Divide by zero: Divide_FloatFloat
[2016.04.28-17.59.51:726][131]PIE:Warning: Warning The widget 'Grandpa_C' was already added to the screen.
[2016.04.28-17.59.51:731][131]LogScript:Warning: Divide by zero: Divide_FloatFloat
[2016.04.28-17.59.51:742][132]PIE:Warning: Warning The widget 'Grandpa_C' was already added to the screen.
[2016.04.28-17.59.51:746][132]LogScript:Warning: Divide by zero: Divide_FloatFloat
[2016.04.28-17.59.51:758][133]PIE:Warning: Warning The widget 'Grandpa_C' was already added to the screen.
[2016.04.28-17.59.51:762][133]LogScript:Warning: Divide by zero: Divide_FloatFloat
[2016.04.28-17.59.51:774][134]PIE:Warning: Warning The widget 'Grandpa_C' was already added to the screen.
[2016.04.28-17.59.51:778][134]LogScript:Warning: Divide by zero: Divide_FloatFloat
[2016.04.28-17.59.51:790][135]PIE:Warning: Warning The widget 'Grandpa_C' was already added to the screen.
[2016.04.28-17.59.51:794][135]LogScript:Warning: Divide by zero: Divide_FloatFloat
[2016.04.28-17.59.51:807][136]PIE:Warning: Warning The widget 'Grandpa_C' was already added to the screen.
[2016.04.28-17.59.51:810][136]LogScript:Warning: Divide by zero: Divide_FloatFloat
[2016.04.28-17.59.51:823][137]PIE:Warning: Warning The widget 'Grandpa_C' was already added to the screen.
[2016.04.28-17.59.51:827][137]LogScript:Warning: Divide by zero: Divide_FloatFloat
[2016.04.28-17.59.51:839][138]PIE:Warning: Warning The widget 'Grandpa_C' was already added to the screen.
[2016.04.28-17.59.51:843][138]LogScript:Warning: Divide by zero: Divide_FloatFloat
[2016.04.28-17.59.51:855][139]PIE:Warning: Warning The widget 'Grandpa_C' was already added to the screen.
[2016.04.28-17.59.51:859][139]LogScript:Warning: Divide by zero: Divide_FloatFloat
[2016.04.28-17.59.51:871][140]PIE:Warning: Warning The widget 'Grandpa_C' was already added to the screen.
[2016.04.28-17.59.51:876][140]LogScript:Warning: Divide by zero: Divide_FloatFloat
[2016.04.28-17.59.51:887][141]PIE:Warning: Warning The widget 'Grandpa_C' was already added to the screen.
[2016.04.28-17.59.51:891][141]LogScript:Warning: Divide by zero: Divide_FloatFloat
[2016.04.28-17.59.51:903][142]PIE:Warning: Warning The widget 'Grandpa_C' was already added to the screen.
[2016.04.28-17.59.51:907][142]LogScript:Warning: Divide by zero: Divide_FloatFloat
[2016.04.28-17.59.51:919][143]PIE:Warning: Warning The widget 'Grandpa_C' was already added to the screen.
[2016.04.28-17.59.51:924][143]LogScript:Warning: Divide by zero: Divide_FloatFloat
[2016.04.28-17.59.51:935][144]PIE:Warning: Warning The widget 'Grandpa_C' was already added to the screen.
[2016.04.28-17.59.51:939][144]LogScript:Warning: Divide by zero: Divide_FloatFloat
[2016.04.28-17.59.51:952][145]PIE:Warning: Warning The widget 'Grandpa_C' was already added to the screen.
[2016.04.28-17.59.51:956][145]LogScript:Warning: Divide by zero: Divide_FloatFloat
[2016.04.28-17.59.51:968][146]PIE:Warning: Warning The widget 'Grandpa_C' was already added to the screen.
[2016.04.28-17.59.51:971][146]LogScript:Warning: Divide by zero: Divide_FloatFloat
[2016.04.28-17.59.51:984][147]PIE:Warning: Warning The widget 'Grandpa_C' was already added to the screen.
[2016.04.28-17.59.51:988][147]LogScript:Warning: Divide by zero: Divide_FloatFloat
[2016.04.28-17.59.52:000][148]PIE:Warning: Warning The widget 'Grandpa_C' was already added to the screen.
[2016.04.28-17.59.52:004][148]LogScript:Warning: Divide by zero: Divide_FloatFloat
[2016.04.28-17.59.52:016][149]PIE:Warning: Warning The widget 'Grandpa_C' was already added to the screen.
[2016.04.28-17.59.52:020][149]LogScript:Warning: Divide by zero: Divide_FloatFloat
[2016.04.28-17.59.52:032][150]PIE:Warning: Warning The widget 'Grandpa_C' was already added to the screen.
[2016.04.28-17.59.52:032][150]LogAnalytics: Creating configured Analytics provider FileLogging
[2016.04.28-17.59.52:032][150]LogFileLoggingAnalytics:Display: Analytics event (Player Location) written with (4) attributes
[2016.04.28-17.59.52:032][150]LogBlueprintUserMessages: [HouseLevel_C_0] Time: 3/ X: 600.0/ Y: -100.0/ Z: 221.793091
[2016.04.28-17.59.52:036][150]LogScript:Warning: Divide by zero: Divide_FloatFloat
[2016.04.28-17.59.52:048][151]PIE:Warning: Warning The widget 'Grandpa_C' was already added to the screen.
[2016.04.28-17.59.52:052][151]LogScript:Warning: Divide by zero: Divide_FloatFloat
[2016.04.28-17.59.52:064][152]PIE:Warning: Warning The widget 'Grandpa_C' was already added to the screen.
[2016.04.28-17.59.52:068][152]LogScript:Warning: Divide by zero: Divide_FloatFloat
[2016.04.28-17.59.52:080][153]PIE:Warning: Warning The widget 'Grandpa_C' was already added to the screen.
[2016.04.28-17.59.52:084][153]LogScript:Warning: Divide by zero: Divide_FloatFloat
[2016.04.28-17.59.52:097][154]PIE:Warning: Warning The widget 'Grandpa_C' was already added to the screen.
[2016.04.28-17.59.52:100][154]LogScript:Warning: Divide by zero: Divide_FloatFloat
[2016.04.28-17.59.52:113][155]PIE:Warning: Warning The widget 'Grandpa_C' was already added to the screen.
[2016.04.28-17.59.52:116][155]LogScript:Warning: Divide by zero: Divide_FloatFloat
[2016.04.28-17.59.52:129][156]PIE:Warning: Warning The widget 'Grandpa_C' was already added to the screen.
[2016.04.28-17.59.52:133][156]LogScript:Warning: Divide by zero: Divide_FloatFloat
[2016.04.28-17.59.52:145][157]PIE:Warning: Warning The widget 'Grandpa_C' was already added to the screen.
[2016.04.28-17.59.52:149][157]LogScript:Warning: Divide by zero: Divide_FloatFloat
[2016.04.28-17.59.52:161][158]PIE:Warning: Warning The widget 'Grandpa_C' was already added to the screen.
[2016.04.28-17.59.52:165][158]LogScript:Warning: Divide by zero: Divide_FloatFloat
[2016.04.28-17.59.52:177][159]PIE:Warning: Warning The widget 'Grandpa_C' was already added to the screen.
[2016.04.28-17.59.52:181][159]LogScript:Warning: Divide by zero: Divide_FloatFloat
[2016.04.28-17.59.52:193][160]PIE:Warning: Warning The widget 'Grandpa_C' was already added to the screen.
[2016.04.28-17.59.52:197][160]LogScript:Warning: Divide by zero: Divide_FloatFloat
[2016.04.28-17.59.52:209][161]PIE:Warning: Warning The widget 'Grandpa_C' was already added to the screen.
[2016.04.28-17.59.52:213][161]LogScript:Warning: Divide by zero: Divide_FloatFloat
[2016.04.28-17.59.52:226][162]PIE:Warning: Warning The widget 'Grandpa_C' was already added to the screen.
[2016.04.28-17.59.52:229][162]LogScript:Warning: Divide by zero: Divide_FloatFloat
[2016.04.28-17.59.52:242][163]PIE:Warning: Warning The widget 'Grandpa_C' was already added to the screen.
[2016.04.28-17.59.52:245][163]LogScript:Warning: Divide by zero: Divide_FloatFloat
[2016.04.28-17.59.52:258][164]PIE:Warning: Warning The widget 'Grandpa_C' was already added to the screen.
[2016.04.28-17.59.52:262][164]LogScript:Warning: Divide by zero: Divide_FloatFloat
[2016.04.28-17.59.52:274][165]PIE:Warning: Warning The widget 'Grandpa_C' was already added to the screen.
[2016.04.28-17.59.52:278][165]LogScript:Warning: Divide by zero: Divide_FloatFloat
[2016.04.28-17.59.52:290][166]PIE:Warning: Warning The widget 'Grandpa_C' was already added to the screen.
[2016.04.28-17.59.52:294][166]LogScript:Warning: Divide by zero: Divide_FloatFloat
[2016.04.28-17.59.52:306][167]PIE:Warning: Warning The widget 'Grandpa_C' was already added to the screen.
[2016.04.28-17.59.52:310][167]LogScript:Warning: Divide by zero: Divide_FloatFloat
[2016.04.28-17.59.52:322][168]PIE:Warning: Warning The widget 'Grandpa_C' was already added to the screen.
[2016.04.28-17.59.52:326][168]LogScript:Warning: Divide by zero: Divide_FloatFloat
[2016.04.28-17.59.52:338][169]PIE:Warning: Warning The widget 'Grandpa_C' was already added to the screen.
[2016.04.28-17.59.52:342][169]LogScript:Warning: Divide by zero: Divide_FloatFloat
[2016.04.28-17.59.52:354][170]PIE:Warning: Warning The widget 'Grandpa_C' was already added to the screen.
[2016.04.28-17.59.52:358][170]LogScript:Warning: Divide by zero: Divide_FloatFloat
[2016.04.28-17.59.52:371][171]PIE:Warning: Warning The widget 'Grandpa_C' was already added to the screen.
[2016.04.28-17.59.52:375][171]LogScript:Warning: Divide by zero: Divide_FloatFloat
[2016.04.28-17.59.52:387][172]PIE:Warning: Warning The widget 'Grandpa_C' was already added to the screen.
[2016.04.28-17.59.52:391][172]LogScript:Warning: Divide by zero: Divide_FloatFloat
[2016.04.28-17.59.52:403][173]PIE:Warning: Warning The widget 'Grandpa_C' was already added to the screen.
[2016.04.28-17.59.52:407][173]LogScript:Warning: Divide by zero: Divide_FloatFloat
[2016.04.28-17.59.52:419][174]PIE:Warning: Warning The widget 'Grandpa_C' was already added to the screen.
[2016.04.28-17.59.52:423][174]LogScript:Warning: Divide by zero: Divide_FloatFloat
[2016.04.28-17.59.52:435][175]PIE:Warning: Warning The widget 'Grandpa_C' was already added to the screen.
[2016.04.28-17.59.52:440][175]LogScript:Warning: Divide by zero: Divide_FloatFloat
[2016.04.28-17.59.52:451][176]PIE:Warning: Warning The widget 'Grandpa_C' was already added to the screen.
[2016.04.28-17.59.52:455][176]LogScript:Warning: Divide by zero: Divide_FloatFloat
[2016.04.28-17.59.52:467][177]PIE:Warning: Warning The widget 'Grandpa_C' was already added to the screen.
[2016.04.28-17.59.52:471][177]LogScript:Warning: Divide by zero: Divide_FloatFloat
[2016.04.28-17.59.52:483][178]PIE:Warning: Warning The widget 'Grandpa_C' was already added to the screen.
[2016.04.28-17.59.52:487][178]LogScript:Warning: Divide by zero: Divide_FloatFloat
[2016.04.28-17.59.52:500][179]PIE:Warning: Warning The widget 'Grandpa_C' was already added to the screen.
[2016.04.28-17.59.52:504][179]LogScript:Warning: Divide by zero: Divide_FloatFloat
[2016.04.28-17.59.52:516][180]PIE:Warning: Warning The widget 'Grandpa_C' was already added to the screen.
[2016.04.28-17.59.52:520][180]LogScript:Warning: Divide by zero: Divide_FloatFloat
[2016.04.28-17.59.52:532][181]PIE:Warning: Warning The widget 'Grandpa_C' was already added to the screen.
[2016.04.28-17.59.52:536][181]LogScript:Warning: Divide by zero: Divide_FloatFloat
[2016.04.28-17.59.52:548][182]PIE:Warning: Warning The widget 'Grandpa_C' was already added to the screen.
[2016.04.28-17.59.52:552][182]LogScript:Warning: Divide by zero: Divide_FloatFloat
[2016.04.28-17.59.52:564][183]PIE:Warning: Warning The widget 'Grandpa_C' was already added to the screen.
[2016.04.28-17.59.52:568][183]LogScript:Warning: Divide by zero: Divide_FloatFloat
[2016.04.28-17.59.52:580][184]PIE:Warning: Warning The widget 'Grandpa_C' was already added to the screen.
[2016.04.28-17.59.52:584][184]LogScript:Warning: Divide by zero: Divide_FloatFloat
[2016.04.28-17.59.52:596][185]PIE:Warning: Warning The widget 'Grandpa_C' was already added to the screen.
[2016.04.28-17.59.52:601][185]LogScript:Warning: Divide by zero: Divide_FloatFloat
[2016.04.28-17.59.52:612][186]PIE:Warning: Warning The widget 'Grandpa_C' was already added to the screen.
[2016.04.28-17.59.52:616][186]LogScript:Warning: Divide by zero: Divide_FloatFloat
[2016.04.28-17.59.52:628][187]PIE:Warning: Warning The widget 'Grandpa_C' was already added to the screen.
[2016.04.28-17.59.52:632][187]LogScript:Warning: Divide by zero: Divide_FloatFloat
[2016.04.28-17.59.52:646][188]PIE:Warning: Warning The widget 'Grandpa_C' was already added to the screen.
[2016.04.28-17.59.52:649][188]LogScript:Warning: Divide by zero: Divide_FloatFloat
[2016.04.28-17.59.52:662][189]PIE:Warning: Warning The widget 'Grandpa_C' was already added to the screen.
[2016.04.28-17.59.52:666][189]LogScript:Warning: Divide by zero: Divide_FloatFloat
[2016.04.28-17.59.52:678][190]PIE:Warning: Warning The widget 'Grandpa_C' was already added to the screen.
[2016.04.28-17.59.52:682][190]LogScript:Warning: Divide by zero: Divide_FloatFloat
[2016.04.28-17.59.52:694][191]PIE:Warning: Warning The widget 'Grandpa_C' was already added to the screen.
[2016.04.28-17.59.52:699][191]LogScript:Warning: Divide by zero: Divide_FloatFloat
[2016.04.28-17.59.52:710][192]PIE:Warning: Warning The widget 'Grandpa_C' was already added to the screen.
[2016.04.28-17.59.52:714][192]LogScript:Warning: Divide by zero: Divide_FloatFloat
[2016.04.28-17.59.52:726][193]PIE:Warning: Warning The widget 'Grandpa_C' was already added to the screen.
[2016.04.28-17.59.52:730][193]LogScript:Warning: Divide by zero: Divide_FloatFloat
[2016.04.28-17.59.52:742][194]PIE:Warning: Warning The widget 'Grandpa_C' was already added to the screen.
[2016.04.28-17.59.52:746][194]LogScript:Warning: Divide by zero: Divide_FloatFloat
[2016.04.28-17.59.52:758][195]PIE:Warning: Warning The widget 'Grandpa_C' was already added to the screen.
[2016.04.28-17.59.52:762][195]LogScript:Warning: Divide by zero: Divide_FloatFloat
[2016.04.28-17.59.52:774][196]PIE:Warning: Warning The widget 'Grandpa_C' was already added to the screen.
[2016.04.28-17.59.52:779][196]LogScript:Warning: Divide by zero: Divide_FloatFloat
[2016.04.28-17.59.52:791][197]PIE:Warning: Warning The widget 'Grandpa_C' was already added to the screen.
[2016.04.28-17.59.52:794][197]LogScript:Warning: Divide by zero: Divide_FloatFloat
[2016.04.28-17.59.52:807][198]PIE:Warning: Warning The widget 'Grandpa_C' was already added to the screen.
[2016.04.28-17.59.52:811][198]LogScript:Warning: Divide by zero: Divide_FloatFloat
[2016.04.28-17.59.52:823][199]PIE:Warning: Warning The widget 'Grandpa_C' was already added to the screen.
[2016.04.28-17.59.52:827][199]LogScript:Warning: Divide by zero: Divide_FloatFloat
[2016.04.28-17.59.52:839][200]PIE:Warning: Warning The widget 'Grandpa_C' was already added to the screen.
[2016.04.28-17.59.52:843][200]LogScript:Warning: Divide by zero: Divide_FloatFloat
[2016.04.28-17.59.52:855][201]PIE:Warning: Warning The widget 'Grandpa_C' was already added to the screen.
[2016.04.28-17.59.52:859][201]LogScript:Warning: Divide by zero: Divide_FloatFloat
[2016.04.28-17.59.52:871][202]PIE:Warning: Warning The widget 'Grandpa_C' was already added to the screen.
[2016.04.28-17.59.52:875][202]LogScript:Warning: Divide by zero: Divide_FloatFloat
[2016.04.28-17.59.52:887][203]PIE:Warning: Warning The widget 'Grandpa_C' was already added to the screen.
[2016.04.28-17.59.52:891][203]LogScript:Warning: Divide by zero: Divide_FloatFloat
[2016.04.28-17.59.52:903][204]PIE:Warning: Warning The widget 'Grandpa_C' was already added to the screen.
[2016.04.28-17.59.52:907][204]LogScript:Warning: Divide by zero: Divide_FloatFloat
[2016.04.28-17.59.52:920][205]PIE:Warning: Warning The widget 'Grandpa_C' was already added to the screen.
[2016.04.28-17.59.52:924][205]LogScript:Warning: Divide by zero: Divide_FloatFloat
[2016.04.28-17.59.52:936][206]PIE:Warning: Warning The widget 'Grandpa_C' was already added to the screen.
[2016.04.28-17.59.52:940][206]LogScript:Warning: Divide by zero: Divide_FloatFloat
[2016.04.28-17.59.52:952][207]PIE:Warning: Warning The widget 'Grandpa_C' was already added to the screen.
[2016.04.28-17.59.52:956][207]LogScript:Warning: Divide by zero: Divide_FloatFloat
[2016.04.28-17.59.52:968][208]PIE:Warning: Warning The widget 'Grandpa_C' was already added to the screen.
[2016.04.28-17.59.52:972][208]LogScript:Warning: Divide by zero: Divide_FloatFloat
[2016.04.28-17.59.52:984][209]PIE:Warning: Warning The widget 'Grandpa_C' was already added to the screen.
[2016.04.28-17.59.52:988][209]LogScript:Warning: Divide by zero: Divide_FloatFloat
[2016.04.28-17.59.53:140][210]LogPackageName: SearchForPackageOnDisk took   0.136s to resolve Main.umap.
[2016.04.28-17.59.53:141][210]PIE:Warning: Warning The widget 'Grandpa_C' was already added to the screen.
[2016.04.28-17.59.53:144][210]LogScript:Warning: Divide by zero: Divide_FloatFloat
[2016.04.28-17.59.53:281][211]LogPackageName: SearchForPackageOnDisk took   0.136s to resolve Main.umap.
[2016.04.28-17.59.53:281][211]LogNet: Browse: /Game/Levels/Main
[2016.04.28-17.59.53:281][211]LogLoad: LoadMap: /Game/Levels/Main
[2016.04.28-17.59.53:419][211]LogParticles: Destroying 0 GPU particle simulations for FXSystem 0x00000042D0AFF1A0
[2016.04.28-17.59.53:567][211]LogMemory: Platform Memory Stats for Windows
[2016.04.28-17.59.53:567][211]LogMemory: Process Physical Memory: 555.77 MB used, 561.74 MB peak
[2016.04.28-17.59.53:567][211]LogMemory: Process Virtual Memory: 499.84 MB used, 507.59 MB peak
[2016.04.28-17.59.53:567][211]LogMemory: Physical Memory: 5425.46 MB used, 16273.04 MB total
[2016.04.28-17.59.53:567][211]LogMemory: Virtual Memory: 1150.05 MB used, 134217728.00 MB total
[2016.04.28-17.59.53:567][211]LogMemory: 
[2016.04.28-17.59.53:567][211]Allocator Stats for TBB: (not implemented)
[2016.04.28-17.59.53:635][211]LogAIModule: Creating AISystem for world Main
[2016.04.28-17.59.54:982][211]LogWorld: Game class is 'ThirdPersonGameMode_C'
[2016.04.28-17.59.54:988][211]LogWorld: Bringing World /Game/Levels/Main.Main up for play (max tick rate 0) at 2016.04.28-13.59.54
[2016.04.28-17.59.54:988][211]LogWorld: Bringing up level for play took: 0.001478
[2016.04.28-17.59.54:989][211]LogGameMode: Warning - PATHS NOT DEFINED or NO PLAYERSTART with positive rating
[2016.04.28-17.59.56:349][286]LogWindowsTextInputMethodSystem:Display: IME system now activated using TSF (搜狗拼音输入法).
[2016.04.28-17.59.56:361][286]LogEngine: All Windows Closed
[2016.04.28-17.59.56:361][286]LogWindows: FPlatformMisc::RequestExit(0)
[2016.04.28-17.59.56:558][287]LogExit: Preparing to exit.
[2016.04.28-17.59.56:641][287]LogExit: Game engine shut down
[2016.04.28-17.59.57:131][287]LogParticles: Destroying 0 GPU particle simulations for FXSystem 0x00000042CD061DA0
[2016.04.28-17.59.57:131][287]LogExit: Object subsystem successfully closed.
[2016.04.28-17.59.57:160][287]LogD3D11RHI: Shutdown
[2016.04.28-17.59.57:160][287]LogD3D11RHI: CleanupD3DDevice
[2016.04.28-17.59.57:329][287]LogD3D11RHI: ~FD3D11DynamicRHI
[2016.04.28-17.59.57:353][287]LogModuleManager: Shutting down and abandoning module AndroidDeviceDetection (120)
[2016.04.28-17.59.57:995][287]LogModuleManager: Shutting down and abandoning module AutomationController (119)
[2016.04.28-17.59.57:995][287]LogModuleManager: Shutting down and abandoning module AutomationWorker (118)
[2016.04.28-17.59.57:995][287]LogModuleManager: Shutting down and abandoning module CharacterAI (117)
[2016.04.28-17.59.57:995][287]LogModuleManager: Shutting down and abandoning module Analytics (116)
[2016.04.28-17.59.57:995][287]LogModuleManager: Shutting down and abandoning module AITestSuite (115)
[2016.04.28-17.59.57:995][287]LogModuleManager: Shutting down and abandoning module GameplayDebugger (114)
[2016.04.28-17.59.57:995][287]LogModuleManager: Shutting down and abandoning module AIModule (113)
[2016.04.28-17.59.57:995][287]LogModuleManager: Shutting down and abandoning module MovieSceneCapture (112)
[2016.04.28-17.59.57:995][287]LogModuleManager: Shutting down and abandoning module GameLiveStreaming (111)
[2016.04.28-17.59.57:995][287]LogModuleManager: Shutting down and abandoning module StreamingPauseRendering (110)
[2016.04.28-17.59.57:995][287]LogModuleManager: Shutting down and abandoning module ProfilerService (109)
[2016.04.28-17.59.58:113][287]LogModuleManager: Shutting down and abandoning module TaskGraph (108)
[2016.04.28-17.59.58:113][287]LogModuleManager: Shutting down and abandoning module SlateRemote (107)
[2016.04.28-17.59.58:113][287]LogModuleManager: Shutting down and abandoning module SteamVRController (106)
[2016.04.28-17.59.58:113][287]LogModuleManager: Shutting down and abandoning module SteamVR (105)
[2016.04.28-17.59.58:113][287]LogModuleManager: Shutting down and abandoning module ProceduralMeshComponent (104)
[2016.04.28-17.59.58:113][287]LogModuleManager: Shutting down and abandoning module OculusLibrary (103)
[2016.04.28-17.59.58:113][287]LogModuleManager: Shutting down and abandoning module OculusInput (102)
[2016.04.28-17.59.58:113][287]LogModuleManager: Shutting down and abandoning module LeapMotionController (101)
[2016.04.28-17.59.58:149][287]LogModuleManager: Shutting down and abandoning module CustomMeshComponent (100)
[2016.04.28-17.59.58:149][287]LogModuleManager: Shutting down and abandoning module CableComponent (99)
[2016.04.28-17.59.58:149][287]LogModuleManager: Shutting down and abandoning module ArchVisCharacter (98)
[2016.04.28-17.59.58:149][287]LogModuleManager: Shutting down and abandoning module HTML5Networking (97)
[2016.04.28-17.59.58:149][287]LogModuleManager: Shutting down and abandoning module DesktopPlatform (96)
[2016.04.28-17.59.58:149][287]LogModuleManager: Shutting down and abandoning module DirectoryWatcher (95)
[2016.04.28-17.59.58:149][287]LogModuleManager: Shutting down and abandoning module HotReload (94)
[2016.04.28-17.59.58:149][287]LogModuleManager: Shutting down and abandoning module VisualStudioSourceCodeAccess (93)
[2016.04.28-17.59.58:149][287]LogModuleManager: Shutting down and abandoning module UObjectPlugin (92)
[2016.04.28-17.59.58:149][287]LogModuleManager: Shutting down and abandoning module SubversionSourceControl (91)
[2016.04.28-17.59.58:149][287]LogModuleManager: Shutting down and abandoning module SourceControl (90)
[2016.04.28-17.59.58:149][287]LogModuleManager: Shutting down and abandoning module PerforceSourceControl (89)
[2016.04.28-17.59.58:149][287]LogModuleManager: Shutting down and abandoning module FileLogging (88)
[2016.04.28-17.59.58:156][287]LogFileLoggingAnalytics:Display: Session ended for user (f7fd99f1d803ebbcafe1a7209dc22344) and session id (f7fd99f1d803ebbcafe1a7209dc22344-2016.04.28-13.59.48)
[2016.04.28-17.59.58:156][287]LogModuleManager: Shutting down and abandoning module AnalyticsBlueprintLibrary (87)
[2016.04.28-17.59.58:157][287]LogModuleManager: Shutting down and abandoning module UdpMessaging (86)
[2016.04.28-17.59.58:157][287]LogModuleManager: Shutting down and abandoning module LightPropagationVolumeRuntime (85)
[2016.04.28-17.59.58:157][287]LogModuleManager: Shutting down and abandoning module Paper2D (84)
[2016.04.28-17.59.58:157][287]LogModuleManager: Shutting down and abandoning module WindowsMoviePlayer (83)
[2016.04.28-17.59.58:165][287]LogModuleManager: Shutting down and abandoning module Media (82)
[2016.04.28-17.59.58:165][287]LogModuleManager: Shutting down and abandoning module WmfMedia (81)
[2016.04.28-17.59.58:167][287]LogModuleManager: Shutting down and abandoning module OnlineBlueprintSupport (80)
[2016.04.28-17.59.58:167][287]LogModuleManager: Shutting down and abandoning module GameplayTasksEditor (79)
[2016.04.28-17.59.58:167][287]LogModuleManager: Shutting down and abandoning module PropertyEditor (78)
[2016.04.28-17.59.58:167][287]LogModuleManager: Shutting down and abandoning module BehaviorTreeEditor (77)
[2016.04.28-17.59.58:167][287]LogModuleManager: Shutting down and abandoning module FunctionalTesting (76)
[2016.04.28-17.59.58:167][287]LogModuleManager: Shutting down and abandoning module CollisionAnalyzer (75)
[2016.04.28-17.59.58:167][287]LogModuleManager: Shutting down and abandoning module WorkspaceMenuStructure (74)
[2016.04.28-17.59.58:167][287]LogModuleManager: Shutting down and abandoning module MessageLog (73)
[2016.04.28-17.59.58:167][287]LogModuleManager: Shutting down and abandoning module Sequencer (72)
[2016.04.28-17.59.58:167][287]LogModuleManager: Shutting down and abandoning module AssetTools (71)
[2016.04.28-17.59.58:168][287]LogModuleManager: Shutting down and abandoning module UMGEditor (70)
[2016.04.28-17.59.58:168][287]LogModuleManager: Shutting down and abandoning module UMG (69)
[2016.04.28-17.59.58:168][287]LogModuleManager: Shutting down and abandoning module Slate (68)
[2016.04.28-17.59.58:168][287]LogModuleManager: Shutting down and abandoning module EditorStyle (67)
[2016.04.28-17.59.58:172][287]LogModuleManager: Shutting down and abandoning module SessionServices (66)
[2016.04.28-17.59.58:172][287]LogModuleManager: Shutting down and abandoning module SourceCodeAccess (65)
[2016.04.28-17.59.58:172][287]LogModuleManager: Shutting down and abandoning module HeadMountedDisplay (64)
[2016.04.28-17.59.58:172][287]LogModuleManager: Shutting down and abandoning module XAudio2 (63)
[2016.04.28-17.59.58:172][287]LogModuleManager: Shutting down and abandoning module Networking (61)
[2016.04.28-17.59.58:172][287]LogModuleManager: Shutting down and abandoning module Core (60)
[2016.04.28-17.59.58:172][287]LogModuleManager: Shutting down and abandoning module KismetCompiler (59)
[2016.04.28-17.59.58:172][287]LogModuleManager: Shutting down and abandoning module PhysXFormats (58)
[2016.04.28-17.59.58:172][287]LogModuleManager: Shutting down and abandoning module MeshUtilities (57)
[2016.04.28-17.59.58:172][287]LogModuleManager: Shutting down and abandoning module DerivedDataCache (56)
[2016.04.28-17.59.58:395][287]LogDerivedDataCache: Shutdown
[2016.04.28-17.59.58:395][287]LogModuleManager: Shutting down and abandoning module ShaderFormatOpenGL (55)
[2016.04.28-17.59.58:395][287]LogModuleManager: Shutting down and abandoning module ShaderFormatD3D (54)
[2016.04.28-17.59.58:395][287]LogModuleManager: Shutting down and abandoning module MetalShaderFormat (53)
[2016.04.28-17.59.58:395][287]LogModuleManager: Shutting down and abandoning module TextureFormatUncompressed (52)
[2016.04.28-17.59.58:395][287]LogModuleManager: Shutting down and abandoning module TextureFormatPVR (51)
[2016.04.28-17.59.58:395][287]LogModuleManager: Shutting down and abandoning module TextureFormatIntelISPCTexComp (50)
[2016.04.28-17.59.58:395][287]LogModuleManager: Shutting down and abandoning module TextureFormatDXT (49)
[2016.04.28-17.59.58:395][287]LogModuleManager: Shutting down and abandoning module ImageWrapper (48)
[2016.04.28-17.59.58:395][287]LogModuleManager: Shutting down and abandoning module TextureFormatASTC (47)
[2016.04.28-17.59.58:395][287]LogModuleManager: Shutting down and abandoning module TextureFormatAndroid (46)
[2016.04.28-17.59.58:395][287]LogModuleManager: Shutting down and abandoning module AudioFormatOpus (45)
[2016.04.28-17.59.58:395][287]LogModuleManager: Shutting down and abandoning module AudioFormatOgg (44)
[2016.04.28-17.59.58:396][287]LogModuleManager: Shutting down and abandoning module AudioFormatADPCM (43)
[2016.04.28-17.59.58:396][287]LogModuleManager: Shutting down and abandoning module LinuxTargetPlatform (42)
[2016.04.28-17.59.58:396][287]LogModuleManager: Shutting down and abandoning module LinuxServerTargetPlatform (41)
[2016.04.28-17.59.58:396][287]LogModuleManager: Shutting down and abandoning module LinuxNoEditorTargetPlatform (40)
[2016.04.28-17.59.58:396][287]LogModuleManager: Shutting down and abandoning module Messaging (39)
[2016.04.28-17.59.58:396][287]LogModuleManager: Shutting down and abandoning module IOSTargetPlatform (38)
[2016.04.28-17.59.58:396][287]LogModuleManager: Shutting down and abandoning module HTML5TargetPlatform (37)
[2016.04.28-17.59.58:396][287]LogModuleManager: Shutting down and abandoning module Android_PVRTCTargetPlatform (36)
[2016.04.28-17.59.58:396][287]LogModuleManager: Shutting down and abandoning module Android_MultiTargetPlatform (35)
[2016.04.28-17.59.58:396][287]LogModuleManager: Shutting down and abandoning module Android_ETC2TargetPlatform (34)
[2016.04.28-17.59.58:396][287]LogModuleManager: Shutting down and abandoning module Android_ETC1TargetPlatform (33)
[2016.04.28-17.59.58:396][287]LogModuleManager: Shutting down and abandoning module Android_DXTTargetPlatform (32)
[2016.04.28-17.59.58:396][287]LogModuleManager: Shutting down and abandoning module Android_ATCTargetPlatform (31)
[2016.04.28-17.59.58:396][287]LogModuleManager: Shutting down and abandoning module Android_ASTCTargetPlatform (30)
[2016.04.28-17.59.58:396][287]LogModuleManager: Shutting down and abandoning module AndroidTargetPlatform (29)
[2016.04.28-17.59.58:396][287]LogModuleManager: Shutting down and abandoning module WindowsTargetPlatform (28)
[2016.04.28-17.59.58:396][287]LogModuleManager: Shutting down and abandoning module WindowsServerTargetPlatform (27)
[2016.04.28-17.59.58:396][287]LogModuleManager: Shutting down and abandoning module WindowsNoEditorTargetPlatform (26)
[2016.04.28-17.59.58:396][287]LogModuleManager: Shutting down and abandoning module WindowsClientTargetPlatform (25)
[2016.04.28-17.59.58:396][287]LogModuleManager: Shutting down and abandoning module AllDesktopTargetPlatform (24)
[2016.04.28-17.59.58:396][287]LogModuleManager: Shutting down and abandoning module TargetPlatform (23)
[2016.04.28-17.59.58:396][287]LogModuleManager: Shutting down and abandoning module InputCore (22)
[2016.04.28-17.59.58:396][287]LogModuleManager: Shutting down and abandoning module Settings (21)
[2016.04.28-17.59.58:396][287]LogModuleManager: Shutting down and abandoning module OnlineSubsystem (19)
[2016.04.28-17.59.58:396][287]LogModuleManager: Shutting down and abandoning module HTTP (18)
[2016.04.28-17.59.58:396][287]LogModuleManager: Shutting down and abandoning module XMPP (17)
[2016.04.28-17.59.58:397][287]LogModuleManager: Shutting down and abandoning module OculusRift (16)
[2016.04.28-17.59.58:397][287]LogModuleManager: Shutting down and abandoning module ExampleDeviceProfileSelector (15)
[2016.04.28-17.59.58:397][287]LogModuleManager: Shutting down and abandoning module TextureCompressor (14)
[2016.04.28-17.59.58:397][287]LogModuleManager: Shutting down and abandoning module ShaderCore (13)
[2016.04.28-17.59.58:397][287]LogModuleManager: Shutting down and abandoning module Landscape (12)
[2016.04.28-17.59.58:397][287]LogModuleManager: Shutting down and abandoning module SlateRHIRenderer (11)
[2016.04.28-17.59.58:397][287]LogModuleManager: Shutting down and abandoning module OpenGLDrv (10)
[2016.04.28-17.59.58:397][287]LogModuleManager: Shutting down and abandoning module D3D11RHI (9)
[2016.04.28-17.59.58:397][287]LogModuleManager: Shutting down and abandoning module AnimGraphRuntime (8)
[2016.04.28-17.59.58:397][287]LogModuleManager: Shutting down and abandoning module Renderer (7)
[2016.04.28-17.59.58:398][287]LogModuleManager: Shutting down and abandoning module Engine (6)
[2016.04.28-17.59.58:398][287]LogModuleManager: Shutting down and abandoning module CoreUObject (5)
[2016.04.28-17.59.58:398][287]LogModuleManager: Shutting down and abandoning module NetworkFile (4)
[2016.04.28-17.59.58:398][287]LogModuleManager: Shutting down and abandoning module StreamingFile (3)
[2016.04.28-17.59.58:398][287]LogModuleManager: Shutting down and abandoning module SandboxFile (2)
[2016.04.28-17.59.58:398][287]LogModuleManager: Shutting down and abandoning module PakFile (1)
[2016.04.28-17.59.58:401][287]LogExit: Exiting.
[2016.04.28-17.59.58:406][287]Log file closed, 04/28/16 13:59:58
