[2016.04.28-19.54.16:864][  0]Log file open, 04/28/16 15:54:16
[2016.04.28-19.54.16:864][  0]LogInit:Display: Running engine for game: SoundofSilence
[2016.04.28-19.54.16:864][  0]LogPlatformFile: Not using cached read wrapper
[2016.04.28-19.54.16:864][  0]LogInit:Display: RandInit(-1919835606) SRandInit(-1919835602).
[2016.04.28-19.54.16:864][  0]LogTaskGraph: Started task graph with 4 named threads and 7 total threads.
[2016.04.28-19.54.16:864][  0]LogStats: Stats thread started at 0.125794
[2016.04.28-19.54.16:864][  0]LogInit: Version: 4.10.4-2872498+++depot+UE4-Releases+4.10
[2016.04.28-19.54.16:864][  0]LogInit: API Version: 2758231
[2016.04.28-19.54.16:864][  0]LogInit: Compiled (64-bit): Feb 18 2016 15:47:04
[2016.04.28-19.54.16:864][  0]LogInit: Compiled with Visual C++: 19.00.23026.00
[2016.04.28-19.54.16:864][  0]LogInit: Build Configuration: Development
[2016.04.28-19.54.16:864][  0]LogInit: Branch Name: ++depot+UE4-Releases+4.10
[2016.04.28-19.54.16:864][  0]LogInit: Command line:  /Temp/Autosaves/Game/Levels/UEDPCHouseLevel -game -PIEVIACONSOLE -ResX=1280 -ResY=720  -Multiprocess 
[2016.04.28-19.54.16:864][  0]LogInit: Base directory: D:/Unreal4/Epic Games/4.10/Engine/Binaries/Win64/
[2016.04.28-19.54.16:864][  0]LogInit: Rocket: 1
[2016.04.28-19.54.16:884][  0]LogInit: Using libcurl 7.41.0
[2016.04.28-19.54.16:884][  0]LogInit:  - built for x86_64-pc-win32
[2016.04.28-19.54.16:884][  0]LogInit:  - supports SSL with WinSSL
[2016.04.28-19.54.16:884][  0]LogInit:  - other features:
[2016.04.28-19.54.16:884][  0]LogInit:      CURL_VERSION_SSL
[2016.04.28-19.54.16:884][  0]LogInit:      CURL_VERSION_IPV6
[2016.04.28-19.54.16:884][  0]LogInit:      CURL_VERSION_ASYNCHDNS
[2016.04.28-19.54.16:884][  0]LogInit:      CURL_VERSION_LARGEFILE
[2016.04.28-19.54.16:884][  0]LogInit:      CURL_VERSION_IDN
[2016.04.28-19.54.16:884][  0]LogInit:  CurlRequestOptions (configurable via config and command line):
[2016.04.28-19.54.16:884][  0]LogInit:  - bVerifyPeer = true  - Libcurl will verify peer certificate
[2016.04.28-19.54.16:884][  0]LogInit:  - bUseHttpProxy = false  - Libcurl will NOT use HTTP proxy
[2016.04.28-19.54.16:884][  0]LogInit:  - bDontReuseConnections = false  - Libcurl will reuse connections
[2016.04.28-19.54.16:884][  0]LogInit:  - CertBundlePath = nullptr  - Libcurl will use whatever was configured at build time.
[2016.04.28-19.54.16:901][  0]LogInit: Presizing for 0 objects not considered by GC, pre-allocating 0 bytes.
[2016.04.28-19.54.16:921][  0]LogInit: Object subsystem initialized
[2016.04.28-19.54.16:924][  0]LogInit: Selected Device Profile: [Windows]
[2016.04.28-19.54.16:924][  0]LogInit: Applying CVar settings loaded from the selected device profile: [Windows]
[2016.04.28-19.54.16:935][  0]LogInit: Computer: INDIEGO
[2016.04.28-19.54.16:935][  0]LogInit: User: Indie
[2016.04.28-19.54.16:935][  0]LogInit: CPU Page size=4096, Cores=4
[2016.04.28-19.54.16:935][  0]LogInit: High frequency timer resolution =2.533210 MHz
[2016.04.28-19.54.16:935][  0]LogMemory: Memory total: Physical=15.9GB (16GB approx)
[2016.04.28-19.54.16:935][  0]LogMemory: Platform Memory Stats for Windows
[2016.04.28-19.54.16:935][  0]LogMemory: Process Physical Memory: 54.96 MB used, 54.96 MB peak
[2016.04.28-19.54.16:935][  0]LogMemory: Process Virtual Memory: 58.65 MB used, 58.65 MB peak
[2016.04.28-19.54.16:935][  0]LogMemory: Physical Memory: 7008.07 MB used, 16273.04 MB total
[2016.04.28-19.54.16:935][  0]LogMemory: Virtual Memory: 366.59 MB used, 134217728.00 MB total
[2016.04.28-19.54.17:014][  0]LogTextLocalizationManager: No specific translations for ('en-US') exist, so ('en') translations will be used.
[2016.04.28-19.54.17:959][  0]LogD3D11RHI: Found D3D11 adapter 0: NVIDIA GeForce GTX 960M    (Feature Level 11_0)
[2016.04.28-19.54.17:959][  0]LogD3D11RHI: Adapter has 1972MB of dedicated video memory, 0MB of dedicated system memory, and 2048MB of shared system memory, 1 output[s]
[2016.04.28-19.54.17:967][  0]LogD3D11RHI: Found D3D11 adapter 1: Intel(R) HD Graphics 4600 (Feature Level 11_0)
[2016.04.28-19.54.17:967][  0]LogD3D11RHI: Adapter has 32MB of dedicated video memory, 0MB of dedicated system memory, and 1760MB of shared system memory, 0 output[s]
[2016.04.28-19.54.17:968][  0]LogD3D11RHI: Found D3D11 adapter 2: Microsoft Basic Render Driver (Feature Level 11_0)
[2016.04.28-19.54.17:968][  0]LogD3D11RHI: Adapter has 0MB of dedicated video memory, 0MB of dedicated system memory, and 256MB of shared system memory, 0 output[s]
[2016.04.28-19.54.17:968][  0]LogD3D11RHI: Chosen D3D11 Adapter Id = 0
[2016.04.28-19.54.17:973][  0]LogD3D11RHI: !Direct3DDevice
[2016.04.28-19.54.17:973][  0]LogRHI: Texture pool is 1361 MB (70% of 1945 MB)
[2016.04.28-19.54.17:984][  0]LogD3D11RHI: Async texture creation enabled
[2016.04.28-19.54.18:003][  0]LogShaderCompilers: Guid format shader working directory is -40 characters bigger than the processId version (../../../../../../Sound of Silence/Sound-of-Silence-master (1)/Sound-of-Silence-master/Intermediate/Shaders/WorkingDirectory/6808/).
[2016.04.28-19.54.18:003][  0]LogShaderCompilers: Cleaned the shader compiler working directory 'C:/Users/Indie/AppData/Local/Temp/UnrealShaderWorkingDir/49C0974F4C0C784B920725826760D86E/'.
[2016.04.28-19.54.18:003][  0]LogShaderCompilers:Display: Using Local Shader Compiler.
[2016.04.28-19.54.18:743][  0]LogTemp:Display: Loaded TP AllDesktopTargetPlatform
[2016.04.28-19.54.18:746][  0]LogTemp:Display: Loaded TP WindowsClientTargetPlatform
[2016.04.28-19.54.18:749][  0]LogTemp:Display: Loaded TP WindowsNoEditorTargetPlatform
[2016.04.28-19.54.18:752][  0]LogTemp:Display: Loaded TP WindowsServerTargetPlatform
[2016.04.28-19.54.18:755][  0]LogTemp:Display: Loaded TP WindowsTargetPlatform
[2016.04.28-19.54.18:757][  0]LogTemp:Display: Loaded TP AndroidTargetPlatform
[2016.04.28-19.54.18:758][  0]LogTemp:Display: Loaded TP Android_ASTCTargetPlatform
[2016.04.28-19.54.18:761][  0]LogTemp:Display: Loaded TP Android_ATCTargetPlatform
[2016.04.28-19.54.18:763][  0]LogTemp:Display: Loaded TP Android_DXTTargetPlatform
[2016.04.28-19.54.18:765][  0]LogTemp:Display: Loaded TP Android_ETC1TargetPlatform
[2016.04.28-19.54.18:767][  0]LogTemp:Display: Loaded TP Android_ETC2TargetPlatform
[2016.04.28-19.54.18:771][  0]LogTemp:Display: Loaded TP Android_MultiTargetPlatform
[2016.04.28-19.54.18:771][  0]LogTemp:Display: Loaded TP Android_PVRTCTargetPlatform
[2016.04.28-19.54.18:772][  0]LogTemp:Display: Loaded TP HTML5TargetPlatform
[2016.04.28-19.54.18:787][  0]LogTemp:Display: Loaded TP IOSTargetPlatform
[2016.04.28-19.54.18:791][  0]LogTemp:Display: Loaded TP LinuxNoEditorTargetPlatform
[2016.04.28-19.54.18:793][  0]LogTemp:Display: Loaded TP LinuxServerTargetPlatform
[2016.04.28-19.54.18:796][  0]LogTemp:Display: Loaded TP LinuxTargetPlatform
[2016.04.28-19.54.18:796][  0]LogTargetPlatformManager:Display: Building Assets For Windows
[2016.04.28-19.54.18:841][  0]LogDerivedDataCache:Display: Max Cache Size: 512 MB
[2016.04.28-19.54.18:878][  0]LogDerivedDataCache: Loaded boot cache 0.04s 41MB C:/Users/Indie/AppData/Local/UnrealEngine/4.10/DerivedDataCache/Boot.ddc.
[2016.04.28-19.54.18:878][  0]LogDerivedDataCache:Display: Loaded Boot cache: C:/Users/Indie/AppData/Local/UnrealEngine/4.10/DerivedDataCache/Boot.ddc
[2016.04.28-19.54.18:878][  0]LogDerivedDataCache: FDerivedDataBackendGraph:  Pak pak cache file ../../../../../../Sound of Silence/Sound-of-Silence-master (1)/Sound-of-Silence-master/DerivedDataCache/DDC.ddp not found, will not use a pak cache.
[2016.04.28-19.54.18:878][  0]LogDerivedDataCache: Unable to find inner node Pak for hierarchical cache Hierarchy.
[2016.04.28-19.54.18:878][  0]LogDerivedDataCache: FDerivedDataBackendGraph:  CompressedPak pak cache file ../../../../../../Sound of Silence/Sound-of-Silence-master (1)/Sound-of-Silence-master/DerivedDataCache/Compressed.ddp not found, will not use a pak cache.
[2016.04.28-19.54.18:878][  0]LogDerivedDataCache: Unable to find inner node CompressedPak for hierarchical cache Hierarchy.
[2016.04.28-19.54.18:939][  0]LogDerivedDataCache:Display: Pak cache opened for reading ../../../Engine/DerivedDataCache/Compressed.ddp.
[2016.04.28-19.54.18:951][  0]LogDerivedDataCache: Using Local data cache path C:/Users/Indie/AppData/Local/UnrealEngine/Common/DerivedDataCache: Writable
[2016.04.28-19.54.19:084][  0]LogInit: Selected Device Profile: [Windows]
[2016.04.28-19.54.19:088][  0]LogContentStreaming: Texture pool size is 1000.000000MB
[2016.04.28-19.54.19:169][  0]LogMeshUtilities: No automatic mesh reduction module available
[2016.04.28-19.54.19:169][  0]LogMeshUtilities: No automatic mesh merging module available
[2016.04.28-19.54.19:388][  0]LogInit: WinSock: version 1.1 (2.2), MaxSocks=32767, MaxUdp=65467
[2016.04.28-19.54.19:543][  0]LogWindowsMoviePlayer: Unable to load movie: ../../../../../../Sound of Silence/Sound-of-Silence-master (1)/Sound-of-Silence-master/Content/Movies/Default_Startup.mp4
[2016.04.28-19.54.19:707][  0]SourceControl: Info Source control is disabled
[2016.04.28-19.54.19:707][  0]SourceControl: Info Source control is disabled
[2016.04.28-19.54.19:723][  0]SourceControl: Info Source control is disabled
[2016.04.28-19.54.19:935][  0]LogObj: 28035 objects as part of root set at end of initial load.
[2016.04.28-19.54.19:935][  0]LogUObjectAllocator: 5846688 out of 0 bytes used by permanent object pool.
[2016.04.28-19.54.20:000][  0]LogEngine: Initializing Engine...
[2016.04.28-19.54.20:002][  0]LogHMD: Can't find Oculus library dev build: is proper Runtime installed? Version: 0.8.0.0
[2016.04.28-19.54.20:004][  0]LogHMD: SteamVR failed to initialize.  Err: 110
[2016.04.28-19.54.20:136][  0]LogInit: XAudio2 using 'Speakers (Realtek High Definition Audio)' : 2 channels at 48 kHz using 32 bits per sample (channel mask 0x3)
[2016.04.28-19.54.20:150][  0]LogInit: FAudioDevice initialized.
[2016.04.28-19.54.20:152][  0]LogInit: Texture streaming: Enabled
[2016.04.28-19.54.20:687][  0]LogNet: Browse: /Temp/Autosaves/Game/Levels/UEDPCHouseLevel?Name=Player
[2016.04.28-19.54.20:688][  0]LogLoad: LoadMap: /Temp/Autosaves/Game/Levels/UEDPCHouseLevel?Name=Player
[2016.04.28-19.54.20:722][  0]LogParticles: Destroying 0 GPU particle simulations for FXSystem 0x0000004C89BF0D60
[2016.04.28-19.54.20:744][  0]LogMemory: Platform Memory Stats for Windows
[2016.04.28-19.54.20:744][  0]LogMemory: Process Physical Memory: 386.75 MB used, 386.75 MB peak
[2016.04.28-19.54.20:744][  0]LogMemory: Process Virtual Memory: 342.24 MB used, 346.12 MB peak
[2016.04.28-19.54.20:744][  0]LogMemory: Physical Memory: 7303.04 MB used, 16273.04 MB total
[2016.04.28-19.54.20:744][  0]LogMemory: Virtual Memory: 975.71 MB used, 134217728.00 MB total
[2016.04.28-19.54.20:744][  0]LogMemory: 
[2016.04.28-19.54.20:744][  0]Allocator Stats for TBB: (not implemented)
[2016.04.28-19.54.20:795][  0]LogLinker:Warning: CreateImport: Failed to load Outer for resource 'Sprite': FluteTriggerBox_Blueprint_C /Game/ObjectBlueprints/FluteTriggerBox_Blueprint.Default__FluteTriggerBox_Blueprint_C
[2016.04.28-19.54.20:801][  0]LogLinker:Warning: CreateImport: Failed to load Outer for resource 'Sprite': GotoLvl2_Blueprint_C /Game/ObjectBlueprints/GotoLvl2_Blueprint.Default__GotoLvl2_Blueprint_C
[2016.04.28-19.54.21:120][  0]LogBlueprint:Warning: [SilenceSpirit] CreatePinForVariable: 'overlappingPlayer' variable not found. Base class was probably changed.
[2016.04.28-19.54.21:120][  0]LogBlueprint:Warning: [SilenceSpirit] CreatePinForVariable: 'overlappingPlayer' variable not found. Base class was probably changed.
[2016.04.28-19.54.21:120][  0]LogBlueprint:Warning: [SilenceSpirit] CreatePinForVariable: 'overlappingPlayer' variable not found. Base class was probably changed.
[2016.04.28-19.54.21:120][  0]LogBlueprint:Warning: [SilenceSpirit] CreatePinForVariable: 'overlappingPlayer' variable not found. Base class was probably changed.
[2016.04.28-19.54.21:120][  0]LogBlueprint:Warning: [SilenceSpirit] CreatePinForVariable: 'cheapPlayerRef' variable not found. Base class was probably changed.
[2016.04.28-19.54.21:120][  0]LogBlueprint:Warning: [SilenceSpirit] CreatePinForVariable: 'cheapPlayerRef' variable not found. Base class was probably changed.
[2016.04.28-19.54.21:120][  0]LogBlueprint:Warning: [SilenceSpirit] CreatePinForVariable: 'cheapPlayerRef' variable not found. Base class was probably changed.
[2016.04.28-19.54.21:122][  0]LogBlueprint:Warning: [compiler SilenceSpirit] Warning Could not find a variable named "cheapPlayerRef" in 'SilenceSpirit_C'.
Make sure 'SilenceSpirit_C' has been compiled for  Get cheapPlayerRef 
[2016.04.28-19.54.21:122][  0]LogBlueprint:Warning: [compiler SilenceSpirit] Warning Could not find a variable named "cheapPlayerRef" in 'SilenceSpirit_C'.
Make sure 'SilenceSpirit_C' has been compiled for  Set cheapPlayerRef 
[2016.04.28-19.54.21:122][  0]LogBlueprint:Warning: [compiler SilenceSpirit] Warning Could not find a variable named "overlappingPlayer" in 'SilenceSpirit_C'.
Make sure 'SilenceSpirit_C' has been compiled for  Set overlappingPlayer 
[2016.04.28-19.54.21:122][  0]LogBlueprint:Warning: [compiler SilenceSpirit] Warning Could not find a variable named "overlappingPlayer" in 'SilenceSpirit_C'.
Make sure 'SilenceSpirit_C' has been compiled for  Set overlappingPlayer 
[2016.04.28-19.54.21:124][  0]LogBlueprint:Warning: [compiler SilenceSpirit] Warning [0004.89] Compile of SilenceSpirit successful, but with 4 Warning(s) [in 3 ms]
[2016.04.28-19.54.21:124][  0]LogBlueprint:Warning: [compiler SilenceSpirit] Warning [0004.89] Compile of SilenceSpirit successful, but with 5 Warning(s) [in 0 ms]
[2016.04.28-19.54.21:124][  0]LogBlueprint:Warning: [compiler SilenceSpirit] Warning [0004.89] Compile of SilenceSpirit successful, but with 6 Warning(s) [in 0 ms]
[2016.04.28-19.54.21:280][  0]LogBlueprint:Error: [compiler HouseLevel] Error Couldn't find object for bound event node  OnActorBeginOverlap (None) 
[2016.04.28-19.54.21:300][  0]LogBlueprint:Warning: [compiler HouseLevel] Warning [0005.06] Compile of HouseLevel failed. 1 Fatal Issue(s) 0 Warning(s) [in 42 ms]
[2016.04.28-19.54.21:300][  0]LogBlueprint:Warning: [compiler HouseLevel] Warning [0005.06] Compile of HouseLevel failed. 1 Fatal Issue(s) 1 Warning(s) [in 0 ms]
[2016.04.28-19.54.21:300][  0]LogBlueprint:Warning: [compiler HouseLevel] Warning [0005.06] Compile of HouseLevel failed. 1 Fatal Issue(s) 2 Warning(s) [in 0 ms]
[2016.04.28-19.54.21:392][  0]LogBlueprint:Warning: [compiler SilenceSpirit] Warning Could not find a variable named "cheapPlayerRef" in 'SilenceSpirit_C'.
Make sure 'SilenceSpirit_C' has been compiled for  Get cheapPlayerRef 
[2016.04.28-19.54.21:392][  0]LogBlueprint:Warning: [compiler SilenceSpirit] Warning Could not find a variable named "cheapPlayerRef" in 'SilenceSpirit_C'.
Make sure 'SilenceSpirit_C' has been compiled for  Set cheapPlayerRef 
[2016.04.28-19.54.21:392][  0]LogBlueprint:Warning: [compiler SilenceSpirit] Warning Could not find a variable named "overlappingPlayer" in 'SilenceSpirit_C'.
Make sure 'SilenceSpirit_C' has been compiled for  Set overlappingPlayer 
[2016.04.28-19.54.21:392][  0]LogBlueprint:Warning: [compiler SilenceSpirit] Warning Could not find a variable named "overlappingPlayer" in 'SilenceSpirit_C'.
Make sure 'SilenceSpirit_C' has been compiled for  Set overlappingPlayer 
[2016.04.28-19.54.21:394][  0]LogBlueprint:Warning: [compiler SilenceSpirit] Warning [0005.16] Compile of SilenceSpirit successful, but with 4 Warning(s) [in 6 ms]
[2016.04.28-19.54.21:394][  0]LogBlueprint:Warning: [compiler SilenceSpirit] Warning [0005.16] Compile of SilenceSpirit successful, but with 5 Warning(s) [in 0 ms]
[2016.04.28-19.54.21:395][  0]LogBlueprint:Warning: [compiler SilenceSpirit] Warning [0005.16] Compile of SilenceSpirit successful, but with 6 Warning(s) [in 0 ms]
[2016.04.28-19.54.21:435][  0]LogBlueprint:Error: [compiler HouseLevel] Error Couldn't find object for bound event node  OnActorBeginOverlap (None) 
[2016.04.28-19.54.21:454][  0]LogBlueprint:Warning: [compiler HouseLevel] Warning [0005.22] Compile of HouseLevel failed. 1 Fatal Issue(s) 0 Warning(s) [in 44 ms]
[2016.04.28-19.54.21:454][  0]LogBlueprint:Warning: [compiler HouseLevel] Warning [0005.22] Compile of HouseLevel failed. 1 Fatal Issue(s) 1 Warning(s) [in 0 ms]
[2016.04.28-19.54.21:454][  0]LogBlueprint:Warning: [compiler HouseLevel] Warning [0005.22] Compile of HouseLevel failed. 1 Fatal Issue(s) 2 Warning(s) [in 0 ms]
[2016.04.28-19.54.22:305][  0]LogAIModule: Creating AISystem for world HouseLevel
[2016.04.28-19.54.22:307][  0]LogWorld: Game class is 'ThirdPersonGameMode_C'
[2016.04.28-19.54.22:312][  0]LogPhysics:Warning: AddConvexElemsToRigidActor: [/Game/ThirdPersonBP/House.House] ConvexElem[54] invalid
[2016.04.28-19.54.22:313][  0]LogPhysics:Warning: AddConvexElemsToRigidActor: [/Game/ThirdPersonBP/House.House] ConvexElem[77] invalid
[2016.04.28-19.54.22:313][  0]LogPhysics:Warning: AddConvexElemsToRigidActor: [/Game/ThirdPersonBP/House.House] ConvexElem[100] invalid
[2016.04.28-19.54.22:313][  0]LogPhysics:Warning: AddConvexElemsToRigidActor: [/Game/ThirdPersonBP/House.House] ConvexElem[101] invalid
[2016.04.28-19.54.22:313][  0]LogPhysics:Warning: AddConvexElemsToRigidActor: [/Game/ThirdPersonBP/House.House] ConvexElem[102] invalid
[2016.04.28-19.54.22:313][  0]LogPhysics:Warning: AddConvexElemsToRigidActor: [/Game/ThirdPersonBP/House.House] ConvexElem[103] invalid
[2016.04.28-19.54.22:313][  0]LogPhysics:Warning: AddConvexElemsToRigidActor: [/Game/ThirdPersonBP/House.House] ConvexElem[104] invalid
[2016.04.28-19.54.22:340][  0]LogPhysics:Warning: MoveFixedBody: Trying to move component'/Temp/Autosaves/Game/Levels/UEDPCHouseLevel.HouseLevel:PersistentLevel.Diary1_Blueprint_C_0.StaticMeshComponent0' with a non-Movable Mobility.
[2016.04.28-19.54.22:341][  0]LogWorld: Bringing World /Temp/Autosaves/Game/Levels/UEDPCHouseLevel.HouseLevel up for play (max tick rate 0) at 2016.04.28-15.54.22
[2016.04.28-19.54.22:348][  0]LogWorld: Bringing up level for play took: 0.039709
[2016.04.28-19.54.22:353][  0]LogBlueprintUserMessages: [customGameInstance_C_0] 20.0
[2016.04.28-19.54.22:353][  0]LogBlueprintUserMessages: [customGameInstance_C_0] called customgameinstance
[2016.04.28-19.54.22:356][  0]LogInit:Display: Game Engine Initialized.
[2016.04.28-19.54.22:572][  0]LogLoad: Full Startup: 6.33 seconds (BP compile: 0.46 seconds)
[2016.04.28-19.54.22:593][  0]LogWindowsTextInputMethodSystem:Display: IME system now activated using TSF (搜狗拼音输入法).
[2016.04.28-19.54.22:598][  0]LogOcInput: Can't find Oculus library dev build: is proper Runtime installed? Version: 0.8.0.0
[2016.04.28-19.54.22:671][  0]LogRenderer: Reallocating scene render targets to support 128x128 (Frame:1).
[2016.04.28-19.54.22:759][  1]LogRenderer: Reallocating scene render targets to support 1280x720 (Frame:2).
[2016.04.28-19.54.22:987][  6]LogBlueprintUserMessages: [ThirdPersonCharacter_C_0] Landed
[2016.04.28-19.54.28:729][210]LogPackageName: SearchForPackageOnDisk took   0.073s to resolve Main.umap.
[2016.04.28-19.54.28:783][211]LogPackageName: SearchForPackageOnDisk took   0.052s to resolve Main.umap.
[2016.04.28-19.54.28:783][211]LogNet: Browse: /Game/Levels/Main
[2016.04.28-19.54.28:783][211]LogLoad: LoadMap: /Game/Levels/Main
[2016.04.28-19.54.28:829][211]LogParticles: Destroying 0 GPU particle simulations for FXSystem 0x0000004C9F06C7C0
[2016.04.28-19.54.28:868][211]LogMemory: Platform Memory Stats for Windows
[2016.04.28-19.54.28:868][211]LogMemory: Process Physical Memory: 539.63 MB used, 549.11 MB peak
[2016.04.28-19.54.28:868][211]LogMemory: Process Virtual Memory: 482.08 MB used, 494.05 MB peak
[2016.04.28-19.54.28:868][211]LogMemory: Physical Memory: 7429.15 MB used, 16273.04 MB total
[2016.04.28-19.54.28:868][211]LogMemory: Virtual Memory: 1145.57 MB used, 134217728.00 MB total
[2016.04.28-19.54.28:868][211]LogMemory: 
[2016.04.28-19.54.28:868][211]Allocator Stats for TBB: (not implemented)
[2016.04.28-19.54.28:885][211]LogAIModule: Creating AISystem for world Main
[2016.04.28-19.54.28:951][211]LogWorld: Game class is 'ThirdPersonGameMode_C'
[2016.04.28-19.54.28:953][211]LogWorld: Bringing World /Game/Levels/Main.Main up for play (max tick rate 0) at 2016.04.28-15.54.28
[2016.04.28-19.54.28:953][211]LogWorld: Bringing up level for play took: 0.000535
[2016.04.28-19.54.28:953][211]LogGameMode: Warning - PATHS NOT DEFINED or NO PLAYERSTART with positive rating
[2016.04.28-19.54.30:848][313]LogPackageName: SearchForPackageOnDisk took   0.037s to resolve Main.umap.
[2016.04.28-19.54.30:893][314]LogPackageName: SearchForPackageOnDisk took   0.043s to resolve Main.umap.
[2016.04.28-19.54.30:893][314]LogNet: Browse: /Game/Levels/Main
[2016.04.28-19.54.30:893][314]LogLoad: LoadMap: /Game/Levels/Main
[2016.04.28-19.54.30:913][314]LogParticles: Destroying 0 GPU particle simulations for FXSystem 0x0000004C9F06C860
[2016.04.28-19.54.30:935][314]LogMemory: Platform Memory Stats for Windows
[2016.04.28-19.54.30:935][314]LogMemory: Process Physical Memory: 553.45 MB used, 555.84 MB peak
[2016.04.28-19.54.30:935][314]LogMemory: Process Virtual Memory: 493.88 MB used, 496.01 MB peak
[2016.04.28-19.54.30:935][314]LogMemory: Physical Memory: 7437.23 MB used, 16273.04 MB total
[2016.04.28-19.54.30:935][314]LogMemory: Virtual Memory: 1153.88 MB used, 134217728.00 MB total
[2016.04.28-19.54.30:935][314]LogMemory: 
[2016.04.28-19.54.30:935][314]Allocator Stats for TBB: (not implemented)
[2016.04.28-19.54.30:950][314]LogAIModule: Creating AISystem for world Main
[2016.04.28-19.54.31:008][314]LogWorld: Game class is 'ThirdPersonGameMode_C'
[2016.04.28-19.54.31:009][314]LogWorld: Bringing World /Game/Levels/Main.Main up for play (max tick rate 0) at 2016.04.28-15.54.31
[2016.04.28-19.54.31:009][314]LogWorld: Bringing up level for play took: 0.000401
[2016.04.28-19.54.31:009][314]LogGameMode: Warning - PATHS NOT DEFINED or NO PLAYERSTART with positive rating
[2016.04.28-19.54.34:093][497]LogWindowsTextInputMethodSystem:Display: IME system now activated using TSF (搜狗拼音输入法).
[2016.04.28-19.54.34:097][497]LogEngine: All Windows Closed
[2016.04.28-19.54.34:097][497]LogWindows: FPlatformMisc::RequestExit(0)
[2016.04.28-19.54.35:018][498]LogExit: Preparing to exit.
[2016.04.28-19.54.35:155][498]LogExit: Game engine shut down
[2016.04.28-19.54.35:507][498]LogParticles: Destroying 0 GPU particle simulations for FXSystem 0x0000004C9DBE8900
[2016.04.28-19.54.35:507][498]LogExit: Object subsystem successfully closed.
[2016.04.28-19.54.35:531][498]LogD3D11RHI: Shutdown
[2016.04.28-19.54.35:531][498]LogD3D11RHI: CleanupD3DDevice
[2016.04.28-19.54.35:671][498]LogD3D11RHI: ~FD3D11DynamicRHI
[2016.04.28-19.54.35:692][498]LogModuleManager: Shutting down and abandoning module AndroidDeviceDetection (119)
[2016.04.28-19.54.36:637][498]LogModuleManager: Shutting down and abandoning module AutomationController (118)
[2016.04.28-19.54.36:637][498]LogModuleManager: Shutting down and abandoning module AutomationWorker (117)
[2016.04.28-19.54.36:638][498]LogModuleManager: Shutting down and abandoning module CharacterAI (116)
[2016.04.28-19.54.36:638][498]LogModuleManager: Shutting down and abandoning module AITestSuite (115)
[2016.04.28-19.54.36:638][498]LogModuleManager: Shutting down and abandoning module GameplayDebugger (114)
[2016.04.28-19.54.36:638][498]LogModuleManager: Shutting down and abandoning module AIModule (113)
[2016.04.28-19.54.36:638][498]LogModuleManager: Shutting down and abandoning module MovieSceneCapture (112)
[2016.04.28-19.54.36:638][498]LogModuleManager: Shutting down and abandoning module GameLiveStreaming (111)
[2016.04.28-19.54.36:638][498]LogModuleManager: Shutting down and abandoning module StreamingPauseRendering (110)
[2016.04.28-19.54.36:638][498]LogModuleManager: Shutting down and abandoning module ProfilerService (109)
[2016.04.28-19.54.36:708][498]LogModuleManager: Shutting down and abandoning module TaskGraph (108)
[2016.04.28-19.54.36:708][498]LogModuleManager: Shutting down and abandoning module SlateRemote (107)
[2016.04.28-19.54.36:708][498]LogModuleManager: Shutting down and abandoning module SteamVRController (106)
[2016.04.28-19.54.36:708][498]LogModuleManager: Shutting down and abandoning module SteamVR (105)
[2016.04.28-19.54.36:709][498]LogModuleManager: Shutting down and abandoning module ProceduralMeshComponent (104)
[2016.04.28-19.54.36:709][498]LogModuleManager: Shutting down and abandoning module OculusLibrary (103)
[2016.04.28-19.54.36:709][498]LogModuleManager: Shutting down and abandoning module OculusInput (102)
[2016.04.28-19.54.36:709][498]LogModuleManager: Shutting down and abandoning module LeapMotionController (101)
[2016.04.28-19.54.36:738][498]LogModuleManager: Shutting down and abandoning module CustomMeshComponent (100)
[2016.04.28-19.54.36:738][498]LogModuleManager: Shutting down and abandoning module CableComponent (99)
[2016.04.28-19.54.36:738][498]LogModuleManager: Shutting down and abandoning module ArchVisCharacter (98)
[2016.04.28-19.54.36:738][498]LogModuleManager: Shutting down and abandoning module HTML5Networking (97)
[2016.04.28-19.54.36:738][498]LogModuleManager: Shutting down and abandoning module DesktopPlatform (96)
[2016.04.28-19.54.36:738][498]LogModuleManager: Shutting down and abandoning module DirectoryWatcher (95)
[2016.04.28-19.54.36:738][498]LogModuleManager: Shutting down and abandoning module HotReload (94)
[2016.04.28-19.54.36:738][498]LogModuleManager: Shutting down and abandoning module VisualStudioSourceCodeAccess (93)
[2016.04.28-19.54.36:738][498]LogModuleManager: Shutting down and abandoning module UObjectPlugin (92)
[2016.04.28-19.54.36:738][498]LogModuleManager: Shutting down and abandoning module SubversionSourceControl (91)
[2016.04.28-19.54.36:738][498]LogModuleManager: Shutting down and abandoning module SourceControl (90)
[2016.04.28-19.54.36:738][498]LogModuleManager: Shutting down and abandoning module PerforceSourceControl (89)
[2016.04.28-19.54.36:738][498]LogModuleManager: Shutting down and abandoning module FileLogging (88)
[2016.04.28-19.54.36:738][498]LogModuleManager: Shutting down and abandoning module AnalyticsBlueprintLibrary (87)
[2016.04.28-19.54.36:738][498]LogModuleManager: Shutting down and abandoning module UdpMessaging (86)
[2016.04.28-19.54.36:738][498]LogModuleManager: Shutting down and abandoning module LightPropagationVolumeRuntime (85)
[2016.04.28-19.54.36:739][498]LogModuleManager: Shutting down and abandoning module Paper2D (84)
[2016.04.28-19.54.36:739][498]LogModuleManager: Shutting down and abandoning module WindowsMoviePlayer (83)
[2016.04.28-19.54.36:744][498]LogModuleManager: Shutting down and abandoning module Media (82)
[2016.04.28-19.54.36:744][498]LogModuleManager: Shutting down and abandoning module WmfMedia (81)
[2016.04.28-19.54.36:745][498]LogModuleManager: Shutting down and abandoning module OnlineBlueprintSupport (80)
[2016.04.28-19.54.36:745][498]LogModuleManager: Shutting down and abandoning module GameplayTasksEditor (79)
[2016.04.28-19.54.36:745][498]LogModuleManager: Shutting down and abandoning module PropertyEditor (78)
[2016.04.28-19.54.36:745][498]LogModuleManager: Shutting down and abandoning module BehaviorTreeEditor (77)
[2016.04.28-19.54.36:745][498]LogModuleManager: Shutting down and abandoning module FunctionalTesting (76)
[2016.04.28-19.54.36:745][498]LogModuleManager: Shutting down and abandoning module CollisionAnalyzer (75)
[2016.04.28-19.54.36:745][498]LogModuleManager: Shutting down and abandoning module WorkspaceMenuStructure (74)
[2016.04.28-19.54.36:745][498]LogModuleManager: Shutting down and abandoning module MessageLog (73)
[2016.04.28-19.54.36:745][498]LogModuleManager: Shutting down and abandoning module Sequencer (72)
[2016.04.28-19.54.36:745][498]LogModuleManager: Shutting down and abandoning module AssetTools (71)
[2016.04.28-19.54.36:745][498]LogModuleManager: Shutting down and abandoning module UMGEditor (70)
[2016.04.28-19.54.36:745][498]LogModuleManager: Shutting down and abandoning module UMG (69)
[2016.04.28-19.54.36:745][498]LogModuleManager: Shutting down and abandoning module Slate (68)
[2016.04.28-19.54.36:745][498]LogModuleManager: Shutting down and abandoning module EditorStyle (67)
[2016.04.28-19.54.36:748][498]LogModuleManager: Shutting down and abandoning module SessionServices (66)
[2016.04.28-19.54.36:748][498]LogModuleManager: Shutting down and abandoning module SourceCodeAccess (65)
[2016.04.28-19.54.36:748][498]LogModuleManager: Shutting down and abandoning module HeadMountedDisplay (64)
[2016.04.28-19.54.36:748][498]LogModuleManager: Shutting down and abandoning module XAudio2 (63)
[2016.04.28-19.54.36:748][498]LogModuleManager: Shutting down and abandoning module Networking (61)
[2016.04.28-19.54.36:748][498]LogModuleManager: Shutting down and abandoning module Core (60)
[2016.04.28-19.54.36:748][498]LogModuleManager: Shutting down and abandoning module KismetCompiler (59)
[2016.04.28-19.54.36:748][498]LogModuleManager: Shutting down and abandoning module PhysXFormats (58)
[2016.04.28-19.54.36:748][498]LogModuleManager: Shutting down and abandoning module MeshUtilities (57)
[2016.04.28-19.54.36:748][498]LogModuleManager: Shutting down and abandoning module DerivedDataCache (56)
[2016.04.28-19.54.36:957][498]LogDerivedDataCache: Shutdown
[2016.04.28-19.54.36:957][498]LogModuleManager: Shutting down and abandoning module ShaderFormatOpenGL (55)
[2016.04.28-19.54.36:957][498]LogModuleManager: Shutting down and abandoning module ShaderFormatD3D (54)
[2016.04.28-19.54.36:957][498]LogModuleManager: Shutting down and abandoning module MetalShaderFormat (53)
[2016.04.28-19.54.36:957][498]LogModuleManager: Shutting down and abandoning module TextureFormatUncompressed (52)
[2016.04.28-19.54.36:957][498]LogModuleManager: Shutting down and abandoning module TextureFormatPVR (51)
[2016.04.28-19.54.36:957][498]LogModuleManager: Shutting down and abandoning module TextureFormatIntelISPCTexComp (50)
[2016.04.28-19.54.36:957][498]LogModuleManager: Shutting down and abandoning module TextureFormatDXT (49)
[2016.04.28-19.54.36:957][498]LogModuleManager: Shutting down and abandoning module ImageWrapper (48)
[2016.04.28-19.54.36:957][498]LogModuleManager: Shutting down and abandoning module TextureFormatASTC (47)
[2016.04.28-19.54.36:957][498]LogModuleManager: Shutting down and abandoning module TextureFormatAndroid (46)
[2016.04.28-19.54.36:957][498]LogModuleManager: Shutting down and abandoning module AudioFormatOpus (45)
[2016.04.28-19.54.36:957][498]LogModuleManager: Shutting down and abandoning module AudioFormatOgg (44)
[2016.04.28-19.54.36:957][498]LogModuleManager: Shutting down and abandoning module AudioFormatADPCM (43)
[2016.04.28-19.54.36:957][498]LogModuleManager: Shutting down and abandoning module LinuxTargetPlatform (42)
[2016.04.28-19.54.36:957][498]LogModuleManager: Shutting down and abandoning module LinuxServerTargetPlatform (41)
[2016.04.28-19.54.36:958][498]LogModuleManager: Shutting down and abandoning module LinuxNoEditorTargetPlatform (40)
[2016.04.28-19.54.36:958][498]LogModuleManager: Shutting down and abandoning module Messaging (39)
[2016.04.28-19.54.36:958][498]LogModuleManager: Shutting down and abandoning module IOSTargetPlatform (38)
[2016.04.28-19.54.36:958][498]LogModuleManager: Shutting down and abandoning module HTML5TargetPlatform (37)
[2016.04.28-19.54.36:958][498]LogModuleManager: Shutting down and abandoning module Android_PVRTCTargetPlatform (36)
[2016.04.28-19.54.36:958][498]LogModuleManager: Shutting down and abandoning module Android_MultiTargetPlatform (35)
[2016.04.28-19.54.36:958][498]LogModuleManager: Shutting down and abandoning module Android_ETC2TargetPlatform (34)
[2016.04.28-19.54.36:958][498]LogModuleManager: Shutting down and abandoning module Android_ETC1TargetPlatform (33)
[2016.04.28-19.54.36:958][498]LogModuleManager: Shutting down and abandoning module Android_DXTTargetPlatform (32)
[2016.04.28-19.54.36:958][498]LogModuleManager: Shutting down and abandoning module Android_ATCTargetPlatform (31)
[2016.04.28-19.54.36:958][498]LogModuleManager: Shutting down and abandoning module Android_ASTCTargetPlatform (30)
[2016.04.28-19.54.36:958][498]LogModuleManager: Shutting down and abandoning module AndroidTargetPlatform (29)
[2016.04.28-19.54.36:958][498]LogModuleManager: Shutting down and abandoning module WindowsTargetPlatform (28)
[2016.04.28-19.54.36:958][498]LogModuleManager: Shutting down and abandoning module WindowsServerTargetPlatform (27)
[2016.04.28-19.54.36:958][498]LogModuleManager: Shutting down and abandoning module WindowsNoEditorTargetPlatform (26)
[2016.04.28-19.54.36:958][498]LogModuleManager: Shutting down and abandoning module WindowsClientTargetPlatform (25)
[2016.04.28-19.54.36:958][498]LogModuleManager: Shutting down and abandoning module AllDesktopTargetPlatform (24)
[2016.04.28-19.54.36:958][498]LogModuleManager: Shutting down and abandoning module TargetPlatform (23)
[2016.04.28-19.54.36:958][498]LogModuleManager: Shutting down and abandoning module InputCore (22)
[2016.04.28-19.54.36:958][498]LogModuleManager: Shutting down and abandoning module Settings (21)
[2016.04.28-19.54.36:958][498]LogModuleManager: Shutting down and abandoning module OnlineSubsystem (19)
[2016.04.28-19.54.36:958][498]LogModuleManager: Shutting down and abandoning module HTTP (18)
[2016.04.28-19.54.36:958][498]LogModuleManager: Shutting down and abandoning module XMPP (17)
[2016.04.28-19.54.36:958][498]LogModuleManager: Shutting down and abandoning module OculusRift (16)
[2016.04.28-19.54.36:958][498]LogModuleManager: Shutting down and abandoning module ExampleDeviceProfileSelector (15)
[2016.04.28-19.54.36:958][498]LogModuleManager: Shutting down and abandoning module TextureCompressor (14)
[2016.04.28-19.54.36:959][498]LogModuleManager: Shutting down and abandoning module ShaderCore (13)
[2016.04.28-19.54.36:959][498]LogModuleManager: Shutting down and abandoning module Landscape (12)
[2016.04.28-19.54.36:959][498]LogModuleManager: Shutting down and abandoning module SlateRHIRenderer (11)
[2016.04.28-19.54.36:959][498]LogModuleManager: Shutting down and abandoning module OpenGLDrv (10)
[2016.04.28-19.54.36:959][498]LogModuleManager: Shutting down and abandoning module D3D11RHI (9)
[2016.04.28-19.54.36:959][498]LogModuleManager: Shutting down and abandoning module AnimGraphRuntime (8)
[2016.04.28-19.54.36:959][498]LogModuleManager: Shutting down and abandoning module Renderer (7)
[2016.04.28-19.54.36:959][498]LogModuleManager: Shutting down and abandoning module Engine (6)
[2016.04.28-19.54.36:959][498]LogModuleManager: Shutting down and abandoning module CoreUObject (5)
[2016.04.28-19.54.36:959][498]LogModuleManager: Shutting down and abandoning module NetworkFile (4)
[2016.04.28-19.54.36:959][498]LogModuleManager: Shutting down and abandoning module StreamingFile (3)
[2016.04.28-19.54.36:959][498]LogModuleManager: Shutting down and abandoning module SandboxFile (2)
[2016.04.28-19.54.36:959][498]LogModuleManager: Shutting down and abandoning module PakFile (1)
[2016.04.28-19.54.36:962][498]LogExit: Exiting.
[2016.04.28-19.54.36:966][498]Log file closed, 04/28/16 15:54:36
