[2016.04.21-19.55.50:462][  0]Log file open, 04/21/16 15:55:50
[2016.04.21-19.55.50:462][  0]LogInit:Display: Running engine for game: SoundofSilence
[2016.04.21-19.55.50:462][  0]LogPlatformFile: Not using cached read wrapper
[2016.04.21-19.55.50:462][  0]LogInit:Display: RandInit(-610503629) SRandInit(-610503625).
[2016.04.21-19.55.50:462][  0]LogTaskGraph: Started task graph with 4 named threads and 7 total threads.
[2016.04.21-19.55.50:462][  0]LogStats: Stats thread started at 0.151316
[2016.04.21-19.55.50:462][  0]LogInit: Version: 4.10.4-2872498+++depot+UE4-Releases+4.10
[2016.04.21-19.55.50:462][  0]LogInit: API Version: 2758231
[2016.04.21-19.55.50:462][  0]LogInit: Compiled (64-bit): Feb 18 2016 15:47:04
[2016.04.21-19.55.50:462][  0]LogInit: Compiled with Visual C++: 19.00.23026.00
[2016.04.21-19.55.50:462][  0]LogInit: Build Configuration: Development
[2016.04.21-19.55.50:462][  0]LogInit: Branch Name: ++depot+UE4-Releases+4.10
[2016.04.21-19.55.50:462][  0]LogInit: Command line:  /Temp/Autosaves/Game/Levels/UEDPCHouseLevel -game -PIEVIACONSOLE -ResX=1280 -ResY=720  -Multiprocess 
[2016.04.21-19.55.50:462][  0]LogInit: Base directory: D:/Unreal4/Epic Games/4.10/Engine/Binaries/Win64/
[2016.04.21-19.55.50:462][  0]LogInit: Rocket: 1
[2016.04.21-19.55.50:481][  0]LogInit: Using libcurl 7.41.0
[2016.04.21-19.55.50:481][  0]LogInit:  - built for x86_64-pc-win32
[2016.04.21-19.55.50:481][  0]LogInit:  - supports SSL with WinSSL
[2016.04.21-19.55.50:481][  0]LogInit:  - other features:
[2016.04.21-19.55.50:481][  0]LogInit:      CURL_VERSION_SSL
[2016.04.21-19.55.50:481][  0]LogInit:      CURL_VERSION_IPV6
[2016.04.21-19.55.50:481][  0]LogInit:      CURL_VERSION_ASYNCHDNS
[2016.04.21-19.55.50:481][  0]LogInit:      CURL_VERSION_LARGEFILE
[2016.04.21-19.55.50:481][  0]LogInit:      CURL_VERSION_IDN
[2016.04.21-19.55.50:481][  0]LogInit:  CurlRequestOptions (configurable via config and command line):
[2016.04.21-19.55.50:481][  0]LogInit:  - bVerifyPeer = true  - Libcurl will verify peer certificate
[2016.04.21-19.55.50:481][  0]LogInit:  - bUseHttpProxy = false  - Libcurl will NOT use HTTP proxy
[2016.04.21-19.55.50:481][  0]LogInit:  - bDontReuseConnections = false  - Libcurl will reuse connections
[2016.04.21-19.55.50:481][  0]LogInit:  - CertBundlePath = nullptr  - Libcurl will use whatever was configured at build time.
[2016.04.21-19.55.50:500][  0]LogInit: Presizing for 0 objects not considered by GC, pre-allocating 0 bytes.
[2016.04.21-19.55.50:523][  0]LogInit: Object subsystem initialized
[2016.04.21-19.55.50:527][  0]LogInit: Selected Device Profile: [Windows]
[2016.04.21-19.55.50:527][  0]LogInit: Applying CVar settings loaded from the selected device profile: [Windows]
[2016.04.21-19.55.50:535][  0]LogInit: Computer: INDIEGO
[2016.04.21-19.55.50:535][  0]LogInit: User: Indie
[2016.04.21-19.55.50:535][  0]LogInit: CPU Page size=4096, Cores=4
[2016.04.21-19.55.50:535][  0]LogInit: High frequency timer resolution =2.533210 MHz
[2016.04.21-19.55.50:536][  0]LogMemory: Memory total: Physical=15.9GB (16GB approx)
[2016.04.21-19.55.50:536][  0]LogMemory: Platform Memory Stats for Windows
[2016.04.21-19.55.50:536][  0]LogMemory: Process Physical Memory: 55.88 MB used, 55.88 MB peak
[2016.04.21-19.55.50:536][  0]LogMemory: Process Virtual Memory: 56.51 MB used, 56.51 MB peak
[2016.04.21-19.55.50:536][  0]LogMemory: Physical Memory: 4675.90 MB used, 16273.04 MB total
[2016.04.21-19.55.50:536][  0]LogMemory: Virtual Memory: 364.46 MB used, 134217728.00 MB total
[2016.04.21-19.55.50:633][  0]LogTextLocalizationManager: No specific translations for ('en-US') exist, so ('en') translations will be used.
[2016.04.21-19.55.52:003][  0]LogD3D11RHI: Found D3D11 adapter 0: NVIDIA GeForce GTX 960M    (Feature Level 11_0)
[2016.04.21-19.55.52:003][  0]LogD3D11RHI: Adapter has 1972MB of dedicated video memory, 0MB of dedicated system memory, and 2048MB of shared system memory, 1 output[s]
[2016.04.21-19.55.52:024][  0]LogD3D11RHI: Found D3D11 adapter 1: Intel(R) HD Graphics 4600 (Feature Level 11_0)
[2016.04.21-19.55.52:025][  0]LogD3D11RHI: Adapter has 32MB of dedicated video memory, 0MB of dedicated system memory, and 1760MB of shared system memory, 0 output[s]
[2016.04.21-19.55.52:028][  0]LogD3D11RHI: Found D3D11 adapter 2: Microsoft Basic Render Driver (Feature Level 11_0)
[2016.04.21-19.55.52:028][  0]LogD3D11RHI: Adapter has 0MB of dedicated video memory, 0MB of dedicated system memory, and 256MB of shared system memory, 0 output[s]
[2016.04.21-19.55.52:028][  0]LogD3D11RHI: Chosen D3D11 Adapter Id = 0
[2016.04.21-19.55.52:042][  0]LogD3D11RHI: !Direct3DDevice
[2016.04.21-19.55.52:042][  0]LogRHI: Texture pool is 1361 MB (70% of 1945 MB)
[2016.04.21-19.55.52:075][  0]LogD3D11RHI: Async texture creation enabled
[2016.04.21-19.55.52:108][  0]LogShaderCompilers: Guid format shader working directory is -40 characters bigger than the processId version (../../../../../../Sound of Silence/Sound-of-Silence-master (1)/Sound-of-Silence-master/Intermediate/Shaders/WorkingDirectory/8280/).
[2016.04.21-19.55.52:108][  0]LogShaderCompilers: Cleaned the shader compiler working directory 'C:/Users/Indie/AppData/Local/Temp/UnrealShaderWorkingDir/0136626E4FA34AE5108A4BBA748A4CB6/'.
[2016.04.21-19.55.52:109][  0]LogShaderCompilers:Display: Using Local Shader Compiler.
[2016.04.21-19.55.54:756][  0]LogTemp:Display: Loaded TP AllDesktopTargetPlatform
[2016.04.21-19.55.54:769][  0]LogTemp:Display: Loaded TP WindowsClientTargetPlatform
[2016.04.21-19.55.54:781][  0]LogTemp:Display: Loaded TP WindowsNoEditorTargetPlatform
[2016.04.21-19.55.54:794][  0]LogTemp:Display: Loaded TP WindowsServerTargetPlatform
[2016.04.21-19.55.54:806][  0]LogTemp:Display: Loaded TP WindowsTargetPlatform
[2016.04.21-19.55.54:814][  0]LogTemp:Display: Loaded TP AndroidTargetPlatform
[2016.04.21-19.55.54:822][  0]LogTemp:Display: Loaded TP Android_ASTCTargetPlatform
[2016.04.21-19.55.54:831][  0]LogTemp:Display: Loaded TP Android_ATCTargetPlatform
[2016.04.21-19.55.54:839][  0]LogTemp:Display: Loaded TP Android_DXTTargetPlatform
[2016.04.21-19.55.54:848][  0]LogTemp:Display: Loaded TP Android_ETC1TargetPlatform
[2016.04.21-19.55.54:857][  0]LogTemp:Display: Loaded TP Android_ETC2TargetPlatform
[2016.04.21-19.55.54:876][  0]LogTemp:Display: Loaded TP Android_MultiTargetPlatform
[2016.04.21-19.55.54:876][  0]LogTemp:Display: Loaded TP Android_PVRTCTargetPlatform
[2016.04.21-19.55.54:878][  0]LogTemp:Display: Loaded TP HTML5TargetPlatform
[2016.04.21-19.55.54:906][  0]LogTemp:Display: Loaded TP IOSTargetPlatform
[2016.04.21-19.55.54:916][  0]LogTemp:Display: Loaded TP LinuxNoEditorTargetPlatform
[2016.04.21-19.55.54:927][  0]LogTemp:Display: Loaded TP LinuxServerTargetPlatform
[2016.04.21-19.55.54:937][  0]LogTemp:Display: Loaded TP LinuxTargetPlatform
[2016.04.21-19.55.54:937][  0]LogTargetPlatformManager:Display: Building Assets For Windows
[2016.04.21-19.55.55:129][  0]LogDerivedDataCache:Display: Max Cache Size: 512 MB
[2016.04.21-19.55.55:308][  0]LogDerivedDataCache: Loaded boot cache 0.18s 41MB C:/Users/Indie/AppData/Local/UnrealEngine/4.10/DerivedDataCache/Boot.ddc.
[2016.04.21-19.55.55:308][  0]LogDerivedDataCache:Display: Loaded Boot cache: C:/Users/Indie/AppData/Local/UnrealEngine/4.10/DerivedDataCache/Boot.ddc
[2016.04.21-19.55.55:308][  0]LogDerivedDataCache: FDerivedDataBackendGraph:  Pak pak cache file ../../../../../../Sound of Silence/Sound-of-Silence-master (1)/Sound-of-Silence-master/DerivedDataCache/DDC.ddp not found, will not use a pak cache.
[2016.04.21-19.55.55:308][  0]LogDerivedDataCache: Unable to find inner node Pak for hierarchical cache Hierarchy.
[2016.04.21-19.55.55:308][  0]LogDerivedDataCache: FDerivedDataBackendGraph:  CompressedPak pak cache file ../../../../../../Sound of Silence/Sound-of-Silence-master (1)/Sound-of-Silence-master/DerivedDataCache/Compressed.ddp not found, will not use a pak cache.
[2016.04.21-19.55.55:308][  0]LogDerivedDataCache: Unable to find inner node CompressedPak for hierarchical cache Hierarchy.
[2016.04.21-19.55.55:538][  0]LogDerivedDataCache:Display: Pak cache opened for reading ../../../Engine/DerivedDataCache/Compressed.ddp.
[2016.04.21-19.55.55:552][  0]LogDerivedDataCache: Using Local data cache path C:/Users/Indie/AppData/Local/UnrealEngine/Common/DerivedDataCache: Writable
[2016.04.21-19.55.56:092][  0]LogInit: Selected Device Profile: [Windows]
[2016.04.21-19.55.56:102][  0]LogContentStreaming: Texture pool size is 1000.000000MB
[2016.04.21-19.55.56:458][  0]LogMeshUtilities: No automatic mesh reduction module available
[2016.04.21-19.55.56:458][  0]LogMeshUtilities: No automatic mesh merging module available
[2016.04.21-19.55.57:175][  0]LogInit: WinSock: version 1.1 (2.2), MaxSocks=32767, MaxUdp=65467
[2016.04.21-19.55.57:692][  0]LogWindowsMoviePlayer: Unable to load movie: ../../../../../../Sound of Silence/Sound-of-Silence-master (1)/Sound-of-Silence-master/Content/Movies/Default_Startup.mp4
[2016.04.21-19.55.58:057][  0]SourceControl: Info Source control is disabled
[2016.04.21-19.55.58:057][  0]SourceControl: Info Source control is disabled
[2016.04.21-19.55.58:084][  0]SourceControl: Info Source control is disabled
[2016.04.21-19.55.58:483][  0]LogObj: 28035 objects as part of root set at end of initial load.
[2016.04.21-19.55.58:483][  0]LogUObjectAllocator: 5846688 out of 0 bytes used by permanent object pool.
[2016.04.21-19.55.58:685][  0]LogEngine: Initializing Engine...
[2016.04.21-19.55.58:691][  0]LogHMD: Can't find Oculus library dev build: is proper Runtime installed? Version: 0.8.0.0
[2016.04.21-19.55.58:693][  0]LogHMD: SteamVR failed to initialize.  Err: 110
[2016.04.21-19.55.59:025][  0]LogInit: XAudio2 using 'Speakers (Realtek High Definition Audio)' : 2 channels at 48 kHz using 32 bits per sample (channel mask 0x3)
[2016.04.21-19.55.59:049][  0]LogInit: FAudioDevice initialized.
[2016.04.21-19.55.59:057][  0]LogInit: Texture streaming: Enabled
[2016.04.21-19.55.59:375][  0]LogNet: Browse: /Temp/Autosaves/Game/Levels/UEDPCHouseLevel?Name=Player
[2016.04.21-19.55.59:375][  0]LogLoad: LoadMap: /Temp/Autosaves/Game/Levels/UEDPCHouseLevel?Name=Player
[2016.04.21-19.55.59:407][  0]LogParticles: Destroying 0 GPU particle simulations for FXSystem 0x000000D820E351C0
[2016.04.21-19.55.59:439][  0]LogMemory: Platform Memory Stats for Windows
[2016.04.21-19.55.59:439][  0]LogMemory: Process Physical Memory: 373.59 MB used, 373.96 MB peak
[2016.04.21-19.55.59:439][  0]LogMemory: Process Virtual Memory: 333.79 MB used, 337.84 MB peak
[2016.04.21-19.55.59:439][  0]LogMemory: Physical Memory: 4947.90 MB used, 16273.04 MB total
[2016.04.21-19.55.59:439][  0]LogMemory: Virtual Memory: 970.55 MB used, 134217728.00 MB total
[2016.04.21-19.55.59:439][  0]LogMemory: 
[2016.04.21-19.55.59:439][  0]Allocator Stats for TBB: (not implemented)
[2016.04.21-19.56.01:624][  0]LogBlueprint:Warning: [HouseLevel] CreatePinForVariable: 'NPCStatements' variable not found. Base class was probably changed.
[2016.04.21-19.56.01:625][  0]LogBlueprint:Warning: [HouseLevel] CreatePinForVariable: 'CurrentStatement' variable not found. Base class was probably changed.
[2016.04.21-19.56.01:625][  0]LogBlueprint:Warning: [HouseLevel] CreatePinForVariable: 'Box' variable not found. Base class was probably changed.
[2016.04.21-19.56.01:675][  0]LogBlueprint:Warning: [compiler HouseLevel] Warning Could not find a variable named "Box" in 'HouseLevel_C'.
Make sure 'HouseLevel_C' has been compiled for  Get Box 
[2016.04.21-19.56.01:675][  0]LogBlueprint:Warning: [compiler HouseLevel] Warning Could not find a variable named "CurrentStatement" in 'HouseLevel_C'.
Make sure 'HouseLevel_C' has been compiled for  Get CurrentStatement 
[2016.04.21-19.56.01:676][  0]LogBlueprint:Warning: [compiler HouseLevel] Warning Could not find a variable named "NPCStatements" in 'HouseLevel_C'.
Make sure 'HouseLevel_C' has been compiled for  Get NPCStatements 
[2016.04.21-19.56.01:707][  0]LogBlueprint:Warning: [compiler HouseLevel] Warning [0012.05] Compile of HouseLevel successful, but with 3 Warning(s) [in 77 ms]
[2016.04.21-19.56.01:708][  0]LogBlueprint:Warning: [compiler HouseLevel] Warning [0012.05] Compile of HouseLevel successful, but with 4 Warning(s) [in 0 ms]
[2016.04.21-19.56.01:708][  0]LogBlueprint:Warning: [compiler HouseLevel] Warning [0012.05] Compile of HouseLevel successful, but with 5 Warning(s) [in 0 ms]
[2016.04.21-19.56.02:289][  0]LogBlueprint:Warning: [compiler HouseLevel] Warning Could not find a variable named "Box" in 'HouseLevel_C'.
Make sure 'HouseLevel_C' has been compiled for  Get Box 
[2016.04.21-19.56.02:289][  0]LogBlueprint:Warning: [compiler HouseLevel] Warning Could not find a variable named "CurrentStatement" in 'HouseLevel_C'.
Make sure 'HouseLevel_C' has been compiled for  Get CurrentStatement 
[2016.04.21-19.56.02:289][  0]LogBlueprint:Warning: [compiler HouseLevel] Warning Could not find a variable named "NPCStatements" in 'HouseLevel_C'.
Make sure 'HouseLevel_C' has been compiled for  Get NPCStatements 
[2016.04.21-19.56.02:322][  0]LogBlueprint:Warning: [compiler HouseLevel] Warning [0012.66] Compile of HouseLevel successful, but with 3 Warning(s) [in 74 ms]
[2016.04.21-19.56.02:322][  0]LogBlueprint:Warning: [compiler HouseLevel] Warning [0012.66] Compile of HouseLevel successful, but with 4 Warning(s) [in 0 ms]
[2016.04.21-19.56.02:323][  0]LogBlueprint:Warning: [compiler HouseLevel] Warning [0012.66] Compile of HouseLevel successful, but with 5 Warning(s) [in 0 ms]
[2016.04.21-19.56.04:420][  0]LogAIModule: Creating AISystem for world HouseLevel
[2016.04.21-19.56.04:429][  0]LogWorld: Game class is 'ThirdPersonGameMode_C'
[2016.04.21-19.56.04:440][  0]LogPhysics:Warning: AddConvexElemsToRigidActor: [/Game/ThirdPersonBP/House.House] ConvexElem[54] invalid
[2016.04.21-19.56.04:441][  0]LogPhysics:Warning: AddConvexElemsToRigidActor: [/Game/ThirdPersonBP/House.House] ConvexElem[77] invalid
[2016.04.21-19.56.04:441][  0]LogPhysics:Warning: AddConvexElemsToRigidActor: [/Game/ThirdPersonBP/House.House] ConvexElem[100] invalid
[2016.04.21-19.56.04:441][  0]LogPhysics:Warning: AddConvexElemsToRigidActor: [/Game/ThirdPersonBP/House.House] ConvexElem[101] invalid
[2016.04.21-19.56.04:441][  0]LogPhysics:Warning: AddConvexElemsToRigidActor: [/Game/ThirdPersonBP/House.House] ConvexElem[102] invalid
[2016.04.21-19.56.04:441][  0]LogPhysics:Warning: AddConvexElemsToRigidActor: [/Game/ThirdPersonBP/House.House] ConvexElem[103] invalid
[2016.04.21-19.56.04:441][  0]LogPhysics:Warning: AddConvexElemsToRigidActor: [/Game/ThirdPersonBP/House.House] ConvexElem[104] invalid
[2016.04.21-19.56.04:480][  0]LogWorld: Bringing World /Temp/Autosaves/Game/Levels/UEDPCHouseLevel.HouseLevel up for play (max tick rate 0) at 2016.04.21-15.56.04
[2016.04.21-19.56.04:487][  0]LogWorld: Bringing up level for play took: 0.054166
[2016.04.21-19.56.04:500][  0]LogSpawn:Warning: SpawnActor failed because of collision at the spawn location [X=286.310 Y=-1484.710 Z=993.796] for [ThirdPersonCharacter_C]
[2016.04.21-19.56.04:500][  0]LogSpawn:Warning: SpawnActor failed because the spawned actor IsPendingKill
[2016.04.21-19.56.04:500][  0]LogGameMode:Warning: Couldn't spawn Pawn of type ThirdPersonCharacter_C at PlayerStartPIE_0
[2016.04.21-19.56.04:511][  0]LogAnalytics: Creating configured Analytics provider FileLogging
[2016.04.21-19.56.04:513][  0]LogFileLoggingAnalytics:Display: Session created file (../../../../../../Sound of Silence/Sound-of-Silence-master (1)/Sound-of-Silence-master/Saved/Analytics/f7fd99f1d803ebbcafe1a7209dc22344-2016.04.21-15.56.04.analytics) for user (f7fd99f1d803ebbcafe1a7209dc22344)
[2016.04.21-19.56.04:514][  0]LogBlueprintUserMessages: [HouseLevel_C_1] Session starts!true
[2016.04.21-19.56.04:519][  0]LogInit:Display: Game Engine Initialized.
[2016.04.21-19.56.04:756][  0]LogLoad: Full Startup: 15.10 seconds (BP compile: 1.22 seconds)
[2016.04.21-19.56.04:785][  0]LogWindowsTextInputMethodSystem:Display: IME system now activated using TSF (搜狗拼音输入法).
[2016.04.21-19.56.04:804][  0]LogOcInput: Can't find Oculus library dev build: is proper Runtime installed? Version: 0.8.0.0
[2016.04.21-19.56.05:102][  0]LogRenderer: Reallocating scene render targets to support 128x128 (Frame:1).
[2016.04.21-19.56.05:307][  1]LogRenderer: Reallocating scene render targets to support 1280x720 (Frame:2).
[2016.04.21-19.56.05:913][ 30]LogScript:Warning: Accessed None 'CallFunc_GetPlayerPawn_ReturnValue'
	HouseLevel_C /Temp/Autosaves/Game/Levels/UEDPCHouseLevel.HouseLevel:PersistentLevel.HouseLevel_C_1
	Function /Temp/Autosaves/Game/Levels/UEDPCHouseLevel.HouseLevel_C:ExecuteUbergraph_HouseLevel:011F
[2016.04.21-19.56.05:913][ 30]LogAnalytics: Creating configured Analytics provider FileLogging
[2016.04.21-19.56.05:913][ 30]LogFileLoggingAnalytics:Display: Analytics event (Player Location) written with (4) attributes
[2016.04.21-19.56.05:913][ 30]LogScript:Warning: Accessed None 'CallFunc_GetPlayerPawn_ReturnValue'
	HouseLevel_C /Temp/Autosaves/Game/Levels/UEDPCHouseLevel.HouseLevel:PersistentLevel.HouseLevel_C_1
	Function /Temp/Autosaves/Game/Levels/UEDPCHouseLevel.HouseLevel_C:ExecuteUbergraph_HouseLevel:0467
[2016.04.21-19.56.05:913][ 30]LogBlueprintUserMessages: [HouseLevel_C_1] Time: 1/ X: 0.0/ Y: 0.0/ Z: 0.0
[2016.04.21-19.56.06:913][ 92]LogScript:Warning: Accessed None 'CallFunc_GetPlayerPawn_ReturnValue'
	HouseLevel_C /Temp/Autosaves/Game/Levels/UEDPCHouseLevel.HouseLevel:PersistentLevel.HouseLevel_C_1
	Function /Temp/Autosaves/Game/Levels/UEDPCHouseLevel.HouseLevel_C:ExecuteUbergraph_HouseLevel:011F
[2016.04.21-19.56.06:913][ 92]LogAnalytics: Creating configured Analytics provider FileLogging
[2016.04.21-19.56.06:913][ 92]LogFileLoggingAnalytics:Display: Analytics event (Player Location) written with (4) attributes
[2016.04.21-19.56.06:913][ 92]LogScript:Warning: Accessed None 'CallFunc_GetPlayerPawn_ReturnValue'
	HouseLevel_C /Temp/Autosaves/Game/Levels/UEDPCHouseLevel.HouseLevel:PersistentLevel.HouseLevel_C_1
	Function /Temp/Autosaves/Game/Levels/UEDPCHouseLevel.HouseLevel_C:ExecuteUbergraph_HouseLevel:0467
[2016.04.21-19.56.06:914][ 92]LogBlueprintUserMessages: [HouseLevel_C_1] Time: 2/ X: 0.0/ Y: 0.0/ Z: 0.0
[2016.04.21-19.56.07:926][149]LogScript:Warning: Accessed None 'CallFunc_GetPlayerPawn_ReturnValue'
	HouseLevel_C /Temp/Autosaves/Game/Levels/UEDPCHouseLevel.HouseLevel:PersistentLevel.HouseLevel_C_1
	Function /Temp/Autosaves/Game/Levels/UEDPCHouseLevel.HouseLevel_C:ExecuteUbergraph_HouseLevel:011F
[2016.04.21-19.56.07:926][149]LogAnalytics: Creating configured Analytics provider FileLogging
[2016.04.21-19.56.07:926][149]LogFileLoggingAnalytics:Display: Analytics event (Player Location) written with (4) attributes
[2016.04.21-19.56.07:926][149]LogScript:Warning: Accessed None 'CallFunc_GetPlayerPawn_ReturnValue'
	HouseLevel_C /Temp/Autosaves/Game/Levels/UEDPCHouseLevel.HouseLevel:PersistentLevel.HouseLevel_C_1
	Function /Temp/Autosaves/Game/Levels/UEDPCHouseLevel.HouseLevel_C:ExecuteUbergraph_HouseLevel:0467
[2016.04.21-19.56.07:926][149]LogBlueprintUserMessages: [HouseLevel_C_1] Time: 3/ X: 0.0/ Y: 0.0/ Z: 0.0
[2016.04.21-19.56.08:936][209]LogScript:Warning: Accessed None 'CallFunc_GetPlayerPawn_ReturnValue'
	HouseLevel_C /Temp/Autosaves/Game/Levels/UEDPCHouseLevel.HouseLevel:PersistentLevel.HouseLevel_C_1
	Function /Temp/Autosaves/Game/Levels/UEDPCHouseLevel.HouseLevel_C:ExecuteUbergraph_HouseLevel:011F
[2016.04.21-19.56.08:936][209]LogAnalytics: Creating configured Analytics provider FileLogging
[2016.04.21-19.56.08:936][209]LogFileLoggingAnalytics:Display: Analytics event (Player Location) written with (4) attributes
[2016.04.21-19.56.08:936][209]LogScript:Warning: Accessed None 'CallFunc_GetPlayerPawn_ReturnValue'
	HouseLevel_C /Temp/Autosaves/Game/Levels/UEDPCHouseLevel.HouseLevel:PersistentLevel.HouseLevel_C_1
	Function /Temp/Autosaves/Game/Levels/UEDPCHouseLevel.HouseLevel_C:ExecuteUbergraph_HouseLevel:0467
[2016.04.21-19.56.08:936][209]LogBlueprintUserMessages: [HouseLevel_C_1] Time: 4/ X: 0.0/ Y: 0.0/ Z: 0.0
[2016.04.21-19.56.09:936][271]LogScript:Warning: Accessed None 'CallFunc_GetPlayerPawn_ReturnValue'
	HouseLevel_C /Temp/Autosaves/Game/Levels/UEDPCHouseLevel.HouseLevel:PersistentLevel.HouseLevel_C_1
	Function /Temp/Autosaves/Game/Levels/UEDPCHouseLevel.HouseLevel_C:ExecuteUbergraph_HouseLevel:011F
[2016.04.21-19.56.09:936][271]LogAnalytics: Creating configured Analytics provider FileLogging
[2016.04.21-19.56.09:937][271]LogFileLoggingAnalytics:Display: Analytics event (Player Location) written with (4) attributes
[2016.04.21-19.56.09:937][271]LogScript:Warning: Accessed None 'CallFunc_GetPlayerPawn_ReturnValue'
	HouseLevel_C /Temp/Autosaves/Game/Levels/UEDPCHouseLevel.HouseLevel:PersistentLevel.HouseLevel_C_1
	Function /Temp/Autosaves/Game/Levels/UEDPCHouseLevel.HouseLevel_C:ExecuteUbergraph_HouseLevel:0467
[2016.04.21-19.56.09:937][271]LogBlueprintUserMessages: [HouseLevel_C_1] Time: 5/ X: 0.0/ Y: 0.0/ Z: 0.0
[2016.04.21-19.56.10:936][333]LogScript:Warning: Accessed None 'CallFunc_GetPlayerPawn_ReturnValue'
	HouseLevel_C /Temp/Autosaves/Game/Levels/UEDPCHouseLevel.HouseLevel:PersistentLevel.HouseLevel_C_1
	Function /Temp/Autosaves/Game/Levels/UEDPCHouseLevel.HouseLevel_C:ExecuteUbergraph_HouseLevel:011F
[2016.04.21-19.56.10:936][333]LogAnalytics: Creating configured Analytics provider FileLogging
[2016.04.21-19.56.10:936][333]LogFileLoggingAnalytics:Display: Analytics event (Player Location) written with (4) attributes
[2016.04.21-19.56.10:936][333]LogScript:Warning: Accessed None 'CallFunc_GetPlayerPawn_ReturnValue'
	HouseLevel_C /Temp/Autosaves/Game/Levels/UEDPCHouseLevel.HouseLevel:PersistentLevel.HouseLevel_C_1
	Function /Temp/Autosaves/Game/Levels/UEDPCHouseLevel.HouseLevel_C:ExecuteUbergraph_HouseLevel:0467
[2016.04.21-19.56.10:936][333]LogBlueprintUserMessages: [HouseLevel_C_1] Time: 6/ X: 0.0/ Y: 0.0/ Z: 0.0
[2016.04.21-19.56.11:936][395]LogScript:Warning: Accessed None 'CallFunc_GetPlayerPawn_ReturnValue'
	HouseLevel_C /Temp/Autosaves/Game/Levels/UEDPCHouseLevel.HouseLevel:PersistentLevel.HouseLevel_C_1
	Function /Temp/Autosaves/Game/Levels/UEDPCHouseLevel.HouseLevel_C:ExecuteUbergraph_HouseLevel:011F
[2016.04.21-19.56.11:936][395]LogAnalytics: Creating configured Analytics provider FileLogging
[2016.04.21-19.56.11:936][395]LogFileLoggingAnalytics:Display: Analytics event (Player Location) written with (4) attributes
[2016.04.21-19.56.11:936][395]LogScript:Warning: Accessed None 'CallFunc_GetPlayerPawn_ReturnValue'
	HouseLevel_C /Temp/Autosaves/Game/Levels/UEDPCHouseLevel.HouseLevel:PersistentLevel.HouseLevel_C_1
	Function /Temp/Autosaves/Game/Levels/UEDPCHouseLevel.HouseLevel_C:ExecuteUbergraph_HouseLevel:0467
[2016.04.21-19.56.11:936][395]LogBlueprintUserMessages: [HouseLevel_C_1] Time: 7/ X: 0.0/ Y: 0.0/ Z: 0.0
[2016.04.21-19.56.12:936][457]LogScript:Warning: Accessed None 'CallFunc_GetPlayerPawn_ReturnValue'
	HouseLevel_C /Temp/Autosaves/Game/Levels/UEDPCHouseLevel.HouseLevel:PersistentLevel.HouseLevel_C_1
	Function /Temp/Autosaves/Game/Levels/UEDPCHouseLevel.HouseLevel_C:ExecuteUbergraph_HouseLevel:011F
[2016.04.21-19.56.12:936][457]LogAnalytics: Creating configured Analytics provider FileLogging
[2016.04.21-19.56.12:936][457]LogFileLoggingAnalytics:Display: Analytics event (Player Location) written with (4) attributes
[2016.04.21-19.56.12:937][457]LogScript:Warning: Accessed None 'CallFunc_GetPlayerPawn_ReturnValue'
	HouseLevel_C /Temp/Autosaves/Game/Levels/UEDPCHouseLevel.HouseLevel:PersistentLevel.HouseLevel_C_1
	Function /Temp/Autosaves/Game/Levels/UEDPCHouseLevel.HouseLevel_C:ExecuteUbergraph_HouseLevel:0467
[2016.04.21-19.56.12:937][457]LogBlueprintUserMessages: [HouseLevel_C_1] Time: 8/ X: 0.0/ Y: 0.0/ Z: 0.0
[2016.04.21-19.56.13:947][514]LogScript:Warning: Accessed None 'CallFunc_GetPlayerPawn_ReturnValue'
	HouseLevel_C /Temp/Autosaves/Game/Levels/UEDPCHouseLevel.HouseLevel:PersistentLevel.HouseLevel_C_1
	Function /Temp/Autosaves/Game/Levels/UEDPCHouseLevel.HouseLevel_C:ExecuteUbergraph_HouseLevel:011F
[2016.04.21-19.56.13:947][514]LogAnalytics: Creating configured Analytics provider FileLogging
[2016.04.21-19.56.13:947][514]LogFileLoggingAnalytics:Display: Analytics event (Player Location) written with (4) attributes
[2016.04.21-19.56.13:947][514]LogBlueprintUserMessages: [HouseLevel_C_1] Time: 9/ X: 0.0/ Y: 0.0/ Z: 0.0
[2016.04.21-19.56.14:954][575]LogAnalytics: Creating configured Analytics provider FileLogging
[2016.04.21-19.56.14:954][575]LogFileLoggingAnalytics:Display: Analytics event (Player Location) written with (4) attributes
[2016.04.21-19.56.14:954][575]LogBlueprintUserMessages: [HouseLevel_C_1] Time: 10/ X: 0.0/ Y: 0.0/ Z: 0.0
[2016.04.21-19.56.15:955][637]LogAnalytics: Creating configured Analytics provider FileLogging
[2016.04.21-19.56.15:955][637]LogFileLoggingAnalytics:Display: Analytics event (Player Location) written with (4) attributes
[2016.04.21-19.56.15:955][637]LogBlueprintUserMessages: [HouseLevel_C_1] Time: 11/ X: 0.0/ Y: 0.0/ Z: 0.0
[2016.04.21-19.56.16:954][699]LogAnalytics: Creating configured Analytics provider FileLogging
[2016.04.21-19.56.16:954][699]LogFileLoggingAnalytics:Display: Analytics event (Player Location) written with (4) attributes
[2016.04.21-19.56.16:954][699]LogBlueprintUserMessages: [HouseLevel_C_1] Time: 12/ X: 0.0/ Y: 0.0/ Z: 0.0
[2016.04.21-19.56.17:954][761]LogAnalytics: Creating configured Analytics provider FileLogging
[2016.04.21-19.56.17:954][761]LogFileLoggingAnalytics:Display: Analytics event (Player Location) written with (4) attributes
[2016.04.21-19.56.17:954][761]LogBlueprintUserMessages: [HouseLevel_C_1] Time: 13/ X: 0.0/ Y: 0.0/ Z: 0.0
[2016.04.21-19.56.19:097][821]LogWindowsTextInputMethodSystem:Display: IME system now activated using TSF (搜狗拼音输入法).
[2016.04.21-19.56.19:105][821]LogEngine: All Windows Closed
[2016.04.21-19.56.19:105][821]LogWindows: FPlatformMisc::RequestExit(0)
[2016.04.21-19.56.19:751][822]LogExit: Preparing to exit.
[2016.04.21-19.56.19:996][822]LogParticles: Destroying 0 GPU particle simulations for FXSystem 0x000000D82521CD60
[2016.04.21-19.56.19:996][822]LogExit: Game engine shut down
[2016.04.21-19.56.20:563][822]LogExit: Object subsystem successfully closed.
[2016.04.21-19.56.20:592][822]LogD3D11RHI: Shutdown
[2016.04.21-19.56.20:592][822]LogD3D11RHI: CleanupD3DDevice
[2016.04.21-19.56.20:754][822]LogD3D11RHI: ~FD3D11DynamicRHI
[2016.04.21-19.56.20:779][822]LogModuleManager: Shutting down and abandoning module AndroidDeviceDetection (120)
[2016.04.21-19.56.20:789][822]LogModuleManager: Shutting down and abandoning module AutomationController (119)
[2016.04.21-19.56.20:790][822]LogModuleManager: Shutting down and abandoning module AutomationWorker (118)
[2016.04.21-19.56.20:790][822]LogModuleManager: Shutting down and abandoning module CharacterAI (117)
[2016.04.21-19.56.20:790][822]LogModuleManager: Shutting down and abandoning module Analytics (116)
[2016.04.21-19.56.20:790][822]LogModuleManager: Shutting down and abandoning module AITestSuite (115)
[2016.04.21-19.56.20:790][822]LogModuleManager: Shutting down and abandoning module GameplayDebugger (114)
[2016.04.21-19.56.20:790][822]LogModuleManager: Shutting down and abandoning module AIModule (113)
[2016.04.21-19.56.20:790][822]LogModuleManager: Shutting down and abandoning module MovieSceneCapture (112)
[2016.04.21-19.56.20:790][822]LogModuleManager: Shutting down and abandoning module GameLiveStreaming (111)
[2016.04.21-19.56.20:790][822]LogModuleManager: Shutting down and abandoning module StreamingPauseRendering (110)
[2016.04.21-19.56.20:790][822]LogModuleManager: Shutting down and abandoning module ProfilerService (109)
[2016.04.21-19.56.20:892][822]LogModuleManager: Shutting down and abandoning module TaskGraph (108)
[2016.04.21-19.56.20:892][822]LogModuleManager: Shutting down and abandoning module SlateRemote (107)
[2016.04.21-19.56.20:893][822]LogModuleManager: Shutting down and abandoning module SteamVRController (106)
[2016.04.21-19.56.20:893][822]LogModuleManager: Shutting down and abandoning module SteamVR (105)
[2016.04.21-19.56.20:893][822]LogModuleManager: Shutting down and abandoning module ProceduralMeshComponent (104)
[2016.04.21-19.56.20:893][822]LogModuleManager: Shutting down and abandoning module OculusLibrary (103)
[2016.04.21-19.56.20:893][822]LogModuleManager: Shutting down and abandoning module OculusInput (102)
[2016.04.21-19.56.20:893][822]LogModuleManager: Shutting down and abandoning module LeapMotionController (101)
[2016.04.21-19.56.20:935][822]LogModuleManager: Shutting down and abandoning module CustomMeshComponent (100)
[2016.04.21-19.56.20:935][822]LogModuleManager: Shutting down and abandoning module CableComponent (99)
[2016.04.21-19.56.20:935][822]LogModuleManager: Shutting down and abandoning module ArchVisCharacter (98)
[2016.04.21-19.56.20:935][822]LogModuleManager: Shutting down and abandoning module HTML5Networking (97)
[2016.04.21-19.56.20:935][822]LogModuleManager: Shutting down and abandoning module DesktopPlatform (96)
[2016.04.21-19.56.20:935][822]LogModuleManager: Shutting down and abandoning module DirectoryWatcher (95)
[2016.04.21-19.56.20:935][822]LogModuleManager: Shutting down and abandoning module HotReload (94)
[2016.04.21-19.56.20:935][822]LogModuleManager: Shutting down and abandoning module VisualStudioSourceCodeAccess (93)
[2016.04.21-19.56.20:935][822]LogModuleManager: Shutting down and abandoning module UObjectPlugin (92)
[2016.04.21-19.56.20:935][822]LogModuleManager: Shutting down and abandoning module SubversionSourceControl (91)
[2016.04.21-19.56.20:935][822]LogModuleManager: Shutting down and abandoning module SourceControl (90)
[2016.04.21-19.56.20:935][822]LogModuleManager: Shutting down and abandoning module PerforceSourceControl (89)
[2016.04.21-19.56.20:935][822]LogModuleManager: Shutting down and abandoning module FileLogging (88)
[2016.04.21-19.56.20:942][822]LogFileLoggingAnalytics:Display: Session ended for user (f7fd99f1d803ebbcafe1a7209dc22344) and session id (f7fd99f1d803ebbcafe1a7209dc22344-2016.04.21-15.56.04)
[2016.04.21-19.56.20:942][822]LogModuleManager: Shutting down and abandoning module AnalyticsBlueprintLibrary (87)
[2016.04.21-19.56.20:942][822]LogModuleManager: Shutting down and abandoning module UdpMessaging (86)
[2016.04.21-19.56.20:942][822]LogModuleManager: Shutting down and abandoning module LightPropagationVolumeRuntime (85)
[2016.04.21-19.56.20:942][822]LogModuleManager: Shutting down and abandoning module Paper2D (84)
[2016.04.21-19.56.20:942][822]LogModuleManager: Shutting down and abandoning module WindowsMoviePlayer (83)
[2016.04.21-19.56.20:955][822]LogModuleManager: Shutting down and abandoning module Media (82)
[2016.04.21-19.56.20:955][822]LogModuleManager: Shutting down and abandoning module WmfMedia (81)
[2016.04.21-19.56.20:955][822]LogModuleManager: Shutting down and abandoning module OnlineBlueprintSupport (80)
[2016.04.21-19.56.20:955][822]LogModuleManager: Shutting down and abandoning module GameplayTasksEditor (79)
[2016.04.21-19.56.20:955][822]LogModuleManager: Shutting down and abandoning module PropertyEditor (78)
[2016.04.21-19.56.20:956][822]LogModuleManager: Shutting down and abandoning module BehaviorTreeEditor (77)
[2016.04.21-19.56.20:956][822]LogModuleManager: Shutting down and abandoning module FunctionalTesting (76)
[2016.04.21-19.56.20:956][822]LogModuleManager: Shutting down and abandoning module CollisionAnalyzer (75)
[2016.04.21-19.56.20:956][822]LogModuleManager: Shutting down and abandoning module WorkspaceMenuStructure (74)
[2016.04.21-19.56.20:956][822]LogModuleManager: Shutting down and abandoning module MessageLog (73)
[2016.04.21-19.56.20:956][822]LogModuleManager: Shutting down and abandoning module Sequencer (72)
[2016.04.21-19.56.20:956][822]LogModuleManager: Shutting down and abandoning module AssetTools (71)
[2016.04.21-19.56.20:956][822]LogModuleManager: Shutting down and abandoning module UMGEditor (70)
[2016.04.21-19.56.20:956][822]LogModuleManager: Shutting down and abandoning module UMG (69)
[2016.04.21-19.56.20:956][822]LogModuleManager: Shutting down and abandoning module Slate (68)
[2016.04.21-19.56.20:956][822]LogModuleManager: Shutting down and abandoning module EditorStyle (67)
[2016.04.21-19.56.20:962][822]LogModuleManager: Shutting down and abandoning module SessionServices (66)
[2016.04.21-19.56.20:962][822]LogModuleManager: Shutting down and abandoning module SourceCodeAccess (65)
[2016.04.21-19.56.20:962][822]LogModuleManager: Shutting down and abandoning module HeadMountedDisplay (64)
[2016.04.21-19.56.20:962][822]LogModuleManager: Shutting down and abandoning module XAudio2 (63)
[2016.04.21-19.56.20:962][822]LogModuleManager: Shutting down and abandoning module Networking (61)
[2016.04.21-19.56.20:962][822]LogModuleManager: Shutting down and abandoning module Core (60)
[2016.04.21-19.56.20:962][822]LogModuleManager: Shutting down and abandoning module KismetCompiler (59)
[2016.04.21-19.56.20:962][822]LogModuleManager: Shutting down and abandoning module PhysXFormats (58)
[2016.04.21-19.56.20:962][822]LogModuleManager: Shutting down and abandoning module MeshUtilities (57)
[2016.04.21-19.56.20:962][822]LogModuleManager: Shutting down and abandoning module DerivedDataCache (56)
[2016.04.21-19.56.21:103][822]LogDerivedDataCache: Shutdown
[2016.04.21-19.56.21:103][822]LogModuleManager: Shutting down and abandoning module ShaderFormatOpenGL (55)
[2016.04.21-19.56.21:103][822]LogModuleManager: Shutting down and abandoning module ShaderFormatD3D (54)
[2016.04.21-19.56.21:103][822]LogModuleManager: Shutting down and abandoning module MetalShaderFormat (53)
[2016.04.21-19.56.21:103][822]LogModuleManager: Shutting down and abandoning module TextureFormatUncompressed (52)
[2016.04.21-19.56.21:103][822]LogModuleManager: Shutting down and abandoning module TextureFormatPVR (51)
[2016.04.21-19.56.21:103][822]LogModuleManager: Shutting down and abandoning module TextureFormatIntelISPCTexComp (50)
[2016.04.21-19.56.21:103][822]LogModuleManager: Shutting down and abandoning module TextureFormatDXT (49)
[2016.04.21-19.56.21:103][822]LogModuleManager: Shutting down and abandoning module ImageWrapper (48)
[2016.04.21-19.56.21:103][822]LogModuleManager: Shutting down and abandoning module TextureFormatASTC (47)
[2016.04.21-19.56.21:103][822]LogModuleManager: Shutting down and abandoning module TextureFormatAndroid (46)
[2016.04.21-19.56.21:104][822]LogModuleManager: Shutting down and abandoning module AudioFormatOpus (45)
[2016.04.21-19.56.21:104][822]LogModuleManager: Shutting down and abandoning module AudioFormatOgg (44)
[2016.04.21-19.56.21:104][822]LogModuleManager: Shutting down and abandoning module AudioFormatADPCM (43)
[2016.04.21-19.56.21:104][822]LogModuleManager: Shutting down and abandoning module LinuxTargetPlatform (42)
[2016.04.21-19.56.21:104][822]LogModuleManager: Shutting down and abandoning module LinuxServerTargetPlatform (41)
[2016.04.21-19.56.21:104][822]LogModuleManager: Shutting down and abandoning module LinuxNoEditorTargetPlatform (40)
[2016.04.21-19.56.21:104][822]LogModuleManager: Shutting down and abandoning module Messaging (39)
[2016.04.21-19.56.21:104][822]LogModuleManager: Shutting down and abandoning module IOSTargetPlatform (38)
[2016.04.21-19.56.21:104][822]LogModuleManager: Shutting down and abandoning module HTML5TargetPlatform (37)
[2016.04.21-19.56.21:104][822]LogModuleManager: Shutting down and abandoning module Android_PVRTCTargetPlatform (36)
[2016.04.21-19.56.21:104][822]LogModuleManager: Shutting down and abandoning module Android_MultiTargetPlatform (35)
[2016.04.21-19.56.21:104][822]LogModuleManager: Shutting down and abandoning module Android_ETC2TargetPlatform (34)
[2016.04.21-19.56.21:104][822]LogModuleManager: Shutting down and abandoning module Android_ETC1TargetPlatform (33)
[2016.04.21-19.56.21:104][822]LogModuleManager: Shutting down and abandoning module Android_DXTTargetPlatform (32)
[2016.04.21-19.56.21:104][822]LogModuleManager: Shutting down and abandoning module Android_ATCTargetPlatform (31)
[2016.04.21-19.56.21:104][822]LogModuleManager: Shutting down and abandoning module Android_ASTCTargetPlatform (30)
[2016.04.21-19.56.21:104][822]LogModuleManager: Shutting down and abandoning module AndroidTargetPlatform (29)
[2016.04.21-19.56.21:104][822]LogModuleManager: Shutting down and abandoning module WindowsTargetPlatform (28)
[2016.04.21-19.56.21:104][822]LogModuleManager: Shutting down and abandoning module WindowsServerTargetPlatform (27)
[2016.04.21-19.56.21:104][822]LogModuleManager: Shutting down and abandoning module WindowsNoEditorTargetPlatform (26)
[2016.04.21-19.56.21:104][822]LogModuleManager: Shutting down and abandoning module WindowsClientTargetPlatform (25)
[2016.04.21-19.56.21:104][822]LogModuleManager: Shutting down and abandoning module AllDesktopTargetPlatform (24)
[2016.04.21-19.56.21:104][822]LogModuleManager: Shutting down and abandoning module TargetPlatform (23)
[2016.04.21-19.56.21:104][822]LogModuleManager: Shutting down and abandoning module InputCore (22)
[2016.04.21-19.56.21:104][822]LogModuleManager: Shutting down and abandoning module Settings (21)
[2016.04.21-19.56.21:104][822]LogModuleManager: Shutting down and abandoning module OnlineSubsystem (19)
[2016.04.21-19.56.21:104][822]LogModuleManager: Shutting down and abandoning module HTTP (18)
[2016.04.21-19.56.21:105][822]LogModuleManager: Shutting down and abandoning module XMPP (17)
[2016.04.21-19.56.21:105][822]LogModuleManager: Shutting down and abandoning module OculusRift (16)
[2016.04.21-19.56.21:105][822]LogModuleManager: Shutting down and abandoning module ExampleDeviceProfileSelector (15)
[2016.04.21-19.56.21:105][822]LogModuleManager: Shutting down and abandoning module TextureCompressor (14)
[2016.04.21-19.56.21:105][822]LogModuleManager: Shutting down and abandoning module ShaderCore (13)
[2016.04.21-19.56.21:105][822]LogModuleManager: Shutting down and abandoning module Landscape (12)
[2016.04.21-19.56.21:105][822]LogModuleManager: Shutting down and abandoning module SlateRHIRenderer (11)
[2016.04.21-19.56.21:105][822]LogModuleManager: Shutting down and abandoning module OpenGLDrv (10)
[2016.04.21-19.56.21:105][822]LogModuleManager: Shutting down and abandoning module D3D11RHI (9)
[2016.04.21-19.56.21:105][822]LogModuleManager: Shutting down and abandoning module AnimGraphRuntime (8)
[2016.04.21-19.56.21:105][822]LogModuleManager: Shutting down and abandoning module Renderer (7)
[2016.04.21-19.56.21:105][822]LogModuleManager: Shutting down and abandoning module Engine (6)
[2016.04.21-19.56.21:105][822]LogModuleManager: Shutting down and abandoning module CoreUObject (5)
[2016.04.21-19.56.21:105][822]LogModuleManager: Shutting down and abandoning module NetworkFile (4)
[2016.04.21-19.56.21:105][822]LogModuleManager: Shutting down and abandoning module StreamingFile (3)
[2016.04.21-19.56.21:106][822]LogModuleManager: Shutting down and abandoning module SandboxFile (2)
[2016.04.21-19.56.21:106][822]LogModuleManager: Shutting down and abandoning module PakFile (1)
[2016.04.21-19.56.21:109][822]LogExit: Exiting.
[2016.04.21-19.56.21:114][822]Log file closed, 04/21/16 15:56:21
