[2016.04.26-17.41.25:380][  0]Log file open, 04/26/16 13:41:25
[2016.04.26-17.41.25:380][  0]LogInit:Display: Running engine for game: SoundofSilence
[2016.04.26-17.41.25:380][  0]LogPlatformFile: Not using cached read wrapper
[2016.04.26-17.41.25:380][  0]LogInit:Display: RandInit(-305408920) SRandInit(-305408916).
[2016.04.26-17.41.25:380][  0]LogTaskGraph: Started task graph with 4 named threads and 7 total threads.
[2016.04.26-17.41.25:380][  0]LogStats: Stats thread started at 0.148352
[2016.04.26-17.41.25:380][  0]LogInit: Version: 4.10.4-2872498+++depot+UE4-Releases+4.10
[2016.04.26-17.41.25:380][  0]LogInit: API Version: 2758231
[2016.04.26-17.41.25:380][  0]LogInit: Compiled (64-bit): Feb 18 2016 15:47:04
[2016.04.26-17.41.25:380][  0]LogInit: Compiled with Visual C++: 19.00.23026.00
[2016.04.26-17.41.25:380][  0]LogInit: Build Configuration: Development
[2016.04.26-17.41.25:380][  0]LogInit: Branch Name: ++depot+UE4-Releases+4.10
[2016.04.26-17.41.25:380][  0]LogInit: Command line:  /Temp/Autosaves/Game/Levels/UEDPCHouseLevel -game -PIEVIACONSOLE -ResX=1280 -ResY=720  -Multiprocess 
[2016.04.26-17.41.25:380][  0]LogInit: Base directory: D:/Unreal4/Epic Games/4.10/Engine/Binaries/Win64/
[2016.04.26-17.41.25:380][  0]LogInit: Rocket: 1
[2016.04.26-17.41.25:399][  0]LogInit: Using libcurl 7.41.0
[2016.04.26-17.41.25:399][  0]LogInit:  - built for x86_64-pc-win32
[2016.04.26-17.41.25:399][  0]LogInit:  - supports SSL with WinSSL
[2016.04.26-17.41.25:399][  0]LogInit:  - other features:
[2016.04.26-17.41.25:399][  0]LogInit:      CURL_VERSION_SSL
[2016.04.26-17.41.25:399][  0]LogInit:      CURL_VERSION_IPV6
[2016.04.26-17.41.25:399][  0]LogInit:      CURL_VERSION_ASYNCHDNS
[2016.04.26-17.41.25:399][  0]LogInit:      CURL_VERSION_LARGEFILE
[2016.04.26-17.41.25:399][  0]LogInit:      CURL_VERSION_IDN
[2016.04.26-17.41.25:399][  0]LogInit:  CurlRequestOptions (configurable via config and command line):
[2016.04.26-17.41.25:399][  0]LogInit:  - bVerifyPeer = true  - Libcurl will verify peer certificate
[2016.04.26-17.41.25:399][  0]LogInit:  - bUseHttpProxy = false  - Libcurl will NOT use HTTP proxy
[2016.04.26-17.41.25:399][  0]LogInit:  - bDontReuseConnections = false  - Libcurl will reuse connections
[2016.04.26-17.41.25:399][  0]LogInit:  - CertBundlePath = nullptr  - Libcurl will use whatever was configured at build time.
[2016.04.26-17.41.25:417][  0]LogInit: Presizing for 0 objects not considered by GC, pre-allocating 0 bytes.
[2016.04.26-17.41.25:442][  0]LogInit: Object subsystem initialized
[2016.04.26-17.41.25:446][  0]LogInit: Selected Device Profile: [Windows]
[2016.04.26-17.41.25:446][  0]LogInit: Applying CVar settings loaded from the selected device profile: [Windows]
[2016.04.26-17.41.25:453][  0]LogInit: Computer: INDIEGO
[2016.04.26-17.41.25:453][  0]LogInit: User: Indie
[2016.04.26-17.41.25:454][  0]LogInit: CPU Page size=4096, Cores=4
[2016.04.26-17.41.25:454][  0]LogInit: High frequency timer resolution =2.533210 MHz
[2016.04.26-17.41.25:454][  0]LogMemory: Memory total: Physical=15.9GB (16GB approx)
[2016.04.26-17.41.25:454][  0]LogMemory: Platform Memory Stats for Windows
[2016.04.26-17.41.25:454][  0]LogMemory: Process Physical Memory: 54.86 MB used, 54.86 MB peak
[2016.04.26-17.41.25:454][  0]LogMemory: Process Virtual Memory: 56.66 MB used, 56.66 MB peak
[2016.04.26-17.41.25:454][  0]LogMemory: Physical Memory: 5032.62 MB used, 16273.04 MB total
[2016.04.26-17.41.25:454][  0]LogMemory: Virtual Memory: 364.59 MB used, 134217728.00 MB total
[2016.04.26-17.41.25:543][  0]LogTextLocalizationManager: No specific translations for ('en-US') exist, so ('en') translations will be used.
[2016.04.26-17.41.26:904][  0]LogD3D11RHI: Found D3D11 adapter 0: NVIDIA GeForce GTX 960M    (Feature Level 11_0)
[2016.04.26-17.41.26:904][  0]LogD3D11RHI: Adapter has 1972MB of dedicated video memory, 0MB of dedicated system memory, and 2048MB of shared system memory, 1 output[s]
[2016.04.26-17.41.26:925][  0]LogD3D11RHI: Found D3D11 adapter 1: Intel(R) HD Graphics 4600 (Feature Level 11_0)
[2016.04.26-17.41.26:925][  0]LogD3D11RHI: Adapter has 32MB of dedicated video memory, 0MB of dedicated system memory, and 1760MB of shared system memory, 0 output[s]
[2016.04.26-17.41.26:928][  0]LogD3D11RHI: Found D3D11 adapter 2: Microsoft Basic Render Driver (Feature Level 11_0)
[2016.04.26-17.41.26:928][  0]LogD3D11RHI: Adapter has 0MB of dedicated video memory, 0MB of dedicated system memory, and 256MB of shared system memory, 0 output[s]
[2016.04.26-17.41.26:928][  0]LogD3D11RHI: Chosen D3D11 Adapter Id = 0
[2016.04.26-17.41.26:940][  0]LogD3D11RHI: !Direct3DDevice
[2016.04.26-17.41.26:940][  0]LogRHI: Texture pool is 1361 MB (70% of 1945 MB)
[2016.04.26-17.41.26:972][  0]LogD3D11RHI: Async texture creation enabled
[2016.04.26-17.41.27:003][  0]LogShaderCompilers: Guid format shader working directory is -40 characters bigger than the processId version (../../../../../../Sound of Silence/Sound-of-Silence-master (1)/Sound-of-Silence-master/Intermediate/Shaders/WorkingDirectory/9556/).
[2016.04.26-17.41.27:003][  0]LogShaderCompilers: Cleaned the shader compiler working directory 'C:/Users/Indie/AppData/Local/Temp/UnrealShaderWorkingDir/F5BBEE764543B76E243EEE8113A739C8/'.
[2016.04.26-17.41.27:003][  0]LogShaderCompilers:Display: Using Local Shader Compiler.
[2016.04.26-17.41.29:609][  0]LogTemp:Display: Loaded TP AllDesktopTargetPlatform
[2016.04.26-17.41.29:621][  0]LogTemp:Display: Loaded TP WindowsClientTargetPlatform
[2016.04.26-17.41.29:634][  0]LogTemp:Display: Loaded TP WindowsNoEditorTargetPlatform
[2016.04.26-17.41.29:646][  0]LogTemp:Display: Loaded TP WindowsServerTargetPlatform
[2016.04.26-17.41.29:657][  0]LogTemp:Display: Loaded TP WindowsTargetPlatform
[2016.04.26-17.41.29:665][  0]LogTemp:Display: Loaded TP AndroidTargetPlatform
[2016.04.26-17.41.29:673][  0]LogTemp:Display: Loaded TP Android_ASTCTargetPlatform
[2016.04.26-17.41.29:681][  0]LogTemp:Display: Loaded TP Android_ATCTargetPlatform
[2016.04.26-17.41.29:689][  0]LogTemp:Display: Loaded TP Android_DXTTargetPlatform
[2016.04.26-17.41.29:698][  0]LogTemp:Display: Loaded TP Android_ETC1TargetPlatform
[2016.04.26-17.41.29:707][  0]LogTemp:Display: Loaded TP Android_ETC2TargetPlatform
[2016.04.26-17.41.29:724][  0]LogTemp:Display: Loaded TP Android_MultiTargetPlatform
[2016.04.26-17.41.29:724][  0]LogTemp:Display: Loaded TP Android_PVRTCTargetPlatform
[2016.04.26-17.41.29:726][  0]LogTemp:Display: Loaded TP HTML5TargetPlatform
[2016.04.26-17.41.29:754][  0]LogTemp:Display: Loaded TP IOSTargetPlatform
[2016.04.26-17.41.29:763][  0]LogTemp:Display: Loaded TP LinuxNoEditorTargetPlatform
[2016.04.26-17.41.29:772][  0]LogTemp:Display: Loaded TP LinuxServerTargetPlatform
[2016.04.26-17.41.29:782][  0]LogTemp:Display: Loaded TP LinuxTargetPlatform
[2016.04.26-17.41.29:782][  0]LogTargetPlatformManager:Display: Building Assets For Windows
[2016.04.26-17.41.29:973][  0]LogDerivedDataCache:Display: Max Cache Size: 512 MB
[2016.04.26-17.41.30:120][  0]LogDerivedDataCache: Loaded boot cache 0.15s 41MB C:/Users/Indie/AppData/Local/UnrealEngine/4.10/DerivedDataCache/Boot.ddc.
[2016.04.26-17.41.30:120][  0]LogDerivedDataCache:Display: Loaded Boot cache: C:/Users/Indie/AppData/Local/UnrealEngine/4.10/DerivedDataCache/Boot.ddc
[2016.04.26-17.41.30:120][  0]LogDerivedDataCache: FDerivedDataBackendGraph:  Pak pak cache file ../../../../../../Sound of Silence/Sound-of-Silence-master (1)/Sound-of-Silence-master/DerivedDataCache/DDC.ddp not found, will not use a pak cache.
[2016.04.26-17.41.30:120][  0]LogDerivedDataCache: Unable to find inner node Pak for hierarchical cache Hierarchy.
[2016.04.26-17.41.30:120][  0]LogDerivedDataCache: FDerivedDataBackendGraph:  CompressedPak pak cache file ../../../../../../Sound of Silence/Sound-of-Silence-master (1)/Sound-of-Silence-master/DerivedDataCache/Compressed.ddp not found, will not use a pak cache.
[2016.04.26-17.41.30:120][  0]LogDerivedDataCache: Unable to find inner node CompressedPak for hierarchical cache Hierarchy.
[2016.04.26-17.41.30:341][  0]LogDerivedDataCache:Display: Pak cache opened for reading ../../../Engine/DerivedDataCache/Compressed.ddp.
[2016.04.26-17.41.30:355][  0]LogDerivedDataCache: Using Local data cache path C:/Users/Indie/AppData/Local/UnrealEngine/Common/DerivedDataCache: Writable
[2016.04.26-17.41.30:893][  0]LogInit: Selected Device Profile: [Windows]
[2016.04.26-17.41.30:902][  0]LogContentStreaming: Texture pool size is 1000.000000MB
[2016.04.26-17.41.31:247][  0]LogMeshUtilities: No automatic mesh reduction module available
[2016.04.26-17.41.31:247][  0]LogMeshUtilities: No automatic mesh merging module available
[2016.04.26-17.41.31:906][  0]LogInit: WinSock: version 1.1 (2.2), MaxSocks=32767, MaxUdp=65467
[2016.04.26-17.41.32:382][  0]LogWindowsMoviePlayer: Unable to load movie: ../../../../../../Sound of Silence/Sound-of-Silence-master (1)/Sound-of-Silence-master/Content/Movies/Default_Startup.mp4
[2016.04.26-17.41.32:665][  0]SourceControl: Info Source control is disabled
[2016.04.26-17.41.32:666][  0]SourceControl: Info Source control is disabled
[2016.04.26-17.41.32:692][  0]SourceControl: Info Source control is disabled
[2016.04.26-17.41.33:083][  0]LogObj: 28035 objects as part of root set at end of initial load.
[2016.04.26-17.41.33:083][  0]LogUObjectAllocator: 5846696 out of 0 bytes used by permanent object pool.
[2016.04.26-17.41.33:255][  0]LogEngine: Initializing Engine...
[2016.04.26-17.41.33:262][  0]LogHMD: Can't find Oculus library dev build: is proper Runtime installed? Version: 0.8.0.0
[2016.04.26-17.41.33:264][  0]LogHMD: SteamVR failed to initialize.  Err: 110
[2016.04.26-17.41.33:580][  0]LogInit: XAudio2 using 'Speakers (Realtek High Definition Audio)' : 2 channels at 48 kHz using 32 bits per sample (channel mask 0x3)
[2016.04.26-17.41.33:610][  0]LogInit: FAudioDevice initialized.
[2016.04.26-17.41.33:618][  0]LogInit: Texture streaming: Enabled
[2016.04.26-17.41.33:897][  0]LogNet: Browse: /Temp/Autosaves/Game/Levels/UEDPCHouseLevel?Name=Player
[2016.04.26-17.41.33:897][  0]LogLoad: LoadMap: /Temp/Autosaves/Game/Levels/UEDPCHouseLevel?Name=Player
[2016.04.26-17.41.33:930][  0]LogParticles: Destroying 0 GPU particle simulations for FXSystem 0x000000AF2B5711C0
[2016.04.26-17.41.33:963][  0]LogMemory: Platform Memory Stats for Windows
[2016.04.26-17.41.33:963][  0]LogMemory: Process Physical Memory: 367.04 MB used, 367.42 MB peak
[2016.04.26-17.41.33:963][  0]LogMemory: Process Virtual Memory: 330.62 MB used, 333.06 MB peak
[2016.04.26-17.41.33:963][  0]LogMemory: Physical Memory: 5307.25 MB used, 16273.04 MB total
[2016.04.26-17.41.33:963][  0]LogMemory: Virtual Memory: 866.80 MB used, 134217728.00 MB total
[2016.04.26-17.41.33:963][  0]LogMemory: 
[2016.04.26-17.41.33:963][  0]Allocator Stats for TBB: (not implemented)
[2016.04.26-17.41.39:073][  0]LogAIModule: Creating AISystem for world HouseLevel
[2016.04.26-17.41.39:094][  0]LogWorld: Game class is 'ThirdPersonGameMode_C'
[2016.04.26-17.41.39:110][  0]LogPhysics:Warning: AddConvexElemsToRigidActor: [/Game/ThirdPersonBP/House.House] ConvexElem[54] invalid
[2016.04.26-17.41.39:110][  0]LogPhysics:Warning: AddConvexElemsToRigidActor: [/Game/ThirdPersonBP/House.House] ConvexElem[77] invalid
[2016.04.26-17.41.39:114][  0]LogPhysics:Warning: AddConvexElemsToRigidActor: [/Game/ThirdPersonBP/House.House] ConvexElem[100] invalid
[2016.04.26-17.41.39:114][  0]LogPhysics:Warning: AddConvexElemsToRigidActor: [/Game/ThirdPersonBP/House.House] ConvexElem[101] invalid
[2016.04.26-17.41.39:114][  0]LogPhysics:Warning: AddConvexElemsToRigidActor: [/Game/ThirdPersonBP/House.House] ConvexElem[102] invalid
[2016.04.26-17.41.39:114][  0]LogPhysics:Warning: AddConvexElemsToRigidActor: [/Game/ThirdPersonBP/House.House] ConvexElem[103] invalid
[2016.04.26-17.41.39:114][  0]LogPhysics:Warning: AddConvexElemsToRigidActor: [/Game/ThirdPersonBP/House.House] ConvexElem[104] invalid
[2016.04.26-17.41.39:161][  0]LogWorld: Bringing World /Temp/Autosaves/Game/Levels/UEDPCHouseLevel.HouseLevel up for play (max tick rate 0) at 2016.04.26-13.41.39
[2016.04.26-17.41.39:166][  0]LogWorld: Bringing up level for play took: 0.068515
[2016.04.26-17.41.39:183][  0]LogAnalytics: Creating configured Analytics provider FileLogging
[2016.04.26-17.41.39:184][  0]LogFileLoggingAnalytics:Display: Session created file (../../../../../../Sound of Silence/Sound-of-Silence-master (1)/Sound-of-Silence-master/Saved/Analytics/f7fd99f1d803ebbcafe1a7209dc22344-2016.04.26-13.41.39.analytics) for user (f7fd99f1d803ebbcafe1a7209dc22344)
[2016.04.26-17.41.39:184][  0]LogBlueprintUserMessages: [HouseLevel_C_1] Session starts!true
[2016.04.26-17.41.39:188][  0]LogInit:Display: Game Engine Initialized.
[2016.04.26-17.41.39:423][  0]LogLoad: Full Startup: 14.83 seconds (BP compile: 1.28 seconds)
[2016.04.26-17.41.39:440][  0]LogWindowsTextInputMethodSystem:Display: IME system now deactivated.
[2016.04.26-17.41.39:447][  0]LogOcInput: Can't find Oculus library dev build: is proper Runtime installed? Version: 0.8.0.0
[2016.04.26-17.41.39:742][  0]LogRenderer: Reallocating scene render targets to support 128x128 (Frame:1).
[2016.04.26-17.41.39:915][  0]LogRenderer: Reallocating scene render targets to support 1280x720 (Frame:2).
[2016.04.26-17.41.39:915][  0]LogScript:Warning: Divide by zero: Divide_FloatFloat
[2016.04.26-17.41.39:915][  0]LogScript:Warning: Divide by zero: Divide_FloatFloat
[2016.04.26-17.41.39:921][  1]LogBlueprintUserMessages: [ThirdPersonCharacter_C_0] Landed
[2016.04.26-17.41.39:932][  1]LogScript:Warning: Divide by zero: Divide_FloatFloat
[2016.04.26-17.41.40:151][  2]LogScript:Warning: Divide by zero: Divide_FloatFloat
[2016.04.26-17.41.40:168][  3]LogScript:Warning: Divide by zero: Divide_FloatFloat
[2016.04.26-17.41.40:186][  4]LogScript:Warning: Divide by zero: Divide_FloatFloat
[2016.04.26-17.41.40:216][  5]LogScript:Warning: Divide by zero: Divide_FloatFloat
[2016.04.26-17.41.40:247][  6]LogScript:Warning: Divide by zero: Divide_FloatFloat
[2016.04.26-17.41.40:265][  7]LogScript:Warning: Divide by zero: Divide_FloatFloat
[2016.04.26-17.41.40:283][  8]LogScript:Warning: Divide by zero: Divide_FloatFloat
[2016.04.26-17.41.40:302][  9]LogScript:Warning: Divide by zero: Divide_FloatFloat
[2016.04.26-17.41.40:332][ 10]LogScript:Warning: Divide by zero: Divide_FloatFloat
[2016.04.26-17.41.40:346][ 11]LogScript:Warning: Divide by zero: Divide_FloatFloat
[2016.04.26-17.41.40:362][ 12]LogScript:Warning: Divide by zero: Divide_FloatFloat
[2016.04.26-17.41.40:379][ 13]LogScript:Warning: Divide by zero: Divide_FloatFloat
[2016.04.26-17.41.40:395][ 14]LogScript:Warning: Divide by zero: Divide_FloatFloat
[2016.04.26-17.41.40:411][ 15]LogScript:Warning: Divide by zero: Divide_FloatFloat
[2016.04.26-17.41.40:428][ 16]LogScript:Warning: Divide by zero: Divide_FloatFloat
[2016.04.26-17.41.40:447][ 17]LogScript:Warning: Divide by zero: Divide_FloatFloat
[2016.04.26-17.41.40:463][ 18]LogScript:Warning: Divide by zero: Divide_FloatFloat
[2016.04.26-17.41.40:481][ 19]LogScript:Warning: Divide by zero: Divide_FloatFloat
[2016.04.26-17.41.40:493][ 20]LogScript:Warning: Divide by zero: Divide_FloatFloat
[2016.04.26-17.41.40:509][ 21]LogScript:Warning: Divide by zero: Divide_FloatFloat
[2016.04.26-17.41.40:522][ 22]LogAnalytics: Creating configured Analytics provider FileLogging
[2016.04.26-17.41.40:522][ 22]LogFileLoggingAnalytics:Display: Analytics event (Player Location) written with (4) attributes
[2016.04.26-17.41.40:522][ 22]LogBlueprintUserMessages: [HouseLevel_C_1] Time: 1/ X: 600.0/ Y: -100.0/ Z: 221.793091
[2016.04.26-17.41.40:530][ 22]LogScript:Warning: Divide by zero: Divide_FloatFloat
[2016.04.26-17.41.40:544][ 23]LogScript:Warning: Divide by zero: Divide_FloatFloat
[2016.04.26-17.41.40:559][ 24]LogScript:Warning: Divide by zero: Divide_FloatFloat
[2016.04.26-17.41.40:576][ 25]LogScript:Warning: Divide by zero: Divide_FloatFloat
[2016.04.26-17.41.40:592][ 26]LogScript:Warning: Divide by zero: Divide_FloatFloat
[2016.04.26-17.41.40:607][ 27]LogScript:Warning: Divide by zero: Divide_FloatFloat
[2016.04.26-17.41.40:623][ 28]LogScript:Warning: Divide by zero: Divide_FloatFloat
[2016.04.26-17.41.40:640][ 29]LogScript:Warning: Divide by zero: Divide_FloatFloat
[2016.04.26-17.41.40:657][ 30]LogScript:Warning: Divide by zero: Divide_FloatFloat
[2016.04.26-17.41.40:671][ 31]LogScript:Warning: Divide by zero: Divide_FloatFloat
[2016.04.26-17.41.40:687][ 32]LogScript:Warning: Divide by zero: Divide_FloatFloat
[2016.04.26-17.41.40:705][ 33]LogScript:Warning: Divide by zero: Divide_FloatFloat
[2016.04.26-17.41.40:720][ 34]LogScript:Warning: Divide by zero: Divide_FloatFloat
[2016.04.26-17.41.40:737][ 35]LogScript:Warning: Divide by zero: Divide_FloatFloat
[2016.04.26-17.41.40:754][ 36]LogScript:Warning: Divide by zero: Divide_FloatFloat
[2016.04.26-17.41.40:769][ 37]LogScript:Warning: Divide by zero: Divide_FloatFloat
[2016.04.26-17.41.40:785][ 38]LogScript:Warning: Divide by zero: Divide_FloatFloat
[2016.04.26-17.41.40:802][ 39]LogScript:Warning: Divide by zero: Divide_FloatFloat
[2016.04.26-17.41.40:818][ 40]LogScript:Warning: Divide by zero: Divide_FloatFloat
[2016.04.26-17.41.40:834][ 41]LogScript:Warning: Divide by zero: Divide_FloatFloat
[2016.04.26-17.41.40:850][ 42]LogScript:Warning: Divide by zero: Divide_FloatFloat
[2016.04.26-17.41.40:866][ 43]LogScript:Warning: Divide by zero: Divide_FloatFloat
[2016.04.26-17.41.40:882][ 44]LogScript:Warning: Divide by zero: Divide_FloatFloat
[2016.04.26-17.41.40:898][ 45]LogScript:Warning: Divide by zero: Divide_FloatFloat
[2016.04.26-17.41.40:914][ 46]LogScript:Warning: Divide by zero: Divide_FloatFloat
[2016.04.26-17.41.40:931][ 47]LogScript:Warning: Divide by zero: Divide_FloatFloat
[2016.04.26-17.41.40:946][ 48]LogScript:Warning: Divide by zero: Divide_FloatFloat
[2016.04.26-17.41.40:963][ 49]LogScript:Warning: Divide by zero: Divide_FloatFloat
[2016.04.26-17.41.40:978][ 50]LogScript:Warning: Divide by zero: Divide_FloatFloat
[2016.04.26-17.41.40:995][ 51]LogScript:Warning: Divide by zero: Divide_FloatFloat
[2016.04.26-17.41.41:011][ 52]LogScript:Warning: Divide by zero: Divide_FloatFloat
[2016.04.26-17.41.41:027][ 53]LogScript:Warning: Divide by zero: Divide_FloatFloat
[2016.04.26-17.41.41:043][ 54]LogScript:Warning: Divide by zero: Divide_FloatFloat
[2016.04.26-17.41.41:059][ 55]LogScript:Warning: Divide by zero: Divide_FloatFloat
[2016.04.26-17.41.41:075][ 56]LogScript:Warning: Divide by zero: Divide_FloatFloat
[2016.04.26-17.41.41:091][ 57]LogScript:Warning: Divide by zero: Divide_FloatFloat
[2016.04.26-17.41.41:107][ 58]LogScript:Warning: Divide by zero: Divide_FloatFloat
[2016.04.26-17.41.41:123][ 59]LogScript:Warning: Divide by zero: Divide_FloatFloat
[2016.04.26-17.41.41:139][ 60]LogScript:Warning: Divide by zero: Divide_FloatFloat
[2016.04.26-17.41.41:156][ 61]LogScript:Warning: Divide by zero: Divide_FloatFloat
[2016.04.26-17.41.41:172][ 62]LogScript:Warning: Divide by zero: Divide_FloatFloat
[2016.04.26-17.41.41:188][ 63]LogScript:Warning: Divide by zero: Divide_FloatFloat
[2016.04.26-17.41.41:204][ 64]LogScript:Warning: Divide by zero: Divide_FloatFloat
[2016.04.26-17.41.41:220][ 65]LogScript:Warning: Divide by zero: Divide_FloatFloat
[2016.04.26-17.41.41:236][ 66]LogScript:Warning: Divide by zero: Divide_FloatFloat
[2016.04.26-17.41.41:252][ 67]LogScript:Warning: Divide by zero: Divide_FloatFloat
[2016.04.26-17.41.41:268][ 68]LogScript:Warning: Divide by zero: Divide_FloatFloat
[2016.04.26-17.41.41:285][ 69]LogScript:Warning: Divide by zero: Divide_FloatFloat
[2016.04.26-17.41.41:301][ 70]LogScript:Warning: Divide by zero: Divide_FloatFloat
[2016.04.26-17.41.41:317][ 71]LogScript:Warning: Divide by zero: Divide_FloatFloat
[2016.04.26-17.41.41:333][ 72]LogScript:Warning: Divide by zero: Divide_FloatFloat
[2016.04.26-17.41.41:349][ 73]LogScript:Warning: Divide by zero: Divide_FloatFloat
[2016.04.26-17.41.41:365][ 74]LogScript:Warning: Divide by zero: Divide_FloatFloat
[2016.04.26-17.41.41:381][ 75]LogScript:Warning: Divide by zero: Divide_FloatFloat
[2016.04.26-17.41.41:398][ 76]LogScript:Warning: Divide by zero: Divide_FloatFloat
[2016.04.26-17.41.41:414][ 77]LogScript:Warning: Divide by zero: Divide_FloatFloat
[2016.04.26-17.41.41:430][ 78]LogScript:Warning: Divide by zero: Divide_FloatFloat
[2016.04.26-17.41.41:446][ 79]LogScript:Warning: Divide by zero: Divide_FloatFloat
[2016.04.26-17.41.41:462][ 80]LogScript:Warning: Divide by zero: Divide_FloatFloat
[2016.04.26-17.41.41:478][ 81]LogScript:Warning: Divide by zero: Divide_FloatFloat
[2016.04.26-17.41.41:494][ 82]LogScript:Warning: Divide by zero: Divide_FloatFloat
[2016.04.26-17.41.41:510][ 83]LogScript:Warning: Divide by zero: Divide_FloatFloat
[2016.04.26-17.41.41:523][ 84]LogAnalytics: Creating configured Analytics provider FileLogging
[2016.04.26-17.41.41:523][ 84]LogFileLoggingAnalytics:Display: Analytics event (Player Location) written with (4) attributes
[2016.04.26-17.41.41:523][ 84]LogBlueprintUserMessages: [HouseLevel_C_1] Time: 2/ X: 600.0/ Y: -100.0/ Z: 221.793091
[2016.04.26-17.41.41:527][ 84]LogScript:Warning: Divide by zero: Divide_FloatFloat
[2016.04.26-17.41.41:543][ 85]LogScript:Warning: Divide by zero: Divide_FloatFloat
[2016.04.26-17.41.41:559][ 86]LogScript:Warning: Divide by zero: Divide_FloatFloat
[2016.04.26-17.41.41:575][ 87]LogScript:Warning: Divide by zero: Divide_FloatFloat
[2016.04.26-17.41.41:591][ 88]LogScript:Warning: Divide by zero: Divide_FloatFloat
[2016.04.26-17.41.41:607][ 89]LogScript:Warning: Divide by zero: Divide_FloatFloat
[2016.04.26-17.41.41:623][ 90]LogScript:Warning: Divide by zero: Divide_FloatFloat
[2016.04.26-17.41.41:639][ 91]LogScript:Warning: Divide by zero: Divide_FloatFloat
[2016.04.26-17.41.41:655][ 92]LogScript:Warning: Divide by zero: Divide_FloatFloat
[2016.04.26-17.41.41:671][ 93]LogScript:Warning: Divide by zero: Divide_FloatFloat
[2016.04.26-17.41.41:688][ 94]LogScript:Warning: Divide by zero: Divide_FloatFloat
[2016.04.26-17.41.41:704][ 95]LogScript:Warning: Divide by zero: Divide_FloatFloat
[2016.04.26-17.41.41:720][ 96]LogScript:Warning: Divide by zero: Divide_FloatFloat
[2016.04.26-17.41.41:736][ 97]LogScript:Warning: Divide by zero: Divide_FloatFloat
[2016.04.26-17.41.41:752][ 98]LogScript:Warning: Divide by zero: Divide_FloatFloat
[2016.04.26-17.41.41:768][ 99]LogScript:Warning: Divide by zero: Divide_FloatFloat
[2016.04.26-17.41.41:784][100]LogScript:Warning: Divide by zero: Divide_FloatFloat
[2016.04.26-17.41.41:801][101]LogScript:Warning: Divide by zero: Divide_FloatFloat
[2016.04.26-17.41.41:817][102]LogScript:Warning: Divide by zero: Divide_FloatFloat
[2016.04.26-17.41.41:833][103]LogScript:Warning: Divide by zero: Divide_FloatFloat
[2016.04.26-17.41.41:849][104]LogScript:Warning: Divide by zero: Divide_FloatFloat
[2016.04.26-17.41.41:865][105]LogScript:Warning: Divide by zero: Divide_FloatFloat
[2016.04.26-17.41.41:881][106]LogScript:Warning: Divide by zero: Divide_FloatFloat
[2016.04.26-17.41.41:897][107]LogScript:Warning: Divide by zero: Divide_FloatFloat
[2016.04.26-17.41.41:914][108]LogScript:Warning: Divide by zero: Divide_FloatFloat
[2016.04.26-17.41.41:914][108]LogScript:Warning: Divide by zero: Divide_FloatFloat
[2016.04.26-17.41.41:930][109]LogScript:Warning: Divide by zero: Divide_FloatFloat
[2016.04.26-17.41.41:947][110]LogScript:Warning: Divide by zero: Divide_FloatFloat
[2016.04.26-17.41.41:963][111]LogScript:Warning: Divide by zero: Divide_FloatFloat
[2016.04.26-17.41.41:979][112]LogScript:Warning: Divide by zero: Divide_FloatFloat
[2016.04.26-17.41.41:995][113]LogScript:Warning: Divide by zero: Divide_FloatFloat
[2016.04.26-17.41.42:011][114]LogScript:Warning: Divide by zero: Divide_FloatFloat
[2016.04.26-17.41.42:027][115]LogScript:Warning: Divide by zero: Divide_FloatFloat
[2016.04.26-17.41.42:043][116]LogScript:Warning: Divide by zero: Divide_FloatFloat
[2016.04.26-17.41.42:059][117]LogScript:Warning: Divide by zero: Divide_FloatFloat
[2016.04.26-17.41.42:075][118]LogScript:Warning: Divide by zero: Divide_FloatFloat
[2016.04.26-17.41.42:091][119]LogScript:Warning: Divide by zero: Divide_FloatFloat
[2016.04.26-17.41.42:107][120]LogScript:Warning: Divide by zero: Divide_FloatFloat
[2016.04.26-17.41.42:124][121]LogScript:Warning: Divide by zero: Divide_FloatFloat
[2016.04.26-17.41.42:140][122]LogScript:Warning: Divide by zero: Divide_FloatFloat
[2016.04.26-17.41.42:155][123]LogScript:Warning: Divide by zero: Divide_FloatFloat
[2016.04.26-17.41.42:172][124]LogScript:Warning: Divide by zero: Divide_FloatFloat
[2016.04.26-17.41.42:188][125]LogScript:Warning: Divide by zero: Divide_FloatFloat
[2016.04.26-17.41.42:204][126]LogScript:Warning: Divide by zero: Divide_FloatFloat
[2016.04.26-17.41.42:220][127]LogScript:Warning: Divide by zero: Divide_FloatFloat
[2016.04.26-17.41.42:236][128]LogScript:Warning: Divide by zero: Divide_FloatFloat
[2016.04.26-17.41.42:252][129]LogScript:Warning: Divide by zero: Divide_FloatFloat
[2016.04.26-17.41.42:269][130]LogScript:Warning: Divide by zero: Divide_FloatFloat
[2016.04.26-17.41.42:285][131]LogScript:Warning: Divide by zero: Divide_FloatFloat
[2016.04.26-17.41.42:301][132]LogScript:Warning: Divide by zero: Divide_FloatFloat
[2016.04.26-17.41.42:317][133]LogScript:Warning: Divide by zero: Divide_FloatFloat
[2016.04.26-17.41.42:333][134]LogScript:Warning: Divide by zero: Divide_FloatFloat
[2016.04.26-17.41.42:349][135]LogScript:Warning: Divide by zero: Divide_FloatFloat
[2016.04.26-17.41.42:365][136]LogScript:Warning: Divide by zero: Divide_FloatFloat
[2016.04.26-17.41.42:382][137]LogScript:Warning: Divide by zero: Divide_FloatFloat
[2016.04.26-17.41.42:398][138]LogScript:Warning: Divide by zero: Divide_FloatFloat
[2016.04.26-17.41.42:414][139]LogScript:Warning: Divide by zero: Divide_FloatFloat
[2016.04.26-17.41.42:430][140]LogScript:Warning: Divide by zero: Divide_FloatFloat
[2016.04.26-17.41.42:446][141]LogScript:Warning: Divide by zero: Divide_FloatFloat
[2016.04.26-17.41.42:462][142]LogScript:Warning: Divide by zero: Divide_FloatFloat
[2016.04.26-17.41.42:479][143]LogScript:Warning: Divide by zero: Divide_FloatFloat
[2016.04.26-17.41.42:495][144]LogScript:Warning: Divide by zero: Divide_FloatFloat
[2016.04.26-17.41.42:510][145]LogScript:Warning: Divide by zero: Divide_FloatFloat
[2016.04.26-17.41.42:523][146]LogAnalytics: Creating configured Analytics provider FileLogging
[2016.04.26-17.41.42:523][146]LogFileLoggingAnalytics:Display: Analytics event (Player Location) written with (4) attributes
[2016.04.26-17.41.42:523][146]LogBlueprintUserMessages: [HouseLevel_C_1] Time: 3/ X: 600.0/ Y: -100.0/ Z: 221.793091
[2016.04.26-17.41.42:528][146]LogScript:Warning: Divide by zero: Divide_FloatFloat
[2016.04.26-17.41.42:543][147]LogScript:Warning: Divide by zero: Divide_FloatFloat
[2016.04.26-17.41.42:559][148]LogScript:Warning: Divide by zero: Divide_FloatFloat
[2016.04.26-17.41.42:576][149]LogScript:Warning: Divide by zero: Divide_FloatFloat
[2016.04.26-17.41.42:592][150]LogScript:Warning: Divide by zero: Divide_FloatFloat
[2016.04.26-17.41.42:609][151]LogScript:Warning: Divide by zero: Divide_FloatFloat
[2016.04.26-17.41.42:626][152]LogScript:Warning: Divide by zero: Divide_FloatFloat
[2016.04.26-17.41.42:641][153]LogScript:Warning: Divide by zero: Divide_FloatFloat
[2016.04.26-17.41.42:656][154]LogScript:Warning: Divide by zero: Divide_FloatFloat
[2016.04.26-17.41.42:672][155]LogScript:Warning: Divide by zero: Divide_FloatFloat
[2016.04.26-17.41.42:688][156]LogScript:Warning: Divide by zero: Divide_FloatFloat
[2016.04.26-17.41.42:705][157]LogScript:Warning: Divide by zero: Divide_FloatFloat
[2016.04.26-17.41.42:720][158]LogScript:Warning: Divide by zero: Divide_FloatFloat
[2016.04.26-17.41.42:737][159]LogScript:Warning: Divide by zero: Divide_FloatFloat
[2016.04.26-17.41.42:752][160]LogScript:Warning: Divide by zero: Divide_FloatFloat
[2016.04.26-17.41.42:768][161]LogScript:Warning: Divide by zero: Divide_FloatFloat
[2016.04.26-17.41.42:785][162]LogScript:Warning: Divide by zero: Divide_FloatFloat
[2016.04.26-17.41.42:800][163]LogScript:Warning: Divide by zero: Divide_FloatFloat
[2016.04.26-17.41.42:817][164]LogScript:Warning: Divide by zero: Divide_FloatFloat
[2016.04.26-17.41.42:833][165]LogScript:Warning: Divide by zero: Divide_FloatFloat
[2016.04.26-17.41.42:849][166]LogScript:Warning: Divide by zero: Divide_FloatFloat
[2016.04.26-17.41.42:865][167]LogScript:Warning: Divide by zero: Divide_FloatFloat
[2016.04.26-17.41.42:882][168]LogScript:Warning: Divide by zero: Divide_FloatFloat
[2016.04.26-17.41.42:898][169]LogScript:Warning: Divide by zero: Divide_FloatFloat
[2016.04.26-17.41.42:914][170]LogScript:Warning: Divide by zero: Divide_FloatFloat
[2016.04.26-17.41.42:930][171]LogScript:Warning: Divide by zero: Divide_FloatFloat
[2016.04.26-17.41.42:946][172]LogScript:Warning: Divide by zero: Divide_FloatFloat
[2016.04.26-17.41.42:962][173]LogScript:Warning: Divide by zero: Divide_FloatFloat
[2016.04.26-17.41.42:978][174]LogScript:Warning: Divide by zero: Divide_FloatFloat
[2016.04.26-17.41.42:994][175]LogScript:Warning: Divide by zero: Divide_FloatFloat
[2016.04.26-17.41.43:010][176]LogScript:Warning: Divide by zero: Divide_FloatFloat
[2016.04.26-17.41.43:026][177]LogScript:Warning: Divide by zero: Divide_FloatFloat
[2016.04.26-17.41.43:043][178]LogScript:Warning: Divide by zero: Divide_FloatFloat
[2016.04.26-17.41.43:058][179]LogScript:Warning: Divide by zero: Divide_FloatFloat
[2016.04.26-17.41.43:075][180]LogScript:Warning: Divide by zero: Divide_FloatFloat
[2016.04.26-17.41.43:091][181]LogScript:Warning: Divide by zero: Divide_FloatFloat
[2016.04.26-17.41.43:107][182]LogScript:Warning: Divide by zero: Divide_FloatFloat
[2016.04.26-17.41.43:123][183]LogScript:Warning: Divide by zero: Divide_FloatFloat
[2016.04.26-17.41.43:139][184]LogScript:Warning: Divide by zero: Divide_FloatFloat
[2016.04.26-17.41.43:155][185]LogScript:Warning: Divide by zero: Divide_FloatFloat
[2016.04.26-17.41.43:171][186]LogScript:Warning: Divide by zero: Divide_FloatFloat
[2016.04.26-17.41.43:187][187]LogScript:Warning: Divide by zero: Divide_FloatFloat
[2016.04.26-17.41.43:204][188]LogScript:Warning: Divide by zero: Divide_FloatFloat
[2016.04.26-17.41.43:220][189]LogScript:Warning: Divide by zero: Divide_FloatFloat
[2016.04.26-17.41.43:237][190]LogScript:Warning: Divide by zero: Divide_FloatFloat
[2016.04.26-17.41.43:252][191]LogScript:Warning: Divide by zero: Divide_FloatFloat
[2016.04.26-17.41.43:269][192]LogScript:Warning: Divide by zero: Divide_FloatFloat
[2016.04.26-17.41.43:285][193]LogScript:Warning: Divide by zero: Divide_FloatFloat
[2016.04.26-17.41.43:301][194]LogScript:Warning: Divide by zero: Divide_FloatFloat
[2016.04.26-17.41.43:317][195]LogScript:Warning: Divide by zero: Divide_FloatFloat
[2016.04.26-17.41.43:333][196]LogScript:Warning: Divide by zero: Divide_FloatFloat
[2016.04.26-17.41.43:350][197]LogScript:Warning: Divide by zero: Divide_FloatFloat
[2016.04.26-17.41.43:366][198]LogScript:Warning: Divide by zero: Divide_FloatFloat
[2016.04.26-17.41.43:382][199]LogScript:Warning: Divide by zero: Divide_FloatFloat
[2016.04.26-17.41.43:398][200]LogScript:Warning: Divide by zero: Divide_FloatFloat
[2016.04.26-17.41.43:414][201]LogScript:Warning: Divide by zero: Divide_FloatFloat
[2016.04.26-17.41.43:430][202]LogScript:Warning: Divide by zero: Divide_FloatFloat
[2016.04.26-17.41.43:449][203]LogScript:Warning: Divide by zero: Divide_FloatFloat
[2016.04.26-17.41.43:465][204]LogScript:Warning: Divide by zero: Divide_FloatFloat
[2016.04.26-17.41.43:481][205]LogScript:Warning: Divide by zero: Divide_FloatFloat
[2016.04.26-17.41.43:512][206]LogScript:Warning: Divide by zero: Divide_FloatFloat
[2016.04.26-17.41.43:525][207]LogAnalytics: Creating configured Analytics provider FileLogging
[2016.04.26-17.41.43:525][207]LogFileLoggingAnalytics:Display: Analytics event (Player Location) written with (4) attributes
[2016.04.26-17.41.43:525][207]LogBlueprintUserMessages: [HouseLevel_C_1] Time: 4/ X: 600.0/ Y: -100.0/ Z: 221.793091
[2016.04.26-17.41.43:530][207]LogScript:Warning: Divide by zero: Divide_FloatFloat
[2016.04.26-17.41.43:547][208]LogScript:Warning: Divide by zero: Divide_FloatFloat
[2016.04.26-17.41.43:561][209]LogScript:Warning: Divide by zero: Divide_FloatFloat
[2016.04.26-17.41.43:578][210]LogScript:Warning: Divide by zero: Divide_FloatFloat
[2016.04.26-17.41.43:593][211]LogScript:Warning: Divide by zero: Divide_FloatFloat
[2016.04.26-17.41.43:609][212]LogScript:Warning: Divide by zero: Divide_FloatFloat
[2016.04.26-17.41.43:626][213]LogScript:Warning: Divide by zero: Divide_FloatFloat
[2016.04.26-17.41.43:642][214]LogScript:Warning: Divide by zero: Divide_FloatFloat
[2016.04.26-17.41.43:658][215]LogScript:Warning: Divide by zero: Divide_FloatFloat
[2016.04.26-17.41.43:674][216]LogScript:Warning: Divide by zero: Divide_FloatFloat
[2016.04.26-17.41.43:689][217]LogScript:Warning: Divide by zero: Divide_FloatFloat
[2016.04.26-17.41.43:706][218]LogScript:Warning: Divide by zero: Divide_FloatFloat
[2016.04.26-17.41.43:722][219]LogScript:Warning: Divide by zero: Divide_FloatFloat
[2016.04.26-17.41.43:738][220]LogScript:Warning: Divide by zero: Divide_FloatFloat
[2016.04.26-17.41.43:754][221]LogScript:Warning: Divide by zero: Divide_FloatFloat
[2016.04.26-17.41.43:770][222]LogScript:Warning: Divide by zero: Divide_FloatFloat
[2016.04.26-17.41.43:786][223]LogScript:Warning: Divide by zero: Divide_FloatFloat
[2016.04.26-17.41.43:802][224]LogScript:Warning: Divide by zero: Divide_FloatFloat
[2016.04.26-17.41.43:819][225]LogScript:Warning: Divide by zero: Divide_FloatFloat
[2016.04.26-17.41.43:835][226]LogScript:Warning: Divide by zero: Divide_FloatFloat
[2016.04.26-17.41.43:851][227]LogScript:Warning: Divide by zero: Divide_FloatFloat
[2016.04.26-17.41.43:867][228]LogScript:Warning: Divide by zero: Divide_FloatFloat
[2016.04.26-17.41.43:883][229]LogScript:Warning: Divide by zero: Divide_FloatFloat
[2016.04.26-17.41.43:899][230]LogScript:Warning: Divide by zero: Divide_FloatFloat
[2016.04.26-17.41.43:915][231]LogScript:Warning: Divide by zero: Divide_FloatFloat
[2016.04.26-17.41.43:915][231]LogScript:Warning: Divide by zero: Divide_FloatFloat
[2016.04.26-17.41.43:932][232]LogScript:Warning: Divide by zero: Divide_FloatFloat
[2016.04.26-17.41.43:948][233]LogScript:Warning: Divide by zero: Divide_FloatFloat
[2016.04.26-17.41.43:964][234]LogScript:Warning: Divide by zero: Divide_FloatFloat
[2016.04.26-17.41.43:980][235]LogScript:Warning: Divide by zero: Divide_FloatFloat
[2016.04.26-17.41.43:996][236]LogScript:Warning: Divide by zero: Divide_FloatFloat
[2016.04.26-17.41.44:012][237]LogScript:Warning: Divide by zero: Divide_FloatFloat
[2016.04.26-17.41.44:029][238]LogScript:Warning: Divide by zero: Divide_FloatFloat
[2016.04.26-17.41.44:045][239]LogScript:Warning: Divide by zero: Divide_FloatFloat
[2016.04.26-17.41.44:061][240]LogScript:Warning: Divide by zero: Divide_FloatFloat
[2016.04.26-17.41.44:077][241]LogScript:Warning: Divide by zero: Divide_FloatFloat
[2016.04.26-17.41.44:093][242]LogScript:Warning: Divide by zero: Divide_FloatFloat
[2016.04.26-17.41.44:109][243]LogScript:Warning: Divide by zero: Divide_FloatFloat
[2016.04.26-17.41.44:125][244]LogScript:Warning: Divide by zero: Divide_FloatFloat
[2016.04.26-17.41.44:142][245]LogScript:Warning: Divide by zero: Divide_FloatFloat
[2016.04.26-17.41.44:157][246]LogScript:Warning: Divide by zero: Divide_FloatFloat
[2016.04.26-17.41.44:174][247]LogScript:Warning: Divide by zero: Divide_FloatFloat
[2016.04.26-17.41.44:189][248]LogScript:Warning: Divide by zero: Divide_FloatFloat
[2016.04.26-17.41.44:206][249]LogScript:Warning: Divide by zero: Divide_FloatFloat
[2016.04.26-17.41.44:222][250]LogScript:Warning: Divide by zero: Divide_FloatFloat
[2016.04.26-17.41.44:238][251]LogScript:Warning: Divide by zero: Divide_FloatFloat
[2016.04.26-17.41.44:254][252]LogScript:Warning: Divide by zero: Divide_FloatFloat
[2016.04.26-17.41.44:270][253]LogScript:Warning: Divide by zero: Divide_FloatFloat
[2016.04.26-17.41.44:286][254]LogScript:Warning: Divide by zero: Divide_FloatFloat
[2016.04.26-17.41.44:302][255]LogScript:Warning: Divide by zero: Divide_FloatFloat
[2016.04.26-17.41.44:318][256]LogScript:Warning: Divide by zero: Divide_FloatFloat
[2016.04.26-17.41.44:334][257]LogScript:Warning: Divide by zero: Divide_FloatFloat
[2016.04.26-17.41.44:351][258]LogScript:Warning: Divide by zero: Divide_FloatFloat
[2016.04.26-17.41.44:367][259]LogScript:Warning: Divide by zero: Divide_FloatFloat
[2016.04.26-17.41.44:383][260]LogScript:Warning: Divide by zero: Divide_FloatFloat
[2016.04.26-17.41.44:399][261]LogScript:Warning: Divide by zero: Divide_FloatFloat
[2016.04.26-17.41.44:415][262]LogScript:Warning: Divide by zero: Divide_FloatFloat
[2016.04.26-17.41.44:431][263]LogScript:Warning: Divide by zero: Divide_FloatFloat
[2016.04.26-17.41.44:448][264]LogScript:Warning: Divide by zero: Divide_FloatFloat
[2016.04.26-17.41.44:464][265]LogScript:Warning: Divide by zero: Divide_FloatFloat
[2016.04.26-17.41.44:480][266]LogScript:Warning: Divide by zero: Divide_FloatFloat
[2016.04.26-17.41.44:496][267]LogScript:Warning: Divide by zero: Divide_FloatFloat
[2016.04.26-17.41.44:512][268]LogScript:Warning: Divide by zero: Divide_FloatFloat
[2016.04.26-17.41.44:524][269]LogAnalytics: Creating configured Analytics provider FileLogging
[2016.04.26-17.41.44:524][269]LogFileLoggingAnalytics:Display: Analytics event (Player Location) written with (4) attributes
[2016.04.26-17.41.44:524][269]LogBlueprintUserMessages: [HouseLevel_C_1] Time: 5/ X: 600.0/ Y: -100.0/ Z: 221.793091
[2016.04.26-17.41.44:529][269]LogScript:Warning: Divide by zero: Divide_FloatFloat
[2016.04.26-17.41.44:544][270]LogScript:Warning: Divide by zero: Divide_FloatFloat
[2016.04.26-17.41.44:560][271]LogScript:Warning: Divide by zero: Divide_FloatFloat
[2016.04.26-17.41.44:577][272]LogScript:Warning: Divide by zero: Divide_FloatFloat
[2016.04.26-17.41.44:594][273]LogScript:Warning: Divide by zero: Divide_FloatFloat
[2016.04.26-17.41.44:610][274]LogScript:Warning: Divide by zero: Divide_FloatFloat
[2016.04.26-17.41.44:625][275]LogScript:Warning: Divide by zero: Divide_FloatFloat
[2016.04.26-17.41.44:641][276]LogScript:Warning: Divide by zero: Divide_FloatFloat
[2016.04.26-17.41.44:658][277]LogScript:Warning: Divide by zero: Divide_FloatFloat
[2016.04.26-17.41.44:673][278]LogScript:Warning: Divide by zero: Divide_FloatFloat
[2016.04.26-17.41.44:690][279]LogScript:Warning: Divide by zero: Divide_FloatFloat
[2016.04.26-17.41.44:707][280]LogScript:Warning: Divide by zero: Divide_FloatFloat
[2016.04.26-17.41.44:723][281]LogScript:Warning: Divide by zero: Divide_FloatFloat
[2016.04.26-17.41.44:739][282]LogScript:Warning: Divide by zero: Divide_FloatFloat
[2016.04.26-17.41.44:755][283]LogScript:Warning: Divide by zero: Divide_FloatFloat
[2016.04.26-17.41.44:771][284]LogScript:Warning: Divide by zero: Divide_FloatFloat
[2016.04.26-17.41.44:787][285]LogScript:Warning: Divide by zero: Divide_FloatFloat
[2016.04.26-17.41.44:804][286]LogScript:Warning: Divide by zero: Divide_FloatFloat
[2016.04.26-17.41.44:819][287]LogScript:Warning: Divide by zero: Divide_FloatFloat
[2016.04.26-17.41.44:835][288]LogScript:Warning: Divide by zero: Divide_FloatFloat
[2016.04.26-17.41.44:852][289]LogScript:Warning: Divide by zero: Divide_FloatFloat
[2016.04.26-17.41.44:867][290]LogScript:Warning: Divide by zero: Divide_FloatFloat
[2016.04.26-17.41.44:883][291]LogScript:Warning: Divide by zero: Divide_FloatFloat
[2016.04.26-17.41.44:899][292]LogScript:Warning: Divide by zero: Divide_FloatFloat
[2016.04.26-17.41.44:916][293]LogScript:Warning: Divide by zero: Divide_FloatFloat
[2016.04.26-17.41.44:932][294]LogScript:Warning: Divide by zero: Divide_FloatFloat
[2016.04.26-17.41.44:948][295]LogScript:Warning: Divide by zero: Divide_FloatFloat
[2016.04.26-17.41.44:964][296]LogScript:Warning: Divide by zero: Divide_FloatFloat
[2016.04.26-17.41.44:980][297]LogScript:Warning: Divide by zero: Divide_FloatFloat
[2016.04.26-17.41.44:997][298]LogScript:Warning: Divide by zero: Divide_FloatFloat
[2016.04.26-17.41.45:013][299]LogScript:Warning: Divide by zero: Divide_FloatFloat
[2016.04.26-17.41.45:029][300]LogScript:Warning: Divide by zero: Divide_FloatFloat
[2016.04.26-17.41.45:045][301]LogScript:Warning: Divide by zero: Divide_FloatFloat
[2016.04.26-17.41.45:061][302]LogScript:Warning: Divide by zero: Divide_FloatFloat
[2016.04.26-17.41.45:077][303]LogScript:Warning: Divide by zero: Divide_FloatFloat
[2016.04.26-17.41.45:094][304]LogScript:Warning: Divide by zero: Divide_FloatFloat
[2016.04.26-17.41.45:109][305]LogScript:Warning: Divide by zero: Divide_FloatFloat
[2016.04.26-17.41.45:125][306]LogScript:Warning: Divide by zero: Divide_FloatFloat
[2016.04.26-17.41.45:142][307]LogScript:Warning: Divide by zero: Divide_FloatFloat
[2016.04.26-17.41.45:157][308]LogScript:Warning: Divide by zero: Divide_FloatFloat
[2016.04.26-17.41.45:173][309]LogScript:Warning: Divide by zero: Divide_FloatFloat
[2016.04.26-17.41.45:190][310]LogScript:Warning: Divide by zero: Divide_FloatFloat
[2016.04.26-17.41.45:206][311]LogScript:Warning: Divide by zero: Divide_FloatFloat
[2016.04.26-17.41.45:222][312]LogScript:Warning: Divide by zero: Divide_FloatFloat
[2016.04.26-17.41.45:238][313]LogScript:Warning: Divide by zero: Divide_FloatFloat
[2016.04.26-17.41.45:254][314]LogScript:Warning: Divide by zero: Divide_FloatFloat
[2016.04.26-17.41.45:270][315]LogScript:Warning: Divide by zero: Divide_FloatFloat
[2016.04.26-17.41.45:287][316]LogScript:Warning: Divide by zero: Divide_FloatFloat
[2016.04.26-17.41.45:303][317]LogScript:Warning: Divide by zero: Divide_FloatFloat
[2016.04.26-17.41.45:318][318]LogScript:Warning: Divide by zero: Divide_FloatFloat
[2016.04.26-17.41.45:335][319]LogScript:Warning: Divide by zero: Divide_FloatFloat
[2016.04.26-17.41.45:351][320]LogScript:Warning: Divide by zero: Divide_FloatFloat
[2016.04.26-17.41.45:367][321]LogScript:Warning: Divide by zero: Divide_FloatFloat
[2016.04.26-17.41.45:383][322]LogScript:Warning: Divide by zero: Divide_FloatFloat
[2016.04.26-17.41.45:399][323]LogScript:Warning: Divide by zero: Divide_FloatFloat
[2016.04.26-17.41.45:415][324]LogScript:Warning: Divide by zero: Divide_FloatFloat
[2016.04.26-17.41.45:431][325]LogScript:Warning: Divide by zero: Divide_FloatFloat
[2016.04.26-17.41.45:448][326]LogScript:Warning: Divide by zero: Divide_FloatFloat
[2016.04.26-17.41.45:464][327]LogScript:Warning: Divide by zero: Divide_FloatFloat
[2016.04.26-17.41.45:480][328]LogScript:Warning: Divide by zero: Divide_FloatFloat
[2016.04.26-17.41.45:496][329]LogScript:Warning: Divide by zero: Divide_FloatFloat
[2016.04.26-17.41.45:512][330]LogScript:Warning: Divide by zero: Divide_FloatFloat
[2016.04.26-17.41.45:525][331]LogAnalytics: Creating configured Analytics provider FileLogging
[2016.04.26-17.41.45:525][331]LogFileLoggingAnalytics:Display: Analytics event (Player Location) written with (4) attributes
[2016.04.26-17.41.45:525][331]LogBlueprintUserMessages: [HouseLevel_C_1] Time: 6/ X: 600.0/ Y: -100.0/ Z: 221.793091
[2016.04.26-17.41.45:529][331]LogScript:Warning: Divide by zero: Divide_FloatFloat
[2016.04.26-17.41.45:544][332]LogScript:Warning: Divide by zero: Divide_FloatFloat
[2016.04.26-17.41.45:560][333]LogScript:Warning: Divide by zero: Divide_FloatFloat
[2016.04.26-17.41.45:577][334]LogScript:Warning: Divide by zero: Divide_FloatFloat
[2016.04.26-17.41.45:593][335]LogScript:Warning: Divide by zero: Divide_FloatFloat
[2016.04.26-17.41.45:609][336]LogScript:Warning: Divide by zero: Divide_FloatFloat
[2016.04.26-17.41.45:771][337]LogPackageName: SearchForPackageOnDisk took   0.150s, but failed to resolve Main.umap.
[2016.04.26-17.41.45:776][337]LogScript:Warning: Divide by zero: Divide_FloatFloat
[2016.04.26-17.41.45:916][338]LogPackageName: SearchForPackageOnDisk took   0.140s, but failed to resolve Main.umap.
[2016.04.26-17.41.45:916][338]LogNet: Browse: /Game/ThirdPersonBP/Maps/ThirdPersonExampleMap
[2016.04.26-17.41.45:916][338]LogNet:Warning: Travel Failure: [InvalidURL]: Invalid URL: /Game/ThirdPersonBP/Maps/ThirdPersonExampleMap
[2016.04.26-17.41.45:916][338]LogNet: TravelFailure: InvalidURL, Reason for Failure: 'Invalid URL: /Game/ThirdPersonBP/Maps/ThirdPersonExampleMap'
[2016.04.26-17.41.45:974][338]LogNet:Warning: Travel Failure: [ClientTravelFailure]: Invalid URL: /Game/ThirdPersonBP/Maps/ThirdPersonExampleMap
[2016.04.26-17.41.45:974][338]LogNet: TravelFailure: ClientTravelFailure, Reason for Failure: 'Invalid URL: /Game/ThirdPersonBP/Maps/ThirdPersonExampleMap'
[2016.04.26-17.41.45:979][338]LogScript:Warning: Divide by zero: Divide_FloatFloat
[2016.04.26-17.41.45:979][338]LogScript:Warning: Divide by zero: Divide_FloatFloat
[2016.04.26-17.41.45:980][339]LogNet: Browse: /Game/ThirdPersonBP/Maps/ThirdPersonExampleMap?closed
[2016.04.26-17.41.45:980][339]LogNet: Failed; returning to Entry
[2016.04.26-17.41.46:035][339]LogLoad: LoadMap: /Game/ThirdPersonBP/Maps/ThirdPersonExampleMap?closed
[2016.04.26-17.41.46:182][339]LogParticles: Destroying 0 GPU particle simulations for FXSystem 0x000000AF31CC62A0
[2016.04.26-17.41.46:326][339]LogMemory: Platform Memory Stats for Windows
[2016.04.26-17.41.46:326][339]LogMemory: Process Physical Memory: 530.82 MB used, 537.82 MB peak
[2016.04.26-17.41.46:326][339]LogMemory: Process Virtual Memory: 481.08 MB used, 490.99 MB peak
[2016.04.26-17.41.46:326][339]LogMemory: Physical Memory: 5462.54 MB used, 16273.04 MB total
[2016.04.26-17.41.46:327][339]LogMemory: Virtual Memory: 1049.07 MB used, 134217728.00 MB total
[2016.04.26-17.41.46:327][339]LogMemory: 
[2016.04.26-17.41.46:327][339]Allocator Stats for TBB: (not implemented)
[2016.04.26-17.41.46:941][339]LogAIModule: Creating AISystem for world ThirdPersonExampleMap
[2016.04.26-17.41.48:092][339]LogWorld: Game class is 'ThirdPersonGameMode_C'
[2016.04.26-17.41.48:100][339]LogWorld: Bringing World /Game/ThirdPersonBP/Maps/ThirdPersonExampleMap.ThirdPersonExampleMap up for play (max tick rate 0) at 2016.04.26-13.41.48
[2016.04.26-17.41.48:101][339]LogWorld: Bringing up level for play took: 0.004975
[2016.04.26-17.41.51:900][550]LogPackageName: SearchForPackageOnDisk took   0.147s, but failed to resolve Main.umap.
[2016.04.26-17.41.52:049][551]LogPackageName: SearchForPackageOnDisk took   0.144s, but failed to resolve Main.umap.
[2016.04.26-17.41.52:049][551]LogNet: Browse: /Game/ThirdPersonBP/Maps/ThirdPersonExampleMap
[2016.04.26-17.41.52:049][551]LogNet:Warning: Travel Failure: [InvalidURL]: Invalid URL: /Game/ThirdPersonBP/Maps/ThirdPersonExampleMap
[2016.04.26-17.41.52:049][551]LogNet: TravelFailure: InvalidURL, Reason for Failure: 'Invalid URL: /Game/ThirdPersonBP/Maps/ThirdPersonExampleMap'
[2016.04.26-17.41.52:049][551]LogNet:Warning: Travel Failure: [ClientTravelFailure]: Invalid URL: /Game/ThirdPersonBP/Maps/ThirdPersonExampleMap
[2016.04.26-17.41.52:049][551]LogNet: TravelFailure: ClientTravelFailure, Reason for Failure: 'Invalid URL: /Game/ThirdPersonBP/Maps/ThirdPersonExampleMap'
[2016.04.26-17.41.52:054][552]LogNet: Browse: /Game/ThirdPersonBP/Maps/ThirdPersonExampleMap?closed
[2016.04.26-17.41.52:054][552]LogNet: Failed; returning to Entry
[2016.04.26-17.41.52:332][552]LogLoad: LoadMap: /Game/ThirdPersonBP/Maps/ThirdPersonExampleMap?closed
[2016.04.26-17.41.52:404][552]LogParticles: Destroying 0 GPU particle simulations for FXSystem 0x000000AF2EBC49A0
[2016.04.26-17.41.52:436][552]LogMemory: Platform Memory Stats for Windows
[2016.04.26-17.41.52:436][552]LogMemory: Process Physical Memory: 527.53 MB used, 549.10 MB peak
[2016.04.26-17.41.52:436][552]LogMemory: Process Virtual Memory: 478.24 MB used, 500.40 MB peak
[2016.04.26-17.41.52:436][552]LogMemory: Physical Memory: 5460.51 MB used, 16273.04 MB total
[2016.04.26-17.41.52:436][552]LogMemory: Virtual Memory: 1042.82 MB used, 134217728.00 MB total
[2016.04.26-17.41.52:436][552]LogMemory: 
[2016.04.26-17.41.52:436][552]Allocator Stats for TBB: (not implemented)
[2016.04.26-17.41.53:052][552]LogAIModule: Creating AISystem for world ThirdPersonExampleMap
[2016.04.26-17.41.54:230][552]LogWorld: Game class is 'ThirdPersonGameMode_C'
[2016.04.26-17.41.54:237][552]LogWorld: Bringing World /Game/ThirdPersonBP/Maps/ThirdPersonExampleMap.ThirdPersonExampleMap up for play (max tick rate 0) at 2016.04.26-13.41.54
[2016.04.26-17.41.54:238][552]LogWorld: Bringing up level for play took: 0.004495
[2016.04.26-17.41.55:443][609]LogPackageName: SearchForPackageOnDisk took   0.136s, but failed to resolve Main.umap.
[2016.04.26-17.41.55:586][610]LogPackageName: SearchForPackageOnDisk took   0.138s, but failed to resolve Main.umap.
[2016.04.26-17.41.55:586][610]LogNet: Browse: /Game/ThirdPersonBP/Maps/ThirdPersonExampleMap
[2016.04.26-17.41.55:586][610]LogNet:Warning: Travel Failure: [InvalidURL]: Invalid URL: /Game/ThirdPersonBP/Maps/ThirdPersonExampleMap
[2016.04.26-17.41.55:586][610]LogNet: TravelFailure: InvalidURL, Reason for Failure: 'Invalid URL: /Game/ThirdPersonBP/Maps/ThirdPersonExampleMap'
[2016.04.26-17.41.55:586][610]LogNet:Warning: Travel Failure: [ClientTravelFailure]: Invalid URL: /Game/ThirdPersonBP/Maps/ThirdPersonExampleMap
[2016.04.26-17.41.55:586][610]LogNet: TravelFailure: ClientTravelFailure, Reason for Failure: 'Invalid URL: /Game/ThirdPersonBP/Maps/ThirdPersonExampleMap'
[2016.04.26-17.41.55:591][611]LogNet: Browse: /Game/ThirdPersonBP/Maps/ThirdPersonExampleMap?closed
[2016.04.26-17.41.55:591][611]LogNet: Failed; returning to Entry
[2016.04.26-17.41.55:786][611]LogLoad: LoadMap: /Game/ThirdPersonBP/Maps/ThirdPersonExampleMap?closed
[2016.04.26-17.41.55:868][611]LogParticles: Destroying 0 GPU particle simulations for FXSystem 0x000000AF2EA4A660
[2016.04.26-17.41.55:900][611]LogMemory: Platform Memory Stats for Windows
[2016.04.26-17.41.55:900][611]LogMemory: Process Physical Memory: 526.68 MB used, 549.10 MB peak
[2016.04.26-17.41.55:901][611]LogMemory: Process Virtual Memory: 475.54 MB used, 500.40 MB peak
[2016.04.26-17.41.55:901][611]LogMemory: Physical Memory: 5465.67 MB used, 16273.04 MB total
[2016.04.26-17.41.55:901][611]LogMemory: Virtual Memory: 1042.82 MB used, 134217728.00 MB total
[2016.04.26-17.41.55:901][611]LogMemory: 
[2016.04.26-17.41.55:901][611]Allocator Stats for TBB: (not implemented)
[2016.04.26-17.41.56:517][611]LogAIModule: Creating AISystem for world ThirdPersonExampleMap
[2016.04.26-17.41.57:686][611]LogWorld: Game class is 'ThirdPersonGameMode_C'
[2016.04.26-17.41.57:694][611]LogWorld: Bringing World /Game/ThirdPersonBP/Maps/ThirdPersonExampleMap.ThirdPersonExampleMap up for play (max tick rate 0) at 2016.04.26-13.41.57
[2016.04.26-17.41.57:694][611]LogWorld: Bringing up level for play took: 0.004743
[2016.04.26-17.42.01:037][800]LogWindowsTextInputMethodSystem:Display: IME system now deactivated.
[2016.04.26-17.42.01:044][800]LogEngine: All Windows Closed
[2016.04.26-17.42.01:045][800]LogWindows: FPlatformMisc::RequestExit(0)
[2016.04.26-17.42.01:291][801]LogExit: Preparing to exit.
[2016.04.26-17.42.01:407][801]LogExit: Game engine shut down
[2016.04.26-17.42.01:414][801]LogParticles: Destroying 0 GPU particle simulations for FXSystem 0x000000AF21562700
[2016.04.26-17.42.01:853][801]LogExit: Object subsystem successfully closed.
[2016.04.26-17.42.01:873][801]LogD3D11RHI: Shutdown
[2016.04.26-17.42.01:873][801]LogD3D11RHI: CleanupD3DDevice
[2016.04.26-17.42.02:045][801]LogD3D11RHI: ~FD3D11DynamicRHI
[2016.04.26-17.42.02:345][801]LogModuleManager: Shutting down and abandoning module AndroidDeviceDetection (120)
[2016.04.26-17.42.02:448][801]LogModuleManager: Shutting down and abandoning module AutomationController (119)
[2016.04.26-17.42.02:448][801]LogModuleManager: Shutting down and abandoning module AutomationWorker (118)
[2016.04.26-17.42.02:448][801]LogModuleManager: Shutting down and abandoning module CharacterAI (117)
[2016.04.26-17.42.02:448][801]LogModuleManager: Shutting down and abandoning module Analytics (116)
[2016.04.26-17.42.02:448][801]LogModuleManager: Shutting down and abandoning module AITestSuite (115)
[2016.04.26-17.42.02:448][801]LogModuleManager: Shutting down and abandoning module GameplayDebugger (114)
[2016.04.26-17.42.02:448][801]LogModuleManager: Shutting down and abandoning module AIModule (113)
[2016.04.26-17.42.02:448][801]LogModuleManager: Shutting down and abandoning module MovieSceneCapture (112)
[2016.04.26-17.42.02:448][801]LogModuleManager: Shutting down and abandoning module GameLiveStreaming (111)
[2016.04.26-17.42.02:448][801]LogModuleManager: Shutting down and abandoning module StreamingPauseRendering (110)
[2016.04.26-17.42.02:448][801]LogModuleManager: Shutting down and abandoning module ProfilerService (109)
[2016.04.26-17.42.02:631][801]LogModuleManager: Shutting down and abandoning module TaskGraph (108)
[2016.04.26-17.42.02:632][801]LogModuleManager: Shutting down and abandoning module SlateRemote (107)
[2016.04.26-17.42.02:632][801]LogModuleManager: Shutting down and abandoning module SteamVRController (106)
[2016.04.26-17.42.02:632][801]LogModuleManager: Shutting down and abandoning module SteamVR (105)
[2016.04.26-17.42.02:632][801]LogModuleManager: Shutting down and abandoning module ProceduralMeshComponent (104)
[2016.04.26-17.42.02:632][801]LogModuleManager: Shutting down and abandoning module OculusLibrary (103)
[2016.04.26-17.42.02:632][801]LogModuleManager: Shutting down and abandoning module OculusInput (102)
[2016.04.26-17.42.02:632][801]LogModuleManager: Shutting down and abandoning module LeapMotionController (101)
[2016.04.26-17.42.02:669][801]LogModuleManager: Shutting down and abandoning module CustomMeshComponent (100)
[2016.04.26-17.42.02:669][801]LogModuleManager: Shutting down and abandoning module CableComponent (99)
[2016.04.26-17.42.02:669][801]LogModuleManager: Shutting down and abandoning module ArchVisCharacter (98)
[2016.04.26-17.42.02:669][801]LogModuleManager: Shutting down and abandoning module HTML5Networking (97)
[2016.04.26-17.42.02:669][801]LogModuleManager: Shutting down and abandoning module DesktopPlatform (96)
[2016.04.26-17.42.02:669][801]LogModuleManager: Shutting down and abandoning module DirectoryWatcher (95)
[2016.04.26-17.42.02:670][801]LogModuleManager: Shutting down and abandoning module HotReload (94)
[2016.04.26-17.42.02:670][801]LogModuleManager: Shutting down and abandoning module VisualStudioSourceCodeAccess (93)
[2016.04.26-17.42.02:670][801]LogModuleManager: Shutting down and abandoning module UObjectPlugin (92)
[2016.04.26-17.42.02:670][801]LogModuleManager: Shutting down and abandoning module SubversionSourceControl (91)
[2016.04.26-17.42.02:670][801]LogModuleManager: Shutting down and abandoning module SourceControl (90)
[2016.04.26-17.42.02:670][801]LogModuleManager: Shutting down and abandoning module PerforceSourceControl (89)
[2016.04.26-17.42.02:670][801]LogModuleManager: Shutting down and abandoning module FileLogging (88)
[2016.04.26-17.42.02:677][801]LogFileLoggingAnalytics:Display: Session ended for user (f7fd99f1d803ebbcafe1a7209dc22344) and session id (f7fd99f1d803ebbcafe1a7209dc22344-2016.04.26-13.41.39)
[2016.04.26-17.42.02:677][801]LogModuleManager: Shutting down and abandoning module AnalyticsBlueprintLibrary (87)
[2016.04.26-17.42.02:677][801]LogModuleManager: Shutting down and abandoning module UdpMessaging (86)
[2016.04.26-17.42.02:677][801]LogModuleManager: Shutting down and abandoning module LightPropagationVolumeRuntime (85)
[2016.04.26-17.42.02:677][801]LogModuleManager: Shutting down and abandoning module Paper2D (84)
[2016.04.26-17.42.02:678][801]LogModuleManager: Shutting down and abandoning module WindowsMoviePlayer (83)
[2016.04.26-17.42.02:687][801]LogModuleManager: Shutting down and abandoning module Media (82)
[2016.04.26-17.42.02:687][801]LogModuleManager: Shutting down and abandoning module WmfMedia (81)
[2016.04.26-17.42.02:687][801]LogModuleManager: Shutting down and abandoning module OnlineBlueprintSupport (80)
[2016.04.26-17.42.02:687][801]LogModuleManager: Shutting down and abandoning module GameplayTasksEditor (79)
[2016.04.26-17.42.02:687][801]LogModuleManager: Shutting down and abandoning module PropertyEditor (78)
[2016.04.26-17.42.02:687][801]LogModuleManager: Shutting down and abandoning module BehaviorTreeEditor (77)
[2016.04.26-17.42.02:687][801]LogModuleManager: Shutting down and abandoning module FunctionalTesting (76)
[2016.04.26-17.42.02:687][801]LogModuleManager: Shutting down and abandoning module CollisionAnalyzer (75)
[2016.04.26-17.42.02:687][801]LogModuleManager: Shutting down and abandoning module WorkspaceMenuStructure (74)
[2016.04.26-17.42.02:688][801]LogModuleManager: Shutting down and abandoning module MessageLog (73)
[2016.04.26-17.42.02:688][801]LogModuleManager: Shutting down and abandoning module Sequencer (72)
[2016.04.26-17.42.02:688][801]LogModuleManager: Shutting down and abandoning module AssetTools (71)
[2016.04.26-17.42.02:688][801]LogModuleManager: Shutting down and abandoning module UMGEditor (70)
[2016.04.26-17.42.02:688][801]LogModuleManager: Shutting down and abandoning module UMG (69)
[2016.04.26-17.42.02:688][801]LogModuleManager: Shutting down and abandoning module Slate (68)
[2016.04.26-17.42.02:688][801]LogModuleManager: Shutting down and abandoning module EditorStyle (67)
[2016.04.26-17.42.02:692][801]LogModuleManager: Shutting down and abandoning module SessionServices (66)
[2016.04.26-17.42.02:692][801]LogModuleManager: Shutting down and abandoning module SourceCodeAccess (65)
[2016.04.26-17.42.02:692][801]LogModuleManager: Shutting down and abandoning module HeadMountedDisplay (64)
[2016.04.26-17.42.02:692][801]LogModuleManager: Shutting down and abandoning module XAudio2 (63)
[2016.04.26-17.42.02:692][801]LogModuleManager: Shutting down and abandoning module Networking (61)
[2016.04.26-17.42.02:692][801]LogModuleManager: Shutting down and abandoning module Core (60)
[2016.04.26-17.42.02:692][801]LogModuleManager: Shutting down and abandoning module KismetCompiler (59)
[2016.04.26-17.42.02:692][801]LogModuleManager: Shutting down and abandoning module PhysXFormats (58)
[2016.04.26-17.42.02:692][801]LogModuleManager: Shutting down and abandoning module MeshUtilities (57)
[2016.04.26-17.42.02:692][801]LogModuleManager: Shutting down and abandoning module DerivedDataCache (56)
[2016.04.26-17.42.02:872][801]LogDerivedDataCache: Shutdown
[2016.04.26-17.42.02:872][801]LogModuleManager: Shutting down and abandoning module ShaderFormatOpenGL (55)
[2016.04.26-17.42.02:872][801]LogModuleManager: Shutting down and abandoning module ShaderFormatD3D (54)
[2016.04.26-17.42.02:872][801]LogModuleManager: Shutting down and abandoning module MetalShaderFormat (53)
[2016.04.26-17.42.02:872][801]LogModuleManager: Shutting down and abandoning module TextureFormatUncompressed (52)
[2016.04.26-17.42.02:872][801]LogModuleManager: Shutting down and abandoning module TextureFormatPVR (51)
[2016.04.26-17.42.02:872][801]LogModuleManager: Shutting down and abandoning module TextureFormatIntelISPCTexComp (50)
[2016.04.26-17.42.02:872][801]LogModuleManager: Shutting down and abandoning module TextureFormatDXT (49)
[2016.04.26-17.42.02:872][801]LogModuleManager: Shutting down and abandoning module ImageWrapper (48)
[2016.04.26-17.42.02:872][801]LogModuleManager: Shutting down and abandoning module TextureFormatASTC (47)
[2016.04.26-17.42.02:872][801]LogModuleManager: Shutting down and abandoning module TextureFormatAndroid (46)
[2016.04.26-17.42.02:872][801]LogModuleManager: Shutting down and abandoning module AudioFormatOpus (45)
[2016.04.26-17.42.02:872][801]LogModuleManager: Shutting down and abandoning module AudioFormatOgg (44)
[2016.04.26-17.42.02:872][801]LogModuleManager: Shutting down and abandoning module AudioFormatADPCM (43)
[2016.04.26-17.42.02:872][801]LogModuleManager: Shutting down and abandoning module LinuxTargetPlatform (42)
[2016.04.26-17.42.02:872][801]LogModuleManager: Shutting down and abandoning module LinuxServerTargetPlatform (41)
[2016.04.26-17.42.02:872][801]LogModuleManager: Shutting down and abandoning module LinuxNoEditorTargetPlatform (40)
[2016.04.26-17.42.02:872][801]LogModuleManager: Shutting down and abandoning module Messaging (39)
[2016.04.26-17.42.02:873][801]LogModuleManager: Shutting down and abandoning module IOSTargetPlatform (38)
[2016.04.26-17.42.02:873][801]LogModuleManager: Shutting down and abandoning module HTML5TargetPlatform (37)
[2016.04.26-17.42.02:873][801]LogModuleManager: Shutting down and abandoning module Android_PVRTCTargetPlatform (36)
[2016.04.26-17.42.02:873][801]LogModuleManager: Shutting down and abandoning module Android_MultiTargetPlatform (35)
[2016.04.26-17.42.02:873][801]LogModuleManager: Shutting down and abandoning module Android_ETC2TargetPlatform (34)
[2016.04.26-17.42.02:873][801]LogModuleManager: Shutting down and abandoning module Android_ETC1TargetPlatform (33)
[2016.04.26-17.42.02:873][801]LogModuleManager: Shutting down and abandoning module Android_DXTTargetPlatform (32)
[2016.04.26-17.42.02:873][801]LogModuleManager: Shutting down and abandoning module Android_ATCTargetPlatform (31)
[2016.04.26-17.42.02:873][801]LogModuleManager: Shutting down and abandoning module Android_ASTCTargetPlatform (30)
[2016.04.26-17.42.02:873][801]LogModuleManager: Shutting down and abandoning module AndroidTargetPlatform (29)
[2016.04.26-17.42.02:873][801]LogModuleManager: Shutting down and abandoning module WindowsTargetPlatform (28)
[2016.04.26-17.42.02:873][801]LogModuleManager: Shutting down and abandoning module WindowsServerTargetPlatform (27)
[2016.04.26-17.42.02:873][801]LogModuleManager: Shutting down and abandoning module WindowsNoEditorTargetPlatform (26)
[2016.04.26-17.42.02:873][801]LogModuleManager: Shutting down and abandoning module WindowsClientTargetPlatform (25)
[2016.04.26-17.42.02:873][801]LogModuleManager: Shutting down and abandoning module AllDesktopTargetPlatform (24)
[2016.04.26-17.42.02:873][801]LogModuleManager: Shutting down and abandoning module TargetPlatform (23)
[2016.04.26-17.42.02:873][801]LogModuleManager: Shutting down and abandoning module InputCore (22)
[2016.04.26-17.42.02:873][801]LogModuleManager: Shutting down and abandoning module Settings (21)
[2016.04.26-17.42.02:873][801]LogModuleManager: Shutting down and abandoning module OnlineSubsystem (19)
[2016.04.26-17.42.02:873][801]LogModuleManager: Shutting down and abandoning module HTTP (18)
[2016.04.26-17.42.02:873][801]LogModuleManager: Shutting down and abandoning module XMPP (17)
[2016.04.26-17.42.02:873][801]LogModuleManager: Shutting down and abandoning module OculusRift (16)
[2016.04.26-17.42.02:873][801]LogModuleManager: Shutting down and abandoning module ExampleDeviceProfileSelector (15)
[2016.04.26-17.42.02:873][801]LogModuleManager: Shutting down and abandoning module TextureCompressor (14)
[2016.04.26-17.42.02:874][801]LogModuleManager: Shutting down and abandoning module ShaderCore (13)
[2016.04.26-17.42.02:874][801]LogModuleManager: Shutting down and abandoning module Landscape (12)
[2016.04.26-17.42.02:874][801]LogModuleManager: Shutting down and abandoning module SlateRHIRenderer (11)
[2016.04.26-17.42.02:874][801]LogModuleManager: Shutting down and abandoning module OpenGLDrv (10)
[2016.04.26-17.42.02:874][801]LogModuleManager: Shutting down and abandoning module D3D11RHI (9)
[2016.04.26-17.42.02:874][801]LogModuleManager: Shutting down and abandoning module AnimGraphRuntime (8)
[2016.04.26-17.42.02:874][801]LogModuleManager: Shutting down and abandoning module Renderer (7)
[2016.04.26-17.42.02:874][801]LogModuleManager: Shutting down and abandoning module Engine (6)
[2016.04.26-17.42.02:874][801]LogModuleManager: Shutting down and abandoning module CoreUObject (5)
[2016.04.26-17.42.02:874][801]LogModuleManager: Shutting down and abandoning module NetworkFile (4)
[2016.04.26-17.42.02:874][801]LogModuleManager: Shutting down and abandoning module StreamingFile (3)
[2016.04.26-17.42.02:874][801]LogModuleManager: Shutting down and abandoning module SandboxFile (2)
[2016.04.26-17.42.02:874][801]LogModuleManager: Shutting down and abandoning module PakFile (1)
[2016.04.26-17.42.02:877][801]LogExit: Exiting.
[2016.04.26-17.42.02:882][801]Log file closed, 04/26/16 13:42:02
