[2016.04.26-17.42.25:906][  0]Log file open, 04/26/16 13:42:25
[2016.04.26-17.42.25:906][  0]LogInit:Display: Running engine for game: SoundofSilence
[2016.04.26-17.42.25:906][  0]LogPlatformFile: Not using cached read wrapper
[2016.04.26-17.42.25:906][  0]LogInit:Display: RandInit(-151946362) SRandInit(-151946359).
[2016.04.26-17.42.25:906][  0]LogTaskGraph: Started task graph with 4 named threads and 7 total threads.
[2016.04.26-17.42.25:906][  0]LogStats: Stats thread started at 0.145692
[2016.04.26-17.42.25:906][  0]LogInit: Version: 4.10.4-2872498+++depot+UE4-Releases+4.10
[2016.04.26-17.42.25:906][  0]LogInit: API Version: 2758231
[2016.04.26-17.42.25:906][  0]LogInit: Compiled (64-bit): Feb 18 2016 15:47:04
[2016.04.26-17.42.25:906][  0]LogInit: Compiled with Visual C++: 19.00.23026.00
[2016.04.26-17.42.25:906][  0]LogInit: Build Configuration: Development
[2016.04.26-17.42.25:906][  0]LogInit: Branch Name: ++depot+UE4-Releases+4.10
[2016.04.26-17.42.25:906][  0]LogInit: Command line:  /Temp/Autosaves/Game/Levels/UEDPCHouseLevel -game -PIEVIACONSOLE -ResX=1280 -ResY=720  -Multiprocess 
[2016.04.26-17.42.25:906][  0]LogInit: Base directory: D:/Unreal4/Epic Games/4.10/Engine/Binaries/Win64/
[2016.04.26-17.42.25:906][  0]LogInit: Rocket: 1
[2016.04.26-17.42.25:929][  0]LogInit: Using libcurl 7.41.0
[2016.04.26-17.42.25:929][  0]LogInit:  - built for x86_64-pc-win32
[2016.04.26-17.42.25:929][  0]LogInit:  - supports SSL with WinSSL
[2016.04.26-17.42.25:929][  0]LogInit:  - other features:
[2016.04.26-17.42.25:929][  0]LogInit:      CURL_VERSION_SSL
[2016.04.26-17.42.25:929][  0]LogInit:      CURL_VERSION_IPV6
[2016.04.26-17.42.25:929][  0]LogInit:      CURL_VERSION_ASYNCHDNS
[2016.04.26-17.42.25:929][  0]LogInit:      CURL_VERSION_LARGEFILE
[2016.04.26-17.42.25:929][  0]LogInit:      CURL_VERSION_IDN
[2016.04.26-17.42.25:929][  0]LogInit:  CurlRequestOptions (configurable via config and command line):
[2016.04.26-17.42.25:929][  0]LogInit:  - bVerifyPeer = true  - Libcurl will verify peer certificate
[2016.04.26-17.42.25:929][  0]LogInit:  - bUseHttpProxy = false  - Libcurl will NOT use HTTP proxy
[2016.04.26-17.42.25:929][  0]LogInit:  - bDontReuseConnections = false  - Libcurl will reuse connections
[2016.04.26-17.42.25:929][  0]LogInit:  - CertBundlePath = nullptr  - Libcurl will use whatever was configured at build time.
[2016.04.26-17.42.25:949][  0]LogInit: Presizing for 0 objects not considered by GC, pre-allocating 0 bytes.
[2016.04.26-17.42.25:971][  0]LogInit: Object subsystem initialized
[2016.04.26-17.42.25:974][  0]LogInit: Selected Device Profile: [Windows]
[2016.04.26-17.42.25:974][  0]LogInit: Applying CVar settings loaded from the selected device profile: [Windows]
[2016.04.26-17.42.25:984][  0]LogInit: Computer: INDIEGO
[2016.04.26-17.42.25:984][  0]LogInit: User: Indie
[2016.04.26-17.42.25:984][  0]LogInit: CPU Page size=4096, Cores=4
[2016.04.26-17.42.25:984][  0]LogInit: High frequency timer resolution =2.533210 MHz
[2016.04.26-17.42.25:984][  0]LogMemory: Memory total: Physical=15.9GB (16GB approx)
[2016.04.26-17.42.25:984][  0]LogMemory: Platform Memory Stats for Windows
[2016.04.26-17.42.25:984][  0]LogMemory: Process Physical Memory: 54.87 MB used, 54.87 MB peak
[2016.04.26-17.42.25:984][  0]LogMemory: Process Virtual Memory: 56.64 MB used, 56.64 MB peak
[2016.04.26-17.42.25:984][  0]LogMemory: Physical Memory: 5046.05 MB used, 16273.04 MB total
[2016.04.26-17.42.25:984][  0]LogMemory: Virtual Memory: 364.59 MB used, 134217728.00 MB total
[2016.04.26-17.42.26:067][  0]LogTextLocalizationManager: No specific translations for ('en-US') exist, so ('en') translations will be used.
[2016.04.26-17.42.27:417][  0]LogD3D11RHI: Found D3D11 adapter 0: NVIDIA GeForce GTX 960M    (Feature Level 11_0)
[2016.04.26-17.42.27:417][  0]LogD3D11RHI: Adapter has 1972MB of dedicated video memory, 0MB of dedicated system memory, and 2048MB of shared system memory, 1 output[s]
[2016.04.26-17.42.27:437][  0]LogD3D11RHI: Found D3D11 adapter 1: Intel(R) HD Graphics 4600 (Feature Level 11_0)
[2016.04.26-17.42.27:437][  0]LogD3D11RHI: Adapter has 32MB of dedicated video memory, 0MB of dedicated system memory, and 1760MB of shared system memory, 0 output[s]
[2016.04.26-17.42.27:440][  0]LogD3D11RHI: Found D3D11 adapter 2: Microsoft Basic Render Driver (Feature Level 11_0)
[2016.04.26-17.42.27:440][  0]LogD3D11RHI: Adapter has 0MB of dedicated video memory, 0MB of dedicated system memory, and 256MB of shared system memory, 0 output[s]
[2016.04.26-17.42.27:440][  0]LogD3D11RHI: Chosen D3D11 Adapter Id = 0
[2016.04.26-17.42.27:452][  0]LogD3D11RHI: !Direct3DDevice
[2016.04.26-17.42.27:452][  0]LogRHI: Texture pool is 1361 MB (70% of 1945 MB)
[2016.04.26-17.42.27:487][  0]LogD3D11RHI: Async texture creation enabled
[2016.04.26-17.42.27:519][  0]LogShaderCompilers: Guid format shader working directory is -40 characters bigger than the processId version (../../../../../../Sound of Silence/Sound-of-Silence-master (1)/Sound-of-Silence-master/Intermediate/Shaders/WorkingDirectory/5812/).
[2016.04.26-17.42.27:519][  0]LogShaderCompilers: Cleaned the shader compiler working directory 'C:/Users/Indie/AppData/Local/Temp/UnrealShaderWorkingDir/15B95B984AB87731341B80AB15A31074/'.
[2016.04.26-17.42.27:519][  0]LogShaderCompilers:Display: Using Local Shader Compiler.
[2016.04.26-17.42.30:091][  0]LogTemp:Display: Loaded TP AllDesktopTargetPlatform
[2016.04.26-17.42.30:103][  0]LogTemp:Display: Loaded TP WindowsClientTargetPlatform
[2016.04.26-17.42.30:116][  0]LogTemp:Display: Loaded TP WindowsNoEditorTargetPlatform
[2016.04.26-17.42.30:128][  0]LogTemp:Display: Loaded TP WindowsServerTargetPlatform
[2016.04.26-17.42.30:140][  0]LogTemp:Display: Loaded TP WindowsTargetPlatform
[2016.04.26-17.42.30:148][  0]LogTemp:Display: Loaded TP AndroidTargetPlatform
[2016.04.26-17.42.30:156][  0]LogTemp:Display: Loaded TP Android_ASTCTargetPlatform
[2016.04.26-17.42.30:164][  0]LogTemp:Display: Loaded TP Android_ATCTargetPlatform
[2016.04.26-17.42.30:173][  0]LogTemp:Display: Loaded TP Android_DXTTargetPlatform
[2016.04.26-17.42.30:182][  0]LogTemp:Display: Loaded TP Android_ETC1TargetPlatform
[2016.04.26-17.42.30:191][  0]LogTemp:Display: Loaded TP Android_ETC2TargetPlatform
[2016.04.26-17.42.30:209][  0]LogTemp:Display: Loaded TP Android_MultiTargetPlatform
[2016.04.26-17.42.30:209][  0]LogTemp:Display: Loaded TP Android_PVRTCTargetPlatform
[2016.04.26-17.42.30:210][  0]LogTemp:Display: Loaded TP HTML5TargetPlatform
[2016.04.26-17.42.30:237][  0]LogTemp:Display: Loaded TP IOSTargetPlatform
[2016.04.26-17.42.30:246][  0]LogTemp:Display: Loaded TP LinuxNoEditorTargetPlatform
[2016.04.26-17.42.30:255][  0]LogTemp:Display: Loaded TP LinuxServerTargetPlatform
[2016.04.26-17.42.30:264][  0]LogTemp:Display: Loaded TP LinuxTargetPlatform
[2016.04.26-17.42.30:264][  0]LogTargetPlatformManager:Display: Building Assets For Windows
[2016.04.26-17.42.30:455][  0]LogDerivedDataCache:Display: Max Cache Size: 512 MB
[2016.04.26-17.42.30:594][  0]LogDerivedDataCache: Loaded boot cache 0.14s 41MB C:/Users/Indie/AppData/Local/UnrealEngine/4.10/DerivedDataCache/Boot.ddc.
[2016.04.26-17.42.30:594][  0]LogDerivedDataCache:Display: Loaded Boot cache: C:/Users/Indie/AppData/Local/UnrealEngine/4.10/DerivedDataCache/Boot.ddc
[2016.04.26-17.42.30:594][  0]LogDerivedDataCache: FDerivedDataBackendGraph:  Pak pak cache file ../../../../../../Sound of Silence/Sound-of-Silence-master (1)/Sound-of-Silence-master/DerivedDataCache/DDC.ddp not found, will not use a pak cache.
[2016.04.26-17.42.30:594][  0]LogDerivedDataCache: Unable to find inner node Pak for hierarchical cache Hierarchy.
[2016.04.26-17.42.30:594][  0]LogDerivedDataCache: FDerivedDataBackendGraph:  CompressedPak pak cache file ../../../../../../Sound of Silence/Sound-of-Silence-master (1)/Sound-of-Silence-master/DerivedDataCache/Compressed.ddp not found, will not use a pak cache.
[2016.04.26-17.42.30:594][  0]LogDerivedDataCache: Unable to find inner node CompressedPak for hierarchical cache Hierarchy.
[2016.04.26-17.42.30:818][  0]LogDerivedDataCache:Display: Pak cache opened for reading ../../../Engine/DerivedDataCache/Compressed.ddp.
[2016.04.26-17.42.30:834][  0]LogDerivedDataCache: Using Local data cache path C:/Users/Indie/AppData/Local/UnrealEngine/Common/DerivedDataCache: Writable
[2016.04.26-17.42.31:350][  0]LogInit: Selected Device Profile: [Windows]
[2016.04.26-17.42.31:359][  0]LogContentStreaming: Texture pool size is 1000.000000MB
[2016.04.26-17.42.31:697][  0]LogMeshUtilities: No automatic mesh reduction module available
[2016.04.26-17.42.31:697][  0]LogMeshUtilities: No automatic mesh merging module available
[2016.04.26-17.42.32:504][  0]LogInit: WinSock: version 1.1 (2.2), MaxSocks=32767, MaxUdp=65467
[2016.04.26-17.42.32:962][  0]LogWindowsMoviePlayer: Unable to load movie: ../../../../../../Sound of Silence/Sound-of-Silence-master (1)/Sound-of-Silence-master/Content/Movies/Default_Startup.mp4
[2016.04.26-17.42.33:291][  0]SourceControl: Info Source control is disabled
[2016.04.26-17.42.33:291][  0]SourceControl: Info Source control is disabled
[2016.04.26-17.42.33:329][  0]SourceControl: Info Source control is disabled
[2016.04.26-17.42.33:719][  0]LogObj: 28035 objects as part of root set at end of initial load.
[2016.04.26-17.42.33:719][  0]LogUObjectAllocator: 5846696 out of 0 bytes used by permanent object pool.
[2016.04.26-17.42.33:940][  0]LogEngine: Initializing Engine...
[2016.04.26-17.42.33:947][  0]LogHMD: Can't find Oculus library dev build: is proper Runtime installed? Version: 0.8.0.0
[2016.04.26-17.42.33:949][  0]LogHMD: SteamVR failed to initialize.  Err: 110
[2016.04.26-17.42.34:261][  0]LogInit: XAudio2 using 'Speakers (Realtek High Definition Audio)' : 2 channels at 48 kHz using 32 bits per sample (channel mask 0x3)
[2016.04.26-17.42.34:285][  0]LogInit: FAudioDevice initialized.
[2016.04.26-17.42.34:293][  0]LogInit: Texture streaming: Enabled
[2016.04.26-17.42.34:512][  0]LogNet: Browse: /Temp/Autosaves/Game/Levels/UEDPCHouseLevel?Name=Player
[2016.04.26-17.42.34:512][  0]LogLoad: LoadMap: /Temp/Autosaves/Game/Levels/UEDPCHouseLevel?Name=Player
[2016.04.26-17.42.34:545][  0]LogParticles: Destroying 0 GPU particle simulations for FXSystem 0x0000002C63BC11C0
[2016.04.26-17.42.34:579][  0]LogMemory: Platform Memory Stats for Windows
[2016.04.26-17.42.34:579][  0]LogMemory: Process Physical Memory: 367.63 MB used, 368.01 MB peak
[2016.04.26-17.42.34:579][  0]LogMemory: Process Virtual Memory: 331.03 MB used, 335.41 MB peak
[2016.04.26-17.42.34:580][  0]LogMemory: Physical Memory: 5317.45 MB used, 16273.04 MB total
[2016.04.26-17.42.34:580][  0]LogMemory: Virtual Memory: 867.18 MB used, 134217728.00 MB total
[2016.04.26-17.42.34:580][  0]LogMemory: 
[2016.04.26-17.42.34:580][  0]Allocator Stats for TBB: (not implemented)
[2016.04.26-17.42.39:690][  0]LogAIModule: Creating AISystem for world HouseLevel
[2016.04.26-17.42.39:699][  0]LogWorld: Game class is 'ThirdPersonGameMode_C'
[2016.04.26-17.42.39:713][  0]LogPhysics:Warning: AddConvexElemsToRigidActor: [/Game/ThirdPersonBP/House.House] ConvexElem[54] invalid
[2016.04.26-17.42.39:713][  0]LogPhysics:Warning: AddConvexElemsToRigidActor: [/Game/ThirdPersonBP/House.House] ConvexElem[77] invalid
[2016.04.26-17.42.39:713][  0]LogPhysics:Warning: AddConvexElemsToRigidActor: [/Game/ThirdPersonBP/House.House] ConvexElem[100] invalid
[2016.04.26-17.42.39:713][  0]LogPhysics:Warning: AddConvexElemsToRigidActor: [/Game/ThirdPersonBP/House.House] ConvexElem[101] invalid
[2016.04.26-17.42.39:713][  0]LogPhysics:Warning: AddConvexElemsToRigidActor: [/Game/ThirdPersonBP/House.House] ConvexElem[102] invalid
[2016.04.26-17.42.39:713][  0]LogPhysics:Warning: AddConvexElemsToRigidActor: [/Game/ThirdPersonBP/House.House] ConvexElem[103] invalid
[2016.04.26-17.42.39:713][  0]LogPhysics:Warning: AddConvexElemsToRigidActor: [/Game/ThirdPersonBP/House.House] ConvexElem[104] invalid
[2016.04.26-17.42.39:754][  0]LogWorld: Bringing World /Temp/Autosaves/Game/Levels/UEDPCHouseLevel.HouseLevel up for play (max tick rate 0) at 2016.04.26-13.42.39
[2016.04.26-17.42.39:761][  0]LogWorld: Bringing up level for play took: 0.057968
[2016.04.26-17.42.39:777][  0]LogAnalytics: Creating configured Analytics provider FileLogging
[2016.04.26-17.42.39:778][  0]LogFileLoggingAnalytics:Display: Session created file (../../../../../../Sound of Silence/Sound-of-Silence-master (1)/Sound-of-Silence-master/Saved/Analytics/f7fd99f1d803ebbcafe1a7209dc22344-2016.04.26-13.42.39.analytics) for user (f7fd99f1d803ebbcafe1a7209dc22344)
[2016.04.26-17.42.39:778][  0]LogBlueprintUserMessages: [HouseLevel_C_0] Session starts!true
[2016.04.26-17.42.39:782][  0]LogInit:Display: Game Engine Initialized.
[2016.04.26-17.42.40:018][  0]LogLoad: Full Startup: 14.84 seconds (BP compile: 1.27 seconds)
[2016.04.26-17.42.40:035][  0]LogWindowsTextInputMethodSystem:Display: IME system now deactivated.
[2016.04.26-17.42.40:041][  0]LogOcInput: Can't find Oculus library dev build: is proper Runtime installed? Version: 0.8.0.0
[2016.04.26-17.42.40:294][  0]LogRenderer: Reallocating scene render targets to support 128x128 (Frame:1).
[2016.04.26-17.42.40:483][  0]LogRenderer: Reallocating scene render targets to support 1280x720 (Frame:2).
[2016.04.26-17.42.40:483][  0]LogScript:Warning: Divide by zero: Divide_FloatFloat
[2016.04.26-17.42.40:483][  0]LogScript:Warning: Divide by zero: Divide_FloatFloat
[2016.04.26-17.42.40:493][  1]LogBlueprintUserMessages: [ThirdPersonCharacter_C_0] Landed
[2016.04.26-17.42.40:506][  1]LogScript:Warning: Divide by zero: Divide_FloatFloat
[2016.04.26-17.42.40:650][  2]LogScript:Warning: Divide by zero: Divide_FloatFloat
[2016.04.26-17.42.40:667][  3]LogScript:Warning: Divide by zero: Divide_FloatFloat
[2016.04.26-17.42.40:697][  4]LogScript:Warning: Divide by zero: Divide_FloatFloat
[2016.04.26-17.42.40:718][  5]LogScript:Warning: Divide by zero: Divide_FloatFloat
[2016.04.26-17.42.40:741][  6]LogScript:Warning: Divide by zero: Divide_FloatFloat
[2016.04.26-17.42.40:761][  7]LogScript:Warning: Divide by zero: Divide_FloatFloat
[2016.04.26-17.42.40:778][  8]LogScript:Warning: Divide by zero: Divide_FloatFloat
[2016.04.26-17.42.40:795][  9]LogScript:Warning: Divide by zero: Divide_FloatFloat
[2016.04.26-17.42.40:811][ 10]LogScript:Warning: Divide by zero: Divide_FloatFloat
[2016.04.26-17.42.40:828][ 11]LogScript:Warning: Divide by zero: Divide_FloatFloat
[2016.04.26-17.42.40:844][ 12]LogScript:Warning: Divide by zero: Divide_FloatFloat
[2016.04.26-17.42.40:861][ 13]LogScript:Warning: Divide by zero: Divide_FloatFloat
[2016.04.26-17.42.40:878][ 14]LogScript:Warning: Divide by zero: Divide_FloatFloat
[2016.04.26-17.42.40:893][ 15]LogScript:Warning: Divide by zero: Divide_FloatFloat
[2016.04.26-17.42.40:953][ 16]LogScript:Warning: Divide by zero: Divide_FloatFloat
[2016.04.26-17.42.40:959][ 17]LogScript:Warning: Divide by zero: Divide_FloatFloat
[2016.04.26-17.42.40:976][ 18]LogScript:Warning: Divide by zero: Divide_FloatFloat
[2016.04.26-17.42.40:993][ 19]LogScript:Warning: Divide by zero: Divide_FloatFloat
[2016.04.26-17.42.41:009][ 20]LogScript:Warning: Divide by zero: Divide_FloatFloat
[2016.04.26-17.42.41:025][ 21]LogScript:Warning: Divide by zero: Divide_FloatFloat
[2016.04.26-17.42.41:042][ 22]LogScript:Warning: Divide by zero: Divide_FloatFloat
[2016.04.26-17.42.41:057][ 23]LogScript:Warning: Divide by zero: Divide_FloatFloat
[2016.04.26-17.42.41:074][ 24]LogScript:Warning: Divide by zero: Divide_FloatFloat
[2016.04.26-17.42.41:091][ 25]LogScript:Warning: Divide by zero: Divide_FloatFloat
[2016.04.26-17.42.41:102][ 26]LogAnalytics: Creating configured Analytics provider FileLogging
[2016.04.26-17.42.41:103][ 26]LogFileLoggingAnalytics:Display: Analytics event (Player Location) written with (4) attributes
[2016.04.26-17.42.41:103][ 26]LogBlueprintUserMessages: [HouseLevel_C_0] Time: 1/ X: 600.0/ Y: -100.0/ Z: 221.793091
[2016.04.26-17.42.41:110][ 26]LogScript:Warning: Divide by zero: Divide_FloatFloat
[2016.04.26-17.42.41:122][ 27]LogScript:Warning: Divide by zero: Divide_FloatFloat
[2016.04.26-17.42.41:147][ 28]LogScript:Warning: Divide by zero: Divide_FloatFloat
[2016.04.26-17.42.41:164][ 29]LogScript:Warning: Divide by zero: Divide_FloatFloat
[2016.04.26-17.42.41:179][ 30]LogScript:Warning: Divide by zero: Divide_FloatFloat
[2016.04.26-17.42.41:196][ 31]LogScript:Warning: Divide by zero: Divide_FloatFloat
[2016.04.26-17.42.41:212][ 32]LogScript:Warning: Divide by zero: Divide_FloatFloat
[2016.04.26-17.42.41:227][ 33]LogScript:Warning: Divide by zero: Divide_FloatFloat
[2016.04.26-17.42.41:243][ 34]LogScript:Warning: Divide by zero: Divide_FloatFloat
[2016.04.26-17.42.41:259][ 35]LogScript:Warning: Divide by zero: Divide_FloatFloat
[2016.04.26-17.42.41:276][ 36]LogScript:Warning: Divide by zero: Divide_FloatFloat
[2016.04.26-17.42.41:291][ 37]LogScript:Warning: Divide by zero: Divide_FloatFloat
[2016.04.26-17.42.41:308][ 38]LogScript:Warning: Divide by zero: Divide_FloatFloat
[2016.04.26-17.42.41:324][ 39]LogScript:Warning: Divide by zero: Divide_FloatFloat
[2016.04.26-17.42.41:340][ 40]LogScript:Warning: Divide by zero: Divide_FloatFloat
[2016.04.26-17.42.41:356][ 41]LogScript:Warning: Divide by zero: Divide_FloatFloat
[2016.04.26-17.42.41:373][ 42]LogScript:Warning: Divide by zero: Divide_FloatFloat
[2016.04.26-17.42.41:389][ 43]LogScript:Warning: Divide by zero: Divide_FloatFloat
[2016.04.26-17.42.41:405][ 44]LogScript:Warning: Divide by zero: Divide_FloatFloat
[2016.04.26-17.42.41:421][ 45]LogScript:Warning: Divide by zero: Divide_FloatFloat
[2016.04.26-17.42.41:437][ 46]LogScript:Warning: Divide by zero: Divide_FloatFloat
[2016.04.26-17.42.41:454][ 47]LogScript:Warning: Divide by zero: Divide_FloatFloat
[2016.04.26-17.42.41:469][ 48]LogScript:Warning: Divide by zero: Divide_FloatFloat
[2016.04.26-17.42.41:485][ 49]LogScript:Warning: Divide by zero: Divide_FloatFloat
[2016.04.26-17.42.41:501][ 50]LogScript:Warning: Divide by zero: Divide_FloatFloat
[2016.04.26-17.42.41:517][ 51]LogScript:Warning: Divide by zero: Divide_FloatFloat
[2016.04.26-17.42.41:534][ 52]LogScript:Warning: Divide by zero: Divide_FloatFloat
[2016.04.26-17.42.41:550][ 53]LogScript:Warning: Divide by zero: Divide_FloatFloat
[2016.04.26-17.42.41:566][ 54]LogScript:Warning: Divide by zero: Divide_FloatFloat
[2016.04.26-17.42.41:582][ 55]LogScript:Warning: Divide by zero: Divide_FloatFloat
[2016.04.26-17.42.41:598][ 56]LogScript:Warning: Divide by zero: Divide_FloatFloat
[2016.04.26-17.42.41:614][ 57]LogScript:Warning: Divide by zero: Divide_FloatFloat
[2016.04.26-17.42.41:630][ 58]LogScript:Warning: Divide by zero: Divide_FloatFloat
[2016.04.26-17.42.41:646][ 59]LogScript:Warning: Divide by zero: Divide_FloatFloat
[2016.04.26-17.42.41:663][ 60]LogScript:Warning: Divide by zero: Divide_FloatFloat
[2016.04.26-17.42.41:678][ 61]LogScript:Warning: Divide by zero: Divide_FloatFloat
[2016.04.26-17.42.41:694][ 62]LogScript:Warning: Divide by zero: Divide_FloatFloat
[2016.04.26-17.42.41:711][ 63]LogScript:Warning: Divide by zero: Divide_FloatFloat
[2016.04.26-17.42.41:727][ 64]LogScript:Warning: Divide by zero: Divide_FloatFloat
[2016.04.26-17.42.41:743][ 65]LogScript:Warning: Divide by zero: Divide_FloatFloat
[2016.04.26-17.42.41:759][ 66]LogScript:Warning: Divide by zero: Divide_FloatFloat
[2016.04.26-17.42.41:775][ 67]LogScript:Warning: Divide by zero: Divide_FloatFloat
[2016.04.26-17.42.41:791][ 68]LogScript:Warning: Divide by zero: Divide_FloatFloat
[2016.04.26-17.42.41:807][ 69]LogScript:Warning: Divide by zero: Divide_FloatFloat
[2016.04.26-17.42.41:824][ 70]LogScript:Warning: Divide by zero: Divide_FloatFloat
[2016.04.26-17.42.41:840][ 71]LogScript:Warning: Divide by zero: Divide_FloatFloat
[2016.04.26-17.42.41:857][ 72]LogScript:Warning: Divide by zero: Divide_FloatFloat
[2016.04.26-17.42.41:873][ 73]LogScript:Warning: Divide by zero: Divide_FloatFloat
[2016.04.26-17.42.41:889][ 74]LogScript:Warning: Divide by zero: Divide_FloatFloat
[2016.04.26-17.42.41:906][ 75]LogScript:Warning: Divide by zero: Divide_FloatFloat
[2016.04.26-17.42.41:921][ 76]LogScript:Warning: Divide by zero: Divide_FloatFloat
[2016.04.26-17.42.41:938][ 77]LogScript:Warning: Divide by zero: Divide_FloatFloat
[2016.04.26-17.42.41:954][ 78]LogScript:Warning: Divide by zero: Divide_FloatFloat
[2016.04.26-17.42.41:970][ 79]LogScript:Warning: Divide by zero: Divide_FloatFloat
[2016.04.26-17.42.41:986][ 80]LogScript:Warning: Divide by zero: Divide_FloatFloat
[2016.04.26-17.42.42:002][ 81]LogScript:Warning: Divide by zero: Divide_FloatFloat
[2016.04.26-17.42.42:018][ 82]LogScript:Warning: Divide by zero: Divide_FloatFloat
[2016.04.26-17.42.42:034][ 83]LogScript:Warning: Divide by zero: Divide_FloatFloat
[2016.04.26-17.42.42:050][ 84]LogScript:Warning: Divide by zero: Divide_FloatFloat
[2016.04.26-17.42.42:066][ 85]LogScript:Warning: Divide by zero: Divide_FloatFloat
[2016.04.26-17.42.42:083][ 86]LogScript:Warning: Divide by zero: Divide_FloatFloat
[2016.04.26-17.42.42:099][ 87]LogScript:Warning: Divide by zero: Divide_FloatFloat
[2016.04.26-17.42.42:111][ 88]LogAnalytics: Creating configured Analytics provider FileLogging
[2016.04.26-17.42.42:111][ 88]LogFileLoggingAnalytics:Display: Analytics event (Player Location) written with (4) attributes
[2016.04.26-17.42.42:111][ 88]LogBlueprintUserMessages: [HouseLevel_C_0] Time: 2/ X: 600.0/ Y: -100.0/ Z: 221.793091
[2016.04.26-17.42.42:115][ 88]LogScript:Warning: Divide by zero: Divide_FloatFloat
[2016.04.26-17.42.42:130][ 89]LogScript:Warning: Divide by zero: Divide_FloatFloat
[2016.04.26-17.42.42:147][ 90]LogScript:Warning: Divide by zero: Divide_FloatFloat
[2016.04.26-17.42.42:163][ 91]LogScript:Warning: Divide by zero: Divide_FloatFloat
[2016.04.26-17.42.42:179][ 92]LogScript:Warning: Divide by zero: Divide_FloatFloat
[2016.04.26-17.42.42:195][ 93]LogScript:Warning: Divide by zero: Divide_FloatFloat
[2016.04.26-17.42.42:211][ 94]LogScript:Warning: Divide by zero: Divide_FloatFloat
[2016.04.26-17.42.42:227][ 95]LogScript:Warning: Divide by zero: Divide_FloatFloat
[2016.04.26-17.42.42:244][ 96]LogScript:Warning: Divide by zero: Divide_FloatFloat
[2016.04.26-17.42.42:259][ 97]LogScript:Warning: Divide by zero: Divide_FloatFloat
[2016.04.26-17.42.42:275][ 98]LogScript:Warning: Divide by zero: Divide_FloatFloat
[2016.04.26-17.42.42:292][ 99]LogScript:Warning: Divide by zero: Divide_FloatFloat
[2016.04.26-17.42.42:308][100]LogScript:Warning: Divide by zero: Divide_FloatFloat
[2016.04.26-17.42.42:325][101]LogScript:Warning: Divide by zero: Divide_FloatFloat
[2016.04.26-17.42.42:340][102]LogScript:Warning: Divide by zero: Divide_FloatFloat
[2016.04.26-17.42.42:356][103]LogScript:Warning: Divide by zero: Divide_FloatFloat
[2016.04.26-17.42.42:372][104]LogScript:Warning: Divide by zero: Divide_FloatFloat
[2016.04.26-17.42.42:388][105]LogScript:Warning: Divide by zero: Divide_FloatFloat
[2016.04.26-17.42.42:407][106]LogScript:Warning: Divide by zero: Divide_FloatFloat
[2016.04.26-17.42.42:420][107]LogScript:Warning: Divide by zero: Divide_FloatFloat
[2016.04.26-17.42.42:437][108]LogScript:Warning: Divide by zero: Divide_FloatFloat
[2016.04.26-17.42.42:453][109]LogScript:Warning: Divide by zero: Divide_FloatFloat
[2016.04.26-17.42.42:469][110]LogScript:Warning: Divide by zero: Divide_FloatFloat
[2016.04.26-17.42.42:485][111]LogScript:Warning: Divide by zero: Divide_FloatFloat
[2016.04.26-17.42.42:485][111]LogScript:Warning: Divide by zero: Divide_FloatFloat
[2016.04.26-17.42.42:502][112]LogScript:Warning: Divide by zero: Divide_FloatFloat
[2016.04.26-17.42.42:518][113]LogScript:Warning: Divide by zero: Divide_FloatFloat
[2016.04.26-17.42.42:534][114]LogScript:Warning: Divide by zero: Divide_FloatFloat
[2016.04.26-17.42.42:550][115]LogScript:Warning: Divide by zero: Divide_FloatFloat
[2016.04.26-17.42.42:566][116]LogScript:Warning: Divide by zero: Divide_FloatFloat
[2016.04.26-17.42.42:582][117]LogScript:Warning: Divide by zero: Divide_FloatFloat
[2016.04.26-17.42.42:598][118]LogScript:Warning: Divide by zero: Divide_FloatFloat
[2016.04.26-17.42.42:615][119]LogScript:Warning: Divide by zero: Divide_FloatFloat
[2016.04.26-17.42.42:630][120]LogScript:Warning: Divide by zero: Divide_FloatFloat
[2016.04.26-17.42.42:647][121]LogScript:Warning: Divide by zero: Divide_FloatFloat
[2016.04.26-17.42.42:663][122]LogScript:Warning: Divide by zero: Divide_FloatFloat
[2016.04.26-17.42.42:678][123]LogScript:Warning: Divide by zero: Divide_FloatFloat
[2016.04.26-17.42.42:695][124]LogScript:Warning: Divide by zero: Divide_FloatFloat
[2016.04.26-17.42.42:711][125]LogScript:Warning: Divide by zero: Divide_FloatFloat
[2016.04.26-17.42.42:727][126]LogScript:Warning: Divide by zero: Divide_FloatFloat
[2016.04.26-17.42.42:743][127]LogScript:Warning: Divide by zero: Divide_FloatFloat
[2016.04.26-17.42.42:759][128]LogScript:Warning: Divide by zero: Divide_FloatFloat
[2016.04.26-17.42.42:776][129]LogScript:Warning: Divide by zero: Divide_FloatFloat
[2016.04.26-17.42.42:791][130]LogScript:Warning: Divide by zero: Divide_FloatFloat
[2016.04.26-17.42.42:808][131]LogScript:Warning: Divide by zero: Divide_FloatFloat
[2016.04.26-17.42.42:824][132]LogScript:Warning: Divide by zero: Divide_FloatFloat
[2016.04.26-17.42.42:839][133]LogScript:Warning: Divide by zero: Divide_FloatFloat
[2016.04.26-17.42.42:856][134]LogScript:Warning: Divide by zero: Divide_FloatFloat
[2016.04.26-17.42.42:872][135]LogScript:Warning: Divide by zero: Divide_FloatFloat
[2016.04.26-17.42.42:888][136]LogScript:Warning: Divide by zero: Divide_FloatFloat
[2016.04.26-17.42.42:904][137]LogScript:Warning: Divide by zero: Divide_FloatFloat
[2016.04.26-17.42.42:920][138]LogScript:Warning: Divide by zero: Divide_FloatFloat
[2016.04.26-17.42.42:936][139]LogScript:Warning: Divide by zero: Divide_FloatFloat
[2016.04.26-17.42.42:952][140]LogScript:Warning: Divide by zero: Divide_FloatFloat
[2016.04.26-17.42.42:969][141]LogScript:Warning: Divide by zero: Divide_FloatFloat
[2016.04.26-17.42.42:985][142]LogScript:Warning: Divide by zero: Divide_FloatFloat
[2016.04.26-17.42.43:001][143]LogScript:Warning: Divide by zero: Divide_FloatFloat
[2016.04.26-17.42.43:017][144]LogScript:Warning: Divide by zero: Divide_FloatFloat
[2016.04.26-17.42.43:033][145]LogScript:Warning: Divide by zero: Divide_FloatFloat
[2016.04.26-17.42.43:050][146]LogScript:Warning: Divide by zero: Divide_FloatFloat
[2016.04.26-17.42.43:066][147]LogScript:Warning: Divide by zero: Divide_FloatFloat
[2016.04.26-17.42.43:082][148]LogScript:Warning: Divide by zero: Divide_FloatFloat
[2016.04.26-17.42.43:099][149]LogScript:Warning: Divide by zero: Divide_FloatFloat
[2016.04.26-17.42.43:111][150]LogAnalytics: Creating configured Analytics provider FileLogging
[2016.04.26-17.42.43:111][150]LogFileLoggingAnalytics:Display: Analytics event (Player Location) written with (4) attributes
[2016.04.26-17.42.43:111][150]LogBlueprintUserMessages: [HouseLevel_C_0] Time: 3/ X: 600.0/ Y: -100.0/ Z: 221.793091
[2016.04.26-17.42.43:115][150]LogScript:Warning: Divide by zero: Divide_FloatFloat
[2016.04.26-17.42.43:131][151]LogScript:Warning: Divide by zero: Divide_FloatFloat
[2016.04.26-17.42.43:147][152]LogScript:Warning: Divide by zero: Divide_FloatFloat
[2016.04.26-17.42.43:163][153]LogScript:Warning: Divide by zero: Divide_FloatFloat
[2016.04.26-17.42.43:179][154]LogScript:Warning: Divide by zero: Divide_FloatFloat
[2016.04.26-17.42.43:195][155]LogScript:Warning: Divide by zero: Divide_FloatFloat
[2016.04.26-17.42.43:211][156]LogScript:Warning: Divide by zero: Divide_FloatFloat
[2016.04.26-17.42.43:228][157]LogScript:Warning: Divide by zero: Divide_FloatFloat
[2016.04.26-17.42.43:244][158]LogScript:Warning: Divide by zero: Divide_FloatFloat
[2016.04.26-17.42.43:260][159]LogScript:Warning: Divide by zero: Divide_FloatFloat
[2016.04.26-17.42.43:276][160]LogScript:Warning: Divide by zero: Divide_FloatFloat
[2016.04.26-17.42.43:292][161]LogScript:Warning: Divide by zero: Divide_FloatFloat
[2016.04.26-17.42.43:308][162]LogScript:Warning: Divide by zero: Divide_FloatFloat
[2016.04.26-17.42.43:324][163]LogScript:Warning: Divide by zero: Divide_FloatFloat
[2016.04.26-17.42.43:340][164]LogScript:Warning: Divide by zero: Divide_FloatFloat
[2016.04.26-17.42.43:356][165]LogScript:Warning: Divide by zero: Divide_FloatFloat
[2016.04.26-17.42.43:372][166]LogScript:Warning: Divide by zero: Divide_FloatFloat
[2016.04.26-17.42.43:388][167]LogScript:Warning: Divide by zero: Divide_FloatFloat
[2016.04.26-17.42.43:405][168]LogScript:Warning: Divide by zero: Divide_FloatFloat
[2016.04.26-17.42.43:420][169]LogScript:Warning: Divide by zero: Divide_FloatFloat
[2016.04.26-17.42.43:437][170]LogScript:Warning: Divide by zero: Divide_FloatFloat
[2016.04.26-17.42.43:453][171]LogScript:Warning: Divide by zero: Divide_FloatFloat
[2016.04.26-17.42.43:469][172]LogScript:Warning: Divide by zero: Divide_FloatFloat
[2016.04.26-17.42.43:485][173]LogScript:Warning: Divide by zero: Divide_FloatFloat
[2016.04.26-17.42.43:501][174]LogScript:Warning: Divide by zero: Divide_FloatFloat
[2016.04.26-17.42.43:517][175]LogScript:Warning: Divide by zero: Divide_FloatFloat
[2016.04.26-17.42.43:534][176]LogScript:Warning: Divide by zero: Divide_FloatFloat
[2016.04.26-17.42.43:550][177]LogScript:Warning: Divide by zero: Divide_FloatFloat
[2016.04.26-17.42.43:566][178]LogScript:Warning: Divide by zero: Divide_FloatFloat
[2016.04.26-17.42.43:582][179]LogScript:Warning: Divide by zero: Divide_FloatFloat
[2016.04.26-17.42.43:598][180]LogScript:Warning: Divide by zero: Divide_FloatFloat
[2016.04.26-17.42.43:614][181]LogScript:Warning: Divide by zero: Divide_FloatFloat
[2016.04.26-17.42.43:631][182]LogScript:Warning: Divide by zero: Divide_FloatFloat
[2016.04.26-17.42.43:646][183]LogScript:Warning: Divide by zero: Divide_FloatFloat
[2016.04.26-17.42.43:663][184]LogScript:Warning: Divide by zero: Divide_FloatFloat
[2016.04.26-17.42.43:678][185]LogScript:Warning: Divide by zero: Divide_FloatFloat
[2016.04.26-17.42.43:695][186]LogScript:Warning: Divide by zero: Divide_FloatFloat
[2016.04.26-17.42.43:711][187]LogScript:Warning: Divide by zero: Divide_FloatFloat
[2016.04.26-17.42.43:727][188]LogScript:Warning: Divide by zero: Divide_FloatFloat
[2016.04.26-17.42.43:743][189]LogScript:Warning: Divide by zero: Divide_FloatFloat
[2016.04.26-17.42.43:759][190]LogScript:Warning: Divide by zero: Divide_FloatFloat
[2016.04.26-17.42.43:775][191]LogScript:Warning: Divide by zero: Divide_FloatFloat
[2016.04.26-17.42.43:791][192]LogScript:Warning: Divide by zero: Divide_FloatFloat
[2016.04.26-17.42.43:807][193]LogScript:Warning: Divide by zero: Divide_FloatFloat
[2016.04.26-17.42.43:824][194]LogScript:Warning: Divide by zero: Divide_FloatFloat
[2016.04.26-17.42.43:840][195]LogScript:Warning: Divide by zero: Divide_FloatFloat
[2016.04.26-17.42.43:856][196]LogScript:Warning: Divide by zero: Divide_FloatFloat
[2016.04.26-17.42.43:872][197]LogScript:Warning: Divide by zero: Divide_FloatFloat
[2016.04.26-17.42.43:888][198]LogScript:Warning: Divide by zero: Divide_FloatFloat
[2016.04.26-17.42.43:904][199]LogScript:Warning: Divide by zero: Divide_FloatFloat
[2016.04.26-17.42.43:920][200]LogScript:Warning: Divide by zero: Divide_FloatFloat
[2016.04.26-17.42.43:936][201]LogScript:Warning: Divide by zero: Divide_FloatFloat
[2016.04.26-17.42.43:953][202]LogScript:Warning: Divide by zero: Divide_FloatFloat
[2016.04.26-17.42.43:969][203]LogScript:Warning: Divide by zero: Divide_FloatFloat
[2016.04.26-17.42.43:984][204]LogScript:Warning: Divide by zero: Divide_FloatFloat
[2016.04.26-17.42.44:001][205]LogScript:Warning: Divide by zero: Divide_FloatFloat
[2016.04.26-17.42.44:017][206]LogScript:Warning: Divide by zero: Divide_FloatFloat
[2016.04.26-17.42.44:033][207]LogScript:Warning: Divide by zero: Divide_FloatFloat
[2016.04.26-17.42.44:052][208]LogScript:Warning: Divide by zero: Divide_FloatFloat
[2016.04.26-17.42.44:068][209]LogScript:Warning: Divide by zero: Divide_FloatFloat
[2016.04.26-17.42.44:084][210]LogScript:Warning: Divide by zero: Divide_FloatFloat
[2016.04.26-17.42.44:101][211]LogScript:Warning: Divide by zero: Divide_FloatFloat
[2016.04.26-17.42.44:127][212]LogAnalytics: Creating configured Analytics provider FileLogging
[2016.04.26-17.42.44:127][212]LogFileLoggingAnalytics:Display: Analytics event (Player Location) written with (4) attributes
[2016.04.26-17.42.44:127][212]LogBlueprintUserMessages: [HouseLevel_C_0] Time: 4/ X: 600.0/ Y: -100.0/ Z: 221.793091
[2016.04.26-17.42.44:131][212]LogScript:Warning: Divide by zero: Divide_FloatFloat
[2016.04.26-17.42.44:149][213]LogScript:Warning: Divide by zero: Divide_FloatFloat
[2016.04.26-17.42.44:164][214]LogScript:Warning: Divide by zero: Divide_FloatFloat
[2016.04.26-17.42.44:179][215]LogScript:Warning: Divide by zero: Divide_FloatFloat
[2016.04.26-17.42.44:195][216]LogScript:Warning: Divide by zero: Divide_FloatFloat
[2016.04.26-17.42.44:212][217]LogScript:Warning: Divide by zero: Divide_FloatFloat
[2016.04.26-17.42.44:228][218]LogScript:Warning: Divide by zero: Divide_FloatFloat
[2016.04.26-17.42.44:244][219]LogScript:Warning: Divide by zero: Divide_FloatFloat
[2016.04.26-17.42.44:260][220]LogScript:Warning: Divide by zero: Divide_FloatFloat
[2016.04.26-17.42.44:277][221]LogScript:Warning: Divide by zero: Divide_FloatFloat
[2016.04.26-17.42.44:294][222]LogScript:Warning: Divide by zero: Divide_FloatFloat
[2016.04.26-17.42.44:310][223]LogScript:Warning: Divide by zero: Divide_FloatFloat
[2016.04.26-17.42.44:325][224]LogScript:Warning: Divide by zero: Divide_FloatFloat
[2016.04.26-17.42.44:342][225]LogScript:Warning: Divide by zero: Divide_FloatFloat
[2016.04.26-17.42.44:358][226]LogScript:Warning: Divide by zero: Divide_FloatFloat
[2016.04.26-17.42.44:374][227]LogScript:Warning: Divide by zero: Divide_FloatFloat
[2016.04.26-17.42.44:390][228]LogScript:Warning: Divide by zero: Divide_FloatFloat
[2016.04.26-17.42.44:406][229]LogScript:Warning: Divide by zero: Divide_FloatFloat
[2016.04.26-17.42.44:422][230]LogScript:Warning: Divide by zero: Divide_FloatFloat
[2016.04.26-17.42.44:438][231]LogScript:Warning: Divide by zero: Divide_FloatFloat
[2016.04.26-17.42.44:455][232]LogScript:Warning: Divide by zero: Divide_FloatFloat
[2016.04.26-17.42.44:470][233]LogScript:Warning: Divide by zero: Divide_FloatFloat
[2016.04.26-17.42.44:486][234]LogScript:Warning: Divide by zero: Divide_FloatFloat
[2016.04.26-17.42.44:486][234]LogScript:Warning: Divide by zero: Divide_FloatFloat
[2016.04.26-17.42.44:503][235]LogScript:Warning: Divide by zero: Divide_FloatFloat
[2016.04.26-17.42.44:518][236]LogScript:Warning: Divide by zero: Divide_FloatFloat
[2016.04.26-17.42.44:535][237]LogScript:Warning: Divide by zero: Divide_FloatFloat
[2016.04.26-17.42.44:551][238]LogScript:Warning: Divide by zero: Divide_FloatFloat
[2016.04.26-17.42.44:567][239]LogScript:Warning: Divide by zero: Divide_FloatFloat
[2016.04.26-17.42.44:583][240]LogScript:Warning: Divide by zero: Divide_FloatFloat
[2016.04.26-17.42.44:599][241]LogScript:Warning: Divide by zero: Divide_FloatFloat
[2016.04.26-17.42.44:616][242]LogScript:Warning: Divide by zero: Divide_FloatFloat
[2016.04.26-17.42.44:632][243]LogScript:Warning: Divide by zero: Divide_FloatFloat
[2016.04.26-17.42.44:648][244]LogScript:Warning: Divide by zero: Divide_FloatFloat
[2016.04.26-17.42.44:664][245]LogScript:Warning: Divide by zero: Divide_FloatFloat
[2016.04.26-17.42.44:680][246]LogScript:Warning: Divide by zero: Divide_FloatFloat
[2016.04.26-17.42.44:696][247]LogScript:Warning: Divide by zero: Divide_FloatFloat
[2016.04.26-17.42.44:712][248]LogScript:Warning: Divide by zero: Divide_FloatFloat
[2016.04.26-17.42.44:729][249]LogScript:Warning: Divide by zero: Divide_FloatFloat
[2016.04.26-17.42.44:745][250]LogScript:Warning: Divide by zero: Divide_FloatFloat
[2016.04.26-17.42.44:761][251]LogScript:Warning: Divide by zero: Divide_FloatFloat
[2016.04.26-17.42.44:777][252]LogScript:Warning: Divide by zero: Divide_FloatFloat
[2016.04.26-17.42.44:793][253]LogScript:Warning: Divide by zero: Divide_FloatFloat
[2016.04.26-17.42.44:809][254]LogScript:Warning: Divide by zero: Divide_FloatFloat
[2016.04.26-17.42.44:825][255]LogScript:Warning: Divide by zero: Divide_FloatFloat
[2016.04.26-17.42.44:841][256]LogScript:Warning: Divide by zero: Divide_FloatFloat
[2016.04.26-17.42.44:857][257]LogScript:Warning: Divide by zero: Divide_FloatFloat
[2016.04.26-17.42.44:873][258]LogScript:Warning: Divide by zero: Divide_FloatFloat
[2016.04.26-17.42.44:890][259]LogScript:Warning: Divide by zero: Divide_FloatFloat
[2016.04.26-17.42.44:905][260]LogScript:Warning: Divide by zero: Divide_FloatFloat
[2016.04.26-17.42.44:922][261]LogScript:Warning: Divide by zero: Divide_FloatFloat
[2016.04.26-17.42.44:938][262]LogScript:Warning: Divide by zero: Divide_FloatFloat
[2016.04.26-17.42.44:954][263]LogScript:Warning: Divide by zero: Divide_FloatFloat
[2016.04.26-17.42.44:970][264]LogScript:Warning: Divide by zero: Divide_FloatFloat
[2016.04.26-17.42.44:986][265]LogScript:Warning: Divide by zero: Divide_FloatFloat
[2016.04.26-17.42.45:003][266]LogScript:Warning: Divide by zero: Divide_FloatFloat
[2016.04.26-17.42.45:018][267]LogScript:Warning: Divide by zero: Divide_FloatFloat
[2016.04.26-17.42.45:034][268]LogScript:Warning: Divide by zero: Divide_FloatFloat
[2016.04.26-17.42.45:050][269]LogScript:Warning: Divide by zero: Divide_FloatFloat
[2016.04.26-17.42.45:067][270]LogScript:Warning: Divide by zero: Divide_FloatFloat
[2016.04.26-17.42.45:083][271]LogScript:Warning: Divide by zero: Divide_FloatFloat
[2016.04.26-17.42.45:099][272]LogScript:Warning: Divide by zero: Divide_FloatFloat
[2016.04.26-17.42.45:115][273]LogScript:Warning: Divide by zero: Divide_FloatFloat
[2016.04.26-17.42.45:128][274]LogAnalytics: Creating configured Analytics provider FileLogging
[2016.04.26-17.42.45:128][274]LogFileLoggingAnalytics:Display: Analytics event (Player Location) written with (4) attributes
[2016.04.26-17.42.45:128][274]LogBlueprintUserMessages: [HouseLevel_C_0] Time: 5/ X: 600.0/ Y: -100.0/ Z: 221.793091
[2016.04.26-17.42.45:132][274]LogScript:Warning: Divide by zero: Divide_FloatFloat
[2016.04.26-17.42.45:148][275]LogScript:Warning: Divide by zero: Divide_FloatFloat
[2016.04.26-17.42.45:164][276]LogScript:Warning: Divide by zero: Divide_FloatFloat
[2016.04.26-17.42.45:180][277]LogScript:Warning: Divide by zero: Divide_FloatFloat
[2016.04.26-17.42.45:196][278]LogScript:Warning: Divide by zero: Divide_FloatFloat
[2016.04.26-17.42.45:213][279]LogScript:Warning: Divide by zero: Divide_FloatFloat
[2016.04.26-17.42.45:228][280]LogScript:Warning: Divide by zero: Divide_FloatFloat
[2016.04.26-17.42.45:244][281]LogScript:Warning: Divide by zero: Divide_FloatFloat
[2016.04.26-17.42.45:260][282]LogScript:Warning: Divide by zero: Divide_FloatFloat
[2016.04.26-17.42.45:276][283]LogScript:Warning: Divide by zero: Divide_FloatFloat
[2016.04.26-17.42.45:293][284]LogScript:Warning: Divide by zero: Divide_FloatFloat
[2016.04.26-17.42.45:309][285]LogScript:Warning: Divide by zero: Divide_FloatFloat
[2016.04.26-17.42.45:325][286]LogScript:Warning: Divide by zero: Divide_FloatFloat
[2016.04.26-17.42.45:341][287]LogScript:Warning: Divide by zero: Divide_FloatFloat
[2016.04.26-17.42.45:357][288]LogScript:Warning: Divide by zero: Divide_FloatFloat
[2016.04.26-17.42.45:373][289]LogScript:Warning: Divide by zero: Divide_FloatFloat
[2016.04.26-17.42.45:389][290]LogScript:Warning: Divide by zero: Divide_FloatFloat
[2016.04.26-17.42.45:405][291]LogScript:Warning: Divide by zero: Divide_FloatFloat
[2016.04.26-17.42.45:421][292]LogScript:Warning: Divide by zero: Divide_FloatFloat
[2016.04.26-17.42.45:438][293]LogScript:Warning: Divide by zero: Divide_FloatFloat
[2016.04.26-17.42.45:454][294]LogScript:Warning: Divide by zero: Divide_FloatFloat
[2016.04.26-17.42.45:470][295]LogScript:Warning: Divide by zero: Divide_FloatFloat
[2016.04.26-17.42.45:486][296]LogScript:Warning: Divide by zero: Divide_FloatFloat
[2016.04.26-17.42.45:502][297]LogScript:Warning: Divide by zero: Divide_FloatFloat
[2016.04.26-17.42.45:518][298]LogScript:Warning: Divide by zero: Divide_FloatFloat
[2016.04.26-17.42.45:534][299]LogScript:Warning: Divide by zero: Divide_FloatFloat
[2016.04.26-17.42.45:550][300]LogScript:Warning: Divide by zero: Divide_FloatFloat
[2016.04.26-17.42.45:566][301]LogScript:Warning: Divide by zero: Divide_FloatFloat
[2016.04.26-17.42.45:583][302]LogScript:Warning: Divide by zero: Divide_FloatFloat
[2016.04.26-17.42.45:599][303]LogScript:Warning: Divide by zero: Divide_FloatFloat
[2016.04.26-17.42.45:615][304]LogScript:Warning: Divide by zero: Divide_FloatFloat
[2016.04.26-17.42.45:632][305]LogScript:Warning: Divide by zero: Divide_FloatFloat
[2016.04.26-17.42.45:649][306]LogScript:Warning: Divide by zero: Divide_FloatFloat
[2016.04.26-17.42.45:664][307]LogScript:Warning: Divide by zero: Divide_FloatFloat
[2016.04.26-17.42.45:681][308]LogScript:Warning: Divide by zero: Divide_FloatFloat
[2016.04.26-17.42.45:697][309]LogScript:Warning: Divide by zero: Divide_FloatFloat
[2016.04.26-17.42.45:713][310]LogScript:Warning: Divide by zero: Divide_FloatFloat
[2016.04.26-17.42.45:729][311]LogScript:Warning: Divide by zero: Divide_FloatFloat
[2016.04.26-17.42.45:745][312]LogScript:Warning: Divide by zero: Divide_FloatFloat
[2016.04.26-17.42.45:761][313]LogScript:Warning: Divide by zero: Divide_FloatFloat
[2016.04.26-17.42.45:777][314]LogScript:Warning: Divide by zero: Divide_FloatFloat
[2016.04.26-17.42.45:793][315]LogScript:Warning: Divide by zero: Divide_FloatFloat
[2016.04.26-17.42.45:809][316]LogScript:Warning: Divide by zero: Divide_FloatFloat
[2016.04.26-17.42.45:825][317]LogScript:Warning: Divide by zero: Divide_FloatFloat
[2016.04.26-17.42.45:841][318]LogScript:Warning: Divide by zero: Divide_FloatFloat
[2016.04.26-17.42.45:858][319]LogScript:Warning: Divide by zero: Divide_FloatFloat
[2016.04.26-17.42.45:874][320]LogScript:Warning: Divide by zero: Divide_FloatFloat
[2016.04.26-17.42.45:890][321]LogScript:Warning: Divide by zero: Divide_FloatFloat
[2016.04.26-17.42.45:906][322]LogScript:Warning: Divide by zero: Divide_FloatFloat
[2016.04.26-17.42.45:922][323]LogScript:Warning: Divide by zero: Divide_FloatFloat
[2016.04.26-17.42.45:938][324]LogScript:Warning: Divide by zero: Divide_FloatFloat
[2016.04.26-17.42.45:954][325]LogScript:Warning: Divide by zero: Divide_FloatFloat
[2016.04.26-17.42.45:971][326]LogScript:Warning: Divide by zero: Divide_FloatFloat
[2016.04.26-17.42.45:986][327]LogScript:Warning: Divide by zero: Divide_FloatFloat
[2016.04.26-17.42.46:003][328]LogScript:Warning: Divide by zero: Divide_FloatFloat
[2016.04.26-17.42.46:019][329]LogScript:Warning: Divide by zero: Divide_FloatFloat
[2016.04.26-17.42.46:035][330]LogScript:Warning: Divide by zero: Divide_FloatFloat
[2016.04.26-17.42.46:051][331]LogScript:Warning: Divide by zero: Divide_FloatFloat
[2016.04.26-17.42.46:067][332]LogScript:Warning: Divide by zero: Divide_FloatFloat
[2016.04.26-17.42.46:083][333]LogScript:Warning: Divide by zero: Divide_FloatFloat
[2016.04.26-17.42.46:099][334]LogScript:Warning: Divide by zero: Divide_FloatFloat
[2016.04.26-17.42.46:115][335]LogScript:Warning: Divide by zero: Divide_FloatFloat
[2016.04.26-17.42.46:128][336]LogAnalytics: Creating configured Analytics provider FileLogging
[2016.04.26-17.42.46:128][336]LogFileLoggingAnalytics:Display: Analytics event (Player Location) written with (4) attributes
[2016.04.26-17.42.46:128][336]LogBlueprintUserMessages: [HouseLevel_C_0] Time: 6/ X: 600.0/ Y: -100.0/ Z: 221.793091
[2016.04.26-17.42.46:132][336]LogScript:Warning: Divide by zero: Divide_FloatFloat
[2016.04.26-17.42.46:148][337]LogScript:Warning: Divide by zero: Divide_FloatFloat
[2016.04.26-17.42.46:164][338]LogScript:Warning: Divide by zero: Divide_FloatFloat
[2016.04.26-17.42.46:180][339]LogScript:Warning: Divide by zero: Divide_FloatFloat
[2016.04.26-17.42.46:196][340]LogScript:Warning: Divide by zero: Divide_FloatFloat
[2016.04.26-17.42.46:213][341]LogScript:Warning: Divide by zero: Divide_FloatFloat
[2016.04.26-17.42.46:229][342]LogScript:Warning: Divide by zero: Divide_FloatFloat
[2016.04.26-17.42.46:245][343]LogScript:Warning: Divide by zero: Divide_FloatFloat
[2016.04.26-17.42.46:261][344]LogScript:Warning: Divide by zero: Divide_FloatFloat
[2016.04.26-17.42.46:277][345]LogScript:Warning: Divide by zero: Divide_FloatFloat
[2016.04.26-17.42.46:293][346]LogScript:Warning: Divide by zero: Divide_FloatFloat
[2016.04.26-17.42.46:310][347]LogScript:Warning: Divide by zero: Divide_FloatFloat
[2016.04.26-17.42.46:325][348]LogScript:Warning: Divide by zero: Divide_FloatFloat
[2016.04.26-17.42.46:341][349]LogScript:Warning: Divide by zero: Divide_FloatFloat
[2016.04.26-17.42.46:357][350]LogScript:Warning: Divide by zero: Divide_FloatFloat
[2016.04.26-17.42.46:374][351]LogScript:Warning: Divide by zero: Divide_FloatFloat
[2016.04.26-17.42.46:389][352]LogScript:Warning: Divide by zero: Divide_FloatFloat
[2016.04.26-17.42.46:406][353]LogScript:Warning: Divide by zero: Divide_FloatFloat
[2016.04.26-17.42.46:422][354]LogScript:Warning: Divide by zero: Divide_FloatFloat
[2016.04.26-17.42.46:438][355]LogScript:Warning: Divide by zero: Divide_FloatFloat
[2016.04.26-17.42.46:454][356]LogScript:Warning: Divide by zero: Divide_FloatFloat
[2016.04.26-17.42.46:470][357]LogScript:Warning: Divide by zero: Divide_FloatFloat
[2016.04.26-17.42.46:486][358]LogScript:Warning: Divide by zero: Divide_FloatFloat
[2016.04.26-17.42.46:486][358]LogScript:Warning: Divide by zero: Divide_FloatFloat
[2016.04.26-17.42.46:503][359]LogScript:Warning: Divide by zero: Divide_FloatFloat
[2016.04.26-17.42.46:519][360]LogScript:Warning: Divide by zero: Divide_FloatFloat
[2016.04.26-17.42.46:535][361]LogScript:Warning: Divide by zero: Divide_FloatFloat
[2016.04.26-17.42.46:550][362]LogScript:Warning: Divide by zero: Divide_FloatFloat
[2016.04.26-17.42.46:567][363]LogScript:Warning: Divide by zero: Divide_FloatFloat
[2016.04.26-17.42.46:583][364]LogScript:Warning: Divide by zero: Divide_FloatFloat
[2016.04.26-17.42.46:599][365]LogScript:Warning: Divide by zero: Divide_FloatFloat
[2016.04.26-17.42.46:615][366]LogScript:Warning: Divide by zero: Divide_FloatFloat
[2016.04.26-17.42.46:631][367]LogScript:Warning: Divide by zero: Divide_FloatFloat
[2016.04.26-17.42.46:647][368]LogScript:Warning: Divide by zero: Divide_FloatFloat
[2016.04.26-17.42.46:664][369]LogScript:Warning: Divide by zero: Divide_FloatFloat
[2016.04.26-17.42.46:680][370]LogScript:Warning: Divide by zero: Divide_FloatFloat
[2016.04.26-17.42.46:696][371]LogScript:Warning: Divide by zero: Divide_FloatFloat
[2016.04.26-17.42.46:712][372]LogScript:Warning: Divide by zero: Divide_FloatFloat
[2016.04.26-17.42.46:729][373]LogScript:Warning: Divide by zero: Divide_FloatFloat
[2016.04.26-17.42.46:744][374]LogScript:Warning: Divide by zero: Divide_FloatFloat
[2016.04.26-17.42.46:760][375]LogScript:Warning: Divide by zero: Divide_FloatFloat
[2016.04.26-17.42.46:777][376]LogScript:Warning: Divide by zero: Divide_FloatFloat
[2016.04.26-17.42.46:937][377]LogPackageName: SearchForPackageOnDisk took   0.147s, but failed to resolve Main.umap.
[2016.04.26-17.42.46:941][377]LogScript:Warning: Divide by zero: Divide_FloatFloat
[2016.04.26-17.42.47:080][378]LogPackageName: SearchForPackageOnDisk took   0.137s, but failed to resolve Main.umap.
[2016.04.26-17.42.47:080][378]LogNet: Browse: /Game/ThirdPersonBP/Maps/ThirdPersonExampleMap
[2016.04.26-17.42.47:080][378]LogNet:Warning: Travel Failure: [InvalidURL]: Invalid URL: /Game/ThirdPersonBP/Maps/ThirdPersonExampleMap
[2016.04.26-17.42.47:080][378]LogNet: TravelFailure: InvalidURL, Reason for Failure: 'Invalid URL: /Game/ThirdPersonBP/Maps/ThirdPersonExampleMap'
[2016.04.26-17.42.47:080][378]LogNet:Warning: Travel Failure: [ClientTravelFailure]: Invalid URL: /Game/ThirdPersonBP/Maps/ThirdPersonExampleMap
[2016.04.26-17.42.47:080][378]LogNet: TravelFailure: ClientTravelFailure, Reason for Failure: 'Invalid URL: /Game/ThirdPersonBP/Maps/ThirdPersonExampleMap'
[2016.04.26-17.42.47:083][378]LogScript:Warning: Divide by zero: Divide_FloatFloat
[2016.04.26-17.42.47:084][379]LogNet: Browse: /Game/ThirdPersonBP/Maps/ThirdPersonExampleMap?closed
[2016.04.26-17.42.47:084][379]LogNet: Failed; returning to Entry
[2016.04.26-17.42.47:140][379]LogLoad: LoadMap: /Game/ThirdPersonBP/Maps/ThirdPersonExampleMap?closed
[2016.04.26-17.42.47:275][379]LogParticles: Destroying 0 GPU particle simulations for FXSystem 0x0000002C6A72E160
[2016.04.26-17.42.47:421][379]LogMemory: Platform Memory Stats for Windows
[2016.04.26-17.42.47:421][379]LogMemory: Process Physical Memory: 531.83 MB used, 555.93 MB peak
[2016.04.26-17.42.47:421][379]LogMemory: Process Virtual Memory: 482.38 MB used, 508.68 MB peak
[2016.04.26-17.42.47:421][379]LogMemory: Physical Memory: 5473.93 MB used, 16273.04 MB total
[2016.04.26-17.42.47:421][379]LogMemory: Virtual Memory: 1049.51 MB used, 134217728.00 MB total
[2016.04.26-17.42.47:421][379]LogMemory: 
[2016.04.26-17.42.47:421][379]Allocator Stats for TBB: (not implemented)
[2016.04.26-17.42.48:035][379]LogAIModule: Creating AISystem for world ThirdPersonExampleMap
[2016.04.26-17.42.49:179][379]LogWorld: Game class is 'ThirdPersonGameMode_C'
[2016.04.26-17.42.49:188][379]LogWorld: Bringing World /Game/ThirdPersonBP/Maps/ThirdPersonExampleMap.ThirdPersonExampleMap up for play (max tick rate 0) at 2016.04.26-13.42.49
[2016.04.26-17.42.49:188][379]LogWorld: Bringing up level for play took: 0.004913
[2016.04.26-17.42.50:746][458]LogWindowsTextInputMethodSystem:Display: IME system now deactivated.
[2016.04.26-17.42.50:754][458]LogEngine: All Windows Closed
[2016.04.26-17.42.50:754][458]LogWindows: FPlatformMisc::RequestExit(0)
[2016.04.26-17.42.50:970][459]LogExit: Preparing to exit.
[2016.04.26-17.42.51:115][459]LogExit: Game engine shut down
[2016.04.26-17.42.51:122][459]LogParticles: Destroying 0 GPU particle simulations for FXSystem 0x0000002C653FC7C0
[2016.04.26-17.42.51:563][459]LogExit: Object subsystem successfully closed.
[2016.04.26-17.42.51:589][459]LogD3D11RHI: Shutdown
[2016.04.26-17.42.51:589][459]LogD3D11RHI: CleanupD3DDevice
[2016.04.26-17.42.51:751][459]LogD3D11RHI: ~FD3D11DynamicRHI
[2016.04.26-17.42.51:778][459]LogModuleManager: Shutting down and abandoning module AndroidDeviceDetection (120)
[2016.04.26-17.42.52:043][459]LogModuleManager: Shutting down and abandoning module AutomationController (119)
[2016.04.26-17.42.52:043][459]LogModuleManager: Shutting down and abandoning module AutomationWorker (118)
[2016.04.26-17.42.52:044][459]LogModuleManager: Shutting down and abandoning module CharacterAI (117)
[2016.04.26-17.42.52:044][459]LogModuleManager: Shutting down and abandoning module Analytics (116)
[2016.04.26-17.42.52:044][459]LogModuleManager: Shutting down and abandoning module AITestSuite (115)
[2016.04.26-17.42.52:044][459]LogModuleManager: Shutting down and abandoning module GameplayDebugger (114)
[2016.04.26-17.42.52:044][459]LogModuleManager: Shutting down and abandoning module AIModule (113)
[2016.04.26-17.42.52:044][459]LogModuleManager: Shutting down and abandoning module MovieSceneCapture (112)
[2016.04.26-17.42.52:044][459]LogModuleManager: Shutting down and abandoning module GameLiveStreaming (111)
[2016.04.26-17.42.52:044][459]LogModuleManager: Shutting down and abandoning module StreamingPauseRendering (110)
[2016.04.26-17.42.52:044][459]LogModuleManager: Shutting down and abandoning module ProfilerService (109)
[2016.04.26-17.42.52:255][459]LogModuleManager: Shutting down and abandoning module TaskGraph (108)
[2016.04.26-17.42.52:256][459]LogModuleManager: Shutting down and abandoning module SlateRemote (107)
[2016.04.26-17.42.52:256][459]LogModuleManager: Shutting down and abandoning module SteamVRController (106)
[2016.04.26-17.42.52:256][459]LogModuleManager: Shutting down and abandoning module SteamVR (105)
[2016.04.26-17.42.52:256][459]LogModuleManager: Shutting down and abandoning module ProceduralMeshComponent (104)
[2016.04.26-17.42.52:256][459]LogModuleManager: Shutting down and abandoning module OculusLibrary (103)
[2016.04.26-17.42.52:256][459]LogModuleManager: Shutting down and abandoning module OculusInput (102)
[2016.04.26-17.42.52:256][459]LogModuleManager: Shutting down and abandoning module LeapMotionController (101)
[2016.04.26-17.42.52:291][459]LogModuleManager: Shutting down and abandoning module CustomMeshComponent (100)
[2016.04.26-17.42.52:291][459]LogModuleManager: Shutting down and abandoning module CableComponent (99)
[2016.04.26-17.42.52:291][459]LogModuleManager: Shutting down and abandoning module ArchVisCharacter (98)
[2016.04.26-17.42.52:292][459]LogModuleManager: Shutting down and abandoning module HTML5Networking (97)
[2016.04.26-17.42.52:292][459]LogModuleManager: Shutting down and abandoning module DesktopPlatform (96)
[2016.04.26-17.42.52:292][459]LogModuleManager: Shutting down and abandoning module DirectoryWatcher (95)
[2016.04.26-17.42.52:292][459]LogModuleManager: Shutting down and abandoning module HotReload (94)
[2016.04.26-17.42.52:292][459]LogModuleManager: Shutting down and abandoning module VisualStudioSourceCodeAccess (93)
[2016.04.26-17.42.52:292][459]LogModuleManager: Shutting down and abandoning module UObjectPlugin (92)
[2016.04.26-17.42.52:292][459]LogModuleManager: Shutting down and abandoning module SubversionSourceControl (91)
[2016.04.26-17.42.52:292][459]LogModuleManager: Shutting down and abandoning module SourceControl (90)
[2016.04.26-17.42.52:292][459]LogModuleManager: Shutting down and abandoning module PerforceSourceControl (89)
[2016.04.26-17.42.52:292][459]LogModuleManager: Shutting down and abandoning module FileLogging (88)
[2016.04.26-17.42.52:300][459]LogFileLoggingAnalytics:Display: Session ended for user (f7fd99f1d803ebbcafe1a7209dc22344) and session id (f7fd99f1d803ebbcafe1a7209dc22344-2016.04.26-13.42.39)
[2016.04.26-17.42.52:300][459]LogModuleManager: Shutting down and abandoning module AnalyticsBlueprintLibrary (87)
[2016.04.26-17.42.52:300][459]LogModuleManager: Shutting down and abandoning module UdpMessaging (86)
[2016.04.26-17.42.52:300][459]LogModuleManager: Shutting down and abandoning module LightPropagationVolumeRuntime (85)
[2016.04.26-17.42.52:300][459]LogModuleManager: Shutting down and abandoning module Paper2D (84)
[2016.04.26-17.42.52:300][459]LogModuleManager: Shutting down and abandoning module WindowsMoviePlayer (83)
[2016.04.26-17.42.52:309][459]LogModuleManager: Shutting down and abandoning module Media (82)
[2016.04.26-17.42.52:309][459]LogModuleManager: Shutting down and abandoning module WmfMedia (81)
[2016.04.26-17.42.52:309][459]LogModuleManager: Shutting down and abandoning module OnlineBlueprintSupport (80)
[2016.04.26-17.42.52:309][459]LogModuleManager: Shutting down and abandoning module GameplayTasksEditor (79)
[2016.04.26-17.42.52:309][459]LogModuleManager: Shutting down and abandoning module PropertyEditor (78)
[2016.04.26-17.42.52:309][459]LogModuleManager: Shutting down and abandoning module BehaviorTreeEditor (77)
[2016.04.26-17.42.52:309][459]LogModuleManager: Shutting down and abandoning module FunctionalTesting (76)
[2016.04.26-17.42.52:309][459]LogModuleManager: Shutting down and abandoning module CollisionAnalyzer (75)
[2016.04.26-17.42.52:310][459]LogModuleManager: Shutting down and abandoning module WorkspaceMenuStructure (74)
[2016.04.26-17.42.52:310][459]LogModuleManager: Shutting down and abandoning module MessageLog (73)
[2016.04.26-17.42.52:310][459]LogModuleManager: Shutting down and abandoning module Sequencer (72)
[2016.04.26-17.42.52:310][459]LogModuleManager: Shutting down and abandoning module AssetTools (71)
[2016.04.26-17.42.52:310][459]LogModuleManager: Shutting down and abandoning module UMGEditor (70)
[2016.04.26-17.42.52:310][459]LogModuleManager: Shutting down and abandoning module UMG (69)
[2016.04.26-17.42.52:310][459]LogModuleManager: Shutting down and abandoning module Slate (68)
[2016.04.26-17.42.52:310][459]LogModuleManager: Shutting down and abandoning module EditorStyle (67)
[2016.04.26-17.42.52:315][459]LogModuleManager: Shutting down and abandoning module SessionServices (66)
[2016.04.26-17.42.52:315][459]LogModuleManager: Shutting down and abandoning module SourceCodeAccess (65)
[2016.04.26-17.42.52:315][459]LogModuleManager: Shutting down and abandoning module HeadMountedDisplay (64)
[2016.04.26-17.42.52:315][459]LogModuleManager: Shutting down and abandoning module XAudio2 (63)
[2016.04.26-17.42.52:315][459]LogModuleManager: Shutting down and abandoning module Networking (61)
[2016.04.26-17.42.52:315][459]LogModuleManager: Shutting down and abandoning module Core (60)
[2016.04.26-17.42.52:315][459]LogModuleManager: Shutting down and abandoning module KismetCompiler (59)
[2016.04.26-17.42.52:315][459]LogModuleManager: Shutting down and abandoning module PhysXFormats (58)
[2016.04.26-17.42.52:315][459]LogModuleManager: Shutting down and abandoning module MeshUtilities (57)
[2016.04.26-17.42.52:315][459]LogModuleManager: Shutting down and abandoning module DerivedDataCache (56)
[2016.04.26-17.42.52:341][459]LogDerivedDataCache: Shutdown
[2016.04.26-17.42.52:341][459]LogModuleManager: Shutting down and abandoning module ShaderFormatOpenGL (55)
[2016.04.26-17.42.52:341][459]LogModuleManager: Shutting down and abandoning module ShaderFormatD3D (54)
[2016.04.26-17.42.52:341][459]LogModuleManager: Shutting down and abandoning module MetalShaderFormat (53)
[2016.04.26-17.42.52:341][459]LogModuleManager: Shutting down and abandoning module TextureFormatUncompressed (52)
[2016.04.26-17.42.52:341][459]LogModuleManager: Shutting down and abandoning module TextureFormatPVR (51)
[2016.04.26-17.42.52:341][459]LogModuleManager: Shutting down and abandoning module TextureFormatIntelISPCTexComp (50)
[2016.04.26-17.42.52:341][459]LogModuleManager: Shutting down and abandoning module TextureFormatDXT (49)
[2016.04.26-17.42.52:341][459]LogModuleManager: Shutting down and abandoning module ImageWrapper (48)
[2016.04.26-17.42.52:341][459]LogModuleManager: Shutting down and abandoning module TextureFormatASTC (47)
[2016.04.26-17.42.52:341][459]LogModuleManager: Shutting down and abandoning module TextureFormatAndroid (46)
[2016.04.26-17.42.52:341][459]LogModuleManager: Shutting down and abandoning module AudioFormatOpus (45)
[2016.04.26-17.42.52:342][459]LogModuleManager: Shutting down and abandoning module AudioFormatOgg (44)
[2016.04.26-17.42.52:342][459]LogModuleManager: Shutting down and abandoning module AudioFormatADPCM (43)
[2016.04.26-17.42.52:342][459]LogModuleManager: Shutting down and abandoning module LinuxTargetPlatform (42)
[2016.04.26-17.42.52:342][459]LogModuleManager: Shutting down and abandoning module LinuxServerTargetPlatform (41)
[2016.04.26-17.42.52:342][459]LogModuleManager: Shutting down and abandoning module LinuxNoEditorTargetPlatform (40)
[2016.04.26-17.42.52:342][459]LogModuleManager: Shutting down and abandoning module Messaging (39)
[2016.04.26-17.42.52:342][459]LogModuleManager: Shutting down and abandoning module IOSTargetPlatform (38)
[2016.04.26-17.42.52:342][459]LogModuleManager: Shutting down and abandoning module HTML5TargetPlatform (37)
[2016.04.26-17.42.52:342][459]LogModuleManager: Shutting down and abandoning module Android_PVRTCTargetPlatform (36)
[2016.04.26-17.42.52:342][459]LogModuleManager: Shutting down and abandoning module Android_MultiTargetPlatform (35)
[2016.04.26-17.42.52:342][459]LogModuleManager: Shutting down and abandoning module Android_ETC2TargetPlatform (34)
[2016.04.26-17.42.52:342][459]LogModuleManager: Shutting down and abandoning module Android_ETC1TargetPlatform (33)
[2016.04.26-17.42.52:342][459]LogModuleManager: Shutting down and abandoning module Android_DXTTargetPlatform (32)
[2016.04.26-17.42.52:342][459]LogModuleManager: Shutting down and abandoning module Android_ATCTargetPlatform (31)
[2016.04.26-17.42.52:342][459]LogModuleManager: Shutting down and abandoning module Android_ASTCTargetPlatform (30)
[2016.04.26-17.42.52:342][459]LogModuleManager: Shutting down and abandoning module AndroidTargetPlatform (29)
[2016.04.26-17.42.52:342][459]LogModuleManager: Shutting down and abandoning module WindowsTargetPlatform (28)
[2016.04.26-17.42.52:342][459]LogModuleManager: Shutting down and abandoning module WindowsServerTargetPlatform (27)
[2016.04.26-17.42.52:342][459]LogModuleManager: Shutting down and abandoning module WindowsNoEditorTargetPlatform (26)
[2016.04.26-17.42.52:342][459]LogModuleManager: Shutting down and abandoning module WindowsClientTargetPlatform (25)
[2016.04.26-17.42.52:342][459]LogModuleManager: Shutting down and abandoning module AllDesktopTargetPlatform (24)
[2016.04.26-17.42.52:342][459]LogModuleManager: Shutting down and abandoning module TargetPlatform (23)
[2016.04.26-17.42.52:342][459]LogModuleManager: Shutting down and abandoning module InputCore (22)
[2016.04.26-17.42.52:342][459]LogModuleManager: Shutting down and abandoning module Settings (21)
[2016.04.26-17.42.52:342][459]LogModuleManager: Shutting down and abandoning module OnlineSubsystem (19)
[2016.04.26-17.42.52:342][459]LogModuleManager: Shutting down and abandoning module HTTP (18)
[2016.04.26-17.42.52:343][459]LogModuleManager: Shutting down and abandoning module XMPP (17)
[2016.04.26-17.42.52:343][459]LogModuleManager: Shutting down and abandoning module OculusRift (16)
[2016.04.26-17.42.52:343][459]LogModuleManager: Shutting down and abandoning module ExampleDeviceProfileSelector (15)
[2016.04.26-17.42.52:343][459]LogModuleManager: Shutting down and abandoning module TextureCompressor (14)
[2016.04.26-17.42.52:343][459]LogModuleManager: Shutting down and abandoning module ShaderCore (13)
[2016.04.26-17.42.52:343][459]LogModuleManager: Shutting down and abandoning module Landscape (12)
[2016.04.26-17.42.52:343][459]LogModuleManager: Shutting down and abandoning module SlateRHIRenderer (11)
[2016.04.26-17.42.52:343][459]LogModuleManager: Shutting down and abandoning module OpenGLDrv (10)
[2016.04.26-17.42.52:343][459]LogModuleManager: Shutting down and abandoning module D3D11RHI (9)
[2016.04.26-17.42.52:343][459]LogModuleManager: Shutting down and abandoning module AnimGraphRuntime (8)
[2016.04.26-17.42.52:343][459]LogModuleManager: Shutting down and abandoning module Renderer (7)
[2016.04.26-17.42.52:343][459]LogModuleManager: Shutting down and abandoning module Engine (6)
[2016.04.26-17.42.52:343][459]LogModuleManager: Shutting down and abandoning module CoreUObject (5)
[2016.04.26-17.42.52:343][459]LogModuleManager: Shutting down and abandoning module NetworkFile (4)
[2016.04.26-17.42.52:343][459]LogModuleManager: Shutting down and abandoning module StreamingFile (3)
[2016.04.26-17.42.52:343][459]LogModuleManager: Shutting down and abandoning module SandboxFile (2)
[2016.04.26-17.42.52:344][459]LogModuleManager: Shutting down and abandoning module PakFile (1)
[2016.04.26-17.42.52:347][459]LogExit: Exiting.
[2016.04.26-17.42.52:351][459]Log file closed, 04/26/16 13:42:52
